ARM GAS  C:\Users\z0147233\AppData\Local\Temp\ccwwWJWW.s 			page 1


   1              		.cpu cortex-m4
   2              		.arch armv7e-m
   3              		.fpu fpv4-sp-d16
   4              		.eabi_attribute 27, 1
   5              		.eabi_attribute 28, 1
   6              		.eabi_attribute 20, 1
   7              		.eabi_attribute 21, 1
   8              		.eabi_attribute 23, 3
   9              		.eabi_attribute 24, 1
  10              		.eabi_attribute 25, 1
  11              		.eabi_attribute 26, 1
  12              		.eabi_attribute 30, 1
  13              		.eabi_attribute 34, 1
  14              		.eabi_attribute 18, 4
  15              		.file	"bsp_iic.c"
  16              		.text
  17              	.Ltext0:
  18              		.cfi_sections	.debug_frame
  19              		.section	.text.IICRegister,"ax",%progbits
  20              		.align	1
  21              		.global	IICRegister
  22              		.syntax unified
  23              		.thumb
  24              		.thumb_func
  26              	IICRegister:
  27              	.LVL0:
  28              	.LFB235:
  29              		.file 1 "bsp/iic/bsp_iic.c"
   1:bsp/iic/bsp_iic.c **** #include "bsp_iic.h"
   2:bsp/iic/bsp_iic.c **** #include "memory.h"
   3:bsp/iic/bsp_iic.c **** #include "stdlib.h"
   4:bsp/iic/bsp_iic.c **** 
   5:bsp/iic/bsp_iic.c **** static uint8_t idx = 0; // ÈÖçÂêà‰∏≠Êñ≠‰ª•ÂèäÂàùÂßãÂåñ
   6:bsp/iic/bsp_iic.c **** static IICInstance *iic_instance[IIC_DEVICE_CNT] = {NULL};
   7:bsp/iic/bsp_iic.c **** 
   8:bsp/iic/bsp_iic.c **** IICInstance *IICRegister(IIC_Init_Config_s *conf)
   9:bsp/iic/bsp_iic.c **** {
  30              		.loc 1 9 1 view -0
  31              		.cfi_startproc
  32              		@ args = 0, pretend = 0, frame = 0
  33              		@ frame_needed = 0, uses_anonymous_args = 0
  34              		.loc 1 9 1 is_stmt 0 view .LVU1
  35 0000 38B5     		push	{r3, r4, r5, lr}
  36              	.LCFI0:
  37              		.cfi_def_cfa_offset 16
  38              		.cfi_offset 3, -16
  39              		.cfi_offset 4, -12
  40              		.cfi_offset 5, -8
  41              		.cfi_offset 14, -4
  10:bsp/iic/bsp_iic.c ****     if (idx >= MX_IIC_SLAVE_CNT) // Ë∂ÖËøáÊúÄÂ§ßÂÆû‰æãÊï∞
  42              		.loc 1 10 5 is_stmt 1 view .LVU2
  43              		.loc 1 10 13 is_stmt 0 view .LVU3
  44 0002 114B     		ldr	r3, .L5
  45 0004 1D78     		ldrb	r5, [r3]	@ zero_extendqisi2
  46              		.loc 1 10 8 view .LVU4
  47 0006 072D     		cmp	r5, #7
  48 0008 00D9     		bls	.L2
ARM GAS  C:\Users\z0147233\AppData\Local\Temp\ccwwWJWW.s 			page 2


  49              	.L3:
  11:bsp/iic/bsp_iic.c ****         while (1)                // ÈÖåÊÉÖÂ¢ûÂä†ÂÖÅËÆ∏ÁöÑÂÆû‰æã‰∏äÈôê,‰πüÊúâÂèØËÉΩÊòØÂÜÖÂ≠òÊ≥ÑÊºè
  50              		.loc 1 11 9 is_stmt 1 discriminator 1 view .LVU5
  12:bsp/iic/bsp_iic.c ****             ;
  51              		.loc 1 12 13 discriminator 1 view .LVU6
  11:bsp/iic/bsp_iic.c ****         while (1)                // ÈÖåÊÉÖÂ¢ûÂä†ÂÖÅËÆ∏ÁöÑÂÆû‰æã‰∏äÈôê,‰πüÊúâÂèØËÉΩÊòØÂÜÖÂ≠òÊ≥ÑÊºè
  52              		.loc 1 11 15 discriminator 1 view .LVU7
  53 000a FEE7     		b	.L3
  54              	.L2:
  55 000c 0446     		mov	r4, r0
  13:bsp/iic/bsp_iic.c ****     // Áî≥ËØ∑Âà∞ÁöÑÁ©∫Èó¥Êú™ÂøÖÊòØ0, ÊâÄ‰ª•ÈúÄË¶ÅÊâãÂä®ÂàùÂßãÂåñ
  14:bsp/iic/bsp_iic.c ****     IICInstance *instance = (IICInstance *)malloc(sizeof(IICInstance));
  56              		.loc 1 14 5 view .LVU8
  15:bsp/iic/bsp_iic.c ****     instance = (IICInstance *)malloc(sizeof(IICInstance));
  57              		.loc 1 15 5 view .LVU9
  58              		.loc 1 15 31 is_stmt 0 view .LVU10
  59 000e 1820     		movs	r0, #24
  60              	.LVL1:
  61              		.loc 1 15 31 view .LVU11
  62 0010 FFF7FEFF 		bl	malloc
  63              	.LVL2:
  16:bsp/iic/bsp_iic.c ****     memset(instance, 0, sizeof(IICInstance));
  64              		.loc 1 16 5 is_stmt 1 view .LVU12
  65 0014 0022     		movs	r2, #0
  66 0016 0260     		str	r2, [r0]	@ unaligned
  67 0018 4260     		str	r2, [r0, #4]	@ unaligned
  68 001a 8260     		str	r2, [r0, #8]	@ unaligned
  69 001c C260     		str	r2, [r0, #12]	@ unaligned
  70 001e 0261     		str	r2, [r0, #16]	@ unaligned
  71 0020 4261     		str	r2, [r0, #20]	@ unaligned
  17:bsp/iic/bsp_iic.c **** 
  18:bsp/iic/bsp_iic.c ****     instance->dev_address = conf->dev_address << 1; // Âú∞ÂùÄÂ∑¶Áßª‰∏Ä‰Ωç,ÊúÄ‰Ωé‰Ωç‰∏∫ËØªÂÜô‰Ωç
  72              		.loc 1 18 5 view .LVU13
  73              		.loc 1 18 33 is_stmt 0 view .LVU14
  74 0022 2279     		ldrb	r2, [r4, #4]	@ zero_extendqisi2
  75              		.loc 1 18 47 view .LVU15
  76 0024 5200     		lsls	r2, r2, #1
  77              		.loc 1 18 27 view .LVU16
  78 0026 0271     		strb	r2, [r0, #4]
  19:bsp/iic/bsp_iic.c ****     instance->callback = conf->callback;
  79              		.loc 1 19 5 is_stmt 1 view .LVU17
  80              		.loc 1 19 30 is_stmt 0 view .LVU18
  81 0028 A268     		ldr	r2, [r4, #8]
  82              		.loc 1 19 24 view .LVU19
  83 002a 0261     		str	r2, [r0, #16]
  20:bsp/iic/bsp_iic.c ****     instance->work_mode = conf->work_mode;
  84              		.loc 1 20 5 is_stmt 1 view .LVU20
  85              		.loc 1 20 31 is_stmt 0 view .LVU21
  86 002c 6279     		ldrb	r2, [r4, #5]	@ zero_extendqisi2
  87              		.loc 1 20 25 view .LVU22
  88 002e 4271     		strb	r2, [r0, #5]
  21:bsp/iic/bsp_iic.c ****     instance->handle = conf->handle;
  89              		.loc 1 21 5 is_stmt 1 view .LVU23
  90              		.loc 1 21 28 is_stmt 0 view .LVU24
  91 0030 2268     		ldr	r2, [r4]
  92              		.loc 1 21 22 view .LVU25
  93 0032 0260     		str	r2, [r0]
ARM GAS  C:\Users\z0147233\AppData\Local\Temp\ccwwWJWW.s 			page 3


  22:bsp/iic/bsp_iic.c ****     instance->id = conf->id;
  94              		.loc 1 22 5 is_stmt 1 view .LVU26
  95              		.loc 1 22 24 is_stmt 0 view .LVU27
  96 0034 E268     		ldr	r2, [r4, #12]
  97              		.loc 1 22 18 view .LVU28
  98 0036 4261     		str	r2, [r0, #20]
  23:bsp/iic/bsp_iic.c **** 
  24:bsp/iic/bsp_iic.c ****     iic_instance[idx++] = instance;
  99              		.loc 1 24 5 is_stmt 1 view .LVU29
 100              		.loc 1 24 21 is_stmt 0 view .LVU30
 101 0038 691C     		adds	r1, r5, #1
 102 003a 034A     		ldr	r2, .L5
 103 003c 1170     		strb	r1, [r2]
 104              		.loc 1 24 25 view .LVU31
 105 003e 034A     		ldr	r2, .L5+4
 106 0040 42F82500 		str	r0, [r2, r5, lsl #2]
  25:bsp/iic/bsp_iic.c ****     return instance;
 107              		.loc 1 25 5 is_stmt 1 view .LVU32
  26:bsp/iic/bsp_iic.c **** }
 108              		.loc 1 26 1 is_stmt 0 view .LVU33
 109 0044 38BD     		pop	{r3, r4, r5, pc}
 110              	.LVL3:
 111              	.L6:
 112              		.loc 1 26 1 view .LVU34
 113 0046 00BF     		.align	2
 114              	.L5:
 115 0048 00000000 		.word	.LANCHOR0
 116 004c 00000000 		.word	.LANCHOR1
 117              		.cfi_endproc
 118              	.LFE235:
 120              		.section	.text.IICSetMode,"ax",%progbits
 121              		.align	1
 122              		.global	IICSetMode
 123              		.syntax unified
 124              		.thumb
 125              		.thumb_func
 127              	IICSetMode:
 128              	.LVL4:
 129              	.LFB236:
  27:bsp/iic/bsp_iic.c **** 
  28:bsp/iic/bsp_iic.c **** void IICSetMode(IICInstance *iic, IIC_Work_Mode_e mode)
  29:bsp/iic/bsp_iic.c **** { // HALËá™Â∏¶ÈáçÂÖ•‰øùÊä§,‰∏çÈúÄË¶ÅÊâãÂä®ÁªàÊ≠¢ÊàñÁ≠âÂæÖ‰º†ËæìÂÆåÊàê
 130              		.loc 1 29 1 is_stmt 1 view -0
 131              		.cfi_startproc
 132              		@ args = 0, pretend = 0, frame = 0
 133              		@ frame_needed = 0, uses_anonymous_args = 0
 134              		@ link register save eliminated.
  30:bsp/iic/bsp_iic.c ****     if (iic->work_mode != mode)
 135              		.loc 1 30 5 view .LVU36
 136              		.loc 1 30 12 is_stmt 0 view .LVU37
 137 0000 4379     		ldrb	r3, [r0, #5]	@ zero_extendqisi2
 138              		.loc 1 30 8 view .LVU38
 139 0002 8B42     		cmp	r3, r1
 140 0004 00D0     		beq	.L7
  31:bsp/iic/bsp_iic.c ****     {
  32:bsp/iic/bsp_iic.c ****         iic->work_mode = mode; // Â¶ÇÊûú‰∏çÂêåÊâçÈúÄË¶Å‰øÆÊîπ
 141              		.loc 1 32 9 is_stmt 1 view .LVU39
ARM GAS  C:\Users\z0147233\AppData\Local\Temp\ccwwWJWW.s 			page 4


 142              		.loc 1 32 24 is_stmt 0 view .LVU40
 143 0006 4171     		strb	r1, [r0, #5]
 144              	.L7:
  33:bsp/iic/bsp_iic.c ****     }
  34:bsp/iic/bsp_iic.c **** }
 145              		.loc 1 34 1 view .LVU41
 146 0008 7047     		bx	lr
 147              		.cfi_endproc
 148              	.LFE236:
 150              		.section	.text.IICTransmit,"ax",%progbits
 151              		.align	1
 152              		.global	IICTransmit
 153              		.syntax unified
 154              		.thumb
 155              		.thumb_func
 157              	IICTransmit:
 158              	.LVL5:
 159              	.LFB237:
  35:bsp/iic/bsp_iic.c **** 
  36:bsp/iic/bsp_iic.c **** void IICTransmit(IICInstance *iic, uint8_t *data, uint16_t size, IIC_Seq_Mode_e seq_mode)
  37:bsp/iic/bsp_iic.c **** {
 160              		.loc 1 37 1 is_stmt 1 view -0
 161              		.cfi_startproc
 162              		@ args = 0, pretend = 0, frame = 0
 163              		@ frame_needed = 0, uses_anonymous_args = 0
  38:bsp/iic/bsp_iic.c ****     if (seq_mode != IIC_SEQ_RELEASE && seq_mode != IIC_SEQ_HOLDON)
 164              		.loc 1 38 5 view .LVU43
 165              		.loc 1 38 8 is_stmt 0 view .LVU44
 166 0000 03B1     		cbz	r3, .L10
 167              	.L11:
  39:bsp/iic/bsp_iic.c ****         while (1)
 168              		.loc 1 39 9 is_stmt 1 discriminator 1 view .LVU45
  40:bsp/iic/bsp_iic.c ****             ; // Êú™Áü•‰º†ËæìÊ®°Âºè, Á®ãÂ∫èÂÅúÊ≠¢
 169              		.loc 1 40 13 discriminator 1 view .LVU46
  39:bsp/iic/bsp_iic.c ****         while (1)
 170              		.loc 1 39 15 discriminator 1 view .LVU47
 171 0002 FEE7     		b	.L11
 172              	.L10:
  37:bsp/iic/bsp_iic.c ****     if (seq_mode != IIC_SEQ_RELEASE && seq_mode != IIC_SEQ_HOLDON)
 173              		.loc 1 37 1 is_stmt 0 view .LVU48
 174 0004 00B5     		push	{lr}
 175              	.LCFI1:
 176              		.cfi_def_cfa_offset 4
 177              		.cfi_offset 14, -4
 178 0006 83B0     		sub	sp, sp, #12
 179              	.LCFI2:
 180              		.cfi_def_cfa_offset 16
  41:bsp/iic/bsp_iic.c **** 
  42:bsp/iic/bsp_iic.c ****     // Ê†πÊçÆ‰∏çÂêåÁöÑÂ∑•‰ΩúÊ®°ÂºèËøõË°å‰∏çÂêåÁöÑ‰º†Ëæì
  43:bsp/iic/bsp_iic.c ****     switch (iic->work_mode)
 181              		.loc 1 43 5 is_stmt 1 view .LVU49
 182              		.loc 1 43 16 is_stmt 0 view .LVU50
 183 0008 4379     		ldrb	r3, [r0, #5]	@ zero_extendqisi2
 184              	.LVL6:
 185              		.loc 1 43 5 view .LVU51
 186 000a 012B     		cmp	r3, #1
 187 000c 0ED0     		beq	.L12
ARM GAS  C:\Users\z0147233\AppData\Local\Temp\ccwwWJWW.s 			page 5


 188 000e 022B     		cmp	r3, #2
 189 0010 16D0     		beq	.L13
 190 0012 03B1     		cbz	r3, .L18
 191              	.L14:
  44:bsp/iic/bsp_iic.c ****     {
  45:bsp/iic/bsp_iic.c ****     case IIC_BLOCK_MODE:
  46:bsp/iic/bsp_iic.c ****         if (seq_mode != IIC_SEQ_RELEASE)
  47:bsp/iic/bsp_iic.c ****             while (1)
  48:bsp/iic/bsp_iic.c ****                 ;                                                                // ÈòªÂ°ûÊ®°Âºè‰∏ã
  49:bsp/iic/bsp_iic.c ****         HAL_I2C_Master_Transmit(iic->handle, iic->dev_address, data, size, 100); // ÈªòËÆ§Ë∂ÖÊó∂Êó∂
  50:bsp/iic/bsp_iic.c ****         break;
  51:bsp/iic/bsp_iic.c ****     case IIC_IT_MODE:
  52:bsp/iic/bsp_iic.c ****         if (seq_mode == IIC_SEQ_RELEASE)
  53:bsp/iic/bsp_iic.c ****             HAL_I2C_Master_Seq_Transmit_IT(iic->handle, iic->dev_address, data, size, I2C_OTHER_AND
  54:bsp/iic/bsp_iic.c ****         else if (seq_mode == IIC_SEQ_HOLDON)
  55:bsp/iic/bsp_iic.c ****             HAL_I2C_Master_Seq_Transmit_IT(iic->handle, iic->dev_address, data, size, I2C_OTHER_FRA
  56:bsp/iic/bsp_iic.c ****         break;
  57:bsp/iic/bsp_iic.c ****     case IIC_DMA_MODE:
  58:bsp/iic/bsp_iic.c ****         if (seq_mode == IIC_SEQ_RELEASE)
  59:bsp/iic/bsp_iic.c ****             HAL_I2C_Master_Seq_Transmit_DMA(iic->handle, iic->dev_address, data, size, I2C_OTHER_AN
  60:bsp/iic/bsp_iic.c ****         else if (seq_mode == IIC_SEQ_HOLDON)
  61:bsp/iic/bsp_iic.c ****             HAL_I2C_Master_Seq_Transmit_DMA(iic->handle, iic->dev_address, data, size, I2C_OTHER_FR
  62:bsp/iic/bsp_iic.c ****         break;
  63:bsp/iic/bsp_iic.c ****     default:
  64:bsp/iic/bsp_iic.c ****         while (1)
 192              		.loc 1 64 9 is_stmt 1 discriminator 1 view .LVU52
  65:bsp/iic/bsp_iic.c ****             ; // Êú™Áü•‰º†ËæìÊ®°Âºè, Á®ãÂ∫èÂÅúÊ≠¢
 193              		.loc 1 65 13 discriminator 1 view .LVU53
  64:bsp/iic/bsp_iic.c ****             ; // Êú™Áü•‰º†ËæìÊ®°Âºè, Á®ãÂ∫èÂÅúÊ≠¢
 194              		.loc 1 64 15 discriminator 1 view .LVU54
 195 0014 FEE7     		b	.L14
 196              	.L18:
  46:bsp/iic/bsp_iic.c ****             while (1)
 197              		.loc 1 46 9 view .LVU55
  49:bsp/iic/bsp_iic.c ****         break;
 198              		.loc 1 49 9 view .LVU56
 199 0016 6423     		movs	r3, #100
 200 0018 0093     		str	r3, [sp]
 201 001a 1346     		mov	r3, r2
 202 001c 0A46     		mov	r2, r1
 203              	.LVL7:
  49:bsp/iic/bsp_iic.c ****         break;
 204              		.loc 1 49 9 is_stmt 0 view .LVU57
 205 001e 0179     		ldrb	r1, [r0, #4]	@ zero_extendqisi2
 206              	.LVL8:
  49:bsp/iic/bsp_iic.c ****         break;
 207              		.loc 1 49 9 view .LVU58
 208 0020 0068     		ldr	r0, [r0]
 209              	.LVL9:
  49:bsp/iic/bsp_iic.c ****         break;
 210              		.loc 1 49 9 view .LVU59
 211 0022 FFF7FEFF 		bl	HAL_I2C_Master_Transmit
 212              	.LVL10:
  50:bsp/iic/bsp_iic.c ****     case IIC_IT_MODE:
 213              		.loc 1 50 9 is_stmt 1 view .LVU60
 214              	.L9:
  66:bsp/iic/bsp_iic.c ****     }
ARM GAS  C:\Users\z0147233\AppData\Local\Temp\ccwwWJWW.s 			page 6


  67:bsp/iic/bsp_iic.c **** }
 215              		.loc 1 67 1 is_stmt 0 view .LVU61
 216 0026 03B0     		add	sp, sp, #12
 217              	.LCFI3:
 218              		.cfi_remember_state
 219              		.cfi_def_cfa_offset 4
 220              		@ sp needed
 221 0028 5DF804FB 		ldr	pc, [sp], #4
 222              	.LVL11:
 223              	.L12:
 224              	.LCFI4:
 225              		.cfi_restore_state
  52:bsp/iic/bsp_iic.c ****             HAL_I2C_Master_Seq_Transmit_IT(iic->handle, iic->dev_address, data, size, I2C_OTHER_AND
 226              		.loc 1 52 9 is_stmt 1 view .LVU62
  53:bsp/iic/bsp_iic.c ****         else if (seq_mode == IIC_SEQ_HOLDON)
 227              		.loc 1 53 13 view .LVU63
 228 002c 4FF02A43 		mov	r3, #-1442840576
 229 0030 0093     		str	r3, [sp]
 230 0032 1346     		mov	r3, r2
 231 0034 0A46     		mov	r2, r1
 232              	.LVL12:
  53:bsp/iic/bsp_iic.c ****         else if (seq_mode == IIC_SEQ_HOLDON)
 233              		.loc 1 53 13 is_stmt 0 view .LVU64
 234 0036 0179     		ldrb	r1, [r0, #4]	@ zero_extendqisi2
 235              	.LVL13:
  53:bsp/iic/bsp_iic.c ****         else if (seq_mode == IIC_SEQ_HOLDON)
 236              		.loc 1 53 13 view .LVU65
 237 0038 0068     		ldr	r0, [r0]
 238              	.LVL14:
  53:bsp/iic/bsp_iic.c ****         else if (seq_mode == IIC_SEQ_HOLDON)
 239              		.loc 1 53 13 view .LVU66
 240 003a FFF7FEFF 		bl	HAL_I2C_Master_Seq_Transmit_IT
 241              	.LVL15:
  53:bsp/iic/bsp_iic.c ****         else if (seq_mode == IIC_SEQ_HOLDON)
 242              		.loc 1 53 13 view .LVU67
 243 003e F2E7     		b	.L9
 244              	.LVL16:
 245              	.L13:
  58:bsp/iic/bsp_iic.c ****             HAL_I2C_Master_Seq_Transmit_DMA(iic->handle, iic->dev_address, data, size, I2C_OTHER_AN
 246              		.loc 1 58 9 is_stmt 1 view .LVU68
  59:bsp/iic/bsp_iic.c ****         else if (seq_mode == IIC_SEQ_HOLDON)
 247              		.loc 1 59 13 view .LVU69
 248 0040 4FF02A43 		mov	r3, #-1442840576
 249 0044 0093     		str	r3, [sp]
 250 0046 1346     		mov	r3, r2
 251 0048 0A46     		mov	r2, r1
 252              	.LVL17:
  59:bsp/iic/bsp_iic.c ****         else if (seq_mode == IIC_SEQ_HOLDON)
 253              		.loc 1 59 13 is_stmt 0 view .LVU70
 254 004a 0179     		ldrb	r1, [r0, #4]	@ zero_extendqisi2
 255              	.LVL18:
  59:bsp/iic/bsp_iic.c ****         else if (seq_mode == IIC_SEQ_HOLDON)
 256              		.loc 1 59 13 view .LVU71
 257 004c 0068     		ldr	r0, [r0]
 258              	.LVL19:
  59:bsp/iic/bsp_iic.c ****         else if (seq_mode == IIC_SEQ_HOLDON)
 259              		.loc 1 59 13 view .LVU72
ARM GAS  C:\Users\z0147233\AppData\Local\Temp\ccwwWJWW.s 			page 7


 260 004e FFF7FEFF 		bl	HAL_I2C_Master_Seq_Transmit_DMA
 261              	.LVL20:
  59:bsp/iic/bsp_iic.c ****         else if (seq_mode == IIC_SEQ_HOLDON)
 262              		.loc 1 59 13 view .LVU73
 263 0052 E8E7     		b	.L9
 264              		.cfi_endproc
 265              	.LFE237:
 267              		.section	.text.IICReceive,"ax",%progbits
 268              		.align	1
 269              		.global	IICReceive
 270              		.syntax unified
 271              		.thumb
 272              		.thumb_func
 274              	IICReceive:
 275              	.LVL21:
 276              	.LFB238:
  68:bsp/iic/bsp_iic.c **** 
  69:bsp/iic/bsp_iic.c **** void IICReceive(IICInstance *iic, uint8_t *data, uint16_t size, IIC_Seq_Mode_e seq_mode)
  70:bsp/iic/bsp_iic.c **** {
 277              		.loc 1 70 1 is_stmt 1 view -0
 278              		.cfi_startproc
 279              		@ args = 0, pretend = 0, frame = 0
 280              		@ frame_needed = 0, uses_anonymous_args = 0
  71:bsp/iic/bsp_iic.c ****     if (seq_mode != IIC_SEQ_RELEASE && seq_mode != IIC_SEQ_HOLDON)
 281              		.loc 1 71 5 view .LVU75
 282              		.loc 1 71 8 is_stmt 0 view .LVU76
 283 0000 03B1     		cbz	r3, .L20
 284              	.L21:
  72:bsp/iic/bsp_iic.c ****         while (1)
 285              		.loc 1 72 9 is_stmt 1 discriminator 1 view .LVU77
  73:bsp/iic/bsp_iic.c ****             ; // Êú™Áü•‰º†ËæìÊ®°Âºè, Á®ãÂ∫èÂÅúÊ≠¢,ËØ∑Ê£ÄÊü•ÊåáÈíàË∂äÁïå
 286              		.loc 1 73 13 discriminator 1 view .LVU78
  72:bsp/iic/bsp_iic.c ****         while (1)
 287              		.loc 1 72 15 discriminator 1 view .LVU79
 288 0002 FEE7     		b	.L21
 289              	.L20:
  70:bsp/iic/bsp_iic.c ****     if (seq_mode != IIC_SEQ_RELEASE && seq_mode != IIC_SEQ_HOLDON)
 290              		.loc 1 70 1 is_stmt 0 view .LVU80
 291 0004 00B5     		push	{lr}
 292              	.LCFI5:
 293              		.cfi_def_cfa_offset 4
 294              		.cfi_offset 14, -4
 295 0006 83B0     		sub	sp, sp, #12
 296              	.LCFI6:
 297              		.cfi_def_cfa_offset 16
  74:bsp/iic/bsp_iic.c **** 
  75:bsp/iic/bsp_iic.c ****     // ÂàùÂßãÂåñÊé•Êî∂ÁºìÂÜ≤Âå∫Âú∞ÂùÄ‰ª•ÂèäÊé•ÂèóÈïøÂ∫¶, Áî®‰∫é‰∏≠Êñ≠ÂõûË∞ÉÂáΩÊï∞
  76:bsp/iic/bsp_iic.c ****     iic->rx_buffer = data;
 298              		.loc 1 76 5 is_stmt 1 view .LVU81
 299              		.loc 1 76 20 is_stmt 0 view .LVU82
 300 0008 8160     		str	r1, [r0, #8]
  77:bsp/iic/bsp_iic.c ****     iic->rx_len = size;
 301              		.loc 1 77 5 is_stmt 1 view .LVU83
 302              		.loc 1 77 17 is_stmt 0 view .LVU84
 303 000a 0273     		strb	r2, [r0, #12]
  78:bsp/iic/bsp_iic.c **** 
  79:bsp/iic/bsp_iic.c ****     switch (iic->work_mode)
ARM GAS  C:\Users\z0147233\AppData\Local\Temp\ccwwWJWW.s 			page 8


 304              		.loc 1 79 5 is_stmt 1 view .LVU85
 305              		.loc 1 79 16 is_stmt 0 view .LVU86
 306 000c 4379     		ldrb	r3, [r0, #5]	@ zero_extendqisi2
 307              	.LVL22:
 308              		.loc 1 79 5 view .LVU87
 309 000e 012B     		cmp	r3, #1
 310 0010 0ED0     		beq	.L22
 311              		.loc 1 79 5 view .LVU88
 312 0012 022B     		cmp	r3, #2
 313 0014 16D0     		beq	.L23
 314 0016 03B1     		cbz	r3, .L28
 315              	.L24:
  80:bsp/iic/bsp_iic.c ****     {
  81:bsp/iic/bsp_iic.c ****     case IIC_BLOCK_MODE:
  82:bsp/iic/bsp_iic.c ****         if (seq_mode != IIC_SEQ_RELEASE)
  83:bsp/iic/bsp_iic.c ****             while (1)
  84:bsp/iic/bsp_iic.c ****                 ;                                                               // ÈòªÂ°ûÊ®°Âºè‰∏ã‰
  85:bsp/iic/bsp_iic.c ****         HAL_I2C_Master_Receive(iic->handle, iic->dev_address, data, size, 100); // ÈªòËÆ§Ë∂ÖÊó∂Êó∂È
  86:bsp/iic/bsp_iic.c ****         break;
  87:bsp/iic/bsp_iic.c ****     case IIC_IT_MODE:
  88:bsp/iic/bsp_iic.c ****         if (seq_mode == IIC_SEQ_RELEASE)
  89:bsp/iic/bsp_iic.c ****             HAL_I2C_Master_Seq_Receive_IT(iic->handle, iic->dev_address, data, size, I2C_OTHER_AND_
  90:bsp/iic/bsp_iic.c ****         else if (seq_mode == IIC_SEQ_HOLDON)
  91:bsp/iic/bsp_iic.c ****             HAL_I2C_Master_Seq_Receive_IT(iic->handle, iic->dev_address, data, size, I2C_OTHER_FRAM
  92:bsp/iic/bsp_iic.c ****         break;
  93:bsp/iic/bsp_iic.c ****     case IIC_DMA_MODE:
  94:bsp/iic/bsp_iic.c ****         if (seq_mode == IIC_SEQ_RELEASE)
  95:bsp/iic/bsp_iic.c ****             HAL_I2C_Master_Seq_Receive_DMA(iic->handle, iic->dev_address, data, size, I2C_OTHER_AND
  96:bsp/iic/bsp_iic.c ****         else if (seq_mode == IIC_SEQ_HOLDON)
  97:bsp/iic/bsp_iic.c ****             HAL_I2C_Master_Seq_Receive_DMA(iic->handle, iic->dev_address, data, size, I2C_OTHER_FRA
  98:bsp/iic/bsp_iic.c ****         break;
  99:bsp/iic/bsp_iic.c ****     default:
 100:bsp/iic/bsp_iic.c ****         while (1)
 316              		.loc 1 100 9 is_stmt 1 discriminator 1 view .LVU89
 101:bsp/iic/bsp_iic.c ****             ; // Êú™Áü•‰º†ËæìÊ®°Âºè, Á®ãÂ∫èÂÅúÊ≠¢
 317              		.loc 1 101 13 discriminator 1 view .LVU90
 100:bsp/iic/bsp_iic.c ****             ; // Êú™Áü•‰º†ËæìÊ®°Âºè, Á®ãÂ∫èÂÅúÊ≠¢
 318              		.loc 1 100 15 discriminator 1 view .LVU91
 319 0018 FEE7     		b	.L24
 320              	.L28:
  82:bsp/iic/bsp_iic.c ****             while (1)
 321              		.loc 1 82 9 view .LVU92
  85:bsp/iic/bsp_iic.c ****         break;
 322              		.loc 1 85 9 view .LVU93
 323 001a 6423     		movs	r3, #100
 324 001c 0093     		str	r3, [sp]
 325 001e 1346     		mov	r3, r2
 326 0020 0A46     		mov	r2, r1
 327              	.LVL23:
  85:bsp/iic/bsp_iic.c ****         break;
 328              		.loc 1 85 9 is_stmt 0 view .LVU94
 329 0022 0179     		ldrb	r1, [r0, #4]	@ zero_extendqisi2
 330              	.LVL24:
  85:bsp/iic/bsp_iic.c ****         break;
 331              		.loc 1 85 9 view .LVU95
 332 0024 0068     		ldr	r0, [r0]
 333              	.LVL25:
ARM GAS  C:\Users\z0147233\AppData\Local\Temp\ccwwWJWW.s 			page 9


  85:bsp/iic/bsp_iic.c ****         break;
 334              		.loc 1 85 9 view .LVU96
 335 0026 FFF7FEFF 		bl	HAL_I2C_Master_Receive
 336              	.LVL26:
  86:bsp/iic/bsp_iic.c ****     case IIC_IT_MODE:
 337              		.loc 1 86 9 is_stmt 1 view .LVU97
 338              	.L19:
 102:bsp/iic/bsp_iic.c ****         break;
 103:bsp/iic/bsp_iic.c ****     }
 104:bsp/iic/bsp_iic.c **** }
 339              		.loc 1 104 1 is_stmt 0 view .LVU98
 340 002a 03B0     		add	sp, sp, #12
 341              	.LCFI7:
 342              		.cfi_remember_state
 343              		.cfi_def_cfa_offset 4
 344              		@ sp needed
 345 002c 5DF804FB 		ldr	pc, [sp], #4
 346              	.LVL27:
 347              	.L22:
 348              	.LCFI8:
 349              		.cfi_restore_state
  88:bsp/iic/bsp_iic.c ****             HAL_I2C_Master_Seq_Receive_IT(iic->handle, iic->dev_address, data, size, I2C_OTHER_AND_
 350              		.loc 1 88 9 is_stmt 1 view .LVU99
  89:bsp/iic/bsp_iic.c ****         else if (seq_mode == IIC_SEQ_HOLDON)
 351              		.loc 1 89 13 view .LVU100
 352 0030 4FF02A43 		mov	r3, #-1442840576
 353 0034 0093     		str	r3, [sp]
 354 0036 1346     		mov	r3, r2
 355 0038 0A46     		mov	r2, r1
 356              	.LVL28:
  89:bsp/iic/bsp_iic.c ****         else if (seq_mode == IIC_SEQ_HOLDON)
 357              		.loc 1 89 13 is_stmt 0 view .LVU101
 358 003a 0179     		ldrb	r1, [r0, #4]	@ zero_extendqisi2
 359              	.LVL29:
  89:bsp/iic/bsp_iic.c ****         else if (seq_mode == IIC_SEQ_HOLDON)
 360              		.loc 1 89 13 view .LVU102
 361 003c 0068     		ldr	r0, [r0]
 362              	.LVL30:
  89:bsp/iic/bsp_iic.c ****         else if (seq_mode == IIC_SEQ_HOLDON)
 363              		.loc 1 89 13 view .LVU103
 364 003e FFF7FEFF 		bl	HAL_I2C_Master_Seq_Receive_IT
 365              	.LVL31:
  89:bsp/iic/bsp_iic.c ****         else if (seq_mode == IIC_SEQ_HOLDON)
 366              		.loc 1 89 13 view .LVU104
 367 0042 F2E7     		b	.L19
 368              	.LVL32:
 369              	.L23:
  94:bsp/iic/bsp_iic.c ****             HAL_I2C_Master_Seq_Receive_DMA(iic->handle, iic->dev_address, data, size, I2C_OTHER_AND
 370              		.loc 1 94 9 is_stmt 1 view .LVU105
  95:bsp/iic/bsp_iic.c ****         else if (seq_mode == IIC_SEQ_HOLDON)
 371              		.loc 1 95 13 view .LVU106
 372 0044 4FF02A43 		mov	r3, #-1442840576
 373 0048 0093     		str	r3, [sp]
 374 004a 1346     		mov	r3, r2
 375 004c 0A46     		mov	r2, r1
 376              	.LVL33:
  95:bsp/iic/bsp_iic.c ****         else if (seq_mode == IIC_SEQ_HOLDON)
ARM GAS  C:\Users\z0147233\AppData\Local\Temp\ccwwWJWW.s 			page 10


 377              		.loc 1 95 13 is_stmt 0 view .LVU107
 378 004e 0179     		ldrb	r1, [r0, #4]	@ zero_extendqisi2
 379              	.LVL34:
  95:bsp/iic/bsp_iic.c ****         else if (seq_mode == IIC_SEQ_HOLDON)
 380              		.loc 1 95 13 view .LVU108
 381 0050 0068     		ldr	r0, [r0]
 382              	.LVL35:
  95:bsp/iic/bsp_iic.c ****         else if (seq_mode == IIC_SEQ_HOLDON)
 383              		.loc 1 95 13 view .LVU109
 384 0052 FFF7FEFF 		bl	HAL_I2C_Master_Seq_Receive_DMA
 385              	.LVL36:
  95:bsp/iic/bsp_iic.c ****         else if (seq_mode == IIC_SEQ_HOLDON)
 386              		.loc 1 95 13 view .LVU110
 387 0056 E8E7     		b	.L19
 388              		.cfi_endproc
 389              	.LFE238:
 391              		.section	.text.IICAccessMem,"ax",%progbits
 392              		.align	1
 393              		.global	IICAccessMem
 394              		.syntax unified
 395              		.thumb
 396              		.thumb_func
 398              	IICAccessMem:
 399              	.LVL37:
 400              	.LFB239:
 105:bsp/iic/bsp_iic.c **** 
 106:bsp/iic/bsp_iic.c **** void IICAccessMem(IICInstance *iic, uint16_t mem_addr, uint8_t *data, uint16_t size, IIC_Mem_Mode_e
 107:bsp/iic/bsp_iic.c **** {
 401              		.loc 1 107 1 is_stmt 1 view -0
 402              		.cfi_startproc
 403              		@ args = 8, pretend = 0, frame = 0
 404              		@ frame_needed = 0, uses_anonymous_args = 0
 405              		.loc 1 107 1 is_stmt 0 view .LVU112
 406 0000 10B5     		push	{r4, lr}
 407              	.LCFI9:
 408              		.cfi_def_cfa_offset 8
 409              		.cfi_offset 4, -8
 410              		.cfi_offset 14, -4
 411 0002 84B0     		sub	sp, sp, #16
 412              	.LCFI10:
 413              		.cfi_def_cfa_offset 24
 414 0004 8446     		mov	ip, r0
 415 0006 9DF81800 		ldrb	r0, [sp, #24]	@ zero_extendqisi2
 416              	.LVL38:
 417              		.loc 1 107 1 view .LVU113
 418 000a 9DF81C40 		ldrb	r4, [sp, #28]	@ zero_extendqisi2
 108:bsp/iic/bsp_iic.c ****     uint16_t bit_flag = mem8bit_flag ? I2C_MEMADD_SIZE_8BIT : I2C_MEMADD_SIZE_16BIT;
 419              		.loc 1 108 5 is_stmt 1 view .LVU114
 420              		.loc 1 108 14 is_stmt 0 view .LVU115
 421 000e 24B1     		cbz	r4, .L34
 422 0010 0124     		movs	r4, #1
 423              	.L30:
 424              	.LVL39:
 109:bsp/iic/bsp_iic.c ****     if (mem_mode == IIC_WRITE_MEM)
 425              		.loc 1 109 5 is_stmt 1 discriminator 4 view .LVU116
 426              		.loc 1 109 8 is_stmt 0 discriminator 4 view .LVU117
 427 0012 0128     		cmp	r0, #1
ARM GAS  C:\Users\z0147233\AppData\Local\Temp\ccwwWJWW.s 			page 11


 428 0014 03D0     		beq	.L36
 110:bsp/iic/bsp_iic.c ****     {
 111:bsp/iic/bsp_iic.c ****         HAL_I2C_Mem_Write(iic->handle, iic->dev_address, mem_addr, bit_flag, data, size, 100);
 112:bsp/iic/bsp_iic.c ****     }
 113:bsp/iic/bsp_iic.c ****     else if (mem_mode == IIC_READ_MEM)
 429              		.loc 1 113 10 is_stmt 1 view .LVU118
 430              		.loc 1 113 13 is_stmt 0 view .LVU119
 431 0016 78B1     		cbz	r0, .L37
 432              	.L33:
 114:bsp/iic/bsp_iic.c ****     {
 115:bsp/iic/bsp_iic.c ****         HAL_I2C_Mem_Read(iic->handle, iic->dev_address, mem_addr, bit_flag, data, size, 100);
 116:bsp/iic/bsp_iic.c ****     }
 117:bsp/iic/bsp_iic.c ****     else
 118:bsp/iic/bsp_iic.c ****     {
 119:bsp/iic/bsp_iic.c ****         while (1)
 433              		.loc 1 119 9 is_stmt 1 discriminator 1 view .LVU120
 120:bsp/iic/bsp_iic.c ****             ; // Êú™Áü•Ê®°Âºè, Á®ãÂ∫èÂÅúÊ≠¢
 434              		.loc 1 120 13 discriminator 1 view .LVU121
 119:bsp/iic/bsp_iic.c ****             ; // Êú™Áü•Ê®°Âºè, Á®ãÂ∫èÂÅúÊ≠¢
 435              		.loc 1 119 15 discriminator 1 view .LVU122
 436 0018 FEE7     		b	.L33
 437              	.LVL40:
 438              	.L34:
 108:bsp/iic/bsp_iic.c ****     if (mem_mode == IIC_WRITE_MEM)
 439              		.loc 1 108 14 is_stmt 0 view .LVU123
 440 001a 1024     		movs	r4, #16
 441 001c F9E7     		b	.L30
 442              	.LVL41:
 443              	.L36:
 111:bsp/iic/bsp_iic.c ****     }
 444              		.loc 1 111 9 is_stmt 1 view .LVU124
 445 001e 6420     		movs	r0, #100
 446 0020 0290     		str	r0, [sp, #8]
 447 0022 0193     		str	r3, [sp, #4]
 448 0024 0092     		str	r2, [sp]
 449 0026 2346     		mov	r3, r4
 450              	.LVL42:
 111:bsp/iic/bsp_iic.c ****     }
 451              		.loc 1 111 9 is_stmt 0 view .LVU125
 452 0028 0A46     		mov	r2, r1
 453              	.LVL43:
 111:bsp/iic/bsp_iic.c ****     }
 454              		.loc 1 111 9 view .LVU126
 455 002a 9CF80410 		ldrb	r1, [ip, #4]	@ zero_extendqisi2
 456              	.LVL44:
 111:bsp/iic/bsp_iic.c ****     }
 457              		.loc 1 111 9 view .LVU127
 458 002e DCF80000 		ldr	r0, [ip]
 459 0032 FFF7FEFF 		bl	HAL_I2C_Mem_Write
 460              	.LVL45:
 111:bsp/iic/bsp_iic.c ****     }
 461              		.loc 1 111 9 view .LVU128
 462 0036 0BE0     		b	.L29
 463              	.LVL46:
 464              	.L37:
 115:bsp/iic/bsp_iic.c ****     }
 465              		.loc 1 115 9 is_stmt 1 view .LVU129
ARM GAS  C:\Users\z0147233\AppData\Local\Temp\ccwwWJWW.s 			page 12


 466 0038 6420     		movs	r0, #100
 467 003a 0290     		str	r0, [sp, #8]
 468 003c 0193     		str	r3, [sp, #4]
 469 003e 0092     		str	r2, [sp]
 470 0040 2346     		mov	r3, r4
 471              	.LVL47:
 115:bsp/iic/bsp_iic.c ****     }
 472              		.loc 1 115 9 is_stmt 0 view .LVU130
 473 0042 0A46     		mov	r2, r1
 474              	.LVL48:
 115:bsp/iic/bsp_iic.c ****     }
 475              		.loc 1 115 9 view .LVU131
 476 0044 9CF80410 		ldrb	r1, [ip, #4]	@ zero_extendqisi2
 477              	.LVL49:
 115:bsp/iic/bsp_iic.c ****     }
 478              		.loc 1 115 9 view .LVU132
 479 0048 DCF80000 		ldr	r0, [ip]
 480 004c FFF7FEFF 		bl	HAL_I2C_Mem_Read
 481              	.LVL50:
 482              	.L29:
 121:bsp/iic/bsp_iic.c ****     }
 122:bsp/iic/bsp_iic.c **** }
 483              		.loc 1 122 1 view .LVU133
 484 0050 04B0     		add	sp, sp, #16
 485              	.LCFI11:
 486              		.cfi_def_cfa_offset 8
 487              		@ sp needed
 488 0052 10BD     		pop	{r4, pc}
 489              		.loc 1 122 1 view .LVU134
 490              		.cfi_endproc
 491              	.LFE239:
 493              		.section	.text.HAL_I2C_MasterRxCpltCallback,"ax",%progbits
 494              		.align	1
 495              		.global	HAL_I2C_MasterRxCpltCallback
 496              		.syntax unified
 497              		.thumb
 498              		.thumb_func
 500              	HAL_I2C_MasterRxCpltCallback:
 501              	.LVL51:
 502              	.LFB240:
 123:bsp/iic/bsp_iic.c **** 
 124:bsp/iic/bsp_iic.c **** /**
 125:bsp/iic/bsp_iic.c ****  * @brief IICÊé•Êî∂ÂÆåÊàêÂõûË∞ÉÂáΩÊï∞
 126:bsp/iic/bsp_iic.c ****  *
 127:bsp/iic/bsp_iic.c ****  * @param hi2c handle
 128:bsp/iic/bsp_iic.c ****  */
 129:bsp/iic/bsp_iic.c **** void HAL_I2C_MasterRxCpltCallback(I2C_HandleTypeDef *hi2c)
 130:bsp/iic/bsp_iic.c **** {
 503              		.loc 1 130 1 is_stmt 1 view -0
 504              		.cfi_startproc
 505              		@ args = 0, pretend = 0, frame = 0
 506              		@ frame_needed = 0, uses_anonymous_args = 0
 507              		.loc 1 130 1 is_stmt 0 view .LVU136
 508 0000 0146     		mov	r1, r0
 131:bsp/iic/bsp_iic.c ****     // Â¶ÇÊûúÊòØÂΩìÂâçi2cÁ°¨‰ª∂ÂèëÂá∫ÁöÑcomplete,‰∏îdev_addressÂíå‰πãÂâçÂèëËµ∑Êé•Êî∂ÁöÑÂú∞ÂùÄÁõ∏Âêå
 132:bsp/iic/bsp_iic.c ****     for (uint8_t i = 0; i < idx; i++)
 509              		.loc 1 132 5 is_stmt 1 view .LVU137
ARM GAS  C:\Users\z0147233\AppData\Local\Temp\ccwwWJWW.s 			page 13


 510              	.LBB2:
 511              		.loc 1 132 10 view .LVU138
 512              	.LVL52:
 513              		.loc 1 132 18 is_stmt 0 view .LVU139
 514 0002 0023     		movs	r3, #0
 515              		.loc 1 132 5 view .LVU140
 516 0004 05E0     		b	.L45
 517              	.LVL53:
 518              	.L53:
 519              	.LCFI12:
 520              		.cfi_def_cfa_offset 8
 521              		.cfi_offset 4, -8
 522              		.cfi_offset 14, -4
 133:bsp/iic/bsp_iic.c ****     {
 134:bsp/iic/bsp_iic.c ****         if (iic_instance[i]->handle == hi2c && hi2c->Devaddress == iic_instance[i]->dev_address)
 135:bsp/iic/bsp_iic.c ****         {
 136:bsp/iic/bsp_iic.c ****             if (iic_instance[i]->callback != NULL) // ÂõûË∞ÉÂáΩÊï∞‰∏ç‰∏∫Á©∫
 523              		.loc 1 136 13 is_stmt 1 view .LVU141
 524              		.loc 1 136 32 is_stmt 0 view .LVU142
 525 0006 0369     		ldr	r3, [r0, #16]
 526              	.LVL54:
 527              		.loc 1 136 16 view .LVU143
 528 0008 03B1     		cbz	r3, .L38
 137:bsp/iic/bsp_iic.c ****                 iic_instance[i]->callback(iic_instance[i]);
 529              		.loc 1 137 17 is_stmt 1 view .LVU144
 530 000a 9847     		blx	r3
 531              	.LVL55:
 138:bsp/iic/bsp_iic.c ****             return;
 532              		.loc 1 138 13 view .LVU145
 533              	.L38:
 534              		.loc 1 138 13 is_stmt 0 view .LVU146
 535              	.LBE2:
 139:bsp/iic/bsp_iic.c ****         }
 140:bsp/iic/bsp_iic.c ****     }
 141:bsp/iic/bsp_iic.c **** }
 536              		.loc 1 141 1 view .LVU147
 537 000c 10BD     		pop	{r4, pc}
 538              	.LVL56:
 539              	.L52:
 540              	.LCFI13:
 541              		.cfi_def_cfa_offset 0
 542              		.cfi_restore 4
 543              		.cfi_restore 14
 544              	.LBB3:
 132:bsp/iic/bsp_iic.c ****     {
 545              		.loc 1 132 34 is_stmt 1 view .LVU148
 132:bsp/iic/bsp_iic.c ****     {
 546              		.loc 1 132 35 is_stmt 0 view .LVU149
 547 000e 0133     		adds	r3, r3, #1
 548              	.LVL57:
 132:bsp/iic/bsp_iic.c ****     {
 549              		.loc 1 132 35 view .LVU150
 550 0010 DBB2     		uxtb	r3, r3
 551              	.LVL58:
 552              	.L45:
 132:bsp/iic/bsp_iic.c ****     {
 553              		.loc 1 132 25 is_stmt 1 view .LVU151
ARM GAS  C:\Users\z0147233\AppData\Local\Temp\ccwwWJWW.s 			page 14


 132:bsp/iic/bsp_iic.c ****     {
 554              		.loc 1 132 27 is_stmt 0 view .LVU152
 555 0012 0E4A     		ldr	r2, .L54
 556 0014 1278     		ldrb	r2, [r2]	@ zero_extendqisi2
 132:bsp/iic/bsp_iic.c ****     {
 557              		.loc 1 132 5 view .LVU153
 558 0016 9A42     		cmp	r2, r3
 559 0018 17D9     		bls	.L51
 134:bsp/iic/bsp_iic.c ****         {
 560              		.loc 1 134 9 is_stmt 1 view .LVU154
 134:bsp/iic/bsp_iic.c ****         {
 561              		.loc 1 134 25 is_stmt 0 view .LVU155
 562 001a 0D4A     		ldr	r2, .L54+4
 563 001c 52F82300 		ldr	r0, [r2, r3, lsl #2]
 134:bsp/iic/bsp_iic.c ****         {
 564              		.loc 1 134 28 view .LVU156
 565 0020 0268     		ldr	r2, [r0]
 134:bsp/iic/bsp_iic.c ****         {
 566              		.loc 1 134 12 view .LVU157
 567 0022 8A42     		cmp	r2, r1
 568 0024 F3D1     		bne	.L52
 569              	.LBE3:
 130:bsp/iic/bsp_iic.c ****     // Â¶ÇÊûúÊòØÂΩìÂâçi2cÁ°¨‰ª∂ÂèëÂá∫ÁöÑcomplete,‰∏îdev_addressÂíå‰πãÂâçÂèëËµ∑Êé•Êî∂ÁöÑÂú∞ÂùÄÁõ∏Âêå
 570              		.loc 1 130 1 view .LVU158
 571 0026 10B5     		push	{r4, lr}
 572              	.LCFI14:
 573              		.cfi_def_cfa_offset 8
 574              		.cfi_offset 4, -8
 575              		.cfi_offset 14, -4
 576              	.L46:
 577              	.LBB4:
 134:bsp/iic/bsp_iic.c ****         {
 578              		.loc 1 134 52 discriminator 1 view .LVU159
 579 0028 4C6C     		ldr	r4, [r1, #68]
 134:bsp/iic/bsp_iic.c ****         {
 580              		.loc 1 134 83 discriminator 1 view .LVU160
 581 002a 0279     		ldrb	r2, [r0, #4]	@ zero_extendqisi2
 134:bsp/iic/bsp_iic.c ****         {
 582              		.loc 1 134 45 discriminator 1 view .LVU161
 583 002c 9442     		cmp	r4, r2
 584 002e EAD0     		beq	.L53
 585              	.L40:
 132:bsp/iic/bsp_iic.c ****     {
 586              		.loc 1 132 34 is_stmt 1 discriminator 2 view .LVU162
 132:bsp/iic/bsp_iic.c ****     {
 587              		.loc 1 132 35 is_stmt 0 discriminator 2 view .LVU163
 588 0030 0133     		adds	r3, r3, #1
 589              	.LVL59:
 132:bsp/iic/bsp_iic.c ****     {
 590              		.loc 1 132 35 discriminator 2 view .LVU164
 591 0032 DBB2     		uxtb	r3, r3
 592              	.LVL60:
 132:bsp/iic/bsp_iic.c ****     {
 593              		.loc 1 132 25 is_stmt 1 discriminator 2 view .LVU165
 132:bsp/iic/bsp_iic.c ****     {
 594              		.loc 1 132 27 is_stmt 0 discriminator 2 view .LVU166
 595 0034 054A     		ldr	r2, .L54
ARM GAS  C:\Users\z0147233\AppData\Local\Temp\ccwwWJWW.s 			page 15


 596 0036 1278     		ldrb	r2, [r2]	@ zero_extendqisi2
 132:bsp/iic/bsp_iic.c ****     {
 597              		.loc 1 132 5 discriminator 2 view .LVU167
 598 0038 9A42     		cmp	r2, r3
 599 003a E7D9     		bls	.L38
 134:bsp/iic/bsp_iic.c ****         {
 600              		.loc 1 134 9 is_stmt 1 view .LVU168
 134:bsp/iic/bsp_iic.c ****         {
 601              		.loc 1 134 25 is_stmt 0 view .LVU169
 602 003c 044A     		ldr	r2, .L54+4
 603 003e 52F82300 		ldr	r0, [r2, r3, lsl #2]
 134:bsp/iic/bsp_iic.c ****         {
 604              		.loc 1 134 28 view .LVU170
 605 0042 0268     		ldr	r2, [r0]
 134:bsp/iic/bsp_iic.c ****         {
 606              		.loc 1 134 12 view .LVU171
 607 0044 8A42     		cmp	r2, r1
 608 0046 F3D1     		bne	.L40
 609 0048 EEE7     		b	.L46
 610              	.L51:
 611              	.LCFI15:
 612              		.cfi_def_cfa_offset 0
 613              		.cfi_restore 4
 614              		.cfi_restore 14
 134:bsp/iic/bsp_iic.c ****         {
 615              		.loc 1 134 12 view .LVU172
 616 004a 7047     		bx	lr
 617              	.L55:
 618              		.align	2
 619              	.L54:
 620 004c 00000000 		.word	.LANCHOR0
 621 0050 00000000 		.word	.LANCHOR1
 622              	.LBE4:
 623              		.cfi_endproc
 624              	.LFE240:
 626              		.section	.text.HAL_I2C_MemRxCpltCallback,"ax",%progbits
 627              		.align	1
 628              		.global	HAL_I2C_MemRxCpltCallback
 629              		.syntax unified
 630              		.thumb
 631              		.thumb_func
 633              	HAL_I2C_MemRxCpltCallback:
 634              	.LVL61:
 635              	.LFB241:
 142:bsp/iic/bsp_iic.c **** 
 143:bsp/iic/bsp_iic.c **** /**
 144:bsp/iic/bsp_iic.c ****  * @brief ÂÜÖÂ≠òËÆøÈóÆÂõûË∞ÉÂáΩÊï∞,‰ªÖÂÅöÂΩ¢Âºè‰∏äÁöÑÂ∞ÅË£Ö,‰ªçÁÑ∂‰ΩøÁî®HAL_I2C_MasterRxCpltCallbac
 145:bsp/iic/bsp_iic.c ****  *
 146:bsp/iic/bsp_iic.c ****  * @param hi2c handle
 147:bsp/iic/bsp_iic.c ****  */
 148:bsp/iic/bsp_iic.c **** void HAL_I2C_MemRxCpltCallback(I2C_HandleTypeDef *hi2c)
 149:bsp/iic/bsp_iic.c **** {
 636              		.loc 1 149 1 is_stmt 1 view -0
 637              		.cfi_startproc
 638              		@ args = 0, pretend = 0, frame = 0
 639              		@ frame_needed = 0, uses_anonymous_args = 0
 640              		.loc 1 149 1 is_stmt 0 view .LVU174
ARM GAS  C:\Users\z0147233\AppData\Local\Temp\ccwwWJWW.s 			page 16


 641 0000 08B5     		push	{r3, lr}
 642              	.LCFI16:
 643              		.cfi_def_cfa_offset 8
 644              		.cfi_offset 3, -8
 645              		.cfi_offset 14, -4
 150:bsp/iic/bsp_iic.c ****     HAL_I2C_MasterRxCpltCallback(hi2c);
 646              		.loc 1 150 5 is_stmt 1 view .LVU175
 647 0002 FFF7FEFF 		bl	HAL_I2C_MasterRxCpltCallback
 648              	.LVL62:
 151:bsp/iic/bsp_iic.c **** }
 649              		.loc 1 151 1 is_stmt 0 view .LVU176
 650 0006 08BD     		pop	{r3, pc}
 651              		.cfi_endproc
 652              	.LFE241:
 654              		.section	.bss.idx,"aw",%nobits
 655              		.set	.LANCHOR0,. + 0
 658              	idx:
 659 0000 00       		.space	1
 660              		.section	.bss.iic_instance,"aw",%nobits
 661              		.align	2
 662              		.set	.LANCHOR1,. + 0
 665              	iic_instance:
 666 0000 00000000 		.space	8
 666      00000000 
 667              		.text
 668              	.Letext0:
 669              		.file 2 "c:\\installsoftware\\arm-gnu-toolchian\\arm-none-eabi\\include\\machine\\_default_types.h
 670              		.file 3 "c:\\installsoftware\\arm-gnu-toolchian\\arm-none-eabi\\include\\sys\\_stdint.h"
 671              		.file 4 "Drivers/CMSIS/Device/ST/STM32F4xx/Include/stm32f407xx.h"
 672              		.file 5 "Drivers/STM32F4xx_HAL_Driver/Inc/stm32f4xx_hal_def.h"
 673              		.file 6 "Drivers/STM32F4xx_HAL_Driver/Inc/stm32f4xx_hal_dma.h"
 674              		.file 7 "Drivers/STM32F4xx_HAL_Driver/Inc/stm32f4xx_hal_i2c.h"
 675              		.file 8 "bsp/iic/bsp_iic.h"
 676              		.file 9 "c:\\installsoftware\\arm-gnu-toolchian\\arm-none-eabi\\include\\stdlib.h"
ARM GAS  C:\Users\z0147233\AppData\Local\Temp\ccwwWJWW.s 			page 17


DEFINED SYMBOLS
                            *ABS*:00000000 bsp_iic.c
C:\Users\z0147233\AppData\Local\Temp\ccwwWJWW.s:20     .text.IICRegister:00000000 $t
C:\Users\z0147233\AppData\Local\Temp\ccwwWJWW.s:26     .text.IICRegister:00000000 IICRegister
C:\Users\z0147233\AppData\Local\Temp\ccwwWJWW.s:115    .text.IICRegister:00000048 $d
C:\Users\z0147233\AppData\Local\Temp\ccwwWJWW.s:121    .text.IICSetMode:00000000 $t
C:\Users\z0147233\AppData\Local\Temp\ccwwWJWW.s:127    .text.IICSetMode:00000000 IICSetMode
C:\Users\z0147233\AppData\Local\Temp\ccwwWJWW.s:151    .text.IICTransmit:00000000 $t
C:\Users\z0147233\AppData\Local\Temp\ccwwWJWW.s:157    .text.IICTransmit:00000000 IICTransmit
C:\Users\z0147233\AppData\Local\Temp\ccwwWJWW.s:268    .text.IICReceive:00000000 $t
C:\Users\z0147233\AppData\Local\Temp\ccwwWJWW.s:274    .text.IICReceive:00000000 IICReceive
C:\Users\z0147233\AppData\Local\Temp\ccwwWJWW.s:392    .text.IICAccessMem:00000000 $t
C:\Users\z0147233\AppData\Local\Temp\ccwwWJWW.s:398    .text.IICAccessMem:00000000 IICAccessMem
C:\Users\z0147233\AppData\Local\Temp\ccwwWJWW.s:494    .text.HAL_I2C_MasterRxCpltCallback:00000000 $t
C:\Users\z0147233\AppData\Local\Temp\ccwwWJWW.s:500    .text.HAL_I2C_MasterRxCpltCallback:00000000 HAL_I2C_MasterRxCpltCallback
C:\Users\z0147233\AppData\Local\Temp\ccwwWJWW.s:620    .text.HAL_I2C_MasterRxCpltCallback:0000004c $d
C:\Users\z0147233\AppData\Local\Temp\ccwwWJWW.s:627    .text.HAL_I2C_MemRxCpltCallback:00000000 $t
C:\Users\z0147233\AppData\Local\Temp\ccwwWJWW.s:633    .text.HAL_I2C_MemRxCpltCallback:00000000 HAL_I2C_MemRxCpltCallback
C:\Users\z0147233\AppData\Local\Temp\ccwwWJWW.s:658    .bss.idx:00000000 idx
C:\Users\z0147233\AppData\Local\Temp\ccwwWJWW.s:659    .bss.idx:00000000 $d
C:\Users\z0147233\AppData\Local\Temp\ccwwWJWW.s:661    .bss.iic_instance:00000000 $d
C:\Users\z0147233\AppData\Local\Temp\ccwwWJWW.s:665    .bss.iic_instance:00000000 iic_instance

UNDEFINED SYMBOLS
malloc
HAL_I2C_Master_Transmit
HAL_I2C_Master_Seq_Transmit_IT
HAL_I2C_Master_Seq_Transmit_DMA
HAL_I2C_Master_Receive
HAL_I2C_Master_Seq_Receive_IT
HAL_I2C_Master_Seq_Receive_DMA
HAL_I2C_Mem_Write
HAL_I2C_Mem_Read
