ARM GAS  C:\Users\z0147233\AppData\Local\Temp\ccVv3uVa.s 			page 1


   1              		.cpu cortex-m4
   2              		.arch armv7e-m
   3              		.fpu fpv4-sp-d16
   4              		.eabi_attribute 27, 1
   5              		.eabi_attribute 28, 1
   6              		.eabi_attribute 20, 1
   7              		.eabi_attribute 21, 1
   8              		.eabi_attribute 23, 3
   9              		.eabi_attribute 24, 1
  10              		.eabi_attribute 25, 1
  11              		.eabi_attribute 26, 1
  12              		.eabi_attribute 30, 1
  13              		.eabi_attribute 34, 1
  14              		.eabi_attribute 18, 4
  15              		.file	"chassis.c"
  16              		.text
  17              	.Ltext0:
  18              		.cfi_sections	.debug_frame
  19              		.section	.text.MecanumCalculate,"ax",%progbits
  20              		.align	1
  21              		.syntax unified
  22              		.thumb
  23              		.thumb_func
  25              	MecanumCalculate:
  26              	.LFB277:
  27              		.file 1 "application/chassis/chassis.c"
   1:application/chassis/chassis.c **** /**
   2:application/chassis/chassis.c ****  * @file chassis.c
   3:application/chassis/chassis.c ****  * @author NeoZeng neozng1@hnu.edu.cn
   4:application/chassis/chassis.c ****  * @brief Â∫ïÁõòÂ∫îÁî®,Ë¥üË¥£Êé•Êî∂robot_cmdÁöÑÊéßÂà∂ÂëΩ‰ª§Âπ∂Ê†πÊçÆÂëΩ‰ª§ËøõË°åËøêÂä®Â≠¶Ëß£ÁÆó,Âæó
   5:application/chassis/chassis.c ****  *        Ê≥®ÊÑèÂ∫ïÁõòÈááÂèñÂè≥ÊâãÁ≥ª,ÂØπ‰∫éÂπ≥Èù¢ËßÜÂõæ,Â∫ïÁõòÁ∫µÂêëËøêÂä®ÁöÑÊ≠£ÂâçÊñπ‰∏∫xÊ≠£ÊñπÂê
   6:application/chassis/chassis.c ****  *
   7:application/chassis/chassis.c ****  * @version 0.1
   8:application/chassis/chassis.c ****  * @date 2022-12-04
   9:application/chassis/chassis.c ****  *
  10:application/chassis/chassis.c ****  * @copyright Copyright (c) 2022
  11:application/chassis/chassis.c ****  *
  12:application/chassis/chassis.c ****  */
  13:application/chassis/chassis.c **** 
  14:application/chassis/chassis.c **** #include "chassis.h"
  15:application/chassis/chassis.c **** #include "robot_def.h"
  16:application/chassis/chassis.c **** #include "dji_motor.h"
  17:application/chassis/chassis.c **** #include "super_cap.h"
  18:application/chassis/chassis.c **** #include "message_center.h"
  19:application/chassis/chassis.c **** #include "referee_task.h"
  20:application/chassis/chassis.c **** 
  21:application/chassis/chassis.c **** #include "general_def.h"
  22:application/chassis/chassis.c **** #include "bsp_dwt.h"
  23:application/chassis/chassis.c **** #include "referee_UI.h"
  24:application/chassis/chassis.c **** #include "arm_math.h"
  25:application/chassis/chassis.c **** 
  26:application/chassis/chassis.c **** /* Ê†πÊçÆrobot_def.h‰∏≠ÁöÑmacroËá™Âä®ËÆ°ÁÆóÁöÑÂèÇÊï∞ */
  27:application/chassis/chassis.c **** #define HALF_WHEEL_BASE (WHEEL_BASE / 2.0f)     // ÂçäËΩ¥Ë∑ù
  28:application/chassis/chassis.c **** #define HALF_TRACK_WIDTH (TRACK_WIDTH / 2.0f)   // ÂçäËΩÆË∑ù
  29:application/chassis/chassis.c **** #define PERIMETER_WHEEL (RADIUS_WHEEL * 2 * PI) // ËΩÆÂ≠êÂë®Èïø
  30:application/chassis/chassis.c **** 
  31:application/chassis/chassis.c **** /* Â∫ïÁõòÂ∫îÁî®ÂåÖÂê´ÁöÑÊ®°ÂùóÂíå‰ø°ÊÅØÂ≠òÂÇ®,Â∫ïÁõòÊòØÂçï‰æãÊ®°Âºè,Âõ†Ê≠§‰∏çÈúÄË¶Å‰∏∫Â∫ïÁõòÂª∫Á´ãÂ
ARM GAS  C:\Users\z0147233\AppData\Local\Temp\ccVv3uVa.s 			page 2


  32:application/chassis/chassis.c **** #ifdef CHASSIS_BOARD // Â¶ÇÊûúÊòØÂ∫ïÁõòÊùø,‰ΩøÁî®ÊùøËΩΩIMUËé∑ÂèñÂ∫ïÁõòËΩ¨Âä®ËßíÈÄüÂ∫¶
  33:application/chassis/chassis.c **** #include "can_comm.h"
  34:application/chassis/chassis.c **** #include "ins_task.h"
  35:application/chassis/chassis.c **** static CANCommInstance *chasiss_can_comm; // ÂèåÊùøÈÄö‰ø°CAN comm
  36:application/chassis/chassis.c **** attitude_t *Chassis_IMU_data;
  37:application/chassis/chassis.c **** #endif // CHASSIS_BOARD
  38:application/chassis/chassis.c **** #ifdef ONE_BOARD
  39:application/chassis/chassis.c **** static Publisher_t *chassis_pub;                    // Áî®‰∫éÂèëÂ∏ÉÂ∫ïÁõòÁöÑÊï∞ÊçÆ
  40:application/chassis/chassis.c **** static Subscriber_t *chassis_sub;                   // Áî®‰∫éËÆ¢ÈòÖÂ∫ïÁõòÁöÑÊéßÂà∂ÂëΩ‰ª§
  41:application/chassis/chassis.c **** #endif                                              // !ONE_BOARD
  42:application/chassis/chassis.c **** static Chassis_Ctrl_Cmd_s chassis_cmd_recv;         // Â∫ïÁõòÊé•Êî∂Âà∞ÁöÑÊéßÂà∂ÂëΩ‰ª§
  43:application/chassis/chassis.c **** static Chassis_Upload_Data_s chassis_feedback_data; // Â∫ïÁõòÂõû‰º†ÁöÑÂèçÈ¶àÊï∞ÊçÆ
  44:application/chassis/chassis.c **** 
  45:application/chassis/chassis.c **** static referee_info_t* referee_data; // Áî®‰∫éËé∑ÂèñË£ÅÂà§Á≥ªÁªüÁöÑÊï∞ÊçÆ
  46:application/chassis/chassis.c **** static Referee_Interactive_info_t ui_data; // UIÊï∞ÊçÆÔºåÂ∞ÜÂ∫ïÁõò‰∏≠ÁöÑÊï∞ÊçÆ‰º†ÂÖ•Ê≠§ÁªìÊûÑ‰ΩìÁöÑ
  47:application/chassis/chassis.c **** 
  48:application/chassis/chassis.c **** static SuperCapInstance *cap;                                       // Ë∂ÖÁ∫ßÁîµÂÆπ
  49:application/chassis/chassis.c **** static DJIMotorInstance *motor_lf, *motor_rf, *motor_lb, *motor_rb; // left right forward back
  50:application/chassis/chassis.c **** 
  51:application/chassis/chassis.c **** /* Áî®‰∫éËá™ÊóãÂèòÈÄüÁ≠ñÁï•ÁöÑÊó∂Èó¥ÂèòÈáè */
  52:application/chassis/chassis.c **** // static float t;
  53:application/chassis/chassis.c **** 
  54:application/chassis/chassis.c **** /* ÁßÅÊúâÂáΩÊï∞ËÆ°ÁÆóÁöÑ‰∏≠‰ªãÂèòÈáè,ËÆæ‰∏∫ÈùôÊÄÅÈÅøÂÖçÂèÇÊï∞‰º†ÈÄíÁöÑÂºÄÈîÄ */
  55:application/chassis/chassis.c **** static float chassis_vx, chassis_vy;     // Â∞Ü‰∫ëÂè∞Á≥ªÁöÑÈÄüÂ∫¶ÊäïÂΩ±Âà∞Â∫ïÁõò
  56:application/chassis/chassis.c **** static float vt_lf, vt_rf, vt_lb, vt_rb; // Â∫ïÁõòÈÄüÂ∫¶Ëß£ÁÆóÂêéÁöÑ‰∏¥Êó∂ËæìÂá∫,ÂæÖËøõË°åÈôêÂπÖ
  57:application/chassis/chassis.c **** 
  58:application/chassis/chassis.c **** void ChassisInit()
  59:application/chassis/chassis.c **** {
  60:application/chassis/chassis.c ****     // Âõõ‰∏™ËΩÆÂ≠êÁöÑÂèÇÊï∞‰∏ÄÊ†∑,Êîπtx_idÂíåÂèçËΩ¨Ê†áÂøó‰ΩçÂç≥ÂèØ
  61:application/chassis/chassis.c ****     Motor_Init_Config_s chassis_motor_config = {
  62:application/chassis/chassis.c ****         .can_init_config.can_handle = &hcan1,
  63:application/chassis/chassis.c ****         .controller_param_init_config = {
  64:application/chassis/chassis.c ****             .speed_PID = {
  65:application/chassis/chassis.c ****                 .Kp = 10, // 4.5
  66:application/chassis/chassis.c ****                 .Ki = 0,  // 0
  67:application/chassis/chassis.c ****                 .Kd = 0,  // 0
  68:application/chassis/chassis.c ****                 .IntegralLimit = 3000,
  69:application/chassis/chassis.c ****                 .Improve = PID_Trapezoid_Intergral | PID_Integral_Limit | PID_Derivative_On_Measure
  70:application/chassis/chassis.c ****                 .MaxOut = 12000,
  71:application/chassis/chassis.c ****             },
  72:application/chassis/chassis.c ****             .current_PID = {
  73:application/chassis/chassis.c ****                 .Kp = 0.5, // 0.4
  74:application/chassis/chassis.c ****                 .Ki = 0,   // 0
  75:application/chassis/chassis.c ****                 .Kd = 0,
  76:application/chassis/chassis.c ****                 .IntegralLimit = 3000,
  77:application/chassis/chassis.c ****                 .Improve = PID_Trapezoid_Intergral | PID_Integral_Limit | PID_Derivative_On_Measure
  78:application/chassis/chassis.c ****                 .MaxOut = 15000,
  79:application/chassis/chassis.c ****             },
  80:application/chassis/chassis.c ****         },
  81:application/chassis/chassis.c ****         .controller_setting_init_config = {
  82:application/chassis/chassis.c ****             .angle_feedback_source = MOTOR_FEED,
  83:application/chassis/chassis.c ****             .speed_feedback_source = MOTOR_FEED,
  84:application/chassis/chassis.c ****             .outer_loop_type = SPEED_LOOP,
  85:application/chassis/chassis.c ****             .close_loop_type = SPEED_LOOP | CURRENT_LOOP,
  86:application/chassis/chassis.c ****         },
  87:application/chassis/chassis.c ****         .motor_type = M3508,
  88:application/chassis/chassis.c ****     };
ARM GAS  C:\Users\z0147233\AppData\Local\Temp\ccVv3uVa.s 			page 3


  89:application/chassis/chassis.c ****     //  @todo: ÂΩìÂâçËøòÊ≤°ÊúâËÆæÁΩÆÁîµÊú∫ÁöÑÊ≠£ÂèçËΩ¨,‰ªçÁÑ∂ÈúÄË¶ÅÊâãÂä®Ê∑ªÂä†referenceÁöÑÊ≠£Ë¥üÂè
  90:application/chassis/chassis.c ****     chassis_motor_config.can_init_config.tx_id = 1;
  91:application/chassis/chassis.c ****     chassis_motor_config.controller_setting_init_config.motor_reverse_flag = MOTOR_DIRECTION_REVERS
  92:application/chassis/chassis.c ****     motor_lf = DJIMotorInit(&chassis_motor_config);
  93:application/chassis/chassis.c **** 
  94:application/chassis/chassis.c ****     chassis_motor_config.can_init_config.tx_id = 2;
  95:application/chassis/chassis.c ****     chassis_motor_config.controller_setting_init_config.motor_reverse_flag = MOTOR_DIRECTION_REVERS
  96:application/chassis/chassis.c ****     motor_rf = DJIMotorInit(&chassis_motor_config);
  97:application/chassis/chassis.c **** 
  98:application/chassis/chassis.c ****     chassis_motor_config.can_init_config.tx_id = 4;
  99:application/chassis/chassis.c ****     chassis_motor_config.controller_setting_init_config.motor_reverse_flag = MOTOR_DIRECTION_REVERS
 100:application/chassis/chassis.c ****     motor_lb = DJIMotorInit(&chassis_motor_config);
 101:application/chassis/chassis.c **** 
 102:application/chassis/chassis.c ****     chassis_motor_config.can_init_config.tx_id = 3;
 103:application/chassis/chassis.c ****     chassis_motor_config.controller_setting_init_config.motor_reverse_flag = MOTOR_DIRECTION_REVERS
 104:application/chassis/chassis.c ****     motor_rb = DJIMotorInit(&chassis_motor_config);
 105:application/chassis/chassis.c **** 
 106:application/chassis/chassis.c ****     referee_data = UITaskInit(&huart6,&ui_data); // Ë£ÅÂà§Á≥ªÁªüÂàùÂßãÂåñ,‰ºöÂêåÊó∂ÂàùÂßãÂåñUI
 107:application/chassis/chassis.c **** 
 108:application/chassis/chassis.c ****     SuperCap_Init_Config_s cap_conf = {
 109:application/chassis/chassis.c ****         .can_config = {
 110:application/chassis/chassis.c ****             .can_handle = &hcan2,
 111:application/chassis/chassis.c ****             .tx_id = 0x302, // Ë∂ÖÁ∫ßÁîµÂÆπÈªòËÆ§Êé•Êî∂id
 112:application/chassis/chassis.c ****             .rx_id = 0x301, // Ë∂ÖÁ∫ßÁîµÂÆπÈªòËÆ§ÂèëÈÄÅid,Ê≥®ÊÑètxÂíårxÂú®ÂÖ∂‰ªñ‰∫∫ÁúãÊù•ÊòØÂèçÁöÑ
 113:application/chassis/chassis.c ****         }};
 114:application/chassis/chassis.c ****     cap = SuperCapInit(&cap_conf); // Ë∂ÖÁ∫ßÁîµÂÆπÂàùÂßãÂåñ
 115:application/chassis/chassis.c **** 
 116:application/chassis/chassis.c ****     // ÂèëÂ∏ÉËÆ¢ÈòÖÂàùÂßãÂåñ,Â¶ÇÊûú‰∏∫ÂèåÊùø,ÂàôÈúÄË¶Åcan commÊù•‰º†ÈÄíÊ∂àÊÅØ
 117:application/chassis/chassis.c **** #ifdef CHASSIS_BOARD
 118:application/chassis/chassis.c ****     Chassis_IMU_data = INS_Init(); // Â∫ïÁõòIMUÂàùÂßãÂåñ
 119:application/chassis/chassis.c **** 
 120:application/chassis/chassis.c ****     CANComm_Init_Config_s comm_conf = {
 121:application/chassis/chassis.c ****         .can_config = {
 122:application/chassis/chassis.c ****             .can_handle = &hcan2,
 123:application/chassis/chassis.c ****             .tx_id = 0x311,
 124:application/chassis/chassis.c ****             .rx_id = 0x312,
 125:application/chassis/chassis.c ****         },
 126:application/chassis/chassis.c ****         .recv_data_len = sizeof(Chassis_Ctrl_Cmd_s),
 127:application/chassis/chassis.c ****         .send_data_len = sizeof(Chassis_Upload_Data_s),
 128:application/chassis/chassis.c ****     };
 129:application/chassis/chassis.c ****     chasiss_can_comm = CANCommInit(&comm_conf); // can commÂàùÂßãÂåñ
 130:application/chassis/chassis.c **** #endif                                          // CHASSIS_BOARD
 131:application/chassis/chassis.c **** 
 132:application/chassis/chassis.c **** #ifdef ONE_BOARD // ÂçïÊùøÊéßÂà∂Êï¥ËΩ¶,ÂàôÈÄöËøápubsubÊù•‰º†ÈÄíÊ∂àÊÅØ
 133:application/chassis/chassis.c ****     chassis_sub = SubRegister("chassis_cmd", sizeof(Chassis_Ctrl_Cmd_s));
 134:application/chassis/chassis.c ****     chassis_pub = PubRegister("chassis_feed", sizeof(Chassis_Upload_Data_s));
 135:application/chassis/chassis.c **** #endif // ONE_BOARD
 136:application/chassis/chassis.c **** }
 137:application/chassis/chassis.c **** 
 138:application/chassis/chassis.c **** #define LF_CENTER ((HALF_TRACK_WIDTH + CENTER_GIMBAL_OFFSET_X + HALF_WHEEL_BASE - CENTER_GIMBAL_OFF
 139:application/chassis/chassis.c **** #define RF_CENTER ((HALF_TRACK_WIDTH - CENTER_GIMBAL_OFFSET_X + HALF_WHEEL_BASE - CENTER_GIMBAL_OFF
 140:application/chassis/chassis.c **** #define LB_CENTER ((HALF_TRACK_WIDTH + CENTER_GIMBAL_OFFSET_X + HALF_WHEEL_BASE + CENTER_GIMBAL_OFF
 141:application/chassis/chassis.c **** #define RB_CENTER ((HALF_TRACK_WIDTH - CENTER_GIMBAL_OFFSET_X + HALF_WHEEL_BASE + CENTER_GIMBAL_OFF
 142:application/chassis/chassis.c **** /**
 143:application/chassis/chassis.c ****  * @brief ËÆ°ÁÆóÊØè‰∏™ËΩÆÊØÇÁîµÊú∫ÁöÑËæìÂá∫,Ê≠£ËøêÂä®Â≠¶Ëß£ÁÆó
 144:application/chassis/chassis.c ****  *        Áî®ÂÆèËøõË°åÈ¢ÑÊõøÊç¢ÂáèÂ∞èÂºÄÈîÄ,ËøêÂä®Ëß£ÁÆóÂÖ∑‰ΩìËøáÁ®ãÂèÇËÄÉÊïôÁ®ã
 145:application/chassis/chassis.c ****  */
ARM GAS  C:\Users\z0147233\AppData\Local\Temp\ccVv3uVa.s 			page 4


 146:application/chassis/chassis.c **** static void MecanumCalculate()
 147:application/chassis/chassis.c **** {
  28              		.loc 1 147 1 view -0
  29              		.cfi_startproc
  30              		@ args = 0, pretend = 0, frame = 0
  31              		@ frame_needed = 0, uses_anonymous_args = 0
  32              		@ link register save eliminated.
 148:application/chassis/chassis.c ****     vt_lf = -chassis_vx - chassis_vy - chassis_cmd_recv.wz * LF_CENTER;
  33              		.loc 1 148 5 view .LVU1
  34              		.loc 1 148 13 is_stmt 0 view .LVU2
  35 0000 154B     		ldr	r3, .L2
  36 0002 D3ED007A 		vldr.32	s15, [r3]
  37 0006 F1EE676A 		vneg.f32	s13, s15
  38              		.loc 1 148 25 view .LVU3
  39 000a 144B     		ldr	r3, .L2+4
  40 000c 93ED006A 		vldr.32	s12, [r3]
  41 0010 76EEC66A 		vsub.f32	s13, s13, s12
  42              		.loc 1 148 56 view .LVU4
  43 0014 124B     		ldr	r3, .L2+8
  44 0016 93ED027A 		vldr.32	s14, [r3, #8]
  45              		.loc 1 148 60 view .LVU5
  46 001a DFED125A 		vldr.32	s11, .L2+12
  47 001e 27EE257A 		vmul.f32	s14, s14, s11
  48              		.loc 1 148 38 view .LVU6
  49 0022 76EEC76A 		vsub.f32	s13, s13, s14
  50              		.loc 1 148 11 view .LVU7
  51 0026 104B     		ldr	r3, .L2+16
  52 0028 C3ED006A 		vstr.32	s13, [r3]
 149:application/chassis/chassis.c ****     vt_rf = -chassis_vx + chassis_vy - chassis_cmd_recv.wz * RF_CENTER;
  53              		.loc 1 149 5 is_stmt 1 view .LVU8
  54              		.loc 1 149 25 is_stmt 0 view .LVU9
  55 002c 76EE676A 		vsub.f32	s13, s12, s15
  56              		.loc 1 149 38 view .LVU10
  57 0030 76EEC76A 		vsub.f32	s13, s13, s14
  58              		.loc 1 149 11 view .LVU11
  59 0034 0D4B     		ldr	r3, .L2+20
  60 0036 C3ED006A 		vstr.32	s13, [r3]
 150:application/chassis/chassis.c ****     vt_lb = chassis_vx - chassis_vy - chassis_cmd_recv.wz * LB_CENTER;
  61              		.loc 1 150 5 is_stmt 1 view .LVU12
  62              		.loc 1 150 24 is_stmt 0 view .LVU13
  63 003a 77EEC66A 		vsub.f32	s13, s15, s12
  64              		.loc 1 150 37 view .LVU14
  65 003e 76EEC76A 		vsub.f32	s13, s13, s14
  66              		.loc 1 150 11 view .LVU15
  67 0042 0B4B     		ldr	r3, .L2+24
  68 0044 C3ED006A 		vstr.32	s13, [r3]
 151:application/chassis/chassis.c ****     vt_rb = chassis_vx + chassis_vy - chassis_cmd_recv.wz * RB_CENTER;
  69              		.loc 1 151 5 is_stmt 1 view .LVU16
  70              		.loc 1 151 24 is_stmt 0 view .LVU17
  71 0048 77EE867A 		vadd.f32	s15, s15, s12
  72              		.loc 1 151 37 view .LVU18
  73 004c 77EEC77A 		vsub.f32	s15, s15, s14
  74              		.loc 1 151 11 view .LVU19
  75 0050 084B     		ldr	r3, .L2+28
  76 0052 C3ED007A 		vstr.32	s15, [r3]
 152:application/chassis/chassis.c **** }
  77              		.loc 1 152 1 view .LVU20
ARM GAS  C:\Users\z0147233\AppData\Local\Temp\ccVv3uVa.s 			page 5


  78 0056 7047     		bx	lr
  79              	.L3:
  80              		.align	2
  81              	.L2:
  82 0058 00000000 		.word	.LANCHOR0
  83 005c 00000000 		.word	.LANCHOR1
  84 0060 00000000 		.word	.LANCHOR2
  85 0064 A583B540 		.word	1085637541
  86 0068 00000000 		.word	.LANCHOR3
  87 006c 00000000 		.word	.LANCHOR4
  88 0070 00000000 		.word	.LANCHOR5
  89 0074 00000000 		.word	.LANCHOR6
  90              		.cfi_endproc
  91              	.LFE277:
  93              		.section	.text.LimitChassisOutput,"ax",%progbits
  94              		.align	1
  95              		.syntax unified
  96              		.thumb
  97              		.thumb_func
  99              	LimitChassisOutput:
 100              	.LFB278:
 153:application/chassis/chassis.c **** 
 154:application/chassis/chassis.c **** /**
 155:application/chassis/chassis.c ****  * @brief Ê†πÊçÆË£ÅÂà§Á≥ªÁªüÂíåÁîµÂÆπÂâ©‰ΩôÂÆπÈáèÂØπËæìÂá∫ËøõË°åÈôêÂà∂Âπ∂ËÆæÁΩÆÁîµÊú∫ÂèÇËÄÉÂÄº
 156:application/chassis/chassis.c ****  *
 157:application/chassis/chassis.c ****  */
 158:application/chassis/chassis.c **** static void LimitChassisOutput()
 159:application/chassis/chassis.c **** {
 101              		.loc 1 159 1 is_stmt 1 view -0
 102              		.cfi_startproc
 103              		@ args = 0, pretend = 0, frame = 0
 104              		@ frame_needed = 0, uses_anonymous_args = 0
 105 0000 08B5     		push	{r3, lr}
 106              	.LCFI0:
 107              		.cfi_def_cfa_offset 8
 108              		.cfi_offset 3, -8
 109              		.cfi_offset 14, -4
 160:application/chassis/chassis.c ****     // ÂäüÁéáÈôêÂà∂ÂæÖÊ∑ªÂä†
 161:application/chassis/chassis.c ****     // referee_data->PowerHeatData.chassis_power;
 162:application/chassis/chassis.c ****     // referee_data->PowerHeatData.chassis_power_buffer;
 163:application/chassis/chassis.c **** 
 164:application/chassis/chassis.c ****     // ÂÆåÊàêÂäüÁéáÈôêÂà∂ÂêéËøõË°åÁîµÊú∫ÂèÇËÄÉËæìÂÖ•ËÆæÂÆö
 165:application/chassis/chassis.c ****     DJIMotorSetRef(motor_lf, vt_lf);
 110              		.loc 1 165 5 view .LVU22
 111 0002 0E4B     		ldr	r3, .L6
 112 0004 93ED000A 		vldr.32	s0, [r3]
 113 0008 0D4B     		ldr	r3, .L6+4
 114 000a 1868     		ldr	r0, [r3]
 115 000c FFF7FEFF 		bl	DJIMotorSetRef
 116              	.LVL0:
 166:application/chassis/chassis.c ****     DJIMotorSetRef(motor_rf, vt_rf);
 117              		.loc 1 166 5 view .LVU23
 118 0010 0C4B     		ldr	r3, .L6+8
 119 0012 93ED000A 		vldr.32	s0, [r3]
 120 0016 0C4B     		ldr	r3, .L6+12
 121 0018 1868     		ldr	r0, [r3]
 122 001a FFF7FEFF 		bl	DJIMotorSetRef
ARM GAS  C:\Users\z0147233\AppData\Local\Temp\ccVv3uVa.s 			page 6


 123              	.LVL1:
 167:application/chassis/chassis.c ****     DJIMotorSetRef(motor_lb, vt_lb);
 124              		.loc 1 167 5 view .LVU24
 125 001e 0B4B     		ldr	r3, .L6+16
 126 0020 93ED000A 		vldr.32	s0, [r3]
 127 0024 0A4B     		ldr	r3, .L6+20
 128 0026 1868     		ldr	r0, [r3]
 129 0028 FFF7FEFF 		bl	DJIMotorSetRef
 130              	.LVL2:
 168:application/chassis/chassis.c ****     DJIMotorSetRef(motor_rb, vt_rb);
 131              		.loc 1 168 5 view .LVU25
 132 002c 094B     		ldr	r3, .L6+24
 133 002e 93ED000A 		vldr.32	s0, [r3]
 134 0032 094B     		ldr	r3, .L6+28
 135 0034 1868     		ldr	r0, [r3]
 136 0036 FFF7FEFF 		bl	DJIMotorSetRef
 137              	.LVL3:
 169:application/chassis/chassis.c **** }
 138              		.loc 1 169 1 is_stmt 0 view .LVU26
 139 003a 08BD     		pop	{r3, pc}
 140              	.L7:
 141              		.align	2
 142              	.L6:
 143 003c 00000000 		.word	.LANCHOR3
 144 0040 00000000 		.word	.LANCHOR7
 145 0044 00000000 		.word	.LANCHOR4
 146 0048 00000000 		.word	.LANCHOR8
 147 004c 00000000 		.word	.LANCHOR5
 148 0050 00000000 		.word	.LANCHOR9
 149 0054 00000000 		.word	.LANCHOR6
 150 0058 00000000 		.word	.LANCHOR10
 151              		.cfi_endproc
 152              	.LFE278:
 154              		.section	.rodata.ChassisInit.str1.4,"aMS",%progbits,1
 155              		.align	2
 156              	.LC0:
 157 0000 63686173 		.ascii	"chassis_cmd\000"
 157      7369735F 
 157      636D6400 
 158              		.align	2
 159              	.LC1:
 160 000c 63686173 		.ascii	"chassis_feed\000"
 160      7369735F 
 160      66656564 
 160      00
 161              		.section	.text.ChassisInit,"ax",%progbits
 162              		.align	1
 163              		.global	ChassisInit
 164              		.syntax unified
 165              		.thumb
 166              		.thumb_func
 168              	ChassisInit:
 169              	.LFB276:
  59:application/chassis/chassis.c ****     // Âõõ‰∏™ËΩÆÂ≠êÁöÑÂèÇÊï∞‰∏ÄÊ†∑,Êîπtx_idÂíåÂèçËΩ¨Ê†áÂøó‰ΩçÂç≥ÂèØ
 170              		.loc 1 59 1 is_stmt 1 view -0
 171              		.cfi_startproc
 172              		@ args = 0, pretend = 0, frame = 200
ARM GAS  C:\Users\z0147233\AppData\Local\Temp\ccVv3uVa.s 			page 7


 173              		@ frame_needed = 0, uses_anonymous_args = 0
 174 0000 70B5     		push	{r4, r5, r6, lr}
 175              	.LCFI1:
 176              		.cfi_def_cfa_offset 16
 177              		.cfi_offset 4, -16
 178              		.cfi_offset 5, -12
 179              		.cfi_offset 6, -8
 180              		.cfi_offset 14, -4
 181 0002 B2B0     		sub	sp, sp, #200
 182              	.LCFI2:
 183              		.cfi_def_cfa_offset 216
  61:application/chassis/chassis.c ****         .can_init_config.can_handle = &hcan1,
 184              		.loc 1 61 5 view .LVU28
  61:application/chassis/chassis.c ****         .can_init_config.can_handle = &hcan1,
 185              		.loc 1 61 25 is_stmt 0 view .LVU29
 186 0004 B022     		movs	r2, #176
 187 0006 0021     		movs	r1, #0
 188 0008 06A8     		add	r0, sp, #24
 189 000a FFF7FEFF 		bl	memset
 190              	.LVL4:
 191 000e 4FF07C53 		mov	r3, #1056964608
 192 0012 0A93     		str	r3, [sp, #40]	@ float
 193 0014 304B     		ldr	r3, .L10
 194 0016 0D93     		str	r3, [sp, #52]	@ float
 195 0018 0722     		movs	r2, #7
 196 001a 8DF83C20 		strb	r2, [sp, #60]
 197 001e 2F4B     		ldr	r3, .L10+4
 198 0020 1093     		str	r3, [sp, #64]	@ float
 199 0022 2F49     		ldr	r1, .L10+8
 200 0024 1591     		str	r1, [sp, #84]	@ float
 201 0026 2F49     		ldr	r1, .L10+12
 202 0028 1891     		str	r1, [sp, #96]	@ float
 203 002a 8DF86820 		strb	r2, [sp, #104]
 204 002e 1B93     		str	r3, [sp, #108]	@ float
 205 0030 0226     		movs	r6, #2
 206 0032 8DF8AC60 		strb	r6, [sp, #172]
 207 0036 0325     		movs	r5, #3
 208 0038 8DF8AD50 		strb	r5, [sp, #173]
 209 003c 8DF8B360 		strb	r6, [sp, #179]
 210 0040 294B     		ldr	r3, .L10+16
 211 0042 2D93     		str	r3, [sp, #180]
  90:application/chassis/chassis.c ****     chassis_motor_config.controller_setting_init_config.motor_reverse_flag = MOTOR_DIRECTION_REVERS
 212              		.loc 1 90 5 is_stmt 1 view .LVU30
  90:application/chassis/chassis.c ****     chassis_motor_config.controller_setting_init_config.motor_reverse_flag = MOTOR_DIRECTION_REVERS
 213              		.loc 1 90 48 is_stmt 0 view .LVU31
 214 0044 0124     		movs	r4, #1
 215 0046 2E94     		str	r4, [sp, #184]
  91:application/chassis/chassis.c ****     motor_lf = DJIMotorInit(&chassis_motor_config);
 216              		.loc 1 91 5 is_stmt 1 view .LVU32
  91:application/chassis/chassis.c ****     motor_lf = DJIMotorInit(&chassis_motor_config);
 217              		.loc 1 91 76 is_stmt 0 view .LVU33
 218 0048 8DF8AE40 		strb	r4, [sp, #174]
  92:application/chassis/chassis.c **** 
 219              		.loc 1 92 5 is_stmt 1 view .LVU34
  92:application/chassis/chassis.c **** 
 220              		.loc 1 92 16 is_stmt 0 view .LVU35
 221 004c 06A8     		add	r0, sp, #24
ARM GAS  C:\Users\z0147233\AppData\Local\Temp\ccVv3uVa.s 			page 8


 222 004e FFF7FEFF 		bl	DJIMotorInit
 223              	.LVL5:
  92:application/chassis/chassis.c **** 
 224              		.loc 1 92 14 view .LVU36
 225 0052 264B     		ldr	r3, .L10+20
 226 0054 1860     		str	r0, [r3]
  94:application/chassis/chassis.c ****     chassis_motor_config.controller_setting_init_config.motor_reverse_flag = MOTOR_DIRECTION_REVERS
 227              		.loc 1 94 5 is_stmt 1 view .LVU37
  94:application/chassis/chassis.c ****     chassis_motor_config.controller_setting_init_config.motor_reverse_flag = MOTOR_DIRECTION_REVERS
 228              		.loc 1 94 48 is_stmt 0 view .LVU38
 229 0056 2E96     		str	r6, [sp, #184]
  95:application/chassis/chassis.c ****     motor_rf = DJIMotorInit(&chassis_motor_config);
 230              		.loc 1 95 5 is_stmt 1 view .LVU39
  95:application/chassis/chassis.c ****     motor_rf = DJIMotorInit(&chassis_motor_config);
 231              		.loc 1 95 76 is_stmt 0 view .LVU40
 232 0058 8DF8AE40 		strb	r4, [sp, #174]
  96:application/chassis/chassis.c **** 
 233              		.loc 1 96 5 is_stmt 1 view .LVU41
  96:application/chassis/chassis.c **** 
 234              		.loc 1 96 16 is_stmt 0 view .LVU42
 235 005c 06A8     		add	r0, sp, #24
 236 005e FFF7FEFF 		bl	DJIMotorInit
 237              	.LVL6:
  96:application/chassis/chassis.c **** 
 238              		.loc 1 96 14 view .LVU43
 239 0062 234B     		ldr	r3, .L10+24
 240 0064 1860     		str	r0, [r3]
  98:application/chassis/chassis.c ****     chassis_motor_config.controller_setting_init_config.motor_reverse_flag = MOTOR_DIRECTION_REVERS
 241              		.loc 1 98 5 is_stmt 1 view .LVU44
  98:application/chassis/chassis.c ****     chassis_motor_config.controller_setting_init_config.motor_reverse_flag = MOTOR_DIRECTION_REVERS
 242              		.loc 1 98 48 is_stmt 0 view .LVU45
 243 0066 0423     		movs	r3, #4
 244 0068 2E93     		str	r3, [sp, #184]
  99:application/chassis/chassis.c ****     motor_lb = DJIMotorInit(&chassis_motor_config);
 245              		.loc 1 99 5 is_stmt 1 view .LVU46
  99:application/chassis/chassis.c ****     motor_lb = DJIMotorInit(&chassis_motor_config);
 246              		.loc 1 99 76 is_stmt 0 view .LVU47
 247 006a 8DF8AE40 		strb	r4, [sp, #174]
 100:application/chassis/chassis.c **** 
 248              		.loc 1 100 5 is_stmt 1 view .LVU48
 100:application/chassis/chassis.c **** 
 249              		.loc 1 100 16 is_stmt 0 view .LVU49
 250 006e 06A8     		add	r0, sp, #24
 251 0070 FFF7FEFF 		bl	DJIMotorInit
 252              	.LVL7:
 100:application/chassis/chassis.c **** 
 253              		.loc 1 100 14 view .LVU50
 254 0074 1F4B     		ldr	r3, .L10+28
 255 0076 1860     		str	r0, [r3]
 102:application/chassis/chassis.c ****     chassis_motor_config.controller_setting_init_config.motor_reverse_flag = MOTOR_DIRECTION_REVERS
 256              		.loc 1 102 5 is_stmt 1 view .LVU51
 102:application/chassis/chassis.c ****     chassis_motor_config.controller_setting_init_config.motor_reverse_flag = MOTOR_DIRECTION_REVERS
 257              		.loc 1 102 48 is_stmt 0 view .LVU52
 258 0078 2E95     		str	r5, [sp, #184]
 103:application/chassis/chassis.c ****     motor_rb = DJIMotorInit(&chassis_motor_config);
 259              		.loc 1 103 5 is_stmt 1 view .LVU53
 103:application/chassis/chassis.c ****     motor_rb = DJIMotorInit(&chassis_motor_config);
ARM GAS  C:\Users\z0147233\AppData\Local\Temp\ccVv3uVa.s 			page 9


 260              		.loc 1 103 76 is_stmt 0 view .LVU54
 261 007a 8DF8AE40 		strb	r4, [sp, #174]
 104:application/chassis/chassis.c **** 
 262              		.loc 1 104 5 is_stmt 1 view .LVU55
 104:application/chassis/chassis.c **** 
 263              		.loc 1 104 16 is_stmt 0 view .LVU56
 264 007e 06A8     		add	r0, sp, #24
 265 0080 FFF7FEFF 		bl	DJIMotorInit
 266              	.LVL8:
 104:application/chassis/chassis.c **** 
 267              		.loc 1 104 14 view .LVU57
 268 0084 1C4B     		ldr	r3, .L10+32
 269 0086 1860     		str	r0, [r3]
 106:application/chassis/chassis.c **** 
 270              		.loc 1 106 5 is_stmt 1 view .LVU58
 106:application/chassis/chassis.c **** 
 271              		.loc 1 106 20 is_stmt 0 view .LVU59
 272 0088 1C49     		ldr	r1, .L10+36
 273 008a 1D48     		ldr	r0, .L10+40
 274 008c FFF7FEFF 		bl	UITaskInit
 275              	.LVL9:
 106:application/chassis/chassis.c **** 
 276              		.loc 1 106 18 view .LVU60
 277 0090 1C4B     		ldr	r3, .L10+44
 278 0092 1860     		str	r0, [r3]
 108:application/chassis/chassis.c ****         .can_config = {
 279              		.loc 1 108 5 is_stmt 1 view .LVU61
 108:application/chassis/chassis.c ****         .can_config = {
 280              		.loc 1 108 28 is_stmt 0 view .LVU62
 281 0094 0023     		movs	r3, #0
 282 0096 0193     		str	r3, [sp, #4]
 283 0098 0293     		str	r3, [sp, #8]
 284 009a 0393     		str	r3, [sp, #12]
 285 009c 0493     		str	r3, [sp, #16]
 286 009e 0593     		str	r3, [sp, #20]
 287 00a0 194B     		ldr	r3, .L10+48
 288 00a2 0193     		str	r3, [sp, #4]
 289 00a4 40F20233 		movw	r3, #770
 290 00a8 0293     		str	r3, [sp, #8]
 291 00aa 40F20133 		movw	r3, #769
 292 00ae 0393     		str	r3, [sp, #12]
 114:application/chassis/chassis.c **** 
 293              		.loc 1 114 5 is_stmt 1 view .LVU63
 114:application/chassis/chassis.c **** 
 294              		.loc 1 114 11 is_stmt 0 view .LVU64
 295 00b0 01A8     		add	r0, sp, #4
 296 00b2 FFF7FEFF 		bl	SuperCapInit
 297              	.LVL10:
 114:application/chassis/chassis.c **** 
 298              		.loc 1 114 9 view .LVU65
 299 00b6 154B     		ldr	r3, .L10+52
 300 00b8 1860     		str	r0, [r3]
 133:application/chassis/chassis.c ****     chassis_pub = PubRegister("chassis_feed", sizeof(Chassis_Upload_Data_s));
 301              		.loc 1 133 5 is_stmt 1 view .LVU66
 133:application/chassis/chassis.c ****     chassis_pub = PubRegister("chassis_feed", sizeof(Chassis_Upload_Data_s));
 302              		.loc 1 133 19 is_stmt 0 view .LVU67
 303 00ba 1521     		movs	r1, #21
ARM GAS  C:\Users\z0147233\AppData\Local\Temp\ccVv3uVa.s 			page 10


 304 00bc 1448     		ldr	r0, .L10+56
 305 00be FFF7FEFF 		bl	SubRegister
 306              	.LVL11:
 133:application/chassis/chassis.c ****     chassis_pub = PubRegister("chassis_feed", sizeof(Chassis_Upload_Data_s));
 307              		.loc 1 133 17 view .LVU68
 308 00c2 144B     		ldr	r3, .L10+60
 309 00c4 1860     		str	r0, [r3]
 134:application/chassis/chassis.c **** #endif // ONE_BOARD
 310              		.loc 1 134 5 is_stmt 1 view .LVU69
 134:application/chassis/chassis.c **** #endif // ONE_BOARD
 311              		.loc 1 134 19 is_stmt 0 view .LVU70
 312 00c6 2946     		mov	r1, r5
 313 00c8 1348     		ldr	r0, .L10+64
 314 00ca FFF7FEFF 		bl	PubRegister
 315              	.LVL12:
 134:application/chassis/chassis.c **** #endif // ONE_BOARD
 316              		.loc 1 134 17 view .LVU71
 317 00ce 134B     		ldr	r3, .L10+68
 318 00d0 1860     		str	r0, [r3]
 136:application/chassis/chassis.c **** 
 319              		.loc 1 136 1 view .LVU72
 320 00d2 32B0     		add	sp, sp, #200
 321              	.LCFI3:
 322              		.cfi_def_cfa_offset 16
 323              		@ sp needed
 324 00d4 70BD     		pop	{r4, r5, r6, pc}
 325              	.L11:
 326 00d6 00BF     		.align	2
 327              	.L10:
 328 00d8 00606A46 		.word	1181376512
 329 00dc 00803B45 		.word	1161527296
 330 00e0 00002041 		.word	1092616192
 331 00e4 00803B46 		.word	1178304512
 332 00e8 00000000 		.word	hcan1
 333 00ec 00000000 		.word	.LANCHOR7
 334 00f0 00000000 		.word	.LANCHOR8
 335 00f4 00000000 		.word	.LANCHOR9
 336 00f8 00000000 		.word	.LANCHOR10
 337 00fc 00000000 		.word	.LANCHOR11
 338 0100 00000000 		.word	huart6
 339 0104 00000000 		.word	.LANCHOR12
 340 0108 00000000 		.word	hcan2
 341 010c 00000000 		.word	.LANCHOR13
 342 0110 00000000 		.word	.LC0
 343 0114 00000000 		.word	.LANCHOR14
 344 0118 0C000000 		.word	.LC1
 345 011c 00000000 		.word	.LANCHOR15
 346              		.cfi_endproc
 347              	.LFE276:
 349              		.section	.text.ChassisTask,"ax",%progbits
 350              		.align	1
 351              		.global	ChassisTask
 352              		.syntax unified
 353              		.thumb
 354              		.thumb_func
 356              	ChassisTask:
 357              	.LFB280:
ARM GAS  C:\Users\z0147233\AppData\Local\Temp\ccVv3uVa.s 			page 11


 170:application/chassis/chassis.c **** 
 171:application/chassis/chassis.c **** /**
 172:application/chassis/chassis.c ****  * @brief Ê†πÊçÆÊØè‰∏™ËΩÆÂ≠êÁöÑÈÄüÂ∫¶ÂèçÈ¶à,ËÆ°ÁÆóÂ∫ïÁõòÁöÑÂÆûÈôÖËøêÂä®ÈÄüÂ∫¶,ÈÄÜËøêÂä®Ëß£ÁÆó
 173:application/chassis/chassis.c ****  *        ÂØπ‰∫éÂèåÊùøÁöÑÊÉÖÂÜµ,ËÄÉËôëÂ¢ûÂä†Êù•Ëá™Â∫ïÁõòÊùøIMUÁöÑÊï∞ÊçÆ
 174:application/chassis/chassis.c ****  *
 175:application/chassis/chassis.c ****  */
 176:application/chassis/chassis.c **** static void EstimateSpeed()
 177:application/chassis/chassis.c **** {
 178:application/chassis/chassis.c ****     // Ê†πÊçÆÁîµÊú∫ÈÄüÂ∫¶ÂíåÈôÄËû∫‰ª™ÁöÑËßíÈÄüÂ∫¶ËøõË°åËß£ÁÆó,ËøòÂèØ‰ª•Âà©Áî®Âä†ÈÄüÂ∫¶ËÆ°Âà§Êñ≠ÊòØÂ
 179:application/chassis/chassis.c ****     // chassis_feedback_data.vx vy wz =
 180:application/chassis/chassis.c ****     //  ...
 181:application/chassis/chassis.c **** }
 182:application/chassis/chassis.c **** 
 183:application/chassis/chassis.c **** /* Êú∫Âô®‰∫∫Â∫ïÁõòÊéßÂà∂Ê†∏ÂøÉ‰ªªÂä° */
 184:application/chassis/chassis.c **** void ChassisTask()
 185:application/chassis/chassis.c **** {
 358              		.loc 1 185 1 is_stmt 1 view -0
 359              		.cfi_startproc
 360              		@ args = 0, pretend = 0, frame = 0
 361              		@ frame_needed = 0, uses_anonymous_args = 0
 362 0000 38B5     		push	{r3, r4, r5, lr}
 363              	.LCFI4:
 364              		.cfi_def_cfa_offset 16
 365              		.cfi_offset 3, -16
 366              		.cfi_offset 4, -12
 367              		.cfi_offset 5, -8
 368              		.cfi_offset 14, -4
 369 0002 2DED028B 		vpush.64	{d8}
 370              	.LCFI5:
 371              		.cfi_def_cfa_offset 24
 372              		.cfi_offset 80, -24
 373              		.cfi_offset 81, -20
 186:application/chassis/chassis.c ****     // ÂêéÁª≠Â¢ûÂä†Ê≤°Êî∂Âà∞Ê∂àÊÅØÁöÑÂ§ÑÁêÜ(ÂèåÊùøÁöÑÊÉÖÂÜµ)
 187:application/chassis/chassis.c ****     // Ëé∑ÂèñÊñ∞ÁöÑÊéßÂà∂‰ø°ÊÅØ
 188:application/chassis/chassis.c **** #ifdef ONE_BOARD
 189:application/chassis/chassis.c ****     SubGetMessage(chassis_sub, &chassis_cmd_recv);
 374              		.loc 1 189 5 view .LVU74
 375 0006 444C     		ldr	r4, .L23
 376 0008 2146     		mov	r1, r4
 377 000a 444B     		ldr	r3, .L23+4
 378 000c 1868     		ldr	r0, [r3]
 379 000e FFF7FEFF 		bl	SubGetMessage
 380              	.LVL13:
 190:application/chassis/chassis.c **** #endif
 191:application/chassis/chassis.c **** #ifdef CHASSIS_BOARD
 192:application/chassis/chassis.c ****     chassis_cmd_recv = *(Chassis_Ctrl_Cmd_s *)CANCommGet(chasiss_can_comm);
 193:application/chassis/chassis.c **** #endif // CHASSIS_BOARD
 194:application/chassis/chassis.c **** 
 195:application/chassis/chassis.c ****     if (chassis_cmd_recv.chassis_mode == CHASSIS_ZERO_FORCE)
 381              		.loc 1 195 5 view .LVU75
 382              		.loc 1 195 25 is_stmt 0 view .LVU76
 383 0012 237C     		ldrb	r3, [r4, #16]	@ zero_extendqisi2
 384              		.loc 1 195 8 view .LVU77
 385 0014 002B     		cmp	r3, #0
 386 0016 50D1     		bne	.L13
 196:application/chassis/chassis.c ****     { // Â¶ÇÊûúÂá∫Áé∞ÈáçË¶ÅÊ®°ÂùóÁ¶ªÁ∫øÊàñÈÅ•ÊéßÂô®ËÆæÁΩÆ‰∏∫ÊÄ•ÂÅú,ËÆ©ÁîµÊú∫ÂÅúÊ≠¢
 197:application/chassis/chassis.c ****         DJIMotorStop(motor_lf);
ARM GAS  C:\Users\z0147233\AppData\Local\Temp\ccVv3uVa.s 			page 12


 387              		.loc 1 197 9 is_stmt 1 view .LVU78
 388 0018 414B     		ldr	r3, .L23+8
 389 001a 1868     		ldr	r0, [r3]
 390 001c FFF7FEFF 		bl	DJIMotorStop
 391              	.LVL14:
 198:application/chassis/chassis.c ****         DJIMotorStop(motor_rf);
 392              		.loc 1 198 9 view .LVU79
 393 0020 404B     		ldr	r3, .L23+12
 394 0022 1868     		ldr	r0, [r3]
 395 0024 FFF7FEFF 		bl	DJIMotorStop
 396              	.LVL15:
 199:application/chassis/chassis.c ****         DJIMotorStop(motor_lb);
 397              		.loc 1 199 9 view .LVU80
 398 0028 3F4B     		ldr	r3, .L23+16
 399 002a 1868     		ldr	r0, [r3]
 400 002c FFF7FEFF 		bl	DJIMotorStop
 401              	.LVL16:
 200:application/chassis/chassis.c ****         DJIMotorStop(motor_rb);
 402              		.loc 1 200 9 view .LVU81
 403 0030 3E4B     		ldr	r3, .L23+20
 404 0032 1868     		ldr	r0, [r3]
 405 0034 FFF7FEFF 		bl	DJIMotorStop
 406              	.LVL17:
 407              	.L14:
 201:application/chassis/chassis.c ****     }
 202:application/chassis/chassis.c ****     else
 203:application/chassis/chassis.c ****     { // Ê≠£Â∏∏Â∑•‰Ωú
 204:application/chassis/chassis.c ****         DJIMotorEnable(motor_lf);
 205:application/chassis/chassis.c ****         DJIMotorEnable(motor_rf);
 206:application/chassis/chassis.c ****         DJIMotorEnable(motor_lb);
 207:application/chassis/chassis.c ****         DJIMotorEnable(motor_rb);
 208:application/chassis/chassis.c ****     }
 209:application/chassis/chassis.c **** 
 210:application/chassis/chassis.c ****     // Ê†πÊçÆÊéßÂà∂Ê®°ÂºèËÆæÂÆöÊóãËΩ¨ÈÄüÂ∫¶
 211:application/chassis/chassis.c ****     switch (chassis_cmd_recv.chassis_mode)
 408              		.loc 1 211 5 view .LVU82
 409              		.loc 1 211 29 is_stmt 0 view .LVU83
 410 0038 374B     		ldr	r3, .L23
 411 003a 1B7C     		ldrb	r3, [r3, #16]	@ zero_extendqisi2
 412              		.loc 1 211 5 view .LVU84
 413 003c 022B     		cmp	r3, #2
 414 003e 4DD0     		beq	.L15
 415 0040 032B     		cmp	r3, #3
 416 0042 4FD0     		beq	.L16
 417 0044 012B     		cmp	r3, #1
 418 0046 62D0     		beq	.L21
 419              	.L18:
 212:application/chassis/chassis.c ****     {
 213:application/chassis/chassis.c ****     case CHASSIS_NO_FOLLOW: // Â∫ïÁõò‰∏çÊóãËΩ¨,‰ΩÜÁª¥ÊåÅÂÖ®ÂêëÊú∫Âä®,‰∏ÄËà¨Áî®‰∫éË∞ÉÊï¥‰∫ëÂè∞ÂßøÊÄÅ
 214:application/chassis/chassis.c ****         chassis_cmd_recv.wz = 0;
 215:application/chassis/chassis.c ****         break;
 216:application/chassis/chassis.c ****     case CHASSIS_FOLLOW_GIMBAL_YAW: // Ë∑üÈöè‰∫ëÂè∞,‰∏çÂçïÁã¨ËÆæÁΩÆpid,‰ª•ËØØÂ∑ÆËßíÂ∫¶Âπ≥Êñπ‰∏∫ÈÄüÂ
 217:application/chassis/chassis.c ****         chassis_cmd_recv.wz = -1.5f * chassis_cmd_recv.offset_angle * abs(chassis_cmd_recv.offset_a
 218:application/chassis/chassis.c ****         break;
 219:application/chassis/chassis.c ****     case CHASSIS_ROTATE: // Ëá™Êóã,ÂêåÊó∂‰øùÊåÅÂÖ®ÂêëÊú∫Âä®;ÂΩìÂâçwzÁª¥ÊåÅÂÆöÂÄº,ÂêéÁª≠Â¢ûÂä†‰∏çËßÑ
 220:application/chassis/chassis.c ****         chassis_cmd_recv.wz = 4000;
 221:application/chassis/chassis.c ****         break;
ARM GAS  C:\Users\z0147233\AppData\Local\Temp\ccVv3uVa.s 			page 13


 222:application/chassis/chassis.c ****     default:
 223:application/chassis/chassis.c ****         break;
 224:application/chassis/chassis.c ****     }
 225:application/chassis/chassis.c **** 
 226:application/chassis/chassis.c ****     // Ê†πÊçÆ‰∫ëÂè∞ÂíåÂ∫ïÁõòÁöÑËßíÂ∫¶offsetÂ∞ÜÊéßÂà∂ÈáèÊò†Â∞ÑÂà∞Â∫ïÁõòÂùêÊ†áÁ≥ª‰∏ä
 227:application/chassis/chassis.c ****     // Â∫ïÁõòÈÄÜÊó∂ÈíàÊóãËΩ¨‰∏∫ËßíÂ∫¶Ê≠£ÊñπÂêë;‰∫ëÂè∞ÂëΩ‰ª§ÁöÑÊñπÂêë‰ª•‰∫ëÂè∞ÊåáÂêëÁöÑÊñπÂêë‰∏∫x,Èá
 228:application/chassis/chassis.c ****     static float sin_theta, cos_theta;
 420              		.loc 1 228 5 is_stmt 1 view .LVU85
 229:application/chassis/chassis.c ****     cos_theta = arm_cos_f32(chassis_cmd_recv.offset_angle * DEGREE_2_RAD);
 421              		.loc 1 229 5 view .LVU86
 422              		.loc 1 229 45 is_stmt 0 view .LVU87
 423 0048 334C     		ldr	r4, .L23
 424 004a 94ED030A 		vldr.32	s0, [r4, #12]
 425              		.loc 1 229 17 view .LVU88
 426 004e 9FED388A 		vldr.32	s16, .L23+24
 427 0052 20EE080A 		vmul.f32	s0, s0, s16
 428 0056 FFF7FEFF 		bl	arm_cos_f32
 429              	.LVL18:
 430              		.loc 1 229 15 view .LVU89
 431 005a 364D     		ldr	r5, .L23+28
 432 005c 85ED000A 		vstr.32	s0, [r5]
 230:application/chassis/chassis.c ****     sin_theta = arm_sin_f32(chassis_cmd_recv.offset_angle * DEGREE_2_RAD);
 433              		.loc 1 230 5 is_stmt 1 view .LVU90
 434              		.loc 1 230 45 is_stmt 0 view .LVU91
 435 0060 94ED030A 		vldr.32	s0, [r4, #12]
 436              		.loc 1 230 17 view .LVU92
 437 0064 20EE080A 		vmul.f32	s0, s0, s16
 438 0068 FFF7FEFF 		bl	arm_sin_f32
 439              	.LVL19:
 440              		.loc 1 230 15 view .LVU93
 441 006c 324B     		ldr	r3, .L23+32
 442 006e 83ED000A 		vstr.32	s0, [r3]
 231:application/chassis/chassis.c ****     chassis_vx = chassis_cmd_recv.vx * cos_theta - chassis_cmd_recv.vy * sin_theta;
 443              		.loc 1 231 5 is_stmt 1 view .LVU94
 444              		.loc 1 231 34 is_stmt 0 view .LVU95
 445 0072 94ED006A 		vldr.32	s12, [r4]
 446              		.loc 1 231 38 view .LVU96
 447 0076 D5ED007A 		vldr.32	s15, [r5]
 448 007a 26EE277A 		vmul.f32	s14, s12, s15
 449              		.loc 1 231 68 view .LVU97
 450 007e D4ED016A 		vldr.32	s13, [r4, #4]
 451              		.loc 1 231 72 view .LVU98
 452 0082 60EE265A 		vmul.f32	s11, s0, s13
 453              		.loc 1 231 50 view .LVU99
 454 0086 37EE657A 		vsub.f32	s14, s14, s11
 455              		.loc 1 231 16 view .LVU100
 456 008a 2C4B     		ldr	r3, .L23+36
 457 008c 83ED007A 		vstr.32	s14, [r3]
 232:application/chassis/chassis.c ****     chassis_vy = chassis_cmd_recv.vx * sin_theta + chassis_cmd_recv.vy * cos_theta;
 458              		.loc 1 232 5 is_stmt 1 view .LVU101
 459              		.loc 1 232 38 is_stmt 0 view .LVU102
 460 0090 20EE060A 		vmul.f32	s0, s0, s12
 461              		.loc 1 232 72 view .LVU103
 462 0094 67EEA67A 		vmul.f32	s15, s15, s13
 463              		.loc 1 232 50 view .LVU104
 464 0098 30EE270A 		vadd.f32	s0, s0, s15
 465              		.loc 1 232 16 view .LVU105
ARM GAS  C:\Users\z0147233\AppData\Local\Temp\ccVv3uVa.s 			page 14


 466 009c 284B     		ldr	r3, .L23+40
 467 009e 83ED000A 		vstr.32	s0, [r3]
 233:application/chassis/chassis.c **** 
 234:application/chassis/chassis.c ****     // Ê†πÊçÆÊéßÂà∂Ê®°ÂºèËøõË°åÊ≠£ËøêÂä®Â≠¶Ëß£ÁÆó,ËÆ°ÁÆóÂ∫ïÁõòËæìÂá∫
 235:application/chassis/chassis.c ****     MecanumCalculate();
 468              		.loc 1 235 5 is_stmt 1 view .LVU106
 469 00a2 FFF7FEFF 		bl	MecanumCalculate
 470              	.LVL20:
 236:application/chassis/chassis.c **** 
 237:application/chassis/chassis.c ****     // Ê†πÊçÆË£ÅÂà§Á≥ªÁªüÁöÑÂèçÈ¶àÊï∞ÊçÆÂíåÁîµÂÆπÊï∞ÊçÆÂØπËæìÂá∫ÈôêÂπÖÂπ∂ËÆæÂÆöÈó≠ÁéØÂèÇËÄÉÂÄº
 238:application/chassis/chassis.c ****     LimitChassisOutput();
 471              		.loc 1 238 5 view .LVU107
 472 00a6 FFF7FEFF 		bl	LimitChassisOutput
 473              	.LVL21:
 239:application/chassis/chassis.c **** 
 240:application/chassis/chassis.c ****     // Ê†πÊçÆÁîµÊú∫ÁöÑÂèçÈ¶àÈÄüÂ∫¶ÂíåIMU(Â¶ÇÊûúÊúâ)ËÆ°ÁÆóÁúüÂÆûÈÄüÂ∫¶
 241:application/chassis/chassis.c ****     EstimateSpeed();
 474              		.loc 1 241 5 view .LVU108
 242:application/chassis/chassis.c **** 
 243:application/chassis/chassis.c ****     // // Ëé∑ÂèñË£ÅÂà§Á≥ªÁªüÊï∞ÊçÆ   Âª∫ËÆÆÂ∞ÜË£ÅÂà§Á≥ªÁªü‰∏éÂ∫ïÁõòÂàÜÁ¶ªÔºåÊâÄ‰ª•Ê≠§Â§ÑÊï∞ÊçÆÂ∫î‰Ω
 244:application/chassis/chassis.c ****     // // ÊàëÊñπÈ¢úËâ≤idÂ∞è‰∫é7ÊòØÁ∫¢Ëâ≤,Â§ß‰∫é7ÊòØËìùËâ≤,Ê≥®ÊÑèËøôÈáåÂèëÈÄÅÁöÑÊòØÂØπÊñπÁöÑÈ¢úËâ≤, 
 245:application/chassis/chassis.c ****     // chassis_feedback_data.enemy_color = referee_data->GameRobotState.robot_id > 7 ? 1 : 0;
 246:application/chassis/chassis.c ****     // // ÂΩìÂâçÂè™ÂÅö‰∫Ü17mmÁÉ≠ÈáèÁöÑÊï∞ÊçÆËé∑Âèñ,ÂêéÁª≠Ê†πÊçÆrobot_def‰∏≠ÁöÑÂÆèÂàáÊç¢ÂèåÊû™ÁÆ°Âíå
 247:application/chassis/chassis.c ****     // chassis_feedback_data.bullet_speed = referee_data->GameRobotState.shooter_id1_17mm_speed_lim
 248:application/chassis/chassis.c ****     // chassis_feedback_data.rest_heat = referee_data->PowerHeatData.shooter_heat0;
 249:application/chassis/chassis.c **** 
 250:application/chassis/chassis.c ****     // Êé®ÈÄÅÂèçÈ¶àÊ∂àÊÅØ
 251:application/chassis/chassis.c **** #ifdef ONE_BOARD
 252:application/chassis/chassis.c ****     PubPushMessage(chassis_pub, (void *)&chassis_feedback_data);
 475              		.loc 1 252 5 view .LVU109
 476 00aa 2649     		ldr	r1, .L23+44
 477 00ac 264B     		ldr	r3, .L23+48
 478 00ae 1868     		ldr	r0, [r3]
 479 00b0 FFF7FEFF 		bl	PubPushMessage
 480              	.LVL22:
 253:application/chassis/chassis.c **** #endif
 254:application/chassis/chassis.c **** #ifdef CHASSIS_BOARD
 255:application/chassis/chassis.c ****     CANCommSend(chasiss_can_comm, (void *)&chassis_feedback_data);
 256:application/chassis/chassis.c **** #endif // CHASSIS_BOARD
 257:application/chassis/chassis.c **** }...
 481              		.loc 1 257 1 is_stmt 0 view .LVU110
 482 00b4 BDEC028B 		vldm	sp!, {d8}
 483              	.LCFI6:
 484              		.cfi_remember_state
 485              		.cfi_restore 80
 486              		.cfi_restore 81
 487              		.cfi_def_cfa_offset 16
 488 00b8 38BD     		pop	{r3, r4, r5, pc}
 489              	.L13:
 490              	.LCFI7:
 491              		.cfi_restore_state
 204:application/chassis/chassis.c ****         DJIMotorEnable(motor_lf);
 492              		.loc 1 204 9 is_stmt 1 view .LVU111
 493 00ba 194B     		ldr	r3, .L23+8
 494 00bc 1868     		ldr	r0, [r3]
 495 00be FFF7FEFF 		bl	DJIMotorEnable
 496              	.LVL23:
ARM GAS  C:\Users\z0147233\AppData\Local\Temp\ccVv3uVa.s 			page 15


 205:application/chassis/chassis.c ****         DJIMotorEnable(motor_rf);
 497              		.loc 1 205 9 view .LVU112
 498 00c2 184B     		ldr	r3, .L23+12
 499 00c4 1868     		ldr	r0, [r3]
 500 00c6 FFF7FEFF 		bl	DJIMotorEnable
 501              	.LVL24:
 206:application/chassis/chassis.c ****         DJIMotorEnable(motor_lb);
 502              		.loc 1 206 9 view .LVU113
 503 00ca 174B     		ldr	r3, .L23+16
 504 00cc 1868     		ldr	r0, [r3]
 505 00ce FFF7FEFF 		bl	DJIMotorEnable
 506              	.LVL25:
 207:application/chassis/chassis.c ****         DJIMotorEnable(motor_rb);
 507              		.loc 1 207 9 view .LVU114
 508 00d2 164B     		ldr	r3, .L23+20
 509 00d4 1868     		ldr	r0, [r3]
 510 00d6 FFF7FEFF 		bl	DJIMotorEnable
 511              	.LVL26:
 512 00da ADE7     		b	.L14
 513              	.L15:
 214:application/chassis/chassis.c ****         chassis_cmd_recv.wz = 0;
 514              		.loc 1 214 9 view .LVU115
 214:application/chassis/chassis.c ****         chassis_cmd_recv.wz = 0;
 515              		.loc 1 214 29 is_stmt 0 view .LVU116
 516 00dc 0E4B     		ldr	r3, .L23
 517 00de 0022     		movs	r2, #0
 518 00e0 9A60     		str	r2, [r3, #8]	@ float
 215:application/chassis/chassis.c ****         break;
 519              		.loc 1 215 9 is_stmt 1 view .LVU117
 520 00e2 B1E7     		b	.L18
 521              	.L16:
 217:application/chassis/chassis.c ****         chassis_cmd_recv.wz = -1.5f * chassis_cmd_recv.offset_angle * abs(chassis_cmd_recv.offset_a
 522              		.loc 1 217 9 view .LVU118
 217:application/chassis/chassis.c ****         chassis_cmd_recv.wz = -1.5f * chassis_cmd_recv.offset_angle * abs(chassis_cmd_recv.offset_a
 523              		.loc 1 217 55 is_stmt 0 view .LVU119
 524 00e4 0C4B     		ldr	r3, .L23
 525 00e6 93ED037A 		vldr.32	s14, [r3, #12]
 217:application/chassis/chassis.c ****         chassis_cmd_recv.wz = -1.5f * chassis_cmd_recv.offset_angle * abs(chassis_cmd_recv.offset_a
 526              		.loc 1 217 37 view .LVU120
 527 00ea FFEE087A 		vmov.f32	s15, #-1.5e+0
 528 00ee 67EE277A 		vmul.f32	s15, s14, s15
 217:application/chassis/chassis.c ****         chassis_cmd_recv.wz = -1.5f * chassis_cmd_recv.offset_angle * abs(chassis_cmd_recv.offset_a
 529              		.loc 1 217 71 view .LVU121
 530 00f2 B5EEC07A 		vcmpe.f32	s14, #0
 531 00f6 F1EE10FA 		vmrs	APSR_nzcv, FPSCR
 532 00fa 05DD     		ble	.L22
 533              	.L19:
 217:application/chassis/chassis.c ****         chassis_cmd_recv.wz = -1.5f * chassis_cmd_recv.offset_angle * abs(chassis_cmd_recv.offset_a
 534              		.loc 1 217 69 discriminator 4 view .LVU122
 535 00fc 67EE877A 		vmul.f32	s15, s15, s14
 217:application/chassis/chassis.c ****         chassis_cmd_recv.wz = -1.5f * chassis_cmd_recv.offset_angle * abs(chassis_cmd_recv.offset_a
 536              		.loc 1 217 29 discriminator 4 view .LVU123
 537 0100 054B     		ldr	r3, .L23
 538 0102 C3ED027A 		vstr.32	s15, [r3, #8]
 218:application/chassis/chassis.c ****         break;
 539              		.loc 1 218 9 is_stmt 1 discriminator 4 view .LVU124
 540 0106 9FE7     		b	.L18
ARM GAS  C:\Users\z0147233\AppData\Local\Temp\ccVv3uVa.s 			page 16


 541              	.L22:
 217:application/chassis/chassis.c ****         chassis_cmd_recv.wz = -1.5f * chassis_cmd_recv.offset_angle * abs(chassis_cmd_recv.offset_a
 542              		.loc 1 217 71 is_stmt 0 discriminator 2 view .LVU125
 543 0108 B1EE477A 		vneg.f32	s14, s14
 544 010c F6E7     		b	.L19
 545              	.L21:
 220:application/chassis/chassis.c ****         chassis_cmd_recv.wz = 4000;
 546              		.loc 1 220 9 is_stmt 1 view .LVU126
 220:application/chassis/chassis.c ****         chassis_cmd_recv.wz = 4000;
 547              		.loc 1 220 29 is_stmt 0 view .LVU127
 548 010e 024B     		ldr	r3, .L23
 549 0110 0E4A     		ldr	r2, .L23+52
 550 0112 9A60     		str	r2, [r3, #8]	@ float
 221:application/chassis/chassis.c ****         break;
 551              		.loc 1 221 9 is_stmt 1 view .LVU128
 552 0114 98E7     		b	.L18
 553              	.L24:
 554 0116 00BF     		.align	2
 555              	.L23:
 556 0118 00000000 		.word	.LANCHOR2
 557 011c 00000000 		.word	.LANCHOR14
 558 0120 00000000 		.word	.LANCHOR7
 559 0124 00000000 		.word	.LANCHOR8
 560 0128 00000000 		.word	.LANCHOR9
 561 012c 00000000 		.word	.LANCHOR10
 562 0130 35FA8E3C 		.word	1016003125
 563 0134 00000000 		.word	.LANCHOR16
 564 0138 00000000 		.word	.LANCHOR17
 565 013c 00000000 		.word	.LANCHOR0
 566 0140 00000000 		.word	.LANCHOR1
 567 0144 00000000 		.word	.LANCHOR18
 568 0148 00000000 		.word	.LANCHOR15
 569 014c 00007A45 		.word	1165623296
 570              		.cfi_endproc
 571              	.LFE280:
 573              		.section	.bss.cap,"aw",%nobits
 574              		.align	2
 575              		.set	.LANCHOR13,. + 0
 578              	cap:
 579 0000 00000000 		.space	4
 580              		.section	.bss.chassis_cmd_recv,"aw",%nobits
 581              		.align	2
 582              		.set	.LANCHOR2,. + 0
 585              	chassis_cmd_recv:
 586 0000 00000000 		.space	21
 586      00000000 
 586      00000000 
 586      00000000 
 586      00000000 
 587              		.section	.bss.chassis_feedback_data,"aw",%nobits
 588              		.align	2
 589              		.set	.LANCHOR18,. + 0
 592              	chassis_feedback_data:
 593 0000 000000   		.space	3
 594              		.section	.bss.chassis_pub,"aw",%nobits
 595              		.align	2
 596              		.set	.LANCHOR15,. + 0
ARM GAS  C:\Users\z0147233\AppData\Local\Temp\ccVv3uVa.s 			page 17


 599              	chassis_pub:
 600 0000 00000000 		.space	4
 601              		.section	.bss.chassis_sub,"aw",%nobits
 602              		.align	2
 603              		.set	.LANCHOR14,. + 0
 606              	chassis_sub:
 607 0000 00000000 		.space	4
 608              		.section	.bss.chassis_vx,"aw",%nobits
 609              		.align	2
 610              		.set	.LANCHOR0,. + 0
 613              	chassis_vx:
 614 0000 00000000 		.space	4
 615              		.section	.bss.chassis_vy,"aw",%nobits
 616              		.align	2
 617              		.set	.LANCHOR1,. + 0
 620              	chassis_vy:
 621 0000 00000000 		.space	4
 622              		.section	.bss.cos_theta.1,"aw",%nobits
 623              		.align	2
 624              		.set	.LANCHOR16,. + 0
 627              	cos_theta.1:
 628 0000 00000000 		.space	4
 629              		.section	.bss.motor_lb,"aw",%nobits
 630              		.align	2
 631              		.set	.LANCHOR9,. + 0
 634              	motor_lb:
 635 0000 00000000 		.space	4
 636              		.section	.bss.motor_lf,"aw",%nobits
 637              		.align	2
 638              		.set	.LANCHOR7,. + 0
 641              	motor_lf:
 642 0000 00000000 		.space	4
 643              		.section	.bss.motor_rb,"aw",%nobits
 644              		.align	2
 645              		.set	.LANCHOR10,. + 0
 648              	motor_rb:
 649 0000 00000000 		.space	4
 650              		.section	.bss.motor_rf,"aw",%nobits
 651              		.align	2
 652              		.set	.LANCHOR8,. + 0
 655              	motor_rf:
 656 0000 00000000 		.space	4
 657              		.section	.bss.referee_data,"aw",%nobits
 658              		.align	2
 659              		.set	.LANCHOR12,. + 0
 662              	referee_data:
 663 0000 00000000 		.space	4
 664              		.section	.bss.sin_theta.0,"aw",%nobits
 665              		.align	2
 666              		.set	.LANCHOR17,. + 0
 669              	sin_theta.0:
 670 0000 00000000 		.space	4
 671              		.section	.bss.ui_data,"aw",%nobits
 672              		.align	2
 673              		.set	.LANCHOR11,. + 0
 676              	ui_data:
 677 0000 00000000 		.space	19
ARM GAS  C:\Users\z0147233\AppData\Local\Temp\ccVv3uVa.s 			page 18


 677      00000000 
 677      00000000 
 677      00000000 
 677      000000
 678              		.section	.bss.vt_lb,"aw",%nobits
 679              		.align	2
 680              		.set	.LANCHOR5,. + 0
 683              	vt_lb:
 684 0000 00000000 		.space	4
 685              		.section	.bss.vt_lf,"aw",%nobits
 686              		.align	2
 687              		.set	.LANCHOR3,. + 0
 690              	vt_lf:
 691 0000 00000000 		.space	4
 692              		.section	.bss.vt_rb,"aw",%nobits
 693              		.align	2
 694              		.set	.LANCHOR6,. + 0
 697              	vt_rb:
 698 0000 00000000 		.space	4
 699              		.section	.bss.vt_rf,"aw",%nobits
 700              		.align	2
 701              		.set	.LANCHOR4,. + 0
 704              	vt_rf:
 705 0000 00000000 		.space	4
 706              		.text
 707              	.Letext0:
 708              		.file 2 "c:\\installsoftware\\arm-gnu-toolchian\\arm-none-eabi\\include\\machine\\_default_types.h
 709              		.file 3 "c:\\installsoftware\\arm-gnu-toolchian\\arm-none-eabi\\include\\sys\\_stdint.h"
 710              		.file 4 "Drivers/CMSIS/Device/ST/STM32F4xx/Include/stm32f407xx.h"
 711              		.file 5 "Drivers/CMSIS/Device/ST/STM32F4xx/Include/stm32f4xx.h"
 712              		.file 6 "Drivers/STM32F4xx_HAL_Driver/Inc/stm32f4xx_hal_def.h"
 713              		.file 7 "Drivers/STM32F4xx_HAL_Driver/Inc/stm32f4xx_hal_dma.h"
 714              		.file 8 "Drivers/STM32F4xx_HAL_Driver/Inc/stm32f4xx_hal_can.h"
 715              		.file 9 "Drivers/STM32F4xx_HAL_Driver/Inc/stm32f4xx_hal_uart.h"
 716              		.file 10 "modules/master_machine/master_process.h"
 717              		.file 11 "application/robot_def.h"
 718              		.file 12 "Inc/can.h"
 719              		.file 13 "bsp/can/bsp_can.h"
 720              		.file 14 "modules/algorithm/controller.h"
 721              		.file 15 "modules/motor/motor_def.h"
 722              		.file 16 "modules/daemon/daemon.h"
 723              		.file 17 "modules/motor/DJImotor/dji_motor.h"
 724              		.file 18 "modules/super_cap/super_cap.h"
 725              		.file 19 "modules/message_center/message_center.h"
 726              		.file 20 "Inc/usart.h"
 727              		.file 21 "modules/referee/referee_protocol.h"
 728              		.file 22 "modules/referee/rm_referee.h"
 729              		.file 23 "Middlewares/ST/ARM/DSP/Include/dsp/fast_math_functions.h"
 730              		.file 24 "modules/referee/referee_task.h"
 731              		.file 25 "<built-in>"
ARM GAS  C:\Users\z0147233\AppData\Local\Temp\ccVv3uVa.s 			page 19


DEFINED SYMBOLS
                            *ABS*:00000000 chassis.c
C:\Users\z0147233\AppData\Local\Temp\ccVv3uVa.s:20     .text.MecanumCalculate:00000000 $t
C:\Users\z0147233\AppData\Local\Temp\ccVv3uVa.s:25     .text.MecanumCalculate:00000000 MecanumCalculate
C:\Users\z0147233\AppData\Local\Temp\ccVv3uVa.s:82     .text.MecanumCalculate:00000058 $d
C:\Users\z0147233\AppData\Local\Temp\ccVv3uVa.s:94     .text.LimitChassisOutput:00000000 $t
C:\Users\z0147233\AppData\Local\Temp\ccVv3uVa.s:99     .text.LimitChassisOutput:00000000 LimitChassisOutput
C:\Users\z0147233\AppData\Local\Temp\ccVv3uVa.s:143    .text.LimitChassisOutput:0000003c $d
C:\Users\z0147233\AppData\Local\Temp\ccVv3uVa.s:155    .rodata.ChassisInit.str1.4:00000000 $d
C:\Users\z0147233\AppData\Local\Temp\ccVv3uVa.s:162    .text.ChassisInit:00000000 $t
C:\Users\z0147233\AppData\Local\Temp\ccVv3uVa.s:168    .text.ChassisInit:00000000 ChassisInit
C:\Users\z0147233\AppData\Local\Temp\ccVv3uVa.s:328    .text.ChassisInit:000000d8 $d
C:\Users\z0147233\AppData\Local\Temp\ccVv3uVa.s:350    .text.ChassisTask:00000000 $t
C:\Users\z0147233\AppData\Local\Temp\ccVv3uVa.s:356    .text.ChassisTask:00000000 ChassisTask
C:\Users\z0147233\AppData\Local\Temp\ccVv3uVa.s:556    .text.ChassisTask:00000118 $d
C:\Users\z0147233\AppData\Local\Temp\ccVv3uVa.s:574    .bss.cap:00000000 $d
C:\Users\z0147233\AppData\Local\Temp\ccVv3uVa.s:578    .bss.cap:00000000 cap
C:\Users\z0147233\AppData\Local\Temp\ccVv3uVa.s:581    .bss.chassis_cmd_recv:00000000 $d
C:\Users\z0147233\AppData\Local\Temp\ccVv3uVa.s:585    .bss.chassis_cmd_recv:00000000 chassis_cmd_recv
C:\Users\z0147233\AppData\Local\Temp\ccVv3uVa.s:588    .bss.chassis_feedback_data:00000000 $d
C:\Users\z0147233\AppData\Local\Temp\ccVv3uVa.s:592    .bss.chassis_feedback_data:00000000 chassis_feedback_data
C:\Users\z0147233\AppData\Local\Temp\ccVv3uVa.s:595    .bss.chassis_pub:00000000 $d
C:\Users\z0147233\AppData\Local\Temp\ccVv3uVa.s:599    .bss.chassis_pub:00000000 chassis_pub
C:\Users\z0147233\AppData\Local\Temp\ccVv3uVa.s:602    .bss.chassis_sub:00000000 $d
C:\Users\z0147233\AppData\Local\Temp\ccVv3uVa.s:606    .bss.chassis_sub:00000000 chassis_sub
C:\Users\z0147233\AppData\Local\Temp\ccVv3uVa.s:609    .bss.chassis_vx:00000000 $d
C:\Users\z0147233\AppData\Local\Temp\ccVv3uVa.s:613    .bss.chassis_vx:00000000 chassis_vx
C:\Users\z0147233\AppData\Local\Temp\ccVv3uVa.s:616    .bss.chassis_vy:00000000 $d
C:\Users\z0147233\AppData\Local\Temp\ccVv3uVa.s:620    .bss.chassis_vy:00000000 chassis_vy
C:\Users\z0147233\AppData\Local\Temp\ccVv3uVa.s:623    .bss.cos_theta.1:00000000 $d
C:\Users\z0147233\AppData\Local\Temp\ccVv3uVa.s:627    .bss.cos_theta.1:00000000 cos_theta.1
C:\Users\z0147233\AppData\Local\Temp\ccVv3uVa.s:630    .bss.motor_lb:00000000 $d
C:\Users\z0147233\AppData\Local\Temp\ccVv3uVa.s:634    .bss.motor_lb:00000000 motor_lb
C:\Users\z0147233\AppData\Local\Temp\ccVv3uVa.s:637    .bss.motor_lf:00000000 $d
C:\Users\z0147233\AppData\Local\Temp\ccVv3uVa.s:641    .bss.motor_lf:00000000 motor_lf
C:\Users\z0147233\AppData\Local\Temp\ccVv3uVa.s:644    .bss.motor_rb:00000000 $d
C:\Users\z0147233\AppData\Local\Temp\ccVv3uVa.s:648    .bss.motor_rb:00000000 motor_rb
C:\Users\z0147233\AppData\Local\Temp\ccVv3uVa.s:651    .bss.motor_rf:00000000 $d
C:\Users\z0147233\AppData\Local\Temp\ccVv3uVa.s:655    .bss.motor_rf:00000000 motor_rf
C:\Users\z0147233\AppData\Local\Temp\ccVv3uVa.s:658    .bss.referee_data:00000000 $d
C:\Users\z0147233\AppData\Local\Temp\ccVv3uVa.s:662    .bss.referee_data:00000000 referee_data
C:\Users\z0147233\AppData\Local\Temp\ccVv3uVa.s:665    .bss.sin_theta.0:00000000 $d
C:\Users\z0147233\AppData\Local\Temp\ccVv3uVa.s:669    .bss.sin_theta.0:00000000 sin_theta.0
C:\Users\z0147233\AppData\Local\Temp\ccVv3uVa.s:672    .bss.ui_data:00000000 $d
C:\Users\z0147233\AppData\Local\Temp\ccVv3uVa.s:676    .bss.ui_data:00000000 ui_data
C:\Users\z0147233\AppData\Local\Temp\ccVv3uVa.s:679    .bss.vt_lb:00000000 $d
C:\Users\z0147233\AppData\Local\Temp\ccVv3uVa.s:683    .bss.vt_lb:00000000 vt_lb
C:\Users\z0147233\AppData\Local\Temp\ccVv3uVa.s:686    .bss.vt_lf:00000000 $d
C:\Users\z0147233\AppData\Local\Temp\ccVv3uVa.s:690    .bss.vt_lf:00000000 vt_lf
C:\Users\z0147233\AppData\Local\Temp\ccVv3uVa.s:693    .bss.vt_rb:00000000 $d
C:\Users\z0147233\AppData\Local\Temp\ccVv3uVa.s:697    .bss.vt_rb:00000000 vt_rb
C:\Users\z0147233\AppData\Local\Temp\ccVv3uVa.s:700    .bss.vt_rf:00000000 $d
C:\Users\z0147233\AppData\Local\Temp\ccVv3uVa.s:704    .bss.vt_rf:00000000 vt_rf

UNDEFINED SYMBOLS
DJIMotorSetRef
memset
ARM GAS  C:\Users\z0147233\AppData\Local\Temp\ccVv3uVa.s 			page 20


DJIMotorInit
UITaskInit
SuperCapInit
SubRegister
PubRegister
hcan1
huart6
hcan2
SubGetMessage
DJIMotorStop
arm_cos_f32
arm_sin_f32
PubPushMessage
DJIMotorEnable
