ARM GAS  C:\Users\z0147233\AppData\Local\Temp\ccOAUGMh.s 			page 1


   1              		.cpu cortex-m4
   2              		.arch armv7e-m
   3              		.fpu fpv4-sp-d16
   4              		.eabi_attribute 27, 1
   5              		.eabi_attribute 28, 1
   6              		.eabi_attribute 20, 1
   7              		.eabi_attribute 21, 1
   8              		.eabi_attribute 23, 3
   9              		.eabi_attribute 24, 1
  10              		.eabi_attribute 25, 1
  11              		.eabi_attribute 26, 1
  12              		.eabi_attribute 30, 1
  13              		.eabi_attribute 34, 1
  14              		.eabi_attribute 18, 4
  15              		.file	"shoot.c"
  16              		.text
  17              	.Ltext0:
  18              		.cfi_sections	.debug_frame
  19              		.section	.rodata.ShootInit.str1.4,"aMS",%progbits,1
  20              		.align	2
  21              	.LC0:
  22 0000 73686F6F 		.ascii	"shoot_feed\000"
  22      745F6665 
  22      656400
  23 000b 00       		.align	2
  24              	.LC1:
  25 000c 73686F6F 		.ascii	"shoot_cmd\000"
  25      745F636D 
  25      6400
  26              		.section	.text.ShootInit,"ax",%progbits
  27              		.align	1
  28              		.global	ShootInit
  29              		.syntax unified
  30              		.thumb
  31              		.thumb_func
  33              	ShootInit:
  34              	.LFB271:
  35              		.file 1 "application/shoot/shoot.c"
   1:application/shoot/shoot.c **** #include "shoot.h"
   2:application/shoot/shoot.c **** #include "robot_def.h"
   3:application/shoot/shoot.c **** 
   4:application/shoot/shoot.c **** #include "dji_motor.h"
   5:application/shoot/shoot.c **** #include "message_center.h"
   6:application/shoot/shoot.c **** #include "bsp_dwt.h"
   7:application/shoot/shoot.c **** #include "general_def.h"
   8:application/shoot/shoot.c **** 
   9:application/shoot/shoot.c **** /* ÂØπ‰∫éÂèåÂèëÂ∞ÑÊú∫ÊûÑÁöÑÊú∫Âô®‰∫∫,Â∞Ü‰∏ãÈù¢ÁöÑÊï∞ÊçÆÂ∞ÅË£ÖÊàêÁªìÊûÑ‰ΩìÂç≥ÂèØ,ÁîüÊàê‰∏§‰ªΩshootÂ∫
  10:application/shoot/shoot.c **** static DJIMotorInstance *friction_l, *friction_r, *loader; // Êã®ÁõòÁîµÊú∫
  11:application/shoot/shoot.c **** // static servo_instance *lid; ÈúÄË¶ÅÂ¢ûÂä†ÂºπËà±Áõñ
  12:application/shoot/shoot.c **** 
  13:application/shoot/shoot.c **** static Publisher_t *shoot_pub;
  14:application/shoot/shoot.c **** static Shoot_Ctrl_Cmd_s shoot_cmd_recv; // Êù•Ëá™cmdÁöÑÂèëÂ∞ÑÊéßÂà∂‰ø°ÊÅØ
  15:application/shoot/shoot.c **** static Subscriber_t *shoot_sub;
  16:application/shoot/shoot.c **** static Shoot_Upload_Data_s shoot_feedback_data; // Êù•Ëá™cmdÁöÑÂèëÂ∞ÑÊéßÂà∂‰ø°ÊÅØ
  17:application/shoot/shoot.c **** 
  18:application/shoot/shoot.c **** // dwtÂÆöÊó∂,ËÆ°ÁÆóÂÜ∑Âç¥Áî®
  19:application/shoot/shoot.c **** static float hibernate_time = 0, dead_time = 0;
ARM GAS  C:\Users\z0147233\AppData\Local\Temp\ccOAUGMh.s 			page 2


  20:application/shoot/shoot.c **** 
  21:application/shoot/shoot.c **** void ShootInit()
  22:application/shoot/shoot.c **** {
  36              		.loc 1 22 1 view -0
  37              		.cfi_startproc
  38              		@ args = 0, pretend = 0, frame = 352
  39              		@ frame_needed = 0, uses_anonymous_args = 0
  40 0000 2DE9F041 		push	{r4, r5, r6, r7, r8, lr}
  41              	.LCFI0:
  42              		.cfi_def_cfa_offset 24
  43              		.cfi_offset 4, -24
  44              		.cfi_offset 5, -20
  45              		.cfi_offset 6, -16
  46              		.cfi_offset 7, -12
  47              		.cfi_offset 8, -8
  48              		.cfi_offset 14, -4
  49 0004 D8B0     		sub	sp, sp, #352
  50              	.LCFI1:
  51              		.cfi_def_cfa_offset 376
  23:application/shoot/shoot.c ****     // Â∑¶Êë©Êì¶ËΩÆ
  24:application/shoot/shoot.c ****     Motor_Init_Config_s friction_config = {
  52              		.loc 1 24 5 view .LVU1
  53              		.loc 1 24 25 is_stmt 0 view .LVU2
  54 0006 4FF0B008 		mov	r8, #176
  55 000a 4246     		mov	r2, r8
  56 000c 0021     		movs	r1, #0
  57 000e 0DEB0800 		add	r0, sp, r8
  58 0012 FFF7FEFF 		bl	memset
  59              	.LVL0:
  60 0016 284A     		ldr	r2, .L3
  61 0018 3392     		str	r2, [sp, #204]	@ float
  62 001a 0124     		movs	r4, #1
  63 001c 8DF8D440 		strb	r4, [sp, #212]
  64 0020 264B     		ldr	r3, .L3+4
  65 0022 3693     		str	r3, [sp, #216]	@ float
  66 0024 3E92     		str	r2, [sp, #248]	@ float
  67 0026 8DF80041 		strb	r4, [sp, #256]
  68 002a 4193     		str	r3, [sp, #260]	@ float
  69 002c 0226     		movs	r6, #2
  70 002e 8DF84461 		strb	r6, [sp, #324]
  71 0032 0325     		movs	r5, #3
  72 0034 8DF84551 		strb	r5, [sp, #325]
  73 0038 8DF84B61 		strb	r6, [sp, #331]
  74 003c 204F     		ldr	r7, .L3+8
  75 003e 5397     		str	r7, [sp, #332]
  25:application/shoot/shoot.c ****         .can_init_config = {
  26:application/shoot/shoot.c ****             .can_handle = &hcan2,
  27:application/shoot/shoot.c ****         },
  28:application/shoot/shoot.c ****         .controller_param_init_config = {
  29:application/shoot/shoot.c ****             .speed_PID = {
  30:application/shoot/shoot.c ****                 .Kp = 0, // 20
  31:application/shoot/shoot.c ****                 .Ki = 0, // 1
  32:application/shoot/shoot.c ****                 .Kd = 0,
  33:application/shoot/shoot.c ****                 .Improve = PID_Integral_Limit,
  34:application/shoot/shoot.c ****                 .IntegralLimit = 10000,
  35:application/shoot/shoot.c ****                 .MaxOut = 15000,
  36:application/shoot/shoot.c ****             },
ARM GAS  C:\Users\z0147233\AppData\Local\Temp\ccOAUGMh.s 			page 3


  37:application/shoot/shoot.c ****             .current_PID = {
  38:application/shoot/shoot.c ****                 .Kp = 0, // 0.7
  39:application/shoot/shoot.c ****                 .Ki = 0, // 0.1
  40:application/shoot/shoot.c ****                 .Kd = 0,
  41:application/shoot/shoot.c ****                 .Improve = PID_Integral_Limit,
  42:application/shoot/shoot.c ****                 .IntegralLimit = 10000,
  43:application/shoot/shoot.c ****                 .MaxOut = 15000,
  44:application/shoot/shoot.c ****             },
  45:application/shoot/shoot.c ****         },
  46:application/shoot/shoot.c ****         .controller_setting_init_config = {
  47:application/shoot/shoot.c ****             .angle_feedback_source = MOTOR_FEED,
  48:application/shoot/shoot.c ****             .speed_feedback_source = MOTOR_FEED,
  49:application/shoot/shoot.c **** 
  50:application/shoot/shoot.c ****             .outer_loop_type = SPEED_LOOP,
  51:application/shoot/shoot.c ****             .close_loop_type = SPEED_LOOP | CURRENT_LOOP,
  52:application/shoot/shoot.c ****             .motor_reverse_flag = MOTOR_DIRECTION_NORMAL,
  53:application/shoot/shoot.c ****         },
  54:application/shoot/shoot.c ****         .motor_type = M3508};
  55:application/shoot/shoot.c ****     friction_config.can_init_config.tx_id = 1,
  76              		.loc 1 55 5 is_stmt 1 view .LVU3
  77              		.loc 1 55 43 is_stmt 0 view .LVU4
  78 0040 5494     		str	r4, [sp, #336]
  56:application/shoot/shoot.c ****     friction_l = DJIMotorInit(&friction_config);
  79              		.loc 1 56 18 view .LVU5
  80 0042 0DEB0800 		add	r0, sp, r8
  81 0046 FFF7FEFF 		bl	DJIMotorInit
  82              	.LVL1:
  83              		.loc 1 56 16 view .LVU6
  84 004a 1E4B     		ldr	r3, .L3+12
  85 004c 1860     		str	r0, [r3]
  57:application/shoot/shoot.c **** 
  58:application/shoot/shoot.c ****     friction_config.can_init_config.tx_id = 2; // Âè≥Êë©Êì¶ËΩÆ,ÊîπtxidÂíåÊñπÂêëÂ∞±Ë°å
  86              		.loc 1 58 5 is_stmt 1 view .LVU7
  87              		.loc 1 58 43 is_stmt 0 view .LVU8
  88 004e 5496     		str	r6, [sp, #336]
  59:application/shoot/shoot.c ****     friction_config.controller_setting_init_config.motor_reverse_flag = MOTOR_DIRECTION_REVERSE;
  89              		.loc 1 59 5 is_stmt 1 view .LVU9
  90              		.loc 1 59 71 is_stmt 0 view .LVU10
  91 0050 8DF84641 		strb	r4, [sp, #326]
  60:application/shoot/shoot.c ****     friction_r = DJIMotorInit(&friction_config);
  92              		.loc 1 60 5 is_stmt 1 view .LVU11
  93              		.loc 1 60 18 is_stmt 0 view .LVU12
  94 0054 0DEB0800 		add	r0, sp, r8
  95 0058 FFF7FEFF 		bl	DJIMotorInit
  96              	.LVL2:
  97              		.loc 1 60 16 view .LVU13
  98 005c 1A4B     		ldr	r3, .L3+16
  99 005e 1860     		str	r0, [r3]
  61:application/shoot/shoot.c **** 
  62:application/shoot/shoot.c ****     // Êã®ÁõòÁîµÊú∫
  63:application/shoot/shoot.c ****     Motor_Init_Config_s loader_config = {
 100              		.loc 1 63 5 is_stmt 1 view .LVU14
 101              		.loc 1 63 25 is_stmt 0 view .LVU15
 102 0060 4246     		mov	r2, r8
 103 0062 0021     		movs	r1, #0
 104 0064 6846     		mov	r0, sp
 105 0066 FFF7FEFF 		bl	memset
ARM GAS  C:\Users\z0147233\AppData\Local\Temp\ccOAUGMh.s 			page 4


 106              	.LVL3:
 107 006a 184B     		ldr	r3, .L3+20
 108 006c 0793     		str	r3, [sp, #28]	@ float
 109 006e 8DF82440 		strb	r4, [sp, #36]
 110 0072 0A93     		str	r3, [sp, #40]	@ float
 111 0074 1293     		str	r3, [sp, #72]	@ float
 112 0076 8DF85040 		strb	r4, [sp, #80]
 113 007a 1593     		str	r3, [sp, #84]	@ float
 114 007c 144B     		ldr	r3, .L3+24
 115 007e 1D93     		str	r3, [sp, #116]	@ float
 116 0080 8DF89460 		strb	r6, [sp, #148]
 117 0084 8DF89550 		strb	r5, [sp, #149]
 118 0088 8DF89B50 		strb	r5, [sp, #155]
 119 008c 2797     		str	r7, [sp, #156]
 120 008e 2895     		str	r5, [sp, #160]
  64:application/shoot/shoot.c ****         .can_init_config = {
  65:application/shoot/shoot.c ****             .can_handle = &hcan2,
  66:application/shoot/shoot.c ****             .tx_id = 3,
  67:application/shoot/shoot.c ****         },
  68:application/shoot/shoot.c ****         .controller_param_init_config = {
  69:application/shoot/shoot.c ****             .angle_PID = {
  70:application/shoot/shoot.c ****                 // Â¶ÇÊûúÂêØÁî®‰ΩçÁΩÆÁéØÊù•ÊéßÂà∂ÂèëÂºπ,ÈúÄË¶ÅËæÉÂ§ßÁöÑIÂÄº‰øùËØÅËæìÂá∫ÂäõÁü©ÁöÑÁ∫ø
  71:application/shoot/shoot.c ****                 .Kp = 0, // 10
  72:application/shoot/shoot.c ****                 .Ki = 0,
  73:application/shoot/shoot.c ****                 .Kd = 0,
  74:application/shoot/shoot.c ****                 .MaxOut = 200,
  75:application/shoot/shoot.c ****             },
  76:application/shoot/shoot.c ****             .speed_PID = {
  77:application/shoot/shoot.c ****                 .Kp = 0, // 10
  78:application/shoot/shoot.c ****                 .Ki = 0, // 1
  79:application/shoot/shoot.c ****                 .Kd = 0,
  80:application/shoot/shoot.c ****                 .Improve = PID_Integral_Limit,
  81:application/shoot/shoot.c ****                 .IntegralLimit = 5000,
  82:application/shoot/shoot.c ****                 .MaxOut = 5000,
  83:application/shoot/shoot.c ****             },
  84:application/shoot/shoot.c ****             .current_PID = {
  85:application/shoot/shoot.c ****                 .Kp = 0, // 0.7
  86:application/shoot/shoot.c ****                 .Ki = 0, // 0.1
  87:application/shoot/shoot.c ****                 .Kd = 0,
  88:application/shoot/shoot.c ****                 .Improve = PID_Integral_Limit,
  89:application/shoot/shoot.c ****                 .IntegralLimit = 5000,
  90:application/shoot/shoot.c ****                 .MaxOut = 5000,
  91:application/shoot/shoot.c ****             },
  92:application/shoot/shoot.c ****         },
  93:application/shoot/shoot.c ****         .controller_setting_init_config = {
  94:application/shoot/shoot.c ****             .angle_feedback_source = MOTOR_FEED, .speed_feedback_source = MOTOR_FEED,
  95:application/shoot/shoot.c ****             .outer_loop_type = SPEED_LOOP, // ÂàùÂßãÂåñÊàêSPEED_LOOP,ËÆ©Êã®ÁõòÂÅúÂú®ÂéüÂú∞,Èò≤Ê≠¢Êã
  96:application/shoot/shoot.c ****             .close_loop_type = CURRENT_LOOP | SPEED_LOOP,
  97:application/shoot/shoot.c ****             .motor_reverse_flag = MOTOR_DIRECTION_NORMAL, // Ê≥®ÊÑèÊñπÂêëËÆæÁΩÆ‰∏∫Êã®ÁõòÁöÑÊã®Âá∫Áö
  98:application/shoot/shoot.c ****         },
  99:application/shoot/shoot.c ****         .motor_type = M2006 // Ëã±ÈõÑ‰ΩøÁî®m3508
 100:application/shoot/shoot.c ****     };
 101:application/shoot/shoot.c ****     loader = DJIMotorInit(&loader_config);
 121              		.loc 1 101 5 is_stmt 1 view .LVU16
 122              		.loc 1 101 14 is_stmt 0 view .LVU17
 123 0090 6846     		mov	r0, sp
 124 0092 FFF7FEFF 		bl	DJIMotorInit
ARM GAS  C:\Users\z0147233\AppData\Local\Temp\ccOAUGMh.s 			page 5


 125              	.LVL4:
 126              		.loc 1 101 12 view .LVU18
 127 0096 0F4B     		ldr	r3, .L3+28
 128 0098 1860     		str	r0, [r3]
 102:application/shoot/shoot.c **** 
 103:application/shoot/shoot.c ****     shoot_pub = PubRegister("shoot_feed", sizeof(Shoot_Upload_Data_s));
 129              		.loc 1 103 5 is_stmt 1 view .LVU19
 130              		.loc 1 103 17 is_stmt 0 view .LVU20
 131 009a 0021     		movs	r1, #0
 132 009c 0E48     		ldr	r0, .L3+32
 133 009e FFF7FEFF 		bl	PubRegister
 134              	.LVL5:
 135              		.loc 1 103 15 view .LVU21
 136 00a2 0E4B     		ldr	r3, .L3+36
 137 00a4 1860     		str	r0, [r3]
 104:application/shoot/shoot.c ****     shoot_sub = SubRegister("shoot_cmd", sizeof(Shoot_Ctrl_Cmd_s));
 138              		.loc 1 104 5 is_stmt 1 view .LVU22
 139              		.loc 1 104 17 is_stmt 0 view .LVU23
 140 00a6 0A21     		movs	r1, #10
 141 00a8 0D48     		ldr	r0, .L3+40
 142 00aa FFF7FEFF 		bl	SubRegister
 143              	.LVL6:
 144              		.loc 1 104 15 view .LVU24
 145 00ae 0D4B     		ldr	r3, .L3+44
 146 00b0 1860     		str	r0, [r3]
 105:application/shoot/shoot.c **** }
 147              		.loc 1 105 1 view .LVU25
 148 00b2 58B0     		add	sp, sp, #352
 149              	.LCFI2:
 150              		.cfi_def_cfa_offset 24
 151              		@ sp needed
 152 00b4 BDE8F081 		pop	{r4, r5, r6, r7, r8, pc}
 153              	.L4:
 154              		.align	2
 155              	.L3:
 156 00b8 00606A46 		.word	1181376512
 157 00bc 00401C46 		.word	1176256512
 158 00c0 00000000 		.word	hcan2
 159 00c4 00000000 		.word	.LANCHOR0
 160 00c8 00000000 		.word	.LANCHOR1
 161 00cc 00409C45 		.word	1167867904
 162 00d0 00004843 		.word	1128792064
 163 00d4 00000000 		.word	.LANCHOR2
 164 00d8 00000000 		.word	.LC0
 165 00dc 00000000 		.word	.LANCHOR3
 166 00e0 0C000000 		.word	.LC1
 167 00e4 00000000 		.word	.LANCHOR4
 168              		.cfi_endproc
 169              	.LFE271:
 171              		.section	.text.ShootTask,"ax",%progbits
 172              		.align	1
 173              		.global	ShootTask
 174              		.syntax unified
 175              		.thumb
 176              		.thumb_func
 178              	ShootTask:
 179              	.LFB272:
ARM GAS  C:\Users\z0147233\AppData\Local\Temp\ccOAUGMh.s 			page 6


 106:application/shoot/shoot.c **** 
 107:application/shoot/shoot.c **** /* Êú∫Âô®‰∫∫ÂèëÂ∞ÑÊú∫ÊûÑÊéßÂà∂Ê†∏ÂøÉ‰ªªÂä° */
 108:application/shoot/shoot.c **** void ShootTask()
 109:application/shoot/shoot.c **** {
 180              		.loc 1 109 1 is_stmt 1 view -0
 181              		.cfi_startproc
 182              		@ args = 0, pretend = 0, frame = 0
 183              		@ frame_needed = 0, uses_anonymous_args = 0
 184 0000 10B5     		push	{r4, lr}
 185              	.LCFI3:
 186              		.cfi_def_cfa_offset 8
 187              		.cfi_offset 4, -8
 188              		.cfi_offset 14, -4
 189 0002 2DED028B 		vpush.64	{d8}
 190              	.LCFI4:
 191              		.cfi_def_cfa_offset 16
 192              		.cfi_offset 80, -16
 193              		.cfi_offset 81, -12
 110:application/shoot/shoot.c ****     // ‰ªécmdËé∑ÂèñÊéßÂà∂Êï∞ÊçÆ
 111:application/shoot/shoot.c ****     SubGetMessage(shoot_sub, &shoot_cmd_recv);
 194              		.loc 1 111 5 view .LVU27
 195 0006 714C     		ldr	r4, .L23
 196 0008 2146     		mov	r1, r4
 197 000a 714B     		ldr	r3, .L23+4
 198 000c 1868     		ldr	r0, [r3]
 199 000e FFF7FEFF 		bl	SubGetMessage
 200              	.LVL7:
 112:application/shoot/shoot.c **** 
 113:application/shoot/shoot.c ****     // ÂØπshoot modeÁ≠â‰∫éSHOOT_STOPÁöÑÊÉÖÂÜµÁâπÊÆäÂ§ÑÁêÜ,Áõ¥Êé•ÂÅúÊ≠¢ÊâÄÊúâÁîµÊú∫(Á¥ßÊÄ•ÂÅúÊ≠¢)
 114:application/shoot/shoot.c ****     if (shoot_cmd_recv.shoot_mode == SHOOT_OFF)
 201              		.loc 1 114 5 view .LVU28
 202              		.loc 1 114 23 is_stmt 0 view .LVU29
 203 0012 2378     		ldrb	r3, [r4]	@ zero_extendqisi2
 204              		.loc 1 114 8 view .LVU30
 205 0014 ABB9     		cbnz	r3, .L6
 115:application/shoot/shoot.c ****     {
 116:application/shoot/shoot.c ****         DJIMotorStop(friction_l);
 206              		.loc 1 116 9 is_stmt 1 view .LVU31
 207 0016 6F4B     		ldr	r3, .L23+8
 208 0018 1868     		ldr	r0, [r3]
 209 001a FFF7FEFF 		bl	DJIMotorStop
 210              	.LVL8:
 117:application/shoot/shoot.c ****         DJIMotorStop(friction_r);
 211              		.loc 1 117 9 view .LVU32
 212 001e 6E4B     		ldr	r3, .L23+12
 213 0020 1868     		ldr	r0, [r3]
 214 0022 FFF7FEFF 		bl	DJIMotorStop
 215              	.LVL9:
 118:application/shoot/shoot.c ****         DJIMotorStop(loader);
 216              		.loc 1 118 9 view .LVU33
 217 0026 6D4B     		ldr	r3, .L23+16
 218 0028 1868     		ldr	r0, [r3]
 219 002a FFF7FEFF 		bl	DJIMotorStop
 220              	.LVL10:
 221              	.L7:
 119:application/shoot/shoot.c ****     }
 120:application/shoot/shoot.c ****     else // ÊÅ¢Â§çËøêË°å
ARM GAS  C:\Users\z0147233\AppData\Local\Temp\ccOAUGMh.s 			page 7


 121:application/shoot/shoot.c ****     {
 122:application/shoot/shoot.c ****         DJIMotorEnable(friction_l);
 123:application/shoot/shoot.c ****         DJIMotorEnable(friction_r);
 124:application/shoot/shoot.c ****         DJIMotorEnable(loader);
 125:application/shoot/shoot.c ****     }
 126:application/shoot/shoot.c **** 
 127:application/shoot/shoot.c ****     // Â¶ÇÊûú‰∏ä‰∏ÄÊ¨°Ëß¶ÂèëÂçïÂèëÊàñ3ÂèëÊåá‰ª§ÁöÑÊó∂Èó¥Âä†‰∏ä‰∏çÂ∫îÊúü‰ªçÁÑ∂Â§ß‰∫éÂΩìÂâçÊó∂Èó¥(Â∞ö
 128:application/shoot/shoot.c ****     // ÂçïÂèëÊ®°Âºè‰∏ªË¶ÅÊèê‰æõÁªôËÉΩÈáèÊú∫ÂÖ≥ÊøÄÊ¥ª‰ΩøÁî®(‰ª•ÂèäËã±ÈõÑÁöÑÂ∞ÑÂáªÂ§ßÈÉ®ÂàÜÂ§Ñ‰∫éÂçïÂ
 129:application/shoot/shoot.c ****     // if (hibernate_time + dead_time > DWT_GetTimeline_ms())
 130:application/shoot/shoot.c ****     //     return;
 131:application/shoot/shoot.c **** 
 132:application/shoot/shoot.c ****     // Ëã•‰∏çÂú®‰ºëÁú†Áä∂ÊÄÅ,Ê†πÊçÆrobotCMD‰º†Êù•ÁöÑÊéßÂà∂Ê®°ÂºèËøõË°åÊã®ÁõòÁîµÊú∫ÂèÇËÄÉÂÄºËÆæÂÆöÂí
 133:application/shoot/shoot.c ****     switch (shoot_cmd_recv.load_mode)
 222              		.loc 1 133 5 view .LVU34
 223              		.loc 1 133 27 is_stmt 0 view .LVU35
 224 002e 674B     		ldr	r3, .L23
 225 0030 5B78     		ldrb	r3, [r3, #1]	@ zero_extendqisi2
 226              		.loc 1 133 5 view .LVU36
 227 0032 042B     		cmp	r3, #4
 228 0034 00F28680 		bhi	.L8
 229 0038 DFE803F0 		tbb	[pc, r3]
 230              	.L10:
 231 003c 10       		.byte	(.L14-.L10)/2
 232 003d 7E       		.byte	(.L13-.L10)/2
 233 003e 36       		.byte	(.L12-.L10)/2
 234 003f 4D       		.byte	(.L11-.L10)/2
 235 0040 64       		.byte	(.L9-.L10)/2
 236 0041 00       		.p2align 1
 237              	.L6:
 122:application/shoot/shoot.c ****         DJIMotorEnable(friction_r);
 238              		.loc 1 122 9 is_stmt 1 view .LVU37
 239 0042 644B     		ldr	r3, .L23+8
 240 0044 1868     		ldr	r0, [r3]
 241 0046 FFF7FEFF 		bl	DJIMotorEnable
 242              	.LVL11:
 123:application/shoot/shoot.c ****         DJIMotorEnable(loader);
 243              		.loc 1 123 9 view .LVU38
 244 004a 634B     		ldr	r3, .L23+12
 245 004c 1868     		ldr	r0, [r3]
 246 004e FFF7FEFF 		bl	DJIMotorEnable
 247              	.LVL12:
 124:application/shoot/shoot.c ****     }
 248              		.loc 1 124 9 view .LVU39
 249 0052 624B     		ldr	r3, .L23+16
 250 0054 1868     		ldr	r0, [r3]
 251 0056 FFF7FEFF 		bl	DJIMotorEnable
 252              	.LVL13:
 253 005a E8E7     		b	.L7
 254              	.L14:
 134:application/shoot/shoot.c ****     {
 135:application/shoot/shoot.c ****     // ÂÅúÊ≠¢Êã®Áõò
 136:application/shoot/shoot.c ****     case LOAD_STOP:
 137:application/shoot/shoot.c ****         DJIMotorOuterLoop(loader, SPEED_LOOP); // ÂàáÊç¢Âà∞ÈÄüÂ∫¶ÁéØ
 255              		.loc 1 137 9 view .LVU40
 256 005c 5F4C     		ldr	r4, .L23+16
 257 005e 0221     		movs	r1, #2
 258 0060 2068     		ldr	r0, [r4]
ARM GAS  C:\Users\z0147233\AppData\Local\Temp\ccOAUGMh.s 			page 8


 259 0062 FFF7FEFF 		bl	DJIMotorOuterLoop
 260              	.LVL14:
 138:application/shoot/shoot.c ****         DJIMotorSetRef(loader, 0);             // ÂêåÊó∂ËÆæÂÆöÂèÇËÄÉÂÄº‰∏∫0,ËøôÊ†∑ÂÅúÊ≠¢ÁöÑÈÄüÂ∫¶Êú
 261              		.loc 1 138 9 view .LVU41
 262 0066 9FED5E0A 		vldr.32	s0, .L23+20
 263 006a 2068     		ldr	r0, [r4]
 264 006c FFF7FEFF 		bl	DJIMotorSetRef
 265              	.LVL15:
 139:application/shoot/shoot.c ****         break;
 266              		.loc 1 139 9 view .LVU42
 267              	.L15:
 140:application/shoot/shoot.c ****     // ÂçïÂèëÊ®°Âºè,Ê†πÊçÆÈº†Ê†áÊåâ‰∏ãÁöÑÊó∂Èó¥,Ëß¶Âèë‰∏ÄÊ¨°‰πãÂêéÈúÄË¶ÅËøõÂÖ•‰∏çÂìçÂ∫îËæìÂÖ•ÁöÑÁä∂
 141:application/shoot/shoot.c ****     case LOAD_1_BULLET:                                                                     // ÊøÄÊ
 142:application/shoot/shoot.c ****         DJIMotorOuterLoop(loader, ANGLE_LOOP);                                              // ÂàáÊ
 143:application/shoot/shoot.c ****         DJIMotorSetRef(loader, loader->measure.total_angle + ONE_BULLET_DELTA_ANGLE); // ÊéßÂà∂ÈáèÂ
 144:application/shoot/shoot.c ****         hibernate_time = DWT_GetTimeline_ms();                                              // ËÆ∞Â
 145:application/shoot/shoot.c ****         dead_time = 150;                                                                    // ÂÆåÊ
 146:application/shoot/shoot.c ****         break;
 147:application/shoot/shoot.c ****     // ‰∏âËøûÂèë,Â¶ÇÊûú‰∏çÈúÄË¶ÅÂêéÁª≠ÂèØËÉΩÂà†Èô§
 148:application/shoot/shoot.c ****     case LOAD_3_BULLET:
 149:application/shoot/shoot.c ****         DJIMotorOuterLoop(loader, ANGLE_LOOP);                                                  // 
 150:application/shoot/shoot.c ****         DJIMotorSetRef(loader, loader->measure.total_angle + 3 * ONE_BULLET_DELTA_ANGLE); // Â¢ûÂä†
 151:application/shoot/shoot.c ****         hibernate_time = DWT_GetTimeline_ms();                                                  // 
 152:application/shoot/shoot.c ****         dead_time = 300;                                                                        // 
 153:application/shoot/shoot.c ****         break;
 154:application/shoot/shoot.c ****     // ËøûÂèëÊ®°Âºè,ÂØπÈÄüÂ∫¶Èó≠ÁéØ,Â∞ÑÈ¢ëÂêéÁª≠‰øÆÊîπ‰∏∫ÂèØÂèò,ÁõÆÂâçÂõ∫ÂÆö‰∏∫1Hz
 155:application/shoot/shoot.c ****     case LOAD_BURSTFIRE:
 156:application/shoot/shoot.c ****         DJIMotorOuterLoop(loader, SPEED_LOOP);
 157:application/shoot/shoot.c ****         DJIMotorSetRef(loader, shoot_cmd_recv.shoot_rate * 360 * REDUCTION_RATIO_LOADER / 8);
 158:application/shoot/shoot.c ****         // xÈ¢ó/ÁßíÊç¢ÁÆóÊàêÈÄüÂ∫¶: Â∑≤Áü•‰∏ÄÂúàÁöÑËΩΩÂºπÈáè,Áî±Ê≠§ËÆ°ÁÆóÂá∫1sÈúÄË¶ÅËΩ¨ÁöÑËßíÂ∫¶,Ê≥
 159:application/shoot/shoot.c ****         break;
 160:application/shoot/shoot.c ****     // Êã®ÁõòÂèçËΩ¨,ÂØπÈÄüÂ∫¶Èó≠ÁéØ,ÂêéÁª≠Â¢ûÂä†Âç°ÂºπÊ£ÄÊµã(ÈÄöËøáË£ÅÂà§Á≥ªÁªüÂâ©‰ΩôÁÉ≠ÈáèÂèçÈ¶àÂí
 161:application/shoot/shoot.c ****     // ‰πüÊúâÂèØËÉΩÈúÄË¶Å‰ªéswitch-case‰∏≠Áã¨Á´ãÂá∫Êù•
 162:application/shoot/shoot.c ****     case LOAD_REVERSE:
 163:application/shoot/shoot.c ****         DJIMotorOuterLoop(loader, SPEED_LOOP);
 164:application/shoot/shoot.c ****         // ...
 165:application/shoot/shoot.c ****         break;
 166:application/shoot/shoot.c ****     default:
 167:application/shoot/shoot.c ****         while (1)
 168:application/shoot/shoot.c ****             ; // Êú™Áü•Ê®°Âºè,ÂÅúÊ≠¢ËøêË°å,Ê£ÄÊü•ÊåáÈíàË∂äÁïå,ÂÜÖÂ≠òÊ∫¢Âá∫Á≠âÈóÆÈ¢ò
 169:application/shoot/shoot.c ****     }
 170:application/shoot/shoot.c **** 
 171:application/shoot/shoot.c ****     // Á°ÆÂÆöÊòØÂê¶ÂºÄÂêØÊë©Êì¶ËΩÆ,ÂêéÁª≠ÂèØËÉΩ‰øÆÊîπ‰∏∫ÈîÆÈº†Ê®°Âºè‰∏ãÂßãÁªàÂºÄÂêØÊë©Êì¶ËΩÆ(‰∏äÂú∫
 172:application/shoot/shoot.c ****     if (shoot_cmd_recv.friction_mode == FRICTION_ON)
 268              		.loc 1 172 5 view .LVU43
 269              		.loc 1 172 23 is_stmt 0 view .LVU44
 270 0070 564B     		ldr	r3, .L23
 271 0072 DB78     		ldrb	r3, [r3, #3]	@ zero_extendqisi2
 272              		.loc 1 172 8 view .LVU45
 273 0074 012B     		cmp	r3, #1
 274 0076 40F09380 		bne	.L16
 173:application/shoot/shoot.c ****     {
 174:application/shoot/shoot.c ****         // Ê†πÊçÆÊî∂Âà∞ÁöÑÂºπÈÄüËÆæÁΩÆËÆæÂÆöÊë©Êì¶ËΩÆÁîµÊú∫ÂèÇËÄÉÂÄº,ÈúÄÂÆûÊµãÂêéÂ°´ÂÖ•
 175:application/shoot/shoot.c ****         switch (shoot_cmd_recv.bullet_speed)
 275              		.loc 1 175 9 is_stmt 1 view .LVU46
 276              		.loc 1 175 31 is_stmt 0 view .LVU47
 277 007a 544B     		ldr	r3, .L23
ARM GAS  C:\Users\z0147233\AppData\Local\Temp\ccOAUGMh.s 			page 9


 278 007c 1B79     		ldrb	r3, [r3, #4]	@ zero_extendqisi2
 279              		.loc 1 175 9 view .LVU48
 280 007e 122B     		cmp	r3, #18
 281 0080 70D0     		beq	.L17
 282 0082 1E2B     		cmp	r3, #30
 283 0084 7DD0     		beq	.L18
 284 0086 0F2B     		cmp	r3, #15
 285 0088 5DD0     		beq	.L22
 176:application/shoot/shoot.c ****         {
 177:application/shoot/shoot.c ****         case SMALL_AMU_15:
 178:application/shoot/shoot.c ****             DJIMotorSetRef(friction_l, 0);
 179:application/shoot/shoot.c ****             DJIMotorSetRef(friction_r, 0);
 180:application/shoot/shoot.c ****             break;
 181:application/shoot/shoot.c ****         case SMALL_AMU_18:
 182:application/shoot/shoot.c ****             DJIMotorSetRef(friction_l, 0);
 183:application/shoot/shoot.c ****             DJIMotorSetRef(friction_r, 0);
 184:application/shoot/shoot.c ****             break;
 185:application/shoot/shoot.c ****         case SMALL_AMU_30:
 186:application/shoot/shoot.c ****             DJIMotorSetRef(friction_l, 0);
 187:application/shoot/shoot.c ****             DJIMotorSetRef(friction_r, 0);
 188:application/shoot/shoot.c ****             break;
 189:application/shoot/shoot.c ****         default: // ÂΩìÂâç‰∏∫‰∫ÜË∞ÉËØïËÆæÂÆöÁöÑÈªòËÆ§ÂÄº4000,Âõ†‰∏∫ËøòÊ≤°ÊúâÂä†ÂÖ•Ë£ÅÂà§Á≥ªÁªüÊó†Ê≥
 190:application/shoot/shoot.c ****             DJIMotorSetRef(friction_l, 30000);
 286              		.loc 1 190 13 is_stmt 1 view .LVU49
 287 008a 9FED568A 		vldr.32	s16, .L23+24
 288 008e B0EE480A 		vmov.f32	s0, s16
 289 0092 504B     		ldr	r3, .L23+8
 290 0094 1868     		ldr	r0, [r3]
 291 0096 FFF7FEFF 		bl	DJIMotorSetRef
 292              	.LVL16:
 191:application/shoot/shoot.c ****             DJIMotorSetRef(friction_r, 30000);
 293              		.loc 1 191 13 view .LVU50
 294 009a B0EE480A 		vmov.f32	s0, s16
 295 009e 4E4B     		ldr	r3, .L23+12
 296 00a0 1868     		ldr	r0, [r3]
 297 00a2 FFF7FEFF 		bl	DJIMotorSetRef
 298              	.LVL17:
 192:application/shoot/shoot.c ****             break;
 299              		.loc 1 192 13 view .LVU51
 300 00a6 89E0     		b	.L20
 301              	.L12:
 142:application/shoot/shoot.c ****         DJIMotorSetRef(loader, loader->measure.total_angle + ONE_BULLET_DELTA_ANGLE); // ÊéßÂà∂ÈáèÂ
 302              		.loc 1 142 9 view .LVU52
 303 00a8 4C4C     		ldr	r4, .L23+16
 304 00aa 0421     		movs	r1, #4
 305 00ac 2068     		ldr	r0, [r4]
 306 00ae FFF7FEFF 		bl	DJIMotorOuterLoop
 307              	.LVL18:
 143:application/shoot/shoot.c ****         hibernate_time = DWT_GetTimeline_ms();                                              // ËÆ∞Â
 308              		.loc 1 143 9 view .LVU53
 309 00b2 2068     		ldr	r0, [r4]
 143:application/shoot/shoot.c ****         hibernate_time = DWT_GetTimeline_ms();                                              // ËÆ∞Â
 310              		.loc 1 143 47 is_stmt 0 view .LVU54
 311 00b4 90ED040A 		vldr.32	s0, [r0, #16]
 143:application/shoot/shoot.c ****         hibernate_time = DWT_GetTimeline_ms();                                              // ËÆ∞Â
 312              		.loc 1 143 9 view .LVU55
 313 00b8 DFED4B7A 		vldr.32	s15, .L23+28
ARM GAS  C:\Users\z0147233\AppData\Local\Temp\ccOAUGMh.s 			page 10


 314 00bc 30EE270A 		vadd.f32	s0, s0, s15
 315 00c0 FFF7FEFF 		bl	DJIMotorSetRef
 316              	.LVL19:
 144:application/shoot/shoot.c ****         dead_time = 150;                                                                    // ÂÆåÊ
 317              		.loc 1 144 9 is_stmt 1 view .LVU56
 144:application/shoot/shoot.c ****         dead_time = 150;                                                                    // ÂÆåÊ
 318              		.loc 1 144 26 is_stmt 0 view .LVU57
 319 00c4 FFF7FEFF 		bl	DWT_GetTimeline_ms
 320              	.LVL20:
 144:application/shoot/shoot.c ****         dead_time = 150;                                                                    // ÂÆåÊ
 321              		.loc 1 144 24 view .LVU58
 322 00c8 484B     		ldr	r3, .L23+32
 323 00ca 83ED000A 		vstr.32	s0, [r3]
 145:application/shoot/shoot.c ****         break;
 324              		.loc 1 145 9 is_stmt 1 view .LVU59
 145:application/shoot/shoot.c ****         break;
 325              		.loc 1 145 19 is_stmt 0 view .LVU60
 326 00ce 484B     		ldr	r3, .L23+36
 327 00d0 484A     		ldr	r2, .L23+40
 328 00d2 1A60     		str	r2, [r3]	@ float
 146:application/shoot/shoot.c ****     // ‰∏âËøûÂèë,Â¶ÇÊûú‰∏çÈúÄË¶ÅÂêéÁª≠ÂèØËÉΩÂà†Èô§
 329              		.loc 1 146 9 is_stmt 1 view .LVU61
 330 00d4 CCE7     		b	.L15
 331              	.L11:
 149:application/shoot/shoot.c ****         DJIMotorSetRef(loader, loader->measure.total_angle + 3 * ONE_BULLET_DELTA_ANGLE); // Â¢ûÂä†
 332              		.loc 1 149 9 view .LVU62
 333 00d6 414C     		ldr	r4, .L23+16
 334 00d8 0421     		movs	r1, #4
 335 00da 2068     		ldr	r0, [r4]
 336 00dc FFF7FEFF 		bl	DJIMotorOuterLoop
 337              	.LVL21:
 150:application/shoot/shoot.c ****         hibernate_time = DWT_GetTimeline_ms();                                                  // 
 338              		.loc 1 150 9 view .LVU63
 339 00e0 2068     		ldr	r0, [r4]
 150:application/shoot/shoot.c ****         hibernate_time = DWT_GetTimeline_ms();                                                  // 
 340              		.loc 1 150 47 is_stmt 0 view .LVU64
 341 00e2 90ED040A 		vldr.32	s0, [r0, #16]
 150:application/shoot/shoot.c ****         hibernate_time = DWT_GetTimeline_ms();                                                  // 
 342              		.loc 1 150 9 view .LVU65
 343 00e6 DFED447A 		vldr.32	s15, .L23+44
 344 00ea 30EE270A 		vadd.f32	s0, s0, s15
 345 00ee FFF7FEFF 		bl	DJIMotorSetRef
 346              	.LVL22:
 151:application/shoot/shoot.c ****         dead_time = 300;                                                                        // 
 347              		.loc 1 151 9 is_stmt 1 view .LVU66
 151:application/shoot/shoot.c ****         dead_time = 300;                                                                        // 
 348              		.loc 1 151 26 is_stmt 0 view .LVU67
 349 00f2 FFF7FEFF 		bl	DWT_GetTimeline_ms
 350              	.LVL23:
 151:application/shoot/shoot.c ****         dead_time = 300;                                                                        // 
 351              		.loc 1 151 24 view .LVU68
 352 00f6 3D4B     		ldr	r3, .L23+32
 353 00f8 83ED000A 		vstr.32	s0, [r3]
 152:application/shoot/shoot.c ****         break;
 354              		.loc 1 152 9 is_stmt 1 view .LVU69
 152:application/shoot/shoot.c ****         break;
 355              		.loc 1 152 19 is_stmt 0 view .LVU70
ARM GAS  C:\Users\z0147233\AppData\Local\Temp\ccOAUGMh.s 			page 11


 356 00fc 3C4B     		ldr	r3, .L23+36
 357 00fe 3F4A     		ldr	r2, .L23+48
 358 0100 1A60     		str	r2, [r3]	@ float
 153:application/shoot/shoot.c ****     // ËøûÂèëÊ®°Âºè,ÂØπÈÄüÂ∫¶Èó≠ÁéØ,Â∞ÑÈ¢ëÂêéÁª≠‰øÆÊîπ‰∏∫ÂèØÂèò,ÁõÆÂâçÂõ∫ÂÆö‰∏∫1Hz
 359              		.loc 1 153 9 is_stmt 1 view .LVU71
 360 0102 B5E7     		b	.L15
 361              	.L9:
 156:application/shoot/shoot.c ****         DJIMotorSetRef(loader, shoot_cmd_recv.shoot_rate * 360 * REDUCTION_RATIO_LOADER / 8);
 362              		.loc 1 156 9 view .LVU72
 363 0104 354C     		ldr	r4, .L23+16
 364 0106 0221     		movs	r1, #2
 365 0108 2068     		ldr	r0, [r4]
 366 010a FFF7FEFF 		bl	DJIMotorOuterLoop
 367              	.LVL24:
 157:application/shoot/shoot.c ****         // xÈ¢ó/ÁßíÊç¢ÁÆóÊàêÈÄüÂ∫¶: Â∑≤Áü•‰∏ÄÂúàÁöÑËΩΩÂºπÈáè,Áî±Ê≠§ËÆ°ÁÆóÂá∫1sÈúÄË¶ÅËΩ¨ÁöÑËßíÂ∫¶,Ê≥
 368              		.loc 1 157 9 view .LVU73
 157:application/shoot/shoot.c ****         // xÈ¢ó/ÁßíÊç¢ÁÆóÊàêÈÄüÂ∫¶: Â∑≤Áü•‰∏ÄÂúàÁöÑËΩΩÂºπÈáè,Áî±Ê≠§ËÆ°ÁÆóÂá∫1sÈúÄË¶ÅËΩ¨ÁöÑËßíÂ∫¶,Ê≥
 369              		.loc 1 157 46 is_stmt 0 view .LVU74
 370 010e 2F4B     		ldr	r3, .L23
 371 0110 D3F80630 		ldr	r3, [r3, #6]	@ unaligned
 372 0114 07EE903A 		vmov	s15, r3	@ int
 157:application/shoot/shoot.c ****         // xÈ¢ó/ÁßíÊç¢ÁÆóÊàêÈÄüÂ∫¶: Â∑≤Áü•‰∏ÄÂúàÁöÑËΩΩÂºπÈáè,Áî±Ê≠§ËÆ°ÁÆóÂá∫1sÈúÄË¶ÅËΩ¨ÁöÑËßíÂ∫¶,Ê≥
 373              		.loc 1 157 58 view .LVU75
 374 0118 9FED397A 		vldr.32	s14, .L23+52
 375 011c 67EE877A 		vmul.f32	s15, s15, s14
 157:application/shoot/shoot.c ****         // xÈ¢ó/ÁßíÊç¢ÁÆóÊàêÈÄüÂ∫¶: Â∑≤Áü•‰∏ÄÂúàÁöÑËΩΩÂºπÈáè,Áî±Ê≠§ËÆ°ÁÆóÂá∫1sÈúÄË¶ÅËΩ¨ÁöÑËßíÂ∫¶,Ê≥
 376              		.loc 1 157 64 view .LVU76
 377 0120 9FED387A 		vldr.32	s14, .L23+56
 378 0124 67EE877A 		vmul.f32	s15, s15, s14
 157:application/shoot/shoot.c ****         // xÈ¢ó/ÁßíÊç¢ÁÆóÊàêÈÄüÂ∫¶: Â∑≤Áü•‰∏ÄÂúàÁöÑËΩΩÂºπÈáè,Áî±Ê≠§ËÆ°ÁÆóÂá∫1sÈúÄË¶ÅËΩ¨ÁöÑËßíÂ∫¶,Ê≥
 379              		.loc 1 157 9 view .LVU77
 380 0128 B4EE000A 		vmov.f32	s0, #1.25e-1
 381 012c 27EE800A 		vmul.f32	s0, s15, s0
 382 0130 2068     		ldr	r0, [r4]
 383 0132 FFF7FEFF 		bl	DJIMotorSetRef
 384              	.LVL25:
 159:application/shoot/shoot.c ****     // Êã®ÁõòÂèçËΩ¨,ÂØπÈÄüÂ∫¶Èó≠ÁéØ,ÂêéÁª≠Â¢ûÂä†Âç°ÂºπÊ£ÄÊµã(ÈÄöËøáË£ÅÂà§Á≥ªÁªüÂâ©‰ΩôÁÉ≠ÈáèÂèçÈ¶àÂí
 385              		.loc 1 159 9 is_stmt 1 view .LVU78
 386 0136 9BE7     		b	.L15
 387              	.L13:
 163:application/shoot/shoot.c ****         // ...
 388              		.loc 1 163 9 view .LVU79
 389 0138 0221     		movs	r1, #2
 390 013a 284B     		ldr	r3, .L23+16
 391 013c 1868     		ldr	r0, [r3]
 392 013e FFF7FEFF 		bl	DJIMotorOuterLoop
 393              	.LVL26:
 165:application/shoot/shoot.c ****     default:
 394              		.loc 1 165 9 view .LVU80
 395 0142 95E7     		b	.L15
 396              	.L8:
 167:application/shoot/shoot.c ****             ; // Êú™Áü•Ê®°Âºè,ÂÅúÊ≠¢ËøêË°å,Ê£ÄÊü•ÊåáÈíàË∂äÁïå,ÂÜÖÂ≠òÊ∫¢Âá∫Á≠âÈóÆÈ¢ò
 397              		.loc 1 167 9 discriminator 1 view .LVU81
 168:application/shoot/shoot.c ****     }
 398              		.loc 1 168 13 discriminator 1 view .LVU82
 167:application/shoot/shoot.c ****             ; // Êú™Áü•Ê®°Âºè,ÂÅúÊ≠¢ËøêË°å,Ê£ÄÊü•ÊåáÈíàË∂äÁïå,ÂÜÖÂ≠òÊ∫¢Âá∫Á≠âÈóÆÈ¢ò
 399              		.loc 1 167 15 discriminator 1 view .LVU83
ARM GAS  C:\Users\z0147233\AppData\Local\Temp\ccOAUGMh.s 			page 12


 400 0144 FEE7     		b	.L8
 401              	.L22:
 178:application/shoot/shoot.c ****             DJIMotorSetRef(friction_r, 0);
 402              		.loc 1 178 13 view .LVU84
 403 0146 9FED268A 		vldr.32	s16, .L23+20
 404 014a B0EE480A 		vmov.f32	s0, s16
 405 014e 214B     		ldr	r3, .L23+8
 406 0150 1868     		ldr	r0, [r3]
 407 0152 FFF7FEFF 		bl	DJIMotorSetRef
 408              	.LVL27:
 179:application/shoot/shoot.c ****             break;
 409              		.loc 1 179 13 view .LVU85
 410 0156 B0EE480A 		vmov.f32	s0, s16
 411 015a 1F4B     		ldr	r3, .L23+12
 412 015c 1868     		ldr	r0, [r3]
 413 015e FFF7FEFF 		bl	DJIMotorSetRef
 414              	.LVL28:
 180:application/shoot/shoot.c ****         case SMALL_AMU_18:
 415              		.loc 1 180 13 view .LVU86
 416 0162 2BE0     		b	.L20
 417              	.L17:
 182:application/shoot/shoot.c ****             DJIMotorSetRef(friction_r, 0);
 418              		.loc 1 182 13 view .LVU87
 419 0164 9FED1E8A 		vldr.32	s16, .L23+20
 420 0168 B0EE480A 		vmov.f32	s0, s16
 421 016c 194B     		ldr	r3, .L23+8
 422 016e 1868     		ldr	r0, [r3]
 423 0170 FFF7FEFF 		bl	DJIMotorSetRef
 424              	.LVL29:
 183:application/shoot/shoot.c ****             break;
 425              		.loc 1 183 13 view .LVU88
 426 0174 B0EE480A 		vmov.f32	s0, s16
 427 0178 174B     		ldr	r3, .L23+12
 428 017a 1868     		ldr	r0, [r3]
 429 017c FFF7FEFF 		bl	DJIMotorSetRef
 430              	.LVL30:
 184:application/shoot/shoot.c ****         case SMALL_AMU_30:
 431              		.loc 1 184 13 view .LVU89
 432 0180 1CE0     		b	.L20
 433              	.L18:
 186:application/shoot/shoot.c ****             DJIMotorSetRef(friction_r, 0);
 434              		.loc 1 186 13 view .LVU90
 435 0182 9FED178A 		vldr.32	s16, .L23+20
 436 0186 B0EE480A 		vmov.f32	s0, s16
 437 018a 124B     		ldr	r3, .L23+8
 438 018c 1868     		ldr	r0, [r3]
 439 018e FFF7FEFF 		bl	DJIMotorSetRef
 440              	.LVL31:
 187:application/shoot/shoot.c ****             break;
 441              		.loc 1 187 13 view .LVU91
 442 0192 B0EE480A 		vmov.f32	s0, s16
 443 0196 104B     		ldr	r3, .L23+12
 444 0198 1868     		ldr	r0, [r3]
 445 019a FFF7FEFF 		bl	DJIMotorSetRef
 446              	.LVL32:
 188:application/shoot/shoot.c ****         default: // ÂΩìÂâç‰∏∫‰∫ÜË∞ÉËØïËÆæÂÆöÁöÑÈªòËÆ§ÂÄº4000,Âõ†‰∏∫ËøòÊ≤°ÊúâÂä†ÂÖ•Ë£ÅÂà§Á≥ªÁªüÊó†Ê≥
 447              		.loc 1 188 13 view .LVU92
ARM GAS  C:\Users\z0147233\AppData\Local\Temp\ccOAUGMh.s 			page 13


 448 019e 0DE0     		b	.L20
 449              	.L16:
 193:application/shoot/shoot.c ****         }
 194:application/shoot/shoot.c ****     }
 195:application/shoot/shoot.c ****     else // ÂÖ≥Èó≠Êë©Êì¶ËΩÆ
 196:application/shoot/shoot.c ****     {
 197:application/shoot/shoot.c ****         DJIMotorSetRef(friction_l, 0);
 450              		.loc 1 197 9 view .LVU93
 451 01a0 9FED0F8A 		vldr.32	s16, .L23+20
 452 01a4 B0EE480A 		vmov.f32	s0, s16
 453 01a8 0A4B     		ldr	r3, .L23+8
 454 01aa 1868     		ldr	r0, [r3]
 455 01ac FFF7FEFF 		bl	DJIMotorSetRef
 456              	.LVL33:
 198:application/shoot/shoot.c ****         DJIMotorSetRef(friction_r, 0);
 457              		.loc 1 198 9 view .LVU94
 458 01b0 B0EE480A 		vmov.f32	s0, s16
 459 01b4 084B     		ldr	r3, .L23+12
 460 01b6 1868     		ldr	r0, [r3]
 461 01b8 FFF7FEFF 		bl	DJIMotorSetRef
 462              	.LVL34:
 463              	.L20:
 199:application/shoot/shoot.c ****     }
 200:application/shoot/shoot.c **** 
 201:application/shoot/shoot.c ****     // ÂºÄÂÖ≥ÂºπËà±Áõñ
 202:application/shoot/shoot.c ****     if (shoot_cmd_recv.lid_mode == LID_CLOSE)
 464              		.loc 1 202 5 view .LVU95
 203:application/shoot/shoot.c ****     {
 204:application/shoot/shoot.c ****         //...
 205:application/shoot/shoot.c ****     }
 206:application/shoot/shoot.c ****     else if (shoot_cmd_recv.lid_mode == LID_OPEN)
 207:application/shoot/shoot.c ****     {
 208:application/shoot/shoot.c ****         //...
 209:application/shoot/shoot.c ****     }
 465              		.loc 1 209 5 view .LVU96
 210:application/shoot/shoot.c **** 
 211:application/shoot/shoot.c ****     // ÂèçÈ¶àÊï∞ÊçÆ,ÁõÆÂâçÊöÇÊó∂Ê≤°ÊúâË¶ÅËÆæÂÆöÁöÑÂèçÈ¶àÊï∞ÊçÆ,ÂêéÁª≠ÂèØËÉΩÂ¢ûÂä†Â∫îÁî®Á¶ªÁ∫øÁõëÊµã
 212:application/shoot/shoot.c ****     PubPushMessage(shoot_pub, (void *)&shoot_feedback_data);
 466              		.loc 1 212 5 view .LVU97
 467 01bc 1249     		ldr	r1, .L23+60
 468 01be 134B     		ldr	r3, .L23+64
 469 01c0 1868     		ldr	r0, [r3]
 470 01c2 FFF7FEFF 		bl	PubPushMessage
 471              	.LVL35:
 213:application/shoot/shoot.c **** }...
 472              		.loc 1 213 1 is_stmt 0 view .LVU98
 473 01c6 BDEC028B 		vldm	sp!, {d8}
 474              	.LCFI5:
 475              		.cfi_restore 80
 476              		.cfi_restore 81
 477              		.cfi_def_cfa_offset 8
 478 01ca 10BD     		pop	{r4, pc}
 479              	.L24:
 480              		.align	2
 481              	.L23:
 482 01cc 00000000 		.word	.LANCHOR5
 483 01d0 00000000 		.word	.LANCHOR4
ARM GAS  C:\Users\z0147233\AppData\Local\Temp\ccOAUGMh.s 			page 14


 484 01d4 00000000 		.word	.LANCHOR0
 485 01d8 00000000 		.word	.LANCHOR1
 486 01dc 00000000 		.word	.LANCHOR2
 487 01e0 00000000 		.word	0
 488 01e4 0060EA46 		.word	1189765120
 489 01e8 00001042 		.word	1108344832
 490 01ec 00000000 		.word	.LANCHOR6
 491 01f0 00000000 		.word	.LANCHOR7
 492 01f4 00001643 		.word	1125515264
 493 01f8 0000D842 		.word	1121452032
 494 01fc 00009643 		.word	1133903872
 495 0200 0000B443 		.word	1135869952
 496 0204 00004442 		.word	1111752704
 497 0208 00000000 		.word	.LANCHOR8
 498 020c 00000000 		.word	.LANCHOR3
 499              		.cfi_endproc
 500              	.LFE272:
 502              		.section	.bss.dead_time,"aw",%nobits
 503              		.align	2
 504              		.set	.LANCHOR7,. + 0
 507              	dead_time:
 508 0000 00000000 		.space	4
 509              		.section	.bss.friction_l,"aw",%nobits
 510              		.align	2
 511              		.set	.LANCHOR0,. + 0
 514              	friction_l:
 515 0000 00000000 		.space	4
 516              		.section	.bss.friction_r,"aw",%nobits
 517              		.align	2
 518              		.set	.LANCHOR1,. + 0
 521              	friction_r:
 522 0000 00000000 		.space	4
 523              		.section	.bss.hibernate_time,"aw",%nobits
 524              		.align	2
 525              		.set	.LANCHOR6,. + 0
 528              	hibernate_time:
 529 0000 00000000 		.space	4
 530              		.section	.bss.loader,"aw",%nobits
 531              		.align	2
 532              		.set	.LANCHOR2,. + 0
 535              	loader:
 536 0000 00000000 		.space	4
 537              		.section	.bss.shoot_cmd_recv,"aw",%nobits
 538              		.align	2
 539              		.set	.LANCHOR5,. + 0
 542              	shoot_cmd_recv:
 543 0000 00000000 		.space	10
 543      00000000 
 543      0000
 544              		.section	.bss.shoot_feedback_data,"aw",%nobits
 545              		.align	2
 546              		.set	.LANCHOR8,. + 0
 549              	shoot_feedback_data:
 550              		.section	.bss.shoot_pub,"aw",%nobits
 551              		.align	2
 552              		.set	.LANCHOR3,. + 0
 555              	shoot_pub:
ARM GAS  C:\Users\z0147233\AppData\Local\Temp\ccOAUGMh.s 			page 15


 556 0000 00000000 		.space	4
 557              		.section	.bss.shoot_sub,"aw",%nobits
 558              		.align	2
 559              		.set	.LANCHOR4,. + 0
 562              	shoot_sub:
 563 0000 00000000 		.space	4
 564              		.text
 565              	.Letext0:
 566              		.file 2 "c:\\installsoftware\\arm-gnu-toolchian\\arm-none-eabi\\include\\machine\\_default_types.h
 567              		.file 3 "c:\\installsoftware\\arm-gnu-toolchian\\arm-none-eabi\\include\\sys\\_stdint.h"
 568              		.file 4 "Drivers/CMSIS/Device/ST/STM32F4xx/Include/stm32f407xx.h"
 569              		.file 5 "Drivers/CMSIS/Device/ST/STM32F4xx/Include/stm32f4xx.h"
 570              		.file 6 "Drivers/STM32F4xx_HAL_Driver/Inc/stm32f4xx_hal_can.h"
 571              		.file 7 "modules/master_machine/master_process.h"
 572              		.file 8 "application/robot_def.h"
 573              		.file 9 "bsp/can/bsp_can.h"
 574              		.file 10 "modules/algorithm/controller.h"
 575              		.file 11 "modules/motor/motor_def.h"
 576              		.file 12 "modules/daemon/daemon.h"
 577              		.file 13 "modules/motor/DJImotor/dji_motor.h"
 578              		.file 14 "modules/message_center/message_center.h"
 579              		.file 15 "bsp/dwt/bsp_dwt.h"
 580              		.file 16 "Inc/can.h"
 581              		.file 17 "<built-in>"
ARM GAS  C:\Users\z0147233\AppData\Local\Temp\ccOAUGMh.s 			page 16


DEFINED SYMBOLS
                            *ABS*:00000000 shoot.c
C:\Users\z0147233\AppData\Local\Temp\ccOAUGMh.s:20     .rodata.ShootInit.str1.4:00000000 $d
C:\Users\z0147233\AppData\Local\Temp\ccOAUGMh.s:27     .text.ShootInit:00000000 $t
C:\Users\z0147233\AppData\Local\Temp\ccOAUGMh.s:33     .text.ShootInit:00000000 ShootInit
C:\Users\z0147233\AppData\Local\Temp\ccOAUGMh.s:156    .text.ShootInit:000000b8 $d
C:\Users\z0147233\AppData\Local\Temp\ccOAUGMh.s:172    .text.ShootTask:00000000 $t
C:\Users\z0147233\AppData\Local\Temp\ccOAUGMh.s:178    .text.ShootTask:00000000 ShootTask
C:\Users\z0147233\AppData\Local\Temp\ccOAUGMh.s:231    .text.ShootTask:0000003c $d
C:\Users\z0147233\AppData\Local\Temp\ccOAUGMh.s:482    .text.ShootTask:000001cc $d
C:\Users\z0147233\AppData\Local\Temp\ccOAUGMh.s:503    .bss.dead_time:00000000 $d
C:\Users\z0147233\AppData\Local\Temp\ccOAUGMh.s:507    .bss.dead_time:00000000 dead_time
C:\Users\z0147233\AppData\Local\Temp\ccOAUGMh.s:510    .bss.friction_l:00000000 $d
C:\Users\z0147233\AppData\Local\Temp\ccOAUGMh.s:514    .bss.friction_l:00000000 friction_l
C:\Users\z0147233\AppData\Local\Temp\ccOAUGMh.s:517    .bss.friction_r:00000000 $d
C:\Users\z0147233\AppData\Local\Temp\ccOAUGMh.s:521    .bss.friction_r:00000000 friction_r
C:\Users\z0147233\AppData\Local\Temp\ccOAUGMh.s:524    .bss.hibernate_time:00000000 $d
C:\Users\z0147233\AppData\Local\Temp\ccOAUGMh.s:528    .bss.hibernate_time:00000000 hibernate_time
C:\Users\z0147233\AppData\Local\Temp\ccOAUGMh.s:531    .bss.loader:00000000 $d
C:\Users\z0147233\AppData\Local\Temp\ccOAUGMh.s:535    .bss.loader:00000000 loader
C:\Users\z0147233\AppData\Local\Temp\ccOAUGMh.s:538    .bss.shoot_cmd_recv:00000000 $d
C:\Users\z0147233\AppData\Local\Temp\ccOAUGMh.s:542    .bss.shoot_cmd_recv:00000000 shoot_cmd_recv
C:\Users\z0147233\AppData\Local\Temp\ccOAUGMh.s:549    .bss.shoot_feedback_data:00000000 shoot_feedback_data
C:\Users\z0147233\AppData\Local\Temp\ccOAUGMh.s:551    .bss.shoot_pub:00000000 $d
C:\Users\z0147233\AppData\Local\Temp\ccOAUGMh.s:555    .bss.shoot_pub:00000000 shoot_pub
C:\Users\z0147233\AppData\Local\Temp\ccOAUGMh.s:558    .bss.shoot_sub:00000000 $d
C:\Users\z0147233\AppData\Local\Temp\ccOAUGMh.s:562    .bss.shoot_sub:00000000 shoot_sub
C:\Users\z0147233\AppData\Local\Temp\ccOAUGMh.s:236    .text.ShootTask:00000041 $d
C:\Users\z0147233\AppData\Local\Temp\ccOAUGMh.s:236    .text.ShootTask:00000042 $t

UNDEFINED SYMBOLS
memset
DJIMotorInit
PubRegister
SubRegister
hcan2
SubGetMessage
DJIMotorStop
DJIMotorEnable
DJIMotorOuterLoop
DJIMotorSetRef
DWT_GetTimeline_ms
PubPushMessage
