ARM GAS  C:\Users\z0147233\AppData\Local\Temp\ccmEaPhk.s 			page 1


   1              		.cpu cortex-m4
   2              		.arch armv7e-m
   3              		.fpu fpv4-sp-d16
   4              		.eabi_attribute 27, 1
   5              		.eabi_attribute 28, 1
   6              		.eabi_attribute 20, 1
   7              		.eabi_attribute 21, 1
   8              		.eabi_attribute 23, 3
   9              		.eabi_attribute 24, 1
  10              		.eabi_attribute 25, 1
  11              		.eabi_attribute 26, 1
  12              		.eabi_attribute 30, 1
  13              		.eabi_attribute 34, 1
  14              		.eabi_attribute 18, 4
  15              		.file	"stm32f4xx_hal_dac_ex.c"
  16              		.text
  17              	.Ltext0:
  18              		.cfi_sections	.debug_frame
  19              		.section	.text.HAL_DACEx_DualStart,"ax",%progbits
  20              		.align	1
  21              		.global	HAL_DACEx_DualStart
  22              		.syntax unified
  23              		.thumb
  24              		.thumb_func
  26              	HAL_DACEx_DualStart:
  27              	.LVL0:
  28              	.LFB235:
  29              		.file 1 "Drivers/STM32F4xx_HAL_Driver/Src/stm32f4xx_hal_dac_ex.c"
   1:Drivers/STM32F4xx_HAL_Driver/Src/stm32f4xx_hal_dac_ex.c **** /**
   2:Drivers/STM32F4xx_HAL_Driver/Src/stm32f4xx_hal_dac_ex.c ****   ******************************************************************************
   3:Drivers/STM32F4xx_HAL_Driver/Src/stm32f4xx_hal_dac_ex.c ****   * @file    stm32f4xx_hal_dac_ex.c
   4:Drivers/STM32F4xx_HAL_Driver/Src/stm32f4xx_hal_dac_ex.c ****   * @author  MCD Application Team
   5:Drivers/STM32F4xx_HAL_Driver/Src/stm32f4xx_hal_dac_ex.c ****   * @brief   Extended DAC HAL module driver.
   6:Drivers/STM32F4xx_HAL_Driver/Src/stm32f4xx_hal_dac_ex.c ****   *          This file provides firmware functions to manage the extended
   7:Drivers/STM32F4xx_HAL_Driver/Src/stm32f4xx_hal_dac_ex.c ****   *          functionalities of the DAC peripheral.
   8:Drivers/STM32F4xx_HAL_Driver/Src/stm32f4xx_hal_dac_ex.c ****   *
   9:Drivers/STM32F4xx_HAL_Driver/Src/stm32f4xx_hal_dac_ex.c ****   *
  10:Drivers/STM32F4xx_HAL_Driver/Src/stm32f4xx_hal_dac_ex.c ****   ******************************************************************************
  11:Drivers/STM32F4xx_HAL_Driver/Src/stm32f4xx_hal_dac_ex.c ****   * @attention
  12:Drivers/STM32F4xx_HAL_Driver/Src/stm32f4xx_hal_dac_ex.c ****   *
  13:Drivers/STM32F4xx_HAL_Driver/Src/stm32f4xx_hal_dac_ex.c ****   * Copyright (c) 2016 STMicroelectronics.
  14:Drivers/STM32F4xx_HAL_Driver/Src/stm32f4xx_hal_dac_ex.c ****   * All rights reserved.
  15:Drivers/STM32F4xx_HAL_Driver/Src/stm32f4xx_hal_dac_ex.c ****   *
  16:Drivers/STM32F4xx_HAL_Driver/Src/stm32f4xx_hal_dac_ex.c ****   * This software is licensed under terms that can be found in the LICENSE file
  17:Drivers/STM32F4xx_HAL_Driver/Src/stm32f4xx_hal_dac_ex.c ****   * in the root directory of this software component.
  18:Drivers/STM32F4xx_HAL_Driver/Src/stm32f4xx_hal_dac_ex.c ****   * If no LICENSE file comes with this software, it is provided AS-IS.
  19:Drivers/STM32F4xx_HAL_Driver/Src/stm32f4xx_hal_dac_ex.c ****   *
  20:Drivers/STM32F4xx_HAL_Driver/Src/stm32f4xx_hal_dac_ex.c ****   ******************************************************************************
  21:Drivers/STM32F4xx_HAL_Driver/Src/stm32f4xx_hal_dac_ex.c ****   @verbatim
  22:Drivers/STM32F4xx_HAL_Driver/Src/stm32f4xx_hal_dac_ex.c ****   ==============================================================================
  23:Drivers/STM32F4xx_HAL_Driver/Src/stm32f4xx_hal_dac_ex.c ****                       ##### How to use this driver #####
  24:Drivers/STM32F4xx_HAL_Driver/Src/stm32f4xx_hal_dac_ex.c ****   ==============================================================================
  25:Drivers/STM32F4xx_HAL_Driver/Src/stm32f4xx_hal_dac_ex.c ****     [..]
  26:Drivers/STM32F4xx_HAL_Driver/Src/stm32f4xx_hal_dac_ex.c **** 
  27:Drivers/STM32F4xx_HAL_Driver/Src/stm32f4xx_hal_dac_ex.c ****      *** Dual mode IO operation ***
  28:Drivers/STM32F4xx_HAL_Driver/Src/stm32f4xx_hal_dac_ex.c ****      ==============================
  29:Drivers/STM32F4xx_HAL_Driver/Src/stm32f4xx_hal_dac_ex.c ****      [..]
ARM GAS  C:\Users\z0147233\AppData\Local\Temp\ccmEaPhk.s 			page 2


  30:Drivers/STM32F4xx_HAL_Driver/Src/stm32f4xx_hal_dac_ex.c ****       (+) When Dual mode is enabled (i.e. DAC Channel1 and Channel2 are used simultaneously) :
  31:Drivers/STM32F4xx_HAL_Driver/Src/stm32f4xx_hal_dac_ex.c ****           Use HAL_DACEx_DualGetValue() to get digital data to be converted and use
  32:Drivers/STM32F4xx_HAL_Driver/Src/stm32f4xx_hal_dac_ex.c ****           HAL_DACEx_DualSetValue() to set digital value to converted simultaneously in
  33:Drivers/STM32F4xx_HAL_Driver/Src/stm32f4xx_hal_dac_ex.c ****           Channel 1 and Channel 2.
  34:Drivers/STM32F4xx_HAL_Driver/Src/stm32f4xx_hal_dac_ex.c **** 
  35:Drivers/STM32F4xx_HAL_Driver/Src/stm32f4xx_hal_dac_ex.c ****      *** Signal generation operation ***
  36:Drivers/STM32F4xx_HAL_Driver/Src/stm32f4xx_hal_dac_ex.c ****      ===================================
  37:Drivers/STM32F4xx_HAL_Driver/Src/stm32f4xx_hal_dac_ex.c ****      [..]
  38:Drivers/STM32F4xx_HAL_Driver/Src/stm32f4xx_hal_dac_ex.c ****       (+) Use HAL_DACEx_TriangleWaveGenerate() to generate Triangle signal.
  39:Drivers/STM32F4xx_HAL_Driver/Src/stm32f4xx_hal_dac_ex.c ****       (+) Use HAL_DACEx_NoiseWaveGenerate() to generate Noise signal.
  40:Drivers/STM32F4xx_HAL_Driver/Src/stm32f4xx_hal_dac_ex.c **** 
  41:Drivers/STM32F4xx_HAL_Driver/Src/stm32f4xx_hal_dac_ex.c ****  @endverbatim
  42:Drivers/STM32F4xx_HAL_Driver/Src/stm32f4xx_hal_dac_ex.c ****   ******************************************************************************
  43:Drivers/STM32F4xx_HAL_Driver/Src/stm32f4xx_hal_dac_ex.c ****   */
  44:Drivers/STM32F4xx_HAL_Driver/Src/stm32f4xx_hal_dac_ex.c **** 
  45:Drivers/STM32F4xx_HAL_Driver/Src/stm32f4xx_hal_dac_ex.c **** 
  46:Drivers/STM32F4xx_HAL_Driver/Src/stm32f4xx_hal_dac_ex.c **** /* Includes ------------------------------------------------------------------*/
  47:Drivers/STM32F4xx_HAL_Driver/Src/stm32f4xx_hal_dac_ex.c **** #include "stm32f4xx_hal.h"
  48:Drivers/STM32F4xx_HAL_Driver/Src/stm32f4xx_hal_dac_ex.c **** 
  49:Drivers/STM32F4xx_HAL_Driver/Src/stm32f4xx_hal_dac_ex.c **** /** @addtogroup STM32F4xx_HAL_Driver
  50:Drivers/STM32F4xx_HAL_Driver/Src/stm32f4xx_hal_dac_ex.c ****   * @{
  51:Drivers/STM32F4xx_HAL_Driver/Src/stm32f4xx_hal_dac_ex.c ****   */
  52:Drivers/STM32F4xx_HAL_Driver/Src/stm32f4xx_hal_dac_ex.c **** 
  53:Drivers/STM32F4xx_HAL_Driver/Src/stm32f4xx_hal_dac_ex.c **** #ifdef HAL_DAC_MODULE_ENABLED
  54:Drivers/STM32F4xx_HAL_Driver/Src/stm32f4xx_hal_dac_ex.c **** 
  55:Drivers/STM32F4xx_HAL_Driver/Src/stm32f4xx_hal_dac_ex.c **** #if defined(DAC)
  56:Drivers/STM32F4xx_HAL_Driver/Src/stm32f4xx_hal_dac_ex.c **** 
  57:Drivers/STM32F4xx_HAL_Driver/Src/stm32f4xx_hal_dac_ex.c **** /** @defgroup DACEx DACEx
  58:Drivers/STM32F4xx_HAL_Driver/Src/stm32f4xx_hal_dac_ex.c ****   * @brief DAC Extended HAL module driver
  59:Drivers/STM32F4xx_HAL_Driver/Src/stm32f4xx_hal_dac_ex.c ****   * @{
  60:Drivers/STM32F4xx_HAL_Driver/Src/stm32f4xx_hal_dac_ex.c ****   */
  61:Drivers/STM32F4xx_HAL_Driver/Src/stm32f4xx_hal_dac_ex.c **** 
  62:Drivers/STM32F4xx_HAL_Driver/Src/stm32f4xx_hal_dac_ex.c **** /* Private typedef -----------------------------------------------------------*/
  63:Drivers/STM32F4xx_HAL_Driver/Src/stm32f4xx_hal_dac_ex.c **** /* Private define ------------------------------------------------------------*/
  64:Drivers/STM32F4xx_HAL_Driver/Src/stm32f4xx_hal_dac_ex.c **** /* Private macro -------------------------------------------------------------*/
  65:Drivers/STM32F4xx_HAL_Driver/Src/stm32f4xx_hal_dac_ex.c **** /* Private variables ---------------------------------------------------------*/
  66:Drivers/STM32F4xx_HAL_Driver/Src/stm32f4xx_hal_dac_ex.c **** /* Private function prototypes -----------------------------------------------*/
  67:Drivers/STM32F4xx_HAL_Driver/Src/stm32f4xx_hal_dac_ex.c **** /* Exported functions --------------------------------------------------------*/
  68:Drivers/STM32F4xx_HAL_Driver/Src/stm32f4xx_hal_dac_ex.c **** 
  69:Drivers/STM32F4xx_HAL_Driver/Src/stm32f4xx_hal_dac_ex.c **** /** @defgroup DACEx_Exported_Functions DACEx Exported Functions
  70:Drivers/STM32F4xx_HAL_Driver/Src/stm32f4xx_hal_dac_ex.c ****   * @{
  71:Drivers/STM32F4xx_HAL_Driver/Src/stm32f4xx_hal_dac_ex.c ****   */
  72:Drivers/STM32F4xx_HAL_Driver/Src/stm32f4xx_hal_dac_ex.c **** 
  73:Drivers/STM32F4xx_HAL_Driver/Src/stm32f4xx_hal_dac_ex.c **** /** @defgroup DACEx_Exported_Functions_Group2 IO operation functions
  74:Drivers/STM32F4xx_HAL_Driver/Src/stm32f4xx_hal_dac_ex.c ****   *  @brief    Extended IO operation functions
  75:Drivers/STM32F4xx_HAL_Driver/Src/stm32f4xx_hal_dac_ex.c ****   *
  76:Drivers/STM32F4xx_HAL_Driver/Src/stm32f4xx_hal_dac_ex.c **** @verbatim
  77:Drivers/STM32F4xx_HAL_Driver/Src/stm32f4xx_hal_dac_ex.c ****   ==============================================================================
  78:Drivers/STM32F4xx_HAL_Driver/Src/stm32f4xx_hal_dac_ex.c ****                  ##### Extended features functions #####
  79:Drivers/STM32F4xx_HAL_Driver/Src/stm32f4xx_hal_dac_ex.c ****   ==============================================================================
  80:Drivers/STM32F4xx_HAL_Driver/Src/stm32f4xx_hal_dac_ex.c ****     [..]  This section provides functions allowing to:
  81:Drivers/STM32F4xx_HAL_Driver/Src/stm32f4xx_hal_dac_ex.c ****       (+) Start conversion.
  82:Drivers/STM32F4xx_HAL_Driver/Src/stm32f4xx_hal_dac_ex.c ****       (+) Stop conversion.
  83:Drivers/STM32F4xx_HAL_Driver/Src/stm32f4xx_hal_dac_ex.c ****       (+) Start conversion and enable DMA transfer.
  84:Drivers/STM32F4xx_HAL_Driver/Src/stm32f4xx_hal_dac_ex.c ****       (+) Stop conversion and disable DMA transfer.
  85:Drivers/STM32F4xx_HAL_Driver/Src/stm32f4xx_hal_dac_ex.c ****       (+) Get result of conversion.
  86:Drivers/STM32F4xx_HAL_Driver/Src/stm32f4xx_hal_dac_ex.c ****       (+) Get result of dual mode conversion.
ARM GAS  C:\Users\z0147233\AppData\Local\Temp\ccmEaPhk.s 			page 3


  87:Drivers/STM32F4xx_HAL_Driver/Src/stm32f4xx_hal_dac_ex.c **** 
  88:Drivers/STM32F4xx_HAL_Driver/Src/stm32f4xx_hal_dac_ex.c **** @endverbatim
  89:Drivers/STM32F4xx_HAL_Driver/Src/stm32f4xx_hal_dac_ex.c ****   * @{
  90:Drivers/STM32F4xx_HAL_Driver/Src/stm32f4xx_hal_dac_ex.c ****   */
  91:Drivers/STM32F4xx_HAL_Driver/Src/stm32f4xx_hal_dac_ex.c **** 
  92:Drivers/STM32F4xx_HAL_Driver/Src/stm32f4xx_hal_dac_ex.c **** #if defined(DAC_CHANNEL2_SUPPORT)
  93:Drivers/STM32F4xx_HAL_Driver/Src/stm32f4xx_hal_dac_ex.c **** /**
  94:Drivers/STM32F4xx_HAL_Driver/Src/stm32f4xx_hal_dac_ex.c ****   * @brief  Enables DAC and starts conversion of both channels.
  95:Drivers/STM32F4xx_HAL_Driver/Src/stm32f4xx_hal_dac_ex.c ****   * @param  hdac pointer to a DAC_HandleTypeDef structure that contains
  96:Drivers/STM32F4xx_HAL_Driver/Src/stm32f4xx_hal_dac_ex.c ****   *         the configuration information for the specified DAC.
  97:Drivers/STM32F4xx_HAL_Driver/Src/stm32f4xx_hal_dac_ex.c ****   * @retval HAL status
  98:Drivers/STM32F4xx_HAL_Driver/Src/stm32f4xx_hal_dac_ex.c ****   */
  99:Drivers/STM32F4xx_HAL_Driver/Src/stm32f4xx_hal_dac_ex.c **** HAL_StatusTypeDef HAL_DACEx_DualStart(DAC_HandleTypeDef *hdac)
 100:Drivers/STM32F4xx_HAL_Driver/Src/stm32f4xx_hal_dac_ex.c **** {
  30              		.loc 1 100 1 view -0
  31              		.cfi_startproc
  32              		@ args = 0, pretend = 0, frame = 0
  33              		@ frame_needed = 0, uses_anonymous_args = 0
  34              		@ link register save eliminated.
 101:Drivers/STM32F4xx_HAL_Driver/Src/stm32f4xx_hal_dac_ex.c ****   uint32_t tmp_swtrig = 0UL;
  35              		.loc 1 101 3 view .LVU1
 102:Drivers/STM32F4xx_HAL_Driver/Src/stm32f4xx_hal_dac_ex.c **** 
 103:Drivers/STM32F4xx_HAL_Driver/Src/stm32f4xx_hal_dac_ex.c **** 
 104:Drivers/STM32F4xx_HAL_Driver/Src/stm32f4xx_hal_dac_ex.c ****   /* Process locked */
 105:Drivers/STM32F4xx_HAL_Driver/Src/stm32f4xx_hal_dac_ex.c ****   __HAL_LOCK(hdac);
  36              		.loc 1 105 3 view .LVU2
  37              		.loc 1 105 3 view .LVU3
  38 0000 4379     		ldrb	r3, [r0, #5]	@ zero_extendqisi2
  39 0002 012B     		cmp	r3, #1
  40 0004 2BD0     		beq	.L5
  41              		.loc 1 105 3 discriminator 2 view .LVU4
  42 0006 0123     		movs	r3, #1
  43 0008 4371     		strb	r3, [r0, #5]
  44              		.loc 1 105 3 discriminator 2 view .LVU5
 106:Drivers/STM32F4xx_HAL_Driver/Src/stm32f4xx_hal_dac_ex.c **** 
 107:Drivers/STM32F4xx_HAL_Driver/Src/stm32f4xx_hal_dac_ex.c ****   /* Change DAC state */
 108:Drivers/STM32F4xx_HAL_Driver/Src/stm32f4xx_hal_dac_ex.c ****   hdac->State = HAL_DAC_STATE_BUSY;
  45              		.loc 1 108 3 discriminator 2 view .LVU6
  46              		.loc 1 108 15 is_stmt 0 discriminator 2 view .LVU7
  47 000a 0223     		movs	r3, #2
  48 000c 0371     		strb	r3, [r0, #4]
 109:Drivers/STM32F4xx_HAL_Driver/Src/stm32f4xx_hal_dac_ex.c **** 
 110:Drivers/STM32F4xx_HAL_Driver/Src/stm32f4xx_hal_dac_ex.c ****   /* Enable the Peripheral */
 111:Drivers/STM32F4xx_HAL_Driver/Src/stm32f4xx_hal_dac_ex.c ****   __HAL_DAC_ENABLE(hdac, DAC_CHANNEL_1);
  49              		.loc 1 111 3 is_stmt 1 discriminator 2 view .LVU8
  50 000e 0268     		ldr	r2, [r0]
  51 0010 1368     		ldr	r3, [r2]
  52 0012 43F00103 		orr	r3, r3, #1
  53 0016 1360     		str	r3, [r2]
 112:Drivers/STM32F4xx_HAL_Driver/Src/stm32f4xx_hal_dac_ex.c ****   __HAL_DAC_ENABLE(hdac, DAC_CHANNEL_2);
  54              		.loc 1 112 3 discriminator 2 view .LVU9
  55 0018 0268     		ldr	r2, [r0]
  56 001a 1368     		ldr	r3, [r2]
  57 001c 43F48033 		orr	r3, r3, #65536
  58 0020 1360     		str	r3, [r2]
 113:Drivers/STM32F4xx_HAL_Driver/Src/stm32f4xx_hal_dac_ex.c **** 
 114:Drivers/STM32F4xx_HAL_Driver/Src/stm32f4xx_hal_dac_ex.c ****   /* Check if software trigger enabled */
ARM GAS  C:\Users\z0147233\AppData\Local\Temp\ccmEaPhk.s 			page 4


 115:Drivers/STM32F4xx_HAL_Driver/Src/stm32f4xx_hal_dac_ex.c ****   if ((hdac->Instance->CR & (DAC_CR_TEN1 | DAC_CR_TSEL1)) == DAC_TRIGGER_SOFTWARE)
  59              		.loc 1 115 3 discriminator 2 view .LVU10
  60              		.loc 1 115 12 is_stmt 0 discriminator 2 view .LVU11
  61 0022 0368     		ldr	r3, [r0]
  62              		.loc 1 115 22 discriminator 2 view .LVU12
  63 0024 1A68     		ldr	r2, [r3]
  64              		.loc 1 115 27 discriminator 2 view .LVU13
  65 0026 02F03C02 		and	r2, r2, #60
  66              		.loc 1 115 6 discriminator 2 view .LVU14
  67 002a 3C2A     		cmp	r2, #60
  68 002c 11D0     		beq	.L6
 101:Drivers/STM32F4xx_HAL_Driver/Src/stm32f4xx_hal_dac_ex.c **** 
  69              		.loc 1 101 12 view .LVU15
  70 002e 4FF0000C 		mov	ip, #0
  71              	.L3:
  72              	.LVL1:
 116:Drivers/STM32F4xx_HAL_Driver/Src/stm32f4xx_hal_dac_ex.c ****   {
 117:Drivers/STM32F4xx_HAL_Driver/Src/stm32f4xx_hal_dac_ex.c ****     tmp_swtrig |= DAC_SWTRIGR_SWTRIG1;
 118:Drivers/STM32F4xx_HAL_Driver/Src/stm32f4xx_hal_dac_ex.c ****   }
 119:Drivers/STM32F4xx_HAL_Driver/Src/stm32f4xx_hal_dac_ex.c ****   if ((hdac->Instance->CR & (DAC_CR_TEN2 | DAC_CR_TSEL2)) == (DAC_TRIGGER_SOFTWARE << (DAC_CHANNEL_
  73              		.loc 1 119 3 is_stmt 1 view .LVU16
  74              		.loc 1 119 22 is_stmt 0 view .LVU17
  75 0032 1968     		ldr	r1, [r3]
  76              		.loc 1 119 27 view .LVU18
  77 0034 01F47011 		and	r1, r1, #3932160
  78              		.loc 1 119 6 view .LVU19
  79 0038 B1F5701F 		cmp	r1, #3932160
  80 003c 0CD0     		beq	.L7
  81              	.L4:
 120:Drivers/STM32F4xx_HAL_Driver/Src/stm32f4xx_hal_dac_ex.c ****   {
 121:Drivers/STM32F4xx_HAL_Driver/Src/stm32f4xx_hal_dac_ex.c ****     tmp_swtrig |= DAC_SWTRIGR_SWTRIG2;
 122:Drivers/STM32F4xx_HAL_Driver/Src/stm32f4xx_hal_dac_ex.c ****   }
 123:Drivers/STM32F4xx_HAL_Driver/Src/stm32f4xx_hal_dac_ex.c ****   /* Enable the selected DAC software conversion*/
 124:Drivers/STM32F4xx_HAL_Driver/Src/stm32f4xx_hal_dac_ex.c ****   SET_BIT(hdac->Instance->SWTRIGR, tmp_swtrig);
  82              		.loc 1 124 3 is_stmt 1 view .LVU20
  83 003e 5A68     		ldr	r2, [r3, #4]
  84 0040 42EA0C02 		orr	r2, r2, ip
  85 0044 5A60     		str	r2, [r3, #4]
 125:Drivers/STM32F4xx_HAL_Driver/Src/stm32f4xx_hal_dac_ex.c **** 
 126:Drivers/STM32F4xx_HAL_Driver/Src/stm32f4xx_hal_dac_ex.c ****   /* Change DAC state */
 127:Drivers/STM32F4xx_HAL_Driver/Src/stm32f4xx_hal_dac_ex.c ****   hdac->State = HAL_DAC_STATE_READY;
  86              		.loc 1 127 3 view .LVU21
  87              		.loc 1 127 15 is_stmt 0 view .LVU22
  88 0046 0123     		movs	r3, #1
  89 0048 0371     		strb	r3, [r0, #4]
 128:Drivers/STM32F4xx_HAL_Driver/Src/stm32f4xx_hal_dac_ex.c **** 
 129:Drivers/STM32F4xx_HAL_Driver/Src/stm32f4xx_hal_dac_ex.c ****   /* Process unlocked */
 130:Drivers/STM32F4xx_HAL_Driver/Src/stm32f4xx_hal_dac_ex.c ****   __HAL_UNLOCK(hdac);
  90              		.loc 1 130 3 is_stmt 1 view .LVU23
  91              		.loc 1 130 3 view .LVU24
  92 004a 0023     		movs	r3, #0
  93 004c 4371     		strb	r3, [r0, #5]
  94              		.loc 1 130 3 view .LVU25
 131:Drivers/STM32F4xx_HAL_Driver/Src/stm32f4xx_hal_dac_ex.c **** 
 132:Drivers/STM32F4xx_HAL_Driver/Src/stm32f4xx_hal_dac_ex.c ****   /* Return function status */
 133:Drivers/STM32F4xx_HAL_Driver/Src/stm32f4xx_hal_dac_ex.c ****   return HAL_OK;
  95              		.loc 1 133 3 view .LVU26
ARM GAS  C:\Users\z0147233\AppData\Local\Temp\ccmEaPhk.s 			page 5


  96              		.loc 1 133 10 is_stmt 0 view .LVU27
  97 004e 1846     		mov	r0, r3
  98              	.LVL2:
  99              		.loc 1 133 10 view .LVU28
 100 0050 7047     		bx	lr
 101              	.LVL3:
 102              	.L6:
 117:Drivers/STM32F4xx_HAL_Driver/Src/stm32f4xx_hal_dac_ex.c ****   }
 103              		.loc 1 117 16 view .LVU29
 104 0052 4FF0010C 		mov	ip, #1
 105 0056 ECE7     		b	.L3
 106              	.LVL4:
 107              	.L7:
 121:Drivers/STM32F4xx_HAL_Driver/Src/stm32f4xx_hal_dac_ex.c ****   }
 108              		.loc 1 121 5 is_stmt 1 view .LVU30
 121:Drivers/STM32F4xx_HAL_Driver/Src/stm32f4xx_hal_dac_ex.c ****   }
 109              		.loc 1 121 16 is_stmt 0 view .LVU31
 110 0058 4CF0020C 		orr	ip, ip, #2
 111              	.LVL5:
 121:Drivers/STM32F4xx_HAL_Driver/Src/stm32f4xx_hal_dac_ex.c ****   }
 112              		.loc 1 121 16 view .LVU32
 113 005c EFE7     		b	.L4
 114              	.LVL6:
 115              	.L5:
 105:Drivers/STM32F4xx_HAL_Driver/Src/stm32f4xx_hal_dac_ex.c **** 
 116              		.loc 1 105 3 view .LVU33
 117 005e 0220     		movs	r0, #2
 118              	.LVL7:
 134:Drivers/STM32F4xx_HAL_Driver/Src/stm32f4xx_hal_dac_ex.c **** }
 119              		.loc 1 134 1 view .LVU34
 120 0060 7047     		bx	lr
 121              		.cfi_endproc
 122              	.LFE235:
 124              		.section	.text.HAL_DACEx_DualStop,"ax",%progbits
 125              		.align	1
 126              		.global	HAL_DACEx_DualStop
 127              		.syntax unified
 128              		.thumb
 129              		.thumb_func
 131              	HAL_DACEx_DualStop:
 132              	.LVL8:
 133              	.LFB236:
 135:Drivers/STM32F4xx_HAL_Driver/Src/stm32f4xx_hal_dac_ex.c **** 
 136:Drivers/STM32F4xx_HAL_Driver/Src/stm32f4xx_hal_dac_ex.c **** /**
 137:Drivers/STM32F4xx_HAL_Driver/Src/stm32f4xx_hal_dac_ex.c ****   * @brief  Disables DAC and stop conversion of both channels.
 138:Drivers/STM32F4xx_HAL_Driver/Src/stm32f4xx_hal_dac_ex.c ****   * @param  hdac pointer to a DAC_HandleTypeDef structure that contains
 139:Drivers/STM32F4xx_HAL_Driver/Src/stm32f4xx_hal_dac_ex.c ****   *         the configuration information for the specified DAC.
 140:Drivers/STM32F4xx_HAL_Driver/Src/stm32f4xx_hal_dac_ex.c ****   * @retval HAL status
 141:Drivers/STM32F4xx_HAL_Driver/Src/stm32f4xx_hal_dac_ex.c ****   */
 142:Drivers/STM32F4xx_HAL_Driver/Src/stm32f4xx_hal_dac_ex.c **** HAL_StatusTypeDef HAL_DACEx_DualStop(DAC_HandleTypeDef *hdac)
 143:Drivers/STM32F4xx_HAL_Driver/Src/stm32f4xx_hal_dac_ex.c **** {
 134              		.loc 1 143 1 is_stmt 1 view -0
 135              		.cfi_startproc
 136              		@ args = 0, pretend = 0, frame = 0
 137              		@ frame_needed = 0, uses_anonymous_args = 0
 138              		@ link register save eliminated.
 144:Drivers/STM32F4xx_HAL_Driver/Src/stm32f4xx_hal_dac_ex.c **** 
ARM GAS  C:\Users\z0147233\AppData\Local\Temp\ccmEaPhk.s 			page 6


 145:Drivers/STM32F4xx_HAL_Driver/Src/stm32f4xx_hal_dac_ex.c ****   /* Disable the Peripheral */
 146:Drivers/STM32F4xx_HAL_Driver/Src/stm32f4xx_hal_dac_ex.c ****   __HAL_DAC_DISABLE(hdac, DAC_CHANNEL_1);
 139              		.loc 1 146 3 view .LVU36
 140 0000 0268     		ldr	r2, [r0]
 141 0002 1368     		ldr	r3, [r2]
 142 0004 23F00103 		bic	r3, r3, #1
 143 0008 1360     		str	r3, [r2]
 147:Drivers/STM32F4xx_HAL_Driver/Src/stm32f4xx_hal_dac_ex.c ****   __HAL_DAC_DISABLE(hdac, DAC_CHANNEL_2);
 144              		.loc 1 147 3 view .LVU37
 145 000a 0268     		ldr	r2, [r0]
 146 000c 1368     		ldr	r3, [r2]
 147 000e 23F48033 		bic	r3, r3, #65536
 148 0012 1360     		str	r3, [r2]
 148:Drivers/STM32F4xx_HAL_Driver/Src/stm32f4xx_hal_dac_ex.c **** 
 149:Drivers/STM32F4xx_HAL_Driver/Src/stm32f4xx_hal_dac_ex.c ****   /* Change DAC state */
 150:Drivers/STM32F4xx_HAL_Driver/Src/stm32f4xx_hal_dac_ex.c ****   hdac->State = HAL_DAC_STATE_READY;
 149              		.loc 1 150 3 view .LVU38
 150              		.loc 1 150 15 is_stmt 0 view .LVU39
 151 0014 0123     		movs	r3, #1
 152 0016 0371     		strb	r3, [r0, #4]
 151:Drivers/STM32F4xx_HAL_Driver/Src/stm32f4xx_hal_dac_ex.c **** 
 152:Drivers/STM32F4xx_HAL_Driver/Src/stm32f4xx_hal_dac_ex.c ****   /* Return function status */
 153:Drivers/STM32F4xx_HAL_Driver/Src/stm32f4xx_hal_dac_ex.c ****   return HAL_OK;
 153              		.loc 1 153 3 is_stmt 1 view .LVU40
 154:Drivers/STM32F4xx_HAL_Driver/Src/stm32f4xx_hal_dac_ex.c **** }
 154              		.loc 1 154 1 is_stmt 0 view .LVU41
 155 0018 0020     		movs	r0, #0
 156              	.LVL9:
 157              		.loc 1 154 1 view .LVU42
 158 001a 7047     		bx	lr
 159              		.cfi_endproc
 160              	.LFE236:
 162              		.section	.text.HAL_DACEx_TriangleWaveGenerate,"ax",%progbits
 163              		.align	1
 164              		.global	HAL_DACEx_TriangleWaveGenerate
 165              		.syntax unified
 166              		.thumb
 167              		.thumb_func
 169              	HAL_DACEx_TriangleWaveGenerate:
 170              	.LVL10:
 171              	.LFB237:
 155:Drivers/STM32F4xx_HAL_Driver/Src/stm32f4xx_hal_dac_ex.c **** #endif /* DAC_CHANNEL2_SUPPORT */
 156:Drivers/STM32F4xx_HAL_Driver/Src/stm32f4xx_hal_dac_ex.c **** 
 157:Drivers/STM32F4xx_HAL_Driver/Src/stm32f4xx_hal_dac_ex.c **** /**
 158:Drivers/STM32F4xx_HAL_Driver/Src/stm32f4xx_hal_dac_ex.c ****   * @brief  Enable or disable the selected DAC channel wave generation.
 159:Drivers/STM32F4xx_HAL_Driver/Src/stm32f4xx_hal_dac_ex.c ****   * @param  hdac pointer to a DAC_HandleTypeDef structure that contains
 160:Drivers/STM32F4xx_HAL_Driver/Src/stm32f4xx_hal_dac_ex.c ****   *         the configuration information for the specified DAC.
 161:Drivers/STM32F4xx_HAL_Driver/Src/stm32f4xx_hal_dac_ex.c ****   * @param  Channel The selected DAC channel.
 162:Drivers/STM32F4xx_HAL_Driver/Src/stm32f4xx_hal_dac_ex.c ****   *          This parameter can be one of the following values:
 163:Drivers/STM32F4xx_HAL_Driver/Src/stm32f4xx_hal_dac_ex.c ****   *            @arg DAC_CHANNEL_1: DAC Channel1 selected
 164:Drivers/STM32F4xx_HAL_Driver/Src/stm32f4xx_hal_dac_ex.c ****   *            @arg DAC_CHANNEL_2: DAC Channel2 selected
 165:Drivers/STM32F4xx_HAL_Driver/Src/stm32f4xx_hal_dac_ex.c ****   * @param  Amplitude Select max triangle amplitude.
 166:Drivers/STM32F4xx_HAL_Driver/Src/stm32f4xx_hal_dac_ex.c ****   *          This parameter can be one of the following values:
 167:Drivers/STM32F4xx_HAL_Driver/Src/stm32f4xx_hal_dac_ex.c ****   *            @arg DAC_TRIANGLEAMPLITUDE_1: Select max triangle amplitude of 1
 168:Drivers/STM32F4xx_HAL_Driver/Src/stm32f4xx_hal_dac_ex.c ****   *            @arg DAC_TRIANGLEAMPLITUDE_3: Select max triangle amplitude of 3
 169:Drivers/STM32F4xx_HAL_Driver/Src/stm32f4xx_hal_dac_ex.c ****   *            @arg DAC_TRIANGLEAMPLITUDE_7: Select max triangle amplitude of 7
 170:Drivers/STM32F4xx_HAL_Driver/Src/stm32f4xx_hal_dac_ex.c ****   *            @arg DAC_TRIANGLEAMPLITUDE_15: Select max triangle amplitude of 15
ARM GAS  C:\Users\z0147233\AppData\Local\Temp\ccmEaPhk.s 			page 7


 171:Drivers/STM32F4xx_HAL_Driver/Src/stm32f4xx_hal_dac_ex.c ****   *            @arg DAC_TRIANGLEAMPLITUDE_31: Select max triangle amplitude of 31
 172:Drivers/STM32F4xx_HAL_Driver/Src/stm32f4xx_hal_dac_ex.c ****   *            @arg DAC_TRIANGLEAMPLITUDE_63: Select max triangle amplitude of 63
 173:Drivers/STM32F4xx_HAL_Driver/Src/stm32f4xx_hal_dac_ex.c ****   *            @arg DAC_TRIANGLEAMPLITUDE_127: Select max triangle amplitude of 127
 174:Drivers/STM32F4xx_HAL_Driver/Src/stm32f4xx_hal_dac_ex.c ****   *            @arg DAC_TRIANGLEAMPLITUDE_255: Select max triangle amplitude of 255
 175:Drivers/STM32F4xx_HAL_Driver/Src/stm32f4xx_hal_dac_ex.c ****   *            @arg DAC_TRIANGLEAMPLITUDE_511: Select max triangle amplitude of 511
 176:Drivers/STM32F4xx_HAL_Driver/Src/stm32f4xx_hal_dac_ex.c ****   *            @arg DAC_TRIANGLEAMPLITUDE_1023: Select max triangle amplitude of 1023
 177:Drivers/STM32F4xx_HAL_Driver/Src/stm32f4xx_hal_dac_ex.c ****   *            @arg DAC_TRIANGLEAMPLITUDE_2047: Select max triangle amplitude of 2047
 178:Drivers/STM32F4xx_HAL_Driver/Src/stm32f4xx_hal_dac_ex.c ****   *            @arg DAC_TRIANGLEAMPLITUDE_4095: Select max triangle amplitude of 4095
 179:Drivers/STM32F4xx_HAL_Driver/Src/stm32f4xx_hal_dac_ex.c ****   * @retval HAL status
 180:Drivers/STM32F4xx_HAL_Driver/Src/stm32f4xx_hal_dac_ex.c ****   */
 181:Drivers/STM32F4xx_HAL_Driver/Src/stm32f4xx_hal_dac_ex.c **** HAL_StatusTypeDef HAL_DACEx_TriangleWaveGenerate(DAC_HandleTypeDef *hdac, uint32_t Channel, uint32_
 182:Drivers/STM32F4xx_HAL_Driver/Src/stm32f4xx_hal_dac_ex.c **** {
 172              		.loc 1 182 1 is_stmt 1 view -0
 173              		.cfi_startproc
 174              		@ args = 0, pretend = 0, frame = 0
 175              		@ frame_needed = 0, uses_anonymous_args = 0
 183:Drivers/STM32F4xx_HAL_Driver/Src/stm32f4xx_hal_dac_ex.c ****   /* Check the parameters */
 184:Drivers/STM32F4xx_HAL_Driver/Src/stm32f4xx_hal_dac_ex.c ****   assert_param(IS_DAC_CHANNEL(Channel));
 176              		.loc 1 184 3 view .LVU44
 185:Drivers/STM32F4xx_HAL_Driver/Src/stm32f4xx_hal_dac_ex.c ****   assert_param(IS_DAC_LFSR_UNMASK_TRIANGLE_AMPLITUDE(Amplitude));
 177              		.loc 1 185 3 view .LVU45
 186:Drivers/STM32F4xx_HAL_Driver/Src/stm32f4xx_hal_dac_ex.c **** 
 187:Drivers/STM32F4xx_HAL_Driver/Src/stm32f4xx_hal_dac_ex.c ****   /* Process locked */
 188:Drivers/STM32F4xx_HAL_Driver/Src/stm32f4xx_hal_dac_ex.c ****   __HAL_LOCK(hdac);
 178              		.loc 1 188 3 view .LVU46
 179              		.loc 1 188 3 view .LVU47
 180 0000 4379     		ldrb	r3, [r0, #5]	@ zero_extendqisi2
 181 0002 012B     		cmp	r3, #1
 182 0004 1BD0     		beq	.L11
 182:Drivers/STM32F4xx_HAL_Driver/Src/stm32f4xx_hal_dac_ex.c ****   /* Check the parameters */
 183              		.loc 1 182 1 is_stmt 0 discriminator 2 view .LVU48
 184 0006 10B5     		push	{r4, lr}
 185              	.LCFI0:
 186              		.cfi_def_cfa_offset 8
 187              		.cfi_offset 4, -8
 188              		.cfi_offset 14, -4
 189              		.loc 1 188 3 is_stmt 1 discriminator 2 view .LVU49
 190 0008 4FF0010E 		mov	lr, #1
 191 000c 80F805E0 		strb	lr, [r0, #5]
 192              		.loc 1 188 3 discriminator 2 view .LVU50
 189:Drivers/STM32F4xx_HAL_Driver/Src/stm32f4xx_hal_dac_ex.c **** 
 190:Drivers/STM32F4xx_HAL_Driver/Src/stm32f4xx_hal_dac_ex.c ****   /* Change DAC state */
 191:Drivers/STM32F4xx_HAL_Driver/Src/stm32f4xx_hal_dac_ex.c ****   hdac->State = HAL_DAC_STATE_BUSY;
 193              		.loc 1 191 3 discriminator 2 view .LVU51
 194              		.loc 1 191 15 is_stmt 0 discriminator 2 view .LVU52
 195 0010 0223     		movs	r3, #2
 196 0012 0371     		strb	r3, [r0, #4]
 192:Drivers/STM32F4xx_HAL_Driver/Src/stm32f4xx_hal_dac_ex.c **** 
 193:Drivers/STM32F4xx_HAL_Driver/Src/stm32f4xx_hal_dac_ex.c ****   /* Enable the triangle wave generation for the selected DAC channel */
 194:Drivers/STM32F4xx_HAL_Driver/Src/stm32f4xx_hal_dac_ex.c ****   MODIFY_REG(hdac->Instance->CR, ((DAC_CR_WAVE1) | (DAC_CR_MAMP1)) << (Channel & 0x10UL),
 197              		.loc 1 194 3 is_stmt 1 discriminator 2 view .LVU53
 198 0014 0468     		ldr	r4, [r0]
 199 0016 2368     		ldr	r3, [r4]
 200 0018 01F01001 		and	r1, r1, #16
 201              	.LVL11:
 202              		.loc 1 194 3 is_stmt 0 discriminator 2 view .LVU54
 203 001c 4FF47C6C 		mov	ip, #4032
ARM GAS  C:\Users\z0147233\AppData\Local\Temp\ccmEaPhk.s 			page 8


 204 0020 0CFA01FC 		lsl	ip, ip, r1
 205 0024 23EA0C03 		bic	r3, r3, ip
 206 0028 42F08002 		orr	r2, r2, #128
 207              	.LVL12:
 208              		.loc 1 194 3 discriminator 2 view .LVU55
 209 002c 8A40     		lsls	r2, r2, r1
 210 002e 1A43     		orrs	r2, r2, r3
 211 0030 2260     		str	r2, [r4]
 195:Drivers/STM32F4xx_HAL_Driver/Src/stm32f4xx_hal_dac_ex.c ****              (DAC_CR_WAVE1_1 | Amplitude) << (Channel & 0x10UL));
 196:Drivers/STM32F4xx_HAL_Driver/Src/stm32f4xx_hal_dac_ex.c **** 
 197:Drivers/STM32F4xx_HAL_Driver/Src/stm32f4xx_hal_dac_ex.c ****   /* Change DAC state */
 198:Drivers/STM32F4xx_HAL_Driver/Src/stm32f4xx_hal_dac_ex.c ****   hdac->State = HAL_DAC_STATE_READY;
 212              		.loc 1 198 3 is_stmt 1 discriminator 2 view .LVU56
 213              		.loc 1 198 15 is_stmt 0 discriminator 2 view .LVU57
 214 0032 80F804E0 		strb	lr, [r0, #4]
 199:Drivers/STM32F4xx_HAL_Driver/Src/stm32f4xx_hal_dac_ex.c **** 
 200:Drivers/STM32F4xx_HAL_Driver/Src/stm32f4xx_hal_dac_ex.c ****   /* Process unlocked */
 201:Drivers/STM32F4xx_HAL_Driver/Src/stm32f4xx_hal_dac_ex.c ****   __HAL_UNLOCK(hdac);
 215              		.loc 1 201 3 is_stmt 1 discriminator 2 view .LVU58
 216              		.loc 1 201 3 discriminator 2 view .LVU59
 217 0036 0023     		movs	r3, #0
 218 0038 4371     		strb	r3, [r0, #5]
 219              		.loc 1 201 3 discriminator 2 view .LVU60
 202:Drivers/STM32F4xx_HAL_Driver/Src/stm32f4xx_hal_dac_ex.c **** 
 203:Drivers/STM32F4xx_HAL_Driver/Src/stm32f4xx_hal_dac_ex.c ****   /* Return function status */
 204:Drivers/STM32F4xx_HAL_Driver/Src/stm32f4xx_hal_dac_ex.c ****   return HAL_OK;
 220              		.loc 1 204 3 discriminator 2 view .LVU61
 221              		.loc 1 204 10 is_stmt 0 discriminator 2 view .LVU62
 222 003a 1846     		mov	r0, r3
 223              	.LVL13:
 205:Drivers/STM32F4xx_HAL_Driver/Src/stm32f4xx_hal_dac_ex.c **** }
 224              		.loc 1 205 1 discriminator 2 view .LVU63
 225 003c 10BD     		pop	{r4, pc}
 226              	.LVL14:
 227              	.L11:
 228              	.LCFI1:
 229              		.cfi_def_cfa_offset 0
 230              		.cfi_restore 4
 231              		.cfi_restore 14
 188:Drivers/STM32F4xx_HAL_Driver/Src/stm32f4xx_hal_dac_ex.c **** 
 232              		.loc 1 188 3 view .LVU64
 233 003e 0220     		movs	r0, #2
 234              	.LVL15:
 235              		.loc 1 205 1 view .LVU65
 236 0040 7047     		bx	lr
 237              		.cfi_endproc
 238              	.LFE237:
 240              		.section	.text.HAL_DACEx_NoiseWaveGenerate,"ax",%progbits
 241              		.align	1
 242              		.global	HAL_DACEx_NoiseWaveGenerate
 243              		.syntax unified
 244              		.thumb
 245              		.thumb_func
 247              	HAL_DACEx_NoiseWaveGenerate:
 248              	.LVL16:
 249              	.LFB238:
 206:Drivers/STM32F4xx_HAL_Driver/Src/stm32f4xx_hal_dac_ex.c **** 
ARM GAS  C:\Users\z0147233\AppData\Local\Temp\ccmEaPhk.s 			page 9


 207:Drivers/STM32F4xx_HAL_Driver/Src/stm32f4xx_hal_dac_ex.c **** /**
 208:Drivers/STM32F4xx_HAL_Driver/Src/stm32f4xx_hal_dac_ex.c ****   * @brief  Enable or disable the selected DAC channel wave generation.
 209:Drivers/STM32F4xx_HAL_Driver/Src/stm32f4xx_hal_dac_ex.c ****   * @param  hdac pointer to a DAC_HandleTypeDef structure that contains
 210:Drivers/STM32F4xx_HAL_Driver/Src/stm32f4xx_hal_dac_ex.c ****   *         the configuration information for the specified DAC.
 211:Drivers/STM32F4xx_HAL_Driver/Src/stm32f4xx_hal_dac_ex.c ****   * @param  Channel The selected DAC channel.
 212:Drivers/STM32F4xx_HAL_Driver/Src/stm32f4xx_hal_dac_ex.c ****   *          This parameter can be one of the following values:
 213:Drivers/STM32F4xx_HAL_Driver/Src/stm32f4xx_hal_dac_ex.c ****   *            @arg DAC_CHANNEL_1: DAC Channel1 selected
 214:Drivers/STM32F4xx_HAL_Driver/Src/stm32f4xx_hal_dac_ex.c ****   *            @arg DAC_CHANNEL_2: DAC Channel2 selected
 215:Drivers/STM32F4xx_HAL_Driver/Src/stm32f4xx_hal_dac_ex.c ****   * @param  Amplitude Unmask DAC channel LFSR for noise wave generation.
 216:Drivers/STM32F4xx_HAL_Driver/Src/stm32f4xx_hal_dac_ex.c ****   *          This parameter can be one of the following values:
 217:Drivers/STM32F4xx_HAL_Driver/Src/stm32f4xx_hal_dac_ex.c ****   *            @arg DAC_LFSRUNMASK_BIT0: Unmask DAC channel LFSR bit0 for noise wave generation
 218:Drivers/STM32F4xx_HAL_Driver/Src/stm32f4xx_hal_dac_ex.c ****   *            @arg DAC_LFSRUNMASK_BITS1_0: Unmask DAC channel LFSR bit[1:0] for noise wave generat
 219:Drivers/STM32F4xx_HAL_Driver/Src/stm32f4xx_hal_dac_ex.c ****   *            @arg DAC_LFSRUNMASK_BITS2_0: Unmask DAC channel LFSR bit[2:0] for noise wave generat
 220:Drivers/STM32F4xx_HAL_Driver/Src/stm32f4xx_hal_dac_ex.c ****   *            @arg DAC_LFSRUNMASK_BITS3_0: Unmask DAC channel LFSR bit[3:0] for noise wave generat
 221:Drivers/STM32F4xx_HAL_Driver/Src/stm32f4xx_hal_dac_ex.c ****   *            @arg DAC_LFSRUNMASK_BITS4_0: Unmask DAC channel LFSR bit[4:0] for noise wave generat
 222:Drivers/STM32F4xx_HAL_Driver/Src/stm32f4xx_hal_dac_ex.c ****   *            @arg DAC_LFSRUNMASK_BITS5_0: Unmask DAC channel LFSR bit[5:0] for noise wave generat
 223:Drivers/STM32F4xx_HAL_Driver/Src/stm32f4xx_hal_dac_ex.c ****   *            @arg DAC_LFSRUNMASK_BITS6_0: Unmask DAC channel LFSR bit[6:0] for noise wave generat
 224:Drivers/STM32F4xx_HAL_Driver/Src/stm32f4xx_hal_dac_ex.c ****   *            @arg DAC_LFSRUNMASK_BITS7_0: Unmask DAC channel LFSR bit[7:0] for noise wave generat
 225:Drivers/STM32F4xx_HAL_Driver/Src/stm32f4xx_hal_dac_ex.c ****   *            @arg DAC_LFSRUNMASK_BITS8_0: Unmask DAC channel LFSR bit[8:0] for noise wave generat
 226:Drivers/STM32F4xx_HAL_Driver/Src/stm32f4xx_hal_dac_ex.c ****   *            @arg DAC_LFSRUNMASK_BITS9_0: Unmask DAC channel LFSR bit[9:0] for noise wave generat
 227:Drivers/STM32F4xx_HAL_Driver/Src/stm32f4xx_hal_dac_ex.c ****   *            @arg DAC_LFSRUNMASK_BITS10_0: Unmask DAC channel LFSR bit[10:0] for noise wave gener
 228:Drivers/STM32F4xx_HAL_Driver/Src/stm32f4xx_hal_dac_ex.c ****   *            @arg DAC_LFSRUNMASK_BITS11_0: Unmask DAC channel LFSR bit[11:0] for noise wave gener
 229:Drivers/STM32F4xx_HAL_Driver/Src/stm32f4xx_hal_dac_ex.c ****   * @retval HAL status
 230:Drivers/STM32F4xx_HAL_Driver/Src/stm32f4xx_hal_dac_ex.c ****   */
 231:Drivers/STM32F4xx_HAL_Driver/Src/stm32f4xx_hal_dac_ex.c **** HAL_StatusTypeDef HAL_DACEx_NoiseWaveGenerate(DAC_HandleTypeDef *hdac, uint32_t Channel, uint32_t A
 232:Drivers/STM32F4xx_HAL_Driver/Src/stm32f4xx_hal_dac_ex.c **** {
 250              		.loc 1 232 1 is_stmt 1 view -0
 251              		.cfi_startproc
 252              		@ args = 0, pretend = 0, frame = 0
 253              		@ frame_needed = 0, uses_anonymous_args = 0
 233:Drivers/STM32F4xx_HAL_Driver/Src/stm32f4xx_hal_dac_ex.c ****   /* Check the parameters */
 234:Drivers/STM32F4xx_HAL_Driver/Src/stm32f4xx_hal_dac_ex.c ****   assert_param(IS_DAC_CHANNEL(Channel));
 254              		.loc 1 234 3 view .LVU67
 235:Drivers/STM32F4xx_HAL_Driver/Src/stm32f4xx_hal_dac_ex.c ****   assert_param(IS_DAC_LFSR_UNMASK_TRIANGLE_AMPLITUDE(Amplitude));
 255              		.loc 1 235 3 view .LVU68
 236:Drivers/STM32F4xx_HAL_Driver/Src/stm32f4xx_hal_dac_ex.c **** 
 237:Drivers/STM32F4xx_HAL_Driver/Src/stm32f4xx_hal_dac_ex.c ****   /* Process locked */
 238:Drivers/STM32F4xx_HAL_Driver/Src/stm32f4xx_hal_dac_ex.c ****   __HAL_LOCK(hdac);
 256              		.loc 1 238 3 view .LVU69
 257              		.loc 1 238 3 view .LVU70
 258 0000 4379     		ldrb	r3, [r0, #5]	@ zero_extendqisi2
 259 0002 012B     		cmp	r3, #1
 260 0004 1BD0     		beq	.L18
 232:Drivers/STM32F4xx_HAL_Driver/Src/stm32f4xx_hal_dac_ex.c ****   /* Check the parameters */
 261              		.loc 1 232 1 is_stmt 0 discriminator 2 view .LVU71
 262 0006 10B5     		push	{r4, lr}
 263              	.LCFI2:
 264              		.cfi_def_cfa_offset 8
 265              		.cfi_offset 4, -8
 266              		.cfi_offset 14, -4
 267              		.loc 1 238 3 is_stmt 1 discriminator 2 view .LVU72
 268 0008 4FF0010E 		mov	lr, #1
 269 000c 80F805E0 		strb	lr, [r0, #5]
 270              		.loc 1 238 3 discriminator 2 view .LVU73
 239:Drivers/STM32F4xx_HAL_Driver/Src/stm32f4xx_hal_dac_ex.c **** 
 240:Drivers/STM32F4xx_HAL_Driver/Src/stm32f4xx_hal_dac_ex.c ****   /* Change DAC state */
 241:Drivers/STM32F4xx_HAL_Driver/Src/stm32f4xx_hal_dac_ex.c ****   hdac->State = HAL_DAC_STATE_BUSY;
ARM GAS  C:\Users\z0147233\AppData\Local\Temp\ccmEaPhk.s 			page 10


 271              		.loc 1 241 3 discriminator 2 view .LVU74
 272              		.loc 1 241 15 is_stmt 0 discriminator 2 view .LVU75
 273 0010 0223     		movs	r3, #2
 274 0012 0371     		strb	r3, [r0, #4]
 242:Drivers/STM32F4xx_HAL_Driver/Src/stm32f4xx_hal_dac_ex.c **** 
 243:Drivers/STM32F4xx_HAL_Driver/Src/stm32f4xx_hal_dac_ex.c ****   /* Enable the noise wave generation for the selected DAC channel */
 244:Drivers/STM32F4xx_HAL_Driver/Src/stm32f4xx_hal_dac_ex.c ****   MODIFY_REG(hdac->Instance->CR, ((DAC_CR_WAVE1) | (DAC_CR_MAMP1)) << (Channel & 0x10UL),
 275              		.loc 1 244 3 is_stmt 1 discriminator 2 view .LVU76
 276 0014 0468     		ldr	r4, [r0]
 277 0016 2368     		ldr	r3, [r4]
 278 0018 01F01001 		and	r1, r1, #16
 279              	.LVL17:
 280              		.loc 1 244 3 is_stmt 0 discriminator 2 view .LVU77
 281 001c 4FF47C6C 		mov	ip, #4032
 282 0020 0CFA01FC 		lsl	ip, ip, r1
 283 0024 23EA0C03 		bic	r3, r3, ip
 284 0028 42F04002 		orr	r2, r2, #64
 285              	.LVL18:
 286              		.loc 1 244 3 discriminator 2 view .LVU78
 287 002c 8A40     		lsls	r2, r2, r1
 288 002e 1A43     		orrs	r2, r2, r3
 289 0030 2260     		str	r2, [r4]
 245:Drivers/STM32F4xx_HAL_Driver/Src/stm32f4xx_hal_dac_ex.c ****              (DAC_CR_WAVE1_0 | Amplitude) << (Channel & 0x10UL));
 246:Drivers/STM32F4xx_HAL_Driver/Src/stm32f4xx_hal_dac_ex.c **** 
 247:Drivers/STM32F4xx_HAL_Driver/Src/stm32f4xx_hal_dac_ex.c ****   /* Change DAC state */
 248:Drivers/STM32F4xx_HAL_Driver/Src/stm32f4xx_hal_dac_ex.c ****   hdac->State = HAL_DAC_STATE_READY;
 290              		.loc 1 248 3 is_stmt 1 discriminator 2 view .LVU79
 291              		.loc 1 248 15 is_stmt 0 discriminator 2 view .LVU80
 292 0032 80F804E0 		strb	lr, [r0, #4]
 249:Drivers/STM32F4xx_HAL_Driver/Src/stm32f4xx_hal_dac_ex.c **** 
 250:Drivers/STM32F4xx_HAL_Driver/Src/stm32f4xx_hal_dac_ex.c ****   /* Process unlocked */
 251:Drivers/STM32F4xx_HAL_Driver/Src/stm32f4xx_hal_dac_ex.c ****   __HAL_UNLOCK(hdac);
 293              		.loc 1 251 3 is_stmt 1 discriminator 2 view .LVU81
 294              		.loc 1 251 3 discriminator 2 view .LVU82
 295 0036 0023     		movs	r3, #0
 296 0038 4371     		strb	r3, [r0, #5]
 297              		.loc 1 251 3 discriminator 2 view .LVU83
 252:Drivers/STM32F4xx_HAL_Driver/Src/stm32f4xx_hal_dac_ex.c **** 
 253:Drivers/STM32F4xx_HAL_Driver/Src/stm32f4xx_hal_dac_ex.c ****   /* Return function status */
 254:Drivers/STM32F4xx_HAL_Driver/Src/stm32f4xx_hal_dac_ex.c ****   return HAL_OK;
 298              		.loc 1 254 3 discriminator 2 view .LVU84
 299              		.loc 1 254 10 is_stmt 0 discriminator 2 view .LVU85
 300 003a 1846     		mov	r0, r3
 301              	.LVL19:
 255:Drivers/STM32F4xx_HAL_Driver/Src/stm32f4xx_hal_dac_ex.c **** }
 302              		.loc 1 255 1 discriminator 2 view .LVU86
 303 003c 10BD     		pop	{r4, pc}
 304              	.LVL20:
 305              	.L18:
 306              	.LCFI3:
 307              		.cfi_def_cfa_offset 0
 308              		.cfi_restore 4
 309              		.cfi_restore 14
 238:Drivers/STM32F4xx_HAL_Driver/Src/stm32f4xx_hal_dac_ex.c **** 
 310              		.loc 1 238 3 view .LVU87
 311 003e 0220     		movs	r0, #2
 312              	.LVL21:
ARM GAS  C:\Users\z0147233\AppData\Local\Temp\ccmEaPhk.s 			page 11


 313              		.loc 1 255 1 view .LVU88
 314 0040 7047     		bx	lr
 315              		.cfi_endproc
 316              	.LFE238:
 318              		.section	.text.HAL_DACEx_DualSetValue,"ax",%progbits
 319              		.align	1
 320              		.global	HAL_DACEx_DualSetValue
 321              		.syntax unified
 322              		.thumb
 323              		.thumb_func
 325              	HAL_DACEx_DualSetValue:
 326              	.LVL22:
 327              	.LFB239:
 256:Drivers/STM32F4xx_HAL_Driver/Src/stm32f4xx_hal_dac_ex.c **** 
 257:Drivers/STM32F4xx_HAL_Driver/Src/stm32f4xx_hal_dac_ex.c **** #if defined(DAC_CHANNEL2_SUPPORT)
 258:Drivers/STM32F4xx_HAL_Driver/Src/stm32f4xx_hal_dac_ex.c **** /**
 259:Drivers/STM32F4xx_HAL_Driver/Src/stm32f4xx_hal_dac_ex.c ****   * @brief  Set the specified data holding register value for dual DAC channel.
 260:Drivers/STM32F4xx_HAL_Driver/Src/stm32f4xx_hal_dac_ex.c ****   * @param  hdac pointer to a DAC_HandleTypeDef structure that contains
 261:Drivers/STM32F4xx_HAL_Driver/Src/stm32f4xx_hal_dac_ex.c ****   *               the configuration information for the specified DAC.
 262:Drivers/STM32F4xx_HAL_Driver/Src/stm32f4xx_hal_dac_ex.c ****   * @param  Alignment Specifies the data alignment for dual channel DAC.
 263:Drivers/STM32F4xx_HAL_Driver/Src/stm32f4xx_hal_dac_ex.c ****   *          This parameter can be one of the following values:
 264:Drivers/STM32F4xx_HAL_Driver/Src/stm32f4xx_hal_dac_ex.c ****   *            DAC_ALIGN_8B_R: 8bit right data alignment selected
 265:Drivers/STM32F4xx_HAL_Driver/Src/stm32f4xx_hal_dac_ex.c ****   *            DAC_ALIGN_12B_L: 12bit left data alignment selected
 266:Drivers/STM32F4xx_HAL_Driver/Src/stm32f4xx_hal_dac_ex.c ****   *            DAC_ALIGN_12B_R: 12bit right data alignment selected
 267:Drivers/STM32F4xx_HAL_Driver/Src/stm32f4xx_hal_dac_ex.c ****   * @param  Data1 Data for DAC Channel1 to be loaded in the selected data holding register.
 268:Drivers/STM32F4xx_HAL_Driver/Src/stm32f4xx_hal_dac_ex.c ****   * @param  Data2 Data for DAC Channel2 to be loaded in the selected data  holding register.
 269:Drivers/STM32F4xx_HAL_Driver/Src/stm32f4xx_hal_dac_ex.c ****   * @note   In dual mode, a unique register access is required to write in both
 270:Drivers/STM32F4xx_HAL_Driver/Src/stm32f4xx_hal_dac_ex.c ****   *          DAC channels at the same time.
 271:Drivers/STM32F4xx_HAL_Driver/Src/stm32f4xx_hal_dac_ex.c ****   * @retval HAL status
 272:Drivers/STM32F4xx_HAL_Driver/Src/stm32f4xx_hal_dac_ex.c ****   */
 273:Drivers/STM32F4xx_HAL_Driver/Src/stm32f4xx_hal_dac_ex.c **** HAL_StatusTypeDef HAL_DACEx_DualSetValue(DAC_HandleTypeDef *hdac, uint32_t Alignment, uint32_t Data
 274:Drivers/STM32F4xx_HAL_Driver/Src/stm32f4xx_hal_dac_ex.c **** {
 328              		.loc 1 274 1 is_stmt 1 view -0
 329              		.cfi_startproc
 330              		@ args = 0, pretend = 0, frame = 0
 331              		@ frame_needed = 0, uses_anonymous_args = 0
 332              		@ link register save eliminated.
 275:Drivers/STM32F4xx_HAL_Driver/Src/stm32f4xx_hal_dac_ex.c ****   uint32_t data;
 333              		.loc 1 275 3 view .LVU90
 276:Drivers/STM32F4xx_HAL_Driver/Src/stm32f4xx_hal_dac_ex.c ****   uint32_t tmp;
 334              		.loc 1 276 3 view .LVU91
 277:Drivers/STM32F4xx_HAL_Driver/Src/stm32f4xx_hal_dac_ex.c **** 
 278:Drivers/STM32F4xx_HAL_Driver/Src/stm32f4xx_hal_dac_ex.c ****   /* Check the parameters */
 279:Drivers/STM32F4xx_HAL_Driver/Src/stm32f4xx_hal_dac_ex.c ****   assert_param(IS_DAC_ALIGN(Alignment));
 335              		.loc 1 279 3 view .LVU92
 280:Drivers/STM32F4xx_HAL_Driver/Src/stm32f4xx_hal_dac_ex.c ****   assert_param(IS_DAC_DATA(Data1));
 336              		.loc 1 280 3 view .LVU93
 281:Drivers/STM32F4xx_HAL_Driver/Src/stm32f4xx_hal_dac_ex.c ****   assert_param(IS_DAC_DATA(Data2));
 337              		.loc 1 281 3 view .LVU94
 282:Drivers/STM32F4xx_HAL_Driver/Src/stm32f4xx_hal_dac_ex.c **** 
 283:Drivers/STM32F4xx_HAL_Driver/Src/stm32f4xx_hal_dac_ex.c ****   /* Calculate and set dual DAC data holding register value */
 284:Drivers/STM32F4xx_HAL_Driver/Src/stm32f4xx_hal_dac_ex.c ****   if (Alignment == DAC_ALIGN_8B_R)
 338              		.loc 1 284 3 view .LVU95
 339              		.loc 1 284 6 is_stmt 0 view .LVU96
 340 0000 0829     		cmp	r1, #8
 341 0002 06D0     		beq	.L26
 285:Drivers/STM32F4xx_HAL_Driver/Src/stm32f4xx_hal_dac_ex.c ****   {
ARM GAS  C:\Users\z0147233\AppData\Local\Temp\ccmEaPhk.s 			page 12


 286:Drivers/STM32F4xx_HAL_Driver/Src/stm32f4xx_hal_dac_ex.c ****     data = ((uint32_t)Data2 << 8U) | Data1;
 287:Drivers/STM32F4xx_HAL_Driver/Src/stm32f4xx_hal_dac_ex.c ****   }
 288:Drivers/STM32F4xx_HAL_Driver/Src/stm32f4xx_hal_dac_ex.c ****   else
 289:Drivers/STM32F4xx_HAL_Driver/Src/stm32f4xx_hal_dac_ex.c ****   {
 290:Drivers/STM32F4xx_HAL_Driver/Src/stm32f4xx_hal_dac_ex.c ****     data = ((uint32_t)Data2 << 16U) | Data1;
 342              		.loc 1 290 5 is_stmt 1 view .LVU97
 343              		.loc 1 290 10 is_stmt 0 view .LVU98
 344 0004 42EA0342 		orr	r2, r2, r3, lsl #16
 345              	.LVL23:
 346              	.L25:
 291:Drivers/STM32F4xx_HAL_Driver/Src/stm32f4xx_hal_dac_ex.c ****   }
 292:Drivers/STM32F4xx_HAL_Driver/Src/stm32f4xx_hal_dac_ex.c **** 
 293:Drivers/STM32F4xx_HAL_Driver/Src/stm32f4xx_hal_dac_ex.c ****   tmp = (uint32_t)hdac->Instance;
 347              		.loc 1 293 3 is_stmt 1 view .LVU99
 348              		.loc 1 293 23 is_stmt 0 view .LVU100
 349 0008 0368     		ldr	r3, [r0]
 350              	.LVL24:
 294:Drivers/STM32F4xx_HAL_Driver/Src/stm32f4xx_hal_dac_ex.c ****   tmp += DAC_DHR12RD_ALIGNMENT(Alignment);
 351              		.loc 1 294 3 is_stmt 1 view .LVU101
 352              		.loc 1 294 7 is_stmt 0 view .LVU102
 353 000a 1944     		add	r1, r1, r3
 354              	.LVL25:
 295:Drivers/STM32F4xx_HAL_Driver/Src/stm32f4xx_hal_dac_ex.c **** 
 296:Drivers/STM32F4xx_HAL_Driver/Src/stm32f4xx_hal_dac_ex.c ****   /* Set the dual DAC selected data holding register */
 297:Drivers/STM32F4xx_HAL_Driver/Src/stm32f4xx_hal_dac_ex.c ****   *(__IO uint32_t *)tmp = data;
 355              		.loc 1 297 3 is_stmt 1 view .LVU103
 356              		.loc 1 297 25 is_stmt 0 view .LVU104
 357 000c 0A62     		str	r2, [r1, #32]
 298:Drivers/STM32F4xx_HAL_Driver/Src/stm32f4xx_hal_dac_ex.c **** 
 299:Drivers/STM32F4xx_HAL_Driver/Src/stm32f4xx_hal_dac_ex.c ****   /* Return function status */
 300:Drivers/STM32F4xx_HAL_Driver/Src/stm32f4xx_hal_dac_ex.c ****   return HAL_OK;
 358              		.loc 1 300 3 is_stmt 1 view .LVU105
 301:Drivers/STM32F4xx_HAL_Driver/Src/stm32f4xx_hal_dac_ex.c **** }
 359              		.loc 1 301 1 is_stmt 0 view .LVU106
 360 000e 0020     		movs	r0, #0
 361              	.LVL26:
 362              		.loc 1 301 1 view .LVU107
 363 0010 7047     		bx	lr
 364              	.LVL27:
 365              	.L26:
 286:Drivers/STM32F4xx_HAL_Driver/Src/stm32f4xx_hal_dac_ex.c ****   }
 366              		.loc 1 286 5 is_stmt 1 view .LVU108
 286:Drivers/STM32F4xx_HAL_Driver/Src/stm32f4xx_hal_dac_ex.c ****   }
 367              		.loc 1 286 10 is_stmt 0 view .LVU109
 368 0012 42EA0322 		orr	r2, r2, r3, lsl #8
 369              	.LVL28:
 286:Drivers/STM32F4xx_HAL_Driver/Src/stm32f4xx_hal_dac_ex.c ****   }
 370              		.loc 1 286 10 view .LVU110
 371 0016 F7E7     		b	.L25
 372              		.cfi_endproc
 373              	.LFE239:
 375              		.section	.text.HAL_DACEx_ConvCpltCallbackCh2,"ax",%progbits
 376              		.align	1
 377              		.weak	HAL_DACEx_ConvCpltCallbackCh2
 378              		.syntax unified
 379              		.thumb
 380              		.thumb_func
ARM GAS  C:\Users\z0147233\AppData\Local\Temp\ccmEaPhk.s 			page 13


 382              	HAL_DACEx_ConvCpltCallbackCh2:
 383              	.LVL29:
 384              	.LFB240:
 302:Drivers/STM32F4xx_HAL_Driver/Src/stm32f4xx_hal_dac_ex.c **** 
 303:Drivers/STM32F4xx_HAL_Driver/Src/stm32f4xx_hal_dac_ex.c **** /**
 304:Drivers/STM32F4xx_HAL_Driver/Src/stm32f4xx_hal_dac_ex.c ****   * @brief  Conversion complete callback in non-blocking mode for Channel2.
 305:Drivers/STM32F4xx_HAL_Driver/Src/stm32f4xx_hal_dac_ex.c ****   * @param  hdac pointer to a DAC_HandleTypeDef structure that contains
 306:Drivers/STM32F4xx_HAL_Driver/Src/stm32f4xx_hal_dac_ex.c ****   *         the configuration information for the specified DAC.
 307:Drivers/STM32F4xx_HAL_Driver/Src/stm32f4xx_hal_dac_ex.c ****   * @retval None
 308:Drivers/STM32F4xx_HAL_Driver/Src/stm32f4xx_hal_dac_ex.c ****   */
 309:Drivers/STM32F4xx_HAL_Driver/Src/stm32f4xx_hal_dac_ex.c **** __weak void HAL_DACEx_ConvCpltCallbackCh2(DAC_HandleTypeDef *hdac)
 310:Drivers/STM32F4xx_HAL_Driver/Src/stm32f4xx_hal_dac_ex.c **** {
 385              		.loc 1 310 1 is_stmt 1 view -0
 386              		.cfi_startproc
 387              		@ args = 0, pretend = 0, frame = 0
 388              		@ frame_needed = 0, uses_anonymous_args = 0
 389              		@ link register save eliminated.
 311:Drivers/STM32F4xx_HAL_Driver/Src/stm32f4xx_hal_dac_ex.c ****   /* Prevent unused argument(s) compilation warning */
 312:Drivers/STM32F4xx_HAL_Driver/Src/stm32f4xx_hal_dac_ex.c ****   UNUSED(hdac);
 390              		.loc 1 312 3 view .LVU112
 313:Drivers/STM32F4xx_HAL_Driver/Src/stm32f4xx_hal_dac_ex.c **** 
 314:Drivers/STM32F4xx_HAL_Driver/Src/stm32f4xx_hal_dac_ex.c ****   /* NOTE : This function should not be modified, when the callback is needed,
 315:Drivers/STM32F4xx_HAL_Driver/Src/stm32f4xx_hal_dac_ex.c ****             the HAL_DACEx_ConvCpltCallbackCh2 could be implemented in the user file
 316:Drivers/STM32F4xx_HAL_Driver/Src/stm32f4xx_hal_dac_ex.c ****    */
 317:Drivers/STM32F4xx_HAL_Driver/Src/stm32f4xx_hal_dac_ex.c **** }
 391              		.loc 1 317 1 is_stmt 0 view .LVU113
 392 0000 7047     		bx	lr
 393              		.cfi_endproc
 394              	.LFE240:
 396              		.section	.text.HAL_DACEx_ConvHalfCpltCallbackCh2,"ax",%progbits
 397              		.align	1
 398              		.weak	HAL_DACEx_ConvHalfCpltCallbackCh2
 399              		.syntax unified
 400              		.thumb
 401              		.thumb_func
 403              	HAL_DACEx_ConvHalfCpltCallbackCh2:
 404              	.LVL30:
 405              	.LFB241:
 318:Drivers/STM32F4xx_HAL_Driver/Src/stm32f4xx_hal_dac_ex.c **** 
 319:Drivers/STM32F4xx_HAL_Driver/Src/stm32f4xx_hal_dac_ex.c **** /**
 320:Drivers/STM32F4xx_HAL_Driver/Src/stm32f4xx_hal_dac_ex.c ****   * @brief  Conversion half DMA transfer callback in non-blocking mode for Channel2.
 321:Drivers/STM32F4xx_HAL_Driver/Src/stm32f4xx_hal_dac_ex.c ****   * @param  hdac pointer to a DAC_HandleTypeDef structure that contains
 322:Drivers/STM32F4xx_HAL_Driver/Src/stm32f4xx_hal_dac_ex.c ****   *         the configuration information for the specified DAC.
 323:Drivers/STM32F4xx_HAL_Driver/Src/stm32f4xx_hal_dac_ex.c ****   * @retval None
 324:Drivers/STM32F4xx_HAL_Driver/Src/stm32f4xx_hal_dac_ex.c ****   */
 325:Drivers/STM32F4xx_HAL_Driver/Src/stm32f4xx_hal_dac_ex.c **** __weak void HAL_DACEx_ConvHalfCpltCallbackCh2(DAC_HandleTypeDef *hdac)
 326:Drivers/STM32F4xx_HAL_Driver/Src/stm32f4xx_hal_dac_ex.c **** {
 406              		.loc 1 326 1 is_stmt 1 view -0
 407              		.cfi_startproc
 408              		@ args = 0, pretend = 0, frame = 0
 409              		@ frame_needed = 0, uses_anonymous_args = 0
 410              		@ link register save eliminated.
 327:Drivers/STM32F4xx_HAL_Driver/Src/stm32f4xx_hal_dac_ex.c ****   /* Prevent unused argument(s) compilation warning */
 328:Drivers/STM32F4xx_HAL_Driver/Src/stm32f4xx_hal_dac_ex.c ****   UNUSED(hdac);
 411              		.loc 1 328 3 view .LVU115
 329:Drivers/STM32F4xx_HAL_Driver/Src/stm32f4xx_hal_dac_ex.c **** 
 330:Drivers/STM32F4xx_HAL_Driver/Src/stm32f4xx_hal_dac_ex.c ****   /* NOTE : This function should not be modified, when the callback is needed,
ARM GAS  C:\Users\z0147233\AppData\Local\Temp\ccmEaPhk.s 			page 14


 331:Drivers/STM32F4xx_HAL_Driver/Src/stm32f4xx_hal_dac_ex.c ****             the HAL_DACEx_ConvHalfCpltCallbackCh2 could be implemented in the user file
 332:Drivers/STM32F4xx_HAL_Driver/Src/stm32f4xx_hal_dac_ex.c ****    */
 333:Drivers/STM32F4xx_HAL_Driver/Src/stm32f4xx_hal_dac_ex.c **** }
 412              		.loc 1 333 1 is_stmt 0 view .LVU116
 413 0000 7047     		bx	lr
 414              		.cfi_endproc
 415              	.LFE241:
 417              		.section	.text.HAL_DACEx_ErrorCallbackCh2,"ax",%progbits
 418              		.align	1
 419              		.weak	HAL_DACEx_ErrorCallbackCh2
 420              		.syntax unified
 421              		.thumb
 422              		.thumb_func
 424              	HAL_DACEx_ErrorCallbackCh2:
 425              	.LVL31:
 426              	.LFB242:
 334:Drivers/STM32F4xx_HAL_Driver/Src/stm32f4xx_hal_dac_ex.c **** 
 335:Drivers/STM32F4xx_HAL_Driver/Src/stm32f4xx_hal_dac_ex.c **** /**
 336:Drivers/STM32F4xx_HAL_Driver/Src/stm32f4xx_hal_dac_ex.c ****   * @brief  Error DAC callback for Channel2.
 337:Drivers/STM32F4xx_HAL_Driver/Src/stm32f4xx_hal_dac_ex.c ****   * @param  hdac pointer to a DAC_HandleTypeDef structure that contains
 338:Drivers/STM32F4xx_HAL_Driver/Src/stm32f4xx_hal_dac_ex.c ****   *         the configuration information for the specified DAC.
 339:Drivers/STM32F4xx_HAL_Driver/Src/stm32f4xx_hal_dac_ex.c ****   * @retval None
 340:Drivers/STM32F4xx_HAL_Driver/Src/stm32f4xx_hal_dac_ex.c ****   */
 341:Drivers/STM32F4xx_HAL_Driver/Src/stm32f4xx_hal_dac_ex.c **** __weak void HAL_DACEx_ErrorCallbackCh2(DAC_HandleTypeDef *hdac)
 342:Drivers/STM32F4xx_HAL_Driver/Src/stm32f4xx_hal_dac_ex.c **** {
 427              		.loc 1 342 1 is_stmt 1 view -0
 428              		.cfi_startproc
 429              		@ args = 0, pretend = 0, frame = 0
 430              		@ frame_needed = 0, uses_anonymous_args = 0
 431              		@ link register save eliminated.
 343:Drivers/STM32F4xx_HAL_Driver/Src/stm32f4xx_hal_dac_ex.c ****   /* Prevent unused argument(s) compilation warning */
 344:Drivers/STM32F4xx_HAL_Driver/Src/stm32f4xx_hal_dac_ex.c ****   UNUSED(hdac);
 432              		.loc 1 344 3 view .LVU118
 345:Drivers/STM32F4xx_HAL_Driver/Src/stm32f4xx_hal_dac_ex.c **** 
 346:Drivers/STM32F4xx_HAL_Driver/Src/stm32f4xx_hal_dac_ex.c ****   /* NOTE : This function should not be modified, when the callback is needed,
 347:Drivers/STM32F4xx_HAL_Driver/Src/stm32f4xx_hal_dac_ex.c ****             the HAL_DACEx_ErrorCallbackCh2 could be implemented in the user file
 348:Drivers/STM32F4xx_HAL_Driver/Src/stm32f4xx_hal_dac_ex.c ****    */
 349:Drivers/STM32F4xx_HAL_Driver/Src/stm32f4xx_hal_dac_ex.c **** }
 433              		.loc 1 349 1 is_stmt 0 view .LVU119
 434 0000 7047     		bx	lr
 435              		.cfi_endproc
 436              	.LFE242:
 438              		.section	.text.HAL_DACEx_DMAUnderrunCallbackCh2,"ax",%progbits
 439              		.align	1
 440              		.weak	HAL_DACEx_DMAUnderrunCallbackCh2
 441              		.syntax unified
 442              		.thumb
 443              		.thumb_func
 445              	HAL_DACEx_DMAUnderrunCallbackCh2:
 446              	.LVL32:
 447              	.LFB243:
 350:Drivers/STM32F4xx_HAL_Driver/Src/stm32f4xx_hal_dac_ex.c **** 
 351:Drivers/STM32F4xx_HAL_Driver/Src/stm32f4xx_hal_dac_ex.c **** /**
 352:Drivers/STM32F4xx_HAL_Driver/Src/stm32f4xx_hal_dac_ex.c ****   * @brief  DMA underrun DAC callback for Channel2.
 353:Drivers/STM32F4xx_HAL_Driver/Src/stm32f4xx_hal_dac_ex.c ****   * @param  hdac pointer to a DAC_HandleTypeDef structure that contains
 354:Drivers/STM32F4xx_HAL_Driver/Src/stm32f4xx_hal_dac_ex.c ****   *         the configuration information for the specified DAC.
 355:Drivers/STM32F4xx_HAL_Driver/Src/stm32f4xx_hal_dac_ex.c ****   * @retval None
ARM GAS  C:\Users\z0147233\AppData\Local\Temp\ccmEaPhk.s 			page 15


 356:Drivers/STM32F4xx_HAL_Driver/Src/stm32f4xx_hal_dac_ex.c ****   */
 357:Drivers/STM32F4xx_HAL_Driver/Src/stm32f4xx_hal_dac_ex.c **** __weak void HAL_DACEx_DMAUnderrunCallbackCh2(DAC_HandleTypeDef *hdac)
 358:Drivers/STM32F4xx_HAL_Driver/Src/stm32f4xx_hal_dac_ex.c **** {
 448              		.loc 1 358 1 is_stmt 1 view -0
 449              		.cfi_startproc
 450              		@ args = 0, pretend = 0, frame = 0
 451              		@ frame_needed = 0, uses_anonymous_args = 0
 452              		@ link register save eliminated.
 359:Drivers/STM32F4xx_HAL_Driver/Src/stm32f4xx_hal_dac_ex.c ****   /* Prevent unused argument(s) compilation warning */
 360:Drivers/STM32F4xx_HAL_Driver/Src/stm32f4xx_hal_dac_ex.c ****   UNUSED(hdac);
 453              		.loc 1 360 3 view .LVU121
 361:Drivers/STM32F4xx_HAL_Driver/Src/stm32f4xx_hal_dac_ex.c **** 
 362:Drivers/STM32F4xx_HAL_Driver/Src/stm32f4xx_hal_dac_ex.c ****   /* NOTE : This function should not be modified, when the callback is needed,
 363:Drivers/STM32F4xx_HAL_Driver/Src/stm32f4xx_hal_dac_ex.c ****             the HAL_DACEx_DMAUnderrunCallbackCh2 could be implemented in the user file
 364:Drivers/STM32F4xx_HAL_Driver/Src/stm32f4xx_hal_dac_ex.c ****    */
 365:Drivers/STM32F4xx_HAL_Driver/Src/stm32f4xx_hal_dac_ex.c **** }
 454              		.loc 1 365 1 is_stmt 0 view .LVU122
 455 0000 7047     		bx	lr
 456              		.cfi_endproc
 457              	.LFE243:
 459              		.section	.text.HAL_DACEx_DualGetValue,"ax",%progbits
 460              		.align	1
 461              		.global	HAL_DACEx_DualGetValue
 462              		.syntax unified
 463              		.thumb
 464              		.thumb_func
 466              	HAL_DACEx_DualGetValue:
 467              	.LVL33:
 468              	.LFB244:
 366:Drivers/STM32F4xx_HAL_Driver/Src/stm32f4xx_hal_dac_ex.c **** #endif /* DAC_CHANNEL2_SUPPORT */
 367:Drivers/STM32F4xx_HAL_Driver/Src/stm32f4xx_hal_dac_ex.c **** 
 368:Drivers/STM32F4xx_HAL_Driver/Src/stm32f4xx_hal_dac_ex.c **** 
 369:Drivers/STM32F4xx_HAL_Driver/Src/stm32f4xx_hal_dac_ex.c **** /**
 370:Drivers/STM32F4xx_HAL_Driver/Src/stm32f4xx_hal_dac_ex.c ****   * @}
 371:Drivers/STM32F4xx_HAL_Driver/Src/stm32f4xx_hal_dac_ex.c ****   */
 372:Drivers/STM32F4xx_HAL_Driver/Src/stm32f4xx_hal_dac_ex.c **** 
 373:Drivers/STM32F4xx_HAL_Driver/Src/stm32f4xx_hal_dac_ex.c **** /** @defgroup DACEx_Exported_Functions_Group3 Peripheral Control functions
 374:Drivers/STM32F4xx_HAL_Driver/Src/stm32f4xx_hal_dac_ex.c ****   *  @brief    Extended Peripheral Control functions
 375:Drivers/STM32F4xx_HAL_Driver/Src/stm32f4xx_hal_dac_ex.c ****   *
 376:Drivers/STM32F4xx_HAL_Driver/Src/stm32f4xx_hal_dac_ex.c **** @verbatim
 377:Drivers/STM32F4xx_HAL_Driver/Src/stm32f4xx_hal_dac_ex.c ****   ==============================================================================
 378:Drivers/STM32F4xx_HAL_Driver/Src/stm32f4xx_hal_dac_ex.c ****              ##### Peripheral Control functions #####
 379:Drivers/STM32F4xx_HAL_Driver/Src/stm32f4xx_hal_dac_ex.c ****   ==============================================================================
 380:Drivers/STM32F4xx_HAL_Driver/Src/stm32f4xx_hal_dac_ex.c ****     [..]  This section provides functions allowing to:
 381:Drivers/STM32F4xx_HAL_Driver/Src/stm32f4xx_hal_dac_ex.c ****       (+) Set the specified data holding register value for DAC channel.
 382:Drivers/STM32F4xx_HAL_Driver/Src/stm32f4xx_hal_dac_ex.c **** 
 383:Drivers/STM32F4xx_HAL_Driver/Src/stm32f4xx_hal_dac_ex.c **** @endverbatim
 384:Drivers/STM32F4xx_HAL_Driver/Src/stm32f4xx_hal_dac_ex.c ****   * @{
 385:Drivers/STM32F4xx_HAL_Driver/Src/stm32f4xx_hal_dac_ex.c ****   */
 386:Drivers/STM32F4xx_HAL_Driver/Src/stm32f4xx_hal_dac_ex.c **** 
 387:Drivers/STM32F4xx_HAL_Driver/Src/stm32f4xx_hal_dac_ex.c **** #if defined(DAC_CHANNEL2_SUPPORT)
 388:Drivers/STM32F4xx_HAL_Driver/Src/stm32f4xx_hal_dac_ex.c **** /**
 389:Drivers/STM32F4xx_HAL_Driver/Src/stm32f4xx_hal_dac_ex.c ****   * @brief  Return the last data output value of the selected DAC channel.
 390:Drivers/STM32F4xx_HAL_Driver/Src/stm32f4xx_hal_dac_ex.c ****   * @param  hdac pointer to a DAC_HandleTypeDef structure that contains
 391:Drivers/STM32F4xx_HAL_Driver/Src/stm32f4xx_hal_dac_ex.c ****   *         the configuration information for the specified DAC.
 392:Drivers/STM32F4xx_HAL_Driver/Src/stm32f4xx_hal_dac_ex.c ****   * @retval The selected DAC channel data output value.
 393:Drivers/STM32F4xx_HAL_Driver/Src/stm32f4xx_hal_dac_ex.c ****   */
ARM GAS  C:\Users\z0147233\AppData\Local\Temp\ccmEaPhk.s 			page 16


 394:Drivers/STM32F4xx_HAL_Driver/Src/stm32f4xx_hal_dac_ex.c **** uint32_t HAL_DACEx_DualGetValue(DAC_HandleTypeDef *hdac)
 395:Drivers/STM32F4xx_HAL_Driver/Src/stm32f4xx_hal_dac_ex.c **** {
 469              		.loc 1 395 1 is_stmt 1 view -0
 470              		.cfi_startproc
 471              		@ args = 0, pretend = 0, frame = 0
 472              		@ frame_needed = 0, uses_anonymous_args = 0
 473              		@ link register save eliminated.
 396:Drivers/STM32F4xx_HAL_Driver/Src/stm32f4xx_hal_dac_ex.c ****   uint32_t tmp = 0UL;
 474              		.loc 1 396 3 view .LVU124
 397:Drivers/STM32F4xx_HAL_Driver/Src/stm32f4xx_hal_dac_ex.c **** 
 398:Drivers/STM32F4xx_HAL_Driver/Src/stm32f4xx_hal_dac_ex.c ****   tmp |= hdac->Instance->DOR1;
 475              		.loc 1 398 3 view .LVU125
 476              		.loc 1 398 14 is_stmt 0 view .LVU126
 477 0000 0368     		ldr	r3, [r0]
 478              		.loc 1 398 24 view .LVU127
 479 0002 DA6A     		ldr	r2, [r3, #44]
 480              	.LVL34:
 399:Drivers/STM32F4xx_HAL_Driver/Src/stm32f4xx_hal_dac_ex.c **** 
 400:Drivers/STM32F4xx_HAL_Driver/Src/stm32f4xx_hal_dac_ex.c ****   tmp |= hdac->Instance->DOR2 << 16UL;
 481              		.loc 1 400 3 is_stmt 1 view .LVU128
 482              		.loc 1 400 24 is_stmt 0 view .LVU129
 483 0004 186B     		ldr	r0, [r3, #48]
 484              	.LVL35:
 401:Drivers/STM32F4xx_HAL_Driver/Src/stm32f4xx_hal_dac_ex.c **** 
 402:Drivers/STM32F4xx_HAL_Driver/Src/stm32f4xx_hal_dac_ex.c ****   /* Returns the DAC channel data output register value */
 403:Drivers/STM32F4xx_HAL_Driver/Src/stm32f4xx_hal_dac_ex.c ****   return tmp;
 485              		.loc 1 403 3 is_stmt 1 view .LVU130
 404:Drivers/STM32F4xx_HAL_Driver/Src/stm32f4xx_hal_dac_ex.c **** }
 486              		.loc 1 404 1 is_stmt 0 view .LVU131
 487 0006 42EA0040 		orr	r0, r2, r0, lsl #16
 488              	.LVL36:
 489              		.loc 1 404 1 view .LVU132
 490 000a 7047     		bx	lr
 491              		.cfi_endproc
 492              	.LFE244:
 494              		.section	.text.DAC_DMAConvCpltCh2,"ax",%progbits
 495              		.align	1
 496              		.global	DAC_DMAConvCpltCh2
 497              		.syntax unified
 498              		.thumb
 499              		.thumb_func
 501              	DAC_DMAConvCpltCh2:
 502              	.LVL37:
 503              	.LFB245:
 405:Drivers/STM32F4xx_HAL_Driver/Src/stm32f4xx_hal_dac_ex.c **** #endif /* DAC_CHANNEL2_SUPPORT */
 406:Drivers/STM32F4xx_HAL_Driver/Src/stm32f4xx_hal_dac_ex.c **** 
 407:Drivers/STM32F4xx_HAL_Driver/Src/stm32f4xx_hal_dac_ex.c **** /**
 408:Drivers/STM32F4xx_HAL_Driver/Src/stm32f4xx_hal_dac_ex.c ****   * @}
 409:Drivers/STM32F4xx_HAL_Driver/Src/stm32f4xx_hal_dac_ex.c ****   */
 410:Drivers/STM32F4xx_HAL_Driver/Src/stm32f4xx_hal_dac_ex.c **** /**
 411:Drivers/STM32F4xx_HAL_Driver/Src/stm32f4xx_hal_dac_ex.c ****   * @}
 412:Drivers/STM32F4xx_HAL_Driver/Src/stm32f4xx_hal_dac_ex.c ****   */
 413:Drivers/STM32F4xx_HAL_Driver/Src/stm32f4xx_hal_dac_ex.c **** 
 414:Drivers/STM32F4xx_HAL_Driver/Src/stm32f4xx_hal_dac_ex.c **** /* Private functions ---------------------------------------------------------*/
 415:Drivers/STM32F4xx_HAL_Driver/Src/stm32f4xx_hal_dac_ex.c **** /** @defgroup DACEx_Private_Functions DACEx private functions
 416:Drivers/STM32F4xx_HAL_Driver/Src/stm32f4xx_hal_dac_ex.c ****   *  @brief    Extended private functions
 417:Drivers/STM32F4xx_HAL_Driver/Src/stm32f4xx_hal_dac_ex.c ****   * @{
ARM GAS  C:\Users\z0147233\AppData\Local\Temp\ccmEaPhk.s 			page 17


 418:Drivers/STM32F4xx_HAL_Driver/Src/stm32f4xx_hal_dac_ex.c ****   */
 419:Drivers/STM32F4xx_HAL_Driver/Src/stm32f4xx_hal_dac_ex.c **** 
 420:Drivers/STM32F4xx_HAL_Driver/Src/stm32f4xx_hal_dac_ex.c **** #if defined(DAC_CHANNEL2_SUPPORT)
 421:Drivers/STM32F4xx_HAL_Driver/Src/stm32f4xx_hal_dac_ex.c **** /**
 422:Drivers/STM32F4xx_HAL_Driver/Src/stm32f4xx_hal_dac_ex.c ****   * @brief  DMA conversion complete callback.
 423:Drivers/STM32F4xx_HAL_Driver/Src/stm32f4xx_hal_dac_ex.c ****   * @param  hdma pointer to a DMA_HandleTypeDef structure that contains
 424:Drivers/STM32F4xx_HAL_Driver/Src/stm32f4xx_hal_dac_ex.c ****   *                the configuration information for the specified DMA module.
 425:Drivers/STM32F4xx_HAL_Driver/Src/stm32f4xx_hal_dac_ex.c ****   * @retval None
 426:Drivers/STM32F4xx_HAL_Driver/Src/stm32f4xx_hal_dac_ex.c ****   */
 427:Drivers/STM32F4xx_HAL_Driver/Src/stm32f4xx_hal_dac_ex.c **** void DAC_DMAConvCpltCh2(DMA_HandleTypeDef *hdma)
 428:Drivers/STM32F4xx_HAL_Driver/Src/stm32f4xx_hal_dac_ex.c **** {
 504              		.loc 1 428 1 is_stmt 1 view -0
 505              		.cfi_startproc
 506              		@ args = 0, pretend = 0, frame = 0
 507              		@ frame_needed = 0, uses_anonymous_args = 0
 508              		.loc 1 428 1 is_stmt 0 view .LVU134
 509 0000 10B5     		push	{r4, lr}
 510              	.LCFI4:
 511              		.cfi_def_cfa_offset 8
 512              		.cfi_offset 4, -8
 513              		.cfi_offset 14, -4
 429:Drivers/STM32F4xx_HAL_Driver/Src/stm32f4xx_hal_dac_ex.c ****   DAC_HandleTypeDef *hdac = (DAC_HandleTypeDef *)((DMA_HandleTypeDef *)hdma)->Parent;
 514              		.loc 1 429 3 is_stmt 1 view .LVU135
 515              		.loc 1 429 22 is_stmt 0 view .LVU136
 516 0002 846B     		ldr	r4, [r0, #56]
 517              	.LVL38:
 430:Drivers/STM32F4xx_HAL_Driver/Src/stm32f4xx_hal_dac_ex.c **** 
 431:Drivers/STM32F4xx_HAL_Driver/Src/stm32f4xx_hal_dac_ex.c **** #if (USE_HAL_DAC_REGISTER_CALLBACKS == 1)
 432:Drivers/STM32F4xx_HAL_Driver/Src/stm32f4xx_hal_dac_ex.c ****   hdac->ConvCpltCallbackCh2(hdac);
 433:Drivers/STM32F4xx_HAL_Driver/Src/stm32f4xx_hal_dac_ex.c **** #else
 434:Drivers/STM32F4xx_HAL_Driver/Src/stm32f4xx_hal_dac_ex.c ****   HAL_DACEx_ConvCpltCallbackCh2(hdac);
 518              		.loc 1 434 3 is_stmt 1 view .LVU137
 519 0004 2046     		mov	r0, r4
 520              	.LVL39:
 521              		.loc 1 434 3 is_stmt 0 view .LVU138
 522 0006 FFF7FEFF 		bl	HAL_DACEx_ConvCpltCallbackCh2
 523              	.LVL40:
 435:Drivers/STM32F4xx_HAL_Driver/Src/stm32f4xx_hal_dac_ex.c **** #endif /* USE_HAL_DAC_REGISTER_CALLBACKS */
 436:Drivers/STM32F4xx_HAL_Driver/Src/stm32f4xx_hal_dac_ex.c **** 
 437:Drivers/STM32F4xx_HAL_Driver/Src/stm32f4xx_hal_dac_ex.c ****   hdac->State = HAL_DAC_STATE_READY;
 524              		.loc 1 437 3 is_stmt 1 view .LVU139
 525              		.loc 1 437 15 is_stmt 0 view .LVU140
 526 000a 0123     		movs	r3, #1
 527 000c 2371     		strb	r3, [r4, #4]
 438:Drivers/STM32F4xx_HAL_Driver/Src/stm32f4xx_hal_dac_ex.c **** }
 528              		.loc 1 438 1 view .LVU141
 529 000e 10BD     		pop	{r4, pc}
 530              		.loc 1 438 1 view .LVU142
 531              		.cfi_endproc
 532              	.LFE245:
 534              		.section	.text.DAC_DMAHalfConvCpltCh2,"ax",%progbits
 535              		.align	1
 536              		.global	DAC_DMAHalfConvCpltCh2
 537              		.syntax unified
 538              		.thumb
 539              		.thumb_func
 541              	DAC_DMAHalfConvCpltCh2:
ARM GAS  C:\Users\z0147233\AppData\Local\Temp\ccmEaPhk.s 			page 18


 542              	.LVL41:
 543              	.LFB246:
 439:Drivers/STM32F4xx_HAL_Driver/Src/stm32f4xx_hal_dac_ex.c **** 
 440:Drivers/STM32F4xx_HAL_Driver/Src/stm32f4xx_hal_dac_ex.c **** /**
 441:Drivers/STM32F4xx_HAL_Driver/Src/stm32f4xx_hal_dac_ex.c ****   * @brief  DMA half transfer complete callback.
 442:Drivers/STM32F4xx_HAL_Driver/Src/stm32f4xx_hal_dac_ex.c ****   * @param  hdma pointer to a DMA_HandleTypeDef structure that contains
 443:Drivers/STM32F4xx_HAL_Driver/Src/stm32f4xx_hal_dac_ex.c ****   *                the configuration information for the specified DMA module.
 444:Drivers/STM32F4xx_HAL_Driver/Src/stm32f4xx_hal_dac_ex.c ****   * @retval None
 445:Drivers/STM32F4xx_HAL_Driver/Src/stm32f4xx_hal_dac_ex.c ****   */
 446:Drivers/STM32F4xx_HAL_Driver/Src/stm32f4xx_hal_dac_ex.c **** void DAC_DMAHalfConvCpltCh2(DMA_HandleTypeDef *hdma)
 447:Drivers/STM32F4xx_HAL_Driver/Src/stm32f4xx_hal_dac_ex.c **** {
 544              		.loc 1 447 1 is_stmt 1 view -0
 545              		.cfi_startproc
 546              		@ args = 0, pretend = 0, frame = 0
 547              		@ frame_needed = 0, uses_anonymous_args = 0
 548              		.loc 1 447 1 is_stmt 0 view .LVU144
 549 0000 08B5     		push	{r3, lr}
 550              	.LCFI5:
 551              		.cfi_def_cfa_offset 8
 552              		.cfi_offset 3, -8
 553              		.cfi_offset 14, -4
 448:Drivers/STM32F4xx_HAL_Driver/Src/stm32f4xx_hal_dac_ex.c ****   DAC_HandleTypeDef *hdac = (DAC_HandleTypeDef *)((DMA_HandleTypeDef *)hdma)->Parent;
 554              		.loc 1 448 3 is_stmt 1 view .LVU145
 555              	.LVL42:
 449:Drivers/STM32F4xx_HAL_Driver/Src/stm32f4xx_hal_dac_ex.c ****   /* Conversion complete callback */
 450:Drivers/STM32F4xx_HAL_Driver/Src/stm32f4xx_hal_dac_ex.c **** #if (USE_HAL_DAC_REGISTER_CALLBACKS == 1)
 451:Drivers/STM32F4xx_HAL_Driver/Src/stm32f4xx_hal_dac_ex.c ****   hdac->ConvHalfCpltCallbackCh2(hdac);
 452:Drivers/STM32F4xx_HAL_Driver/Src/stm32f4xx_hal_dac_ex.c **** #else
 453:Drivers/STM32F4xx_HAL_Driver/Src/stm32f4xx_hal_dac_ex.c ****   HAL_DACEx_ConvHalfCpltCallbackCh2(hdac);
 556              		.loc 1 453 3 view .LVU146
 557 0002 806B     		ldr	r0, [r0, #56]
 558              	.LVL43:
 559              		.loc 1 453 3 is_stmt 0 view .LVU147
 560 0004 FFF7FEFF 		bl	HAL_DACEx_ConvHalfCpltCallbackCh2
 561              	.LVL44:
 454:Drivers/STM32F4xx_HAL_Driver/Src/stm32f4xx_hal_dac_ex.c **** #endif /* USE_HAL_DAC_REGISTER_CALLBACKS */
 455:Drivers/STM32F4xx_HAL_Driver/Src/stm32f4xx_hal_dac_ex.c **** }
 562              		.loc 1 455 1 view .LVU148
 563 0008 08BD     		pop	{r3, pc}
 564              		.cfi_endproc
 565              	.LFE246:
 567              		.section	.text.DAC_DMAErrorCh2,"ax",%progbits
 568              		.align	1
 569              		.global	DAC_DMAErrorCh2
 570              		.syntax unified
 571              		.thumb
 572              		.thumb_func
 574              	DAC_DMAErrorCh2:
 575              	.LVL45:
 576              	.LFB247:
 456:Drivers/STM32F4xx_HAL_Driver/Src/stm32f4xx_hal_dac_ex.c **** 
 457:Drivers/STM32F4xx_HAL_Driver/Src/stm32f4xx_hal_dac_ex.c **** /**
 458:Drivers/STM32F4xx_HAL_Driver/Src/stm32f4xx_hal_dac_ex.c ****   * @brief  DMA error callback.
 459:Drivers/STM32F4xx_HAL_Driver/Src/stm32f4xx_hal_dac_ex.c ****   * @param  hdma pointer to a DMA_HandleTypeDef structure that contains
 460:Drivers/STM32F4xx_HAL_Driver/Src/stm32f4xx_hal_dac_ex.c ****   *                the configuration information for the specified DMA module.
 461:Drivers/STM32F4xx_HAL_Driver/Src/stm32f4xx_hal_dac_ex.c ****   * @retval None
 462:Drivers/STM32F4xx_HAL_Driver/Src/stm32f4xx_hal_dac_ex.c ****   */
ARM GAS  C:\Users\z0147233\AppData\Local\Temp\ccmEaPhk.s 			page 19


 463:Drivers/STM32F4xx_HAL_Driver/Src/stm32f4xx_hal_dac_ex.c **** void DAC_DMAErrorCh2(DMA_HandleTypeDef *hdma)
 464:Drivers/STM32F4xx_HAL_Driver/Src/stm32f4xx_hal_dac_ex.c **** {
 577              		.loc 1 464 1 is_stmt 1 view -0
 578              		.cfi_startproc
 579              		@ args = 0, pretend = 0, frame = 0
 580              		@ frame_needed = 0, uses_anonymous_args = 0
 581              		.loc 1 464 1 is_stmt 0 view .LVU150
 582 0000 10B5     		push	{r4, lr}
 583              	.LCFI6:
 584              		.cfi_def_cfa_offset 8
 585              		.cfi_offset 4, -8
 586              		.cfi_offset 14, -4
 465:Drivers/STM32F4xx_HAL_Driver/Src/stm32f4xx_hal_dac_ex.c ****   DAC_HandleTypeDef *hdac = (DAC_HandleTypeDef *)((DMA_HandleTypeDef *)hdma)->Parent;
 587              		.loc 1 465 3 is_stmt 1 view .LVU151
 588              		.loc 1 465 22 is_stmt 0 view .LVU152
 589 0002 846B     		ldr	r4, [r0, #56]
 590              	.LVL46:
 466:Drivers/STM32F4xx_HAL_Driver/Src/stm32f4xx_hal_dac_ex.c **** 
 467:Drivers/STM32F4xx_HAL_Driver/Src/stm32f4xx_hal_dac_ex.c ****   /* Set DAC error code to DMA error */
 468:Drivers/STM32F4xx_HAL_Driver/Src/stm32f4xx_hal_dac_ex.c ****   hdac->ErrorCode |= HAL_DAC_ERROR_DMA;
 591              		.loc 1 468 3 is_stmt 1 view .LVU153
 592              		.loc 1 468 19 is_stmt 0 view .LVU154
 593 0004 2369     		ldr	r3, [r4, #16]
 594 0006 43F00403 		orr	r3, r3, #4
 595 000a 2361     		str	r3, [r4, #16]
 469:Drivers/STM32F4xx_HAL_Driver/Src/stm32f4xx_hal_dac_ex.c **** 
 470:Drivers/STM32F4xx_HAL_Driver/Src/stm32f4xx_hal_dac_ex.c **** #if (USE_HAL_DAC_REGISTER_CALLBACKS == 1)
 471:Drivers/STM32F4xx_HAL_Driver/Src/stm32f4xx_hal_dac_ex.c ****   hdac->ErrorCallbackCh2(hdac);
 472:Drivers/STM32F4xx_HAL_Driver/Src/stm32f4xx_hal_dac_ex.c **** #else
 473:Drivers/STM32F4xx_HAL_Driver/Src/stm32f4xx_hal_dac_ex.c ****   HAL_DACEx_ErrorCallbackCh2(hdac);
 596              		.loc 1 473 3 is_stmt 1 view .LVU155
 597 000c 2046     		mov	r0, r4
 598              	.LVL47:
 599              		.loc 1 473 3 is_stmt 0 view .LVU156
 600 000e FFF7FEFF 		bl	HAL_DACEx_ErrorCallbackCh2
 601              	.LVL48:
 474:Drivers/STM32F4xx_HAL_Driver/Src/stm32f4xx_hal_dac_ex.c **** #endif /* USE_HAL_DAC_REGISTER_CALLBACKS */
 475:Drivers/STM32F4xx_HAL_Driver/Src/stm32f4xx_hal_dac_ex.c **** 
 476:Drivers/STM32F4xx_HAL_Driver/Src/stm32f4xx_hal_dac_ex.c ****   hdac->State = HAL_DAC_STATE_READY;
 602              		.loc 1 476 3 is_stmt 1 view .LVU157
 603              		.loc 1 476 15 is_stmt 0 view .LVU158
 604 0012 0123     		movs	r3, #1
 605 0014 2371     		strb	r3, [r4, #4]
 477:Drivers/STM32F4xx_HAL_Driver/Src/stm32f4xx_hal_dac_ex.c **** }
 606              		.loc 1 477 1 view .LVU159
 607 0016 10BD     		pop	{r4, pc}
 608              		.loc 1 477 1 view .LVU160
 609              		.cfi_endproc
 610              	.LFE247:
 612              		.text
 613              	.Letext0:
 614              		.file 2 "c:\\installsoftware\\arm-gnu-toolchian\\arm-none-eabi\\include\\machine\\_default_types.h
 615              		.file 3 "c:\\installsoftware\\arm-gnu-toolchian\\arm-none-eabi\\include\\sys\\_stdint.h"
 616              		.file 4 "Drivers/CMSIS/Device/ST/STM32F4xx/Include/stm32f407xx.h"
 617              		.file 5 "Drivers/STM32F4xx_HAL_Driver/Inc/stm32f4xx_hal_def.h"
 618              		.file 6 "Drivers/STM32F4xx_HAL_Driver/Inc/stm32f4xx_hal_dma.h"
 619              		.file 7 "Drivers/STM32F4xx_HAL_Driver/Inc/stm32f4xx_hal_dac.h"
ARM GAS  C:\Users\z0147233\AppData\Local\Temp\ccmEaPhk.s 			page 20


ARM GAS  C:\Users\z0147233\AppData\Local\Temp\ccmEaPhk.s 			page 21


DEFINED SYMBOLS
                            *ABS*:00000000 stm32f4xx_hal_dac_ex.c
C:\Users\z0147233\AppData\Local\Temp\ccmEaPhk.s:20     .text.HAL_DACEx_DualStart:00000000 $t
C:\Users\z0147233\AppData\Local\Temp\ccmEaPhk.s:26     .text.HAL_DACEx_DualStart:00000000 HAL_DACEx_DualStart
C:\Users\z0147233\AppData\Local\Temp\ccmEaPhk.s:125    .text.HAL_DACEx_DualStop:00000000 $t
C:\Users\z0147233\AppData\Local\Temp\ccmEaPhk.s:131    .text.HAL_DACEx_DualStop:00000000 HAL_DACEx_DualStop
C:\Users\z0147233\AppData\Local\Temp\ccmEaPhk.s:163    .text.HAL_DACEx_TriangleWaveGenerate:00000000 $t
C:\Users\z0147233\AppData\Local\Temp\ccmEaPhk.s:169    .text.HAL_DACEx_TriangleWaveGenerate:00000000 HAL_DACEx_TriangleWaveGenerate
C:\Users\z0147233\AppData\Local\Temp\ccmEaPhk.s:241    .text.HAL_DACEx_NoiseWaveGenerate:00000000 $t
C:\Users\z0147233\AppData\Local\Temp\ccmEaPhk.s:247    .text.HAL_DACEx_NoiseWaveGenerate:00000000 HAL_DACEx_NoiseWaveGenerate
C:\Users\z0147233\AppData\Local\Temp\ccmEaPhk.s:319    .text.HAL_DACEx_DualSetValue:00000000 $t
C:\Users\z0147233\AppData\Local\Temp\ccmEaPhk.s:325    .text.HAL_DACEx_DualSetValue:00000000 HAL_DACEx_DualSetValue
C:\Users\z0147233\AppData\Local\Temp\ccmEaPhk.s:376    .text.HAL_DACEx_ConvCpltCallbackCh2:00000000 $t
C:\Users\z0147233\AppData\Local\Temp\ccmEaPhk.s:382    .text.HAL_DACEx_ConvCpltCallbackCh2:00000000 HAL_DACEx_ConvCpltCallbackCh2
C:\Users\z0147233\AppData\Local\Temp\ccmEaPhk.s:397    .text.HAL_DACEx_ConvHalfCpltCallbackCh2:00000000 $t
C:\Users\z0147233\AppData\Local\Temp\ccmEaPhk.s:403    .text.HAL_DACEx_ConvHalfCpltCallbackCh2:00000000 HAL_DACEx_ConvHalfCpltCallbackCh2
C:\Users\z0147233\AppData\Local\Temp\ccmEaPhk.s:418    .text.HAL_DACEx_ErrorCallbackCh2:00000000 $t
C:\Users\z0147233\AppData\Local\Temp\ccmEaPhk.s:424    .text.HAL_DACEx_ErrorCallbackCh2:00000000 HAL_DACEx_ErrorCallbackCh2
C:\Users\z0147233\AppData\Local\Temp\ccmEaPhk.s:439    .text.HAL_DACEx_DMAUnderrunCallbackCh2:00000000 $t
C:\Users\z0147233\AppData\Local\Temp\ccmEaPhk.s:445    .text.HAL_DACEx_DMAUnderrunCallbackCh2:00000000 HAL_DACEx_DMAUnderrunCallbackCh2
C:\Users\z0147233\AppData\Local\Temp\ccmEaPhk.s:460    .text.HAL_DACEx_DualGetValue:00000000 $t
C:\Users\z0147233\AppData\Local\Temp\ccmEaPhk.s:466    .text.HAL_DACEx_DualGetValue:00000000 HAL_DACEx_DualGetValue
C:\Users\z0147233\AppData\Local\Temp\ccmEaPhk.s:495    .text.DAC_DMAConvCpltCh2:00000000 $t
C:\Users\z0147233\AppData\Local\Temp\ccmEaPhk.s:501    .text.DAC_DMAConvCpltCh2:00000000 DAC_DMAConvCpltCh2
C:\Users\z0147233\AppData\Local\Temp\ccmEaPhk.s:535    .text.DAC_DMAHalfConvCpltCh2:00000000 $t
C:\Users\z0147233\AppData\Local\Temp\ccmEaPhk.s:541    .text.DAC_DMAHalfConvCpltCh2:00000000 DAC_DMAHalfConvCpltCh2
C:\Users\z0147233\AppData\Local\Temp\ccmEaPhk.s:568    .text.DAC_DMAErrorCh2:00000000 $t
C:\Users\z0147233\AppData\Local\Temp\ccmEaPhk.s:574    .text.DAC_DMAErrorCh2:00000000 DAC_DMAErrorCh2

NO UNDEFINED SYMBOLS
