ARM GAS  C:\Users\z0147233\AppData\Local\Temp\cckRMige.s 			page 1


   1              		.cpu cortex-m4
   2              		.arch armv7e-m
   3              		.fpu fpv4-sp-d16
   4              		.eabi_attribute 27, 1
   5              		.eabi_attribute 28, 1
   6              		.eabi_attribute 20, 1
   7              		.eabi_attribute 21, 1
   8              		.eabi_attribute 23, 3
   9              		.eabi_attribute 24, 1
  10              		.eabi_attribute 25, 1
  11              		.eabi_attribute 26, 1
  12              		.eabi_attribute 30, 1
  13              		.eabi_attribute 34, 1
  14              		.eabi_attribute 18, 4
  15              		.file	"stm32f4xx_it.c"
  16              		.text
  17              	.Ltext0:
  18              		.cfi_sections	.debug_frame
  19              		.section	.text.NMI_Handler,"ax",%progbits
  20              		.align	1
  21              		.global	NMI_Handler
  22              		.syntax unified
  23              		.thumb
  24              		.thumb_func
  26              	NMI_Handler:
  27              	.LFB235:
  28              		.file 1 "Src/stm32f4xx_it.c"
   1:Src/stm32f4xx_it.c **** /* USER CODE BEGIN Header */
   2:Src/stm32f4xx_it.c **** /**
   3:Src/stm32f4xx_it.c ****   ******************************************************************************
   4:Src/stm32f4xx_it.c ****   * @file    stm32f4xx_it.c
   5:Src/stm32f4xx_it.c ****   * @brief   Interrupt Service Routines.
   6:Src/stm32f4xx_it.c ****   ******************************************************************************
   7:Src/stm32f4xx_it.c ****   * @attention
   8:Src/stm32f4xx_it.c ****   *
   9:Src/stm32f4xx_it.c ****   * Copyright (c) 2023 STMicroelectronics.
  10:Src/stm32f4xx_it.c ****   * All rights reserved.
  11:Src/stm32f4xx_it.c ****   *
  12:Src/stm32f4xx_it.c ****   * This software is licensed under terms that can be found in the LICENSE file
  13:Src/stm32f4xx_it.c ****   * in the root directory of this software component.
  14:Src/stm32f4xx_it.c ****   * If no LICENSE file comes with this software, it is provided AS-IS.
  15:Src/stm32f4xx_it.c ****   *
  16:Src/stm32f4xx_it.c ****   ******************************************************************************
  17:Src/stm32f4xx_it.c ****   */
  18:Src/stm32f4xx_it.c **** /* USER CODE END Header */
  19:Src/stm32f4xx_it.c **** 
  20:Src/stm32f4xx_it.c **** /* Includes ------------------------------------------------------------------*/
  21:Src/stm32f4xx_it.c **** #include "main.h"
  22:Src/stm32f4xx_it.c **** #include "stm32f4xx_it.h"
  23:Src/stm32f4xx_it.c **** /* Private includes ----------------------------------------------------------*/
  24:Src/stm32f4xx_it.c **** /* USER CODE BEGIN Includes */
  25:Src/stm32f4xx_it.c **** /* USER CODE END Includes */
  26:Src/stm32f4xx_it.c **** 
  27:Src/stm32f4xx_it.c **** /* Private typedef -----------------------------------------------------------*/
  28:Src/stm32f4xx_it.c **** /* USER CODE BEGIN TD */
  29:Src/stm32f4xx_it.c **** 
  30:Src/stm32f4xx_it.c **** /* USER CODE END TD */
ARM GAS  C:\Users\z0147233\AppData\Local\Temp\cckRMige.s 			page 2


  31:Src/stm32f4xx_it.c **** 
  32:Src/stm32f4xx_it.c **** /* Private define ------------------------------------------------------------*/
  33:Src/stm32f4xx_it.c **** /* USER CODE BEGIN PD */
  34:Src/stm32f4xx_it.c **** 
  35:Src/stm32f4xx_it.c **** /* USER CODE END PD */
  36:Src/stm32f4xx_it.c **** 
  37:Src/stm32f4xx_it.c **** /* Private macro -------------------------------------------------------------*/
  38:Src/stm32f4xx_it.c **** /* USER CODE BEGIN PM */
  39:Src/stm32f4xx_it.c **** 
  40:Src/stm32f4xx_it.c **** /* USER CODE END PM */
  41:Src/stm32f4xx_it.c **** 
  42:Src/stm32f4xx_it.c **** /* Private variables ---------------------------------------------------------*/
  43:Src/stm32f4xx_it.c **** /* USER CODE BEGIN PV */
  44:Src/stm32f4xx_it.c **** 
  45:Src/stm32f4xx_it.c **** /* USER CODE END PV */
  46:Src/stm32f4xx_it.c **** 
  47:Src/stm32f4xx_it.c **** /* Private function prototypes -----------------------------------------------*/
  48:Src/stm32f4xx_it.c **** /* USER CODE BEGIN PFP */
  49:Src/stm32f4xx_it.c **** 
  50:Src/stm32f4xx_it.c **** /* USER CODE END PFP */
  51:Src/stm32f4xx_it.c **** 
  52:Src/stm32f4xx_it.c **** /* Private user code ---------------------------------------------------------*/
  53:Src/stm32f4xx_it.c **** /* USER CODE BEGIN 0 */
  54:Src/stm32f4xx_it.c **** 
  55:Src/stm32f4xx_it.c **** /* USER CODE END 0 */
  56:Src/stm32f4xx_it.c **** 
  57:Src/stm32f4xx_it.c **** /* External variables --------------------------------------------------------*/
  58:Src/stm32f4xx_it.c **** extern PCD_HandleTypeDef hpcd_USB_OTG_FS;
  59:Src/stm32f4xx_it.c **** extern DMA_HandleTypeDef hdma_adc1;
  60:Src/stm32f4xx_it.c **** extern CAN_HandleTypeDef hcan1;
  61:Src/stm32f4xx_it.c **** extern CAN_HandleTypeDef hcan2;
  62:Src/stm32f4xx_it.c **** extern DMA_HandleTypeDef hdma_i2c2_rx;
  63:Src/stm32f4xx_it.c **** extern DMA_HandleTypeDef hdma_i2c2_tx;
  64:Src/stm32f4xx_it.c **** extern I2C_HandleTypeDef hi2c2;
  65:Src/stm32f4xx_it.c **** extern I2C_HandleTypeDef hi2c3;
  66:Src/stm32f4xx_it.c **** extern DMA_HandleTypeDef hdma_spi1_rx;
  67:Src/stm32f4xx_it.c **** extern DMA_HandleTypeDef hdma_spi1_tx;
  68:Src/stm32f4xx_it.c **** extern DMA_HandleTypeDef hdma_spi2_rx;
  69:Src/stm32f4xx_it.c **** extern DMA_HandleTypeDef hdma_spi2_tx;
  70:Src/stm32f4xx_it.c **** extern SPI_HandleTypeDef hspi1;
  71:Src/stm32f4xx_it.c **** extern SPI_HandleTypeDef hspi2;
  72:Src/stm32f4xx_it.c **** extern TIM_HandleTypeDef htim8;
  73:Src/stm32f4xx_it.c **** extern DMA_HandleTypeDef hdma_usart1_tx;
  74:Src/stm32f4xx_it.c **** extern DMA_HandleTypeDef hdma_usart1_rx;
  75:Src/stm32f4xx_it.c **** extern DMA_HandleTypeDef hdma_usart3_rx;
  76:Src/stm32f4xx_it.c **** extern DMA_HandleTypeDef hdma_usart6_rx;
  77:Src/stm32f4xx_it.c **** extern DMA_HandleTypeDef hdma_usart6_tx;
  78:Src/stm32f4xx_it.c **** extern UART_HandleTypeDef huart1;
  79:Src/stm32f4xx_it.c **** extern UART_HandleTypeDef huart3;
  80:Src/stm32f4xx_it.c **** extern UART_HandleTypeDef huart6;
  81:Src/stm32f4xx_it.c **** extern TIM_HandleTypeDef htim14;
  82:Src/stm32f4xx_it.c **** 
  83:Src/stm32f4xx_it.c **** /* USER CODE BEGIN EV */
  84:Src/stm32f4xx_it.c **** 
  85:Src/stm32f4xx_it.c **** /* USER CODE END EV */
  86:Src/stm32f4xx_it.c **** 
  87:Src/stm32f4xx_it.c **** /******************************************************************************/
ARM GAS  C:\Users\z0147233\AppData\Local\Temp\cckRMige.s 			page 3


  88:Src/stm32f4xx_it.c **** /*           Cortex-M4 Processor Interruption and Exception Handlers          */
  89:Src/stm32f4xx_it.c **** /******************************************************************************/
  90:Src/stm32f4xx_it.c **** /**
  91:Src/stm32f4xx_it.c ****   * @brief This function handles Non maskable interrupt.
  92:Src/stm32f4xx_it.c ****   */
  93:Src/stm32f4xx_it.c **** void NMI_Handler(void)
  94:Src/stm32f4xx_it.c **** {
  29              		.loc 1 94 1 view -0
  30              		.cfi_startproc
  31              		@ Volatile: function does not return.
  32              		@ args = 0, pretend = 0, frame = 0
  33              		@ frame_needed = 0, uses_anonymous_args = 0
  34              		@ link register save eliminated.
  35              	.L2:
  95:Src/stm32f4xx_it.c ****   /* USER CODE BEGIN NonMaskableInt_IRQn 0 */
  96:Src/stm32f4xx_it.c **** 
  97:Src/stm32f4xx_it.c ****   /* USER CODE END NonMaskableInt_IRQn 0 */
  98:Src/stm32f4xx_it.c ****   /* USER CODE BEGIN NonMaskableInt_IRQn 1 */
  99:Src/stm32f4xx_it.c ****   while (1)
  36              		.loc 1 99 3 discriminator 1 view .LVU1
 100:Src/stm32f4xx_it.c ****   {
 101:Src/stm32f4xx_it.c ****   }
  37              		.loc 1 101 3 discriminator 1 view .LVU2
  99:Src/stm32f4xx_it.c ****   {
  38              		.loc 1 99 9 discriminator 1 view .LVU3
  39 0000 FEE7     		b	.L2
  40              		.cfi_endproc
  41              	.LFE235:
  43              		.section	.text.HardFault_Handler,"ax",%progbits
  44              		.align	1
  45              		.global	HardFault_Handler
  46              		.syntax unified
  47              		.thumb
  48              		.thumb_func
  50              	HardFault_Handler:
  51              	.LFB236:
 102:Src/stm32f4xx_it.c ****   /* USER CODE END NonMaskableInt_IRQn 1 */
 103:Src/stm32f4xx_it.c **** }
 104:Src/stm32f4xx_it.c **** 
 105:Src/stm32f4xx_it.c **** /**
 106:Src/stm32f4xx_it.c ****   * @brief This function handles Hard fault interrupt.
 107:Src/stm32f4xx_it.c ****   */
 108:Src/stm32f4xx_it.c **** void HardFault_Handler(void)
 109:Src/stm32f4xx_it.c **** {
  52              		.loc 1 109 1 view -0
  53              		.cfi_startproc
  54              		@ Volatile: function does not return.
  55              		@ args = 0, pretend = 0, frame = 0
  56              		@ frame_needed = 0, uses_anonymous_args = 0
  57              		@ link register save eliminated.
 110:Src/stm32f4xx_it.c ****   /* USER CODE BEGIN HardFault_IRQn 0 */
 111:Src/stm32f4xx_it.c ****   asm("bx lr");
  58              		.loc 1 111 3 view .LVU5
  59              		.syntax unified
  60              	@ 111 "Src/stm32f4xx_it.c" 1
  61 0000 7047     		bx lr
  62              	@ 0 "" 2
ARM GAS  C:\Users\z0147233\AppData\Local\Temp\cckRMige.s 			page 4


  63              		.thumb
  64              		.syntax unified
  65              	.L4:
 112:Src/stm32f4xx_it.c ****   /* USER CODE END HardFault_IRQn 0 */
 113:Src/stm32f4xx_it.c ****   while (1)
  66              		.loc 1 113 3 discriminator 1 view .LVU6
 114:Src/stm32f4xx_it.c ****   {
 115:Src/stm32f4xx_it.c ****     /* USER CODE BEGIN W1_HardFault_IRQn 0 */
 116:Src/stm32f4xx_it.c ****     asm("bx lr");
  67              		.loc 1 116 5 discriminator 1 view .LVU7
  68              		.syntax unified
  69              	@ 116 "Src/stm32f4xx_it.c" 1
  70 0002 7047     		bx lr
  71              	@ 0 "" 2
 113:Src/stm32f4xx_it.c ****   {
  72              		.loc 1 113 9 discriminator 1 view .LVU8
  73              		.thumb
  74              		.syntax unified
  75 0004 FDE7     		b	.L4
  76              		.cfi_endproc
  77              	.LFE236:
  79              		.section	.text.MemManage_Handler,"ax",%progbits
  80              		.align	1
  81              		.global	MemManage_Handler
  82              		.syntax unified
  83              		.thumb
  84              		.thumb_func
  86              	MemManage_Handler:
  87              	.LFB237:
 117:Src/stm32f4xx_it.c ****     /* USER CODE END W1_HardFault_IRQn 0 */
 118:Src/stm32f4xx_it.c ****   }
 119:Src/stm32f4xx_it.c **** }
 120:Src/stm32f4xx_it.c **** 
 121:Src/stm32f4xx_it.c **** /**
 122:Src/stm32f4xx_it.c ****   * @brief This function handles Memory management fault.
 123:Src/stm32f4xx_it.c ****   */
 124:Src/stm32f4xx_it.c **** void MemManage_Handler(void)
 125:Src/stm32f4xx_it.c **** {
  88              		.loc 1 125 1 view -0
  89              		.cfi_startproc
  90              		@ Volatile: function does not return.
  91              		@ args = 0, pretend = 0, frame = 0
  92              		@ frame_needed = 0, uses_anonymous_args = 0
  93              		@ link register save eliminated.
  94              	.L6:
 126:Src/stm32f4xx_it.c ****   /* USER CODE BEGIN MemoryManagement_IRQn 0 */
 127:Src/stm32f4xx_it.c **** 
 128:Src/stm32f4xx_it.c ****   /* USER CODE END MemoryManagement_IRQn 0 */
 129:Src/stm32f4xx_it.c ****   while (1)
  95              		.loc 1 129 3 discriminator 1 view .LVU10
 130:Src/stm32f4xx_it.c ****   {
 131:Src/stm32f4xx_it.c ****     /* USER CODE BEGIN W1_MemoryManagement_IRQn 0 */
 132:Src/stm32f4xx_it.c ****     /* USER CODE END W1_MemoryManagement_IRQn 0 */
 133:Src/stm32f4xx_it.c ****   }
  96              		.loc 1 133 3 discriminator 1 view .LVU11
 129:Src/stm32f4xx_it.c ****   {
  97              		.loc 1 129 9 discriminator 1 view .LVU12
ARM GAS  C:\Users\z0147233\AppData\Local\Temp\cckRMige.s 			page 5


  98 0000 FEE7     		b	.L6
  99              		.cfi_endproc
 100              	.LFE237:
 102              		.section	.text.BusFault_Handler,"ax",%progbits
 103              		.align	1
 104              		.global	BusFault_Handler
 105              		.syntax unified
 106              		.thumb
 107              		.thumb_func
 109              	BusFault_Handler:
 110              	.LFB238:
 134:Src/stm32f4xx_it.c **** }
 135:Src/stm32f4xx_it.c **** 
 136:Src/stm32f4xx_it.c **** /**
 137:Src/stm32f4xx_it.c ****   * @brief This function handles Pre-fetch fault, memory access fault.
 138:Src/stm32f4xx_it.c ****   */
 139:Src/stm32f4xx_it.c **** void BusFault_Handler(void)
 140:Src/stm32f4xx_it.c **** {
 111              		.loc 1 140 1 view -0
 112              		.cfi_startproc
 113              		@ Volatile: function does not return.
 114              		@ args = 0, pretend = 0, frame = 0
 115              		@ frame_needed = 0, uses_anonymous_args = 0
 116              		@ link register save eliminated.
 117              	.L8:
 141:Src/stm32f4xx_it.c ****   /* USER CODE BEGIN BusFault_IRQn 0 */
 142:Src/stm32f4xx_it.c **** 
 143:Src/stm32f4xx_it.c ****   /* USER CODE END BusFault_IRQn 0 */
 144:Src/stm32f4xx_it.c ****   while (1)
 118              		.loc 1 144 3 discriminator 1 view .LVU14
 145:Src/stm32f4xx_it.c ****   {
 146:Src/stm32f4xx_it.c ****     /* USER CODE BEGIN W1_BusFault_IRQn 0 */
 147:Src/stm32f4xx_it.c ****     /* USER CODE END W1_BusFault_IRQn 0 */
 148:Src/stm32f4xx_it.c ****   }
 119              		.loc 1 148 3 discriminator 1 view .LVU15
 144:Src/stm32f4xx_it.c ****   {
 120              		.loc 1 144 9 discriminator 1 view .LVU16
 121 0000 FEE7     		b	.L8
 122              		.cfi_endproc
 123              	.LFE238:
 125              		.section	.text.UsageFault_Handler,"ax",%progbits
 126              		.align	1
 127              		.global	UsageFault_Handler
 128              		.syntax unified
 129              		.thumb
 130              		.thumb_func
 132              	UsageFault_Handler:
 133              	.LFB239:
 149:Src/stm32f4xx_it.c **** }
 150:Src/stm32f4xx_it.c **** 
 151:Src/stm32f4xx_it.c **** /**
 152:Src/stm32f4xx_it.c ****   * @brief This function handles Undefined instruction or illegal state.
 153:Src/stm32f4xx_it.c ****   */
 154:Src/stm32f4xx_it.c **** void UsageFault_Handler(void)
 155:Src/stm32f4xx_it.c **** {
 134              		.loc 1 155 1 view -0
 135              		.cfi_startproc
ARM GAS  C:\Users\z0147233\AppData\Local\Temp\cckRMige.s 			page 6


 136              		@ Volatile: function does not return.
 137              		@ args = 0, pretend = 0, frame = 0
 138              		@ frame_needed = 0, uses_anonymous_args = 0
 139              		@ link register save eliminated.
 140              	.L10:
 156:Src/stm32f4xx_it.c ****   /* USER CODE BEGIN UsageFault_IRQn 0 */
 157:Src/stm32f4xx_it.c **** 
 158:Src/stm32f4xx_it.c ****   /* USER CODE END UsageFault_IRQn 0 */
 159:Src/stm32f4xx_it.c ****   while (1)
 141              		.loc 1 159 3 discriminator 1 view .LVU18
 160:Src/stm32f4xx_it.c ****   {
 161:Src/stm32f4xx_it.c ****     /* USER CODE BEGIN W1_UsageFault_IRQn 0 */
 162:Src/stm32f4xx_it.c ****     /* USER CODE END W1_UsageFault_IRQn 0 */
 163:Src/stm32f4xx_it.c ****   }
 142              		.loc 1 163 3 discriminator 1 view .LVU19
 159:Src/stm32f4xx_it.c ****   {
 143              		.loc 1 159 9 discriminator 1 view .LVU20
 144 0000 FEE7     		b	.L10
 145              		.cfi_endproc
 146              	.LFE239:
 148              		.section	.text.DebugMon_Handler,"ax",%progbits
 149              		.align	1
 150              		.global	DebugMon_Handler
 151              		.syntax unified
 152              		.thumb
 153              		.thumb_func
 155              	DebugMon_Handler:
 156              	.LFB240:
 164:Src/stm32f4xx_it.c **** }
 165:Src/stm32f4xx_it.c **** 
 166:Src/stm32f4xx_it.c **** /**
 167:Src/stm32f4xx_it.c ****   * @brief This function handles Debug monitor.
 168:Src/stm32f4xx_it.c ****   */
 169:Src/stm32f4xx_it.c **** void DebugMon_Handler(void)
 170:Src/stm32f4xx_it.c **** {
 157              		.loc 1 170 1 view -0
 158              		.cfi_startproc
 159              		@ args = 0, pretend = 0, frame = 0
 160              		@ frame_needed = 0, uses_anonymous_args = 0
 161              		@ link register save eliminated.
 171:Src/stm32f4xx_it.c ****   /* USER CODE BEGIN DebugMonitor_IRQn 0 */
 172:Src/stm32f4xx_it.c **** 
 173:Src/stm32f4xx_it.c ****   /* USER CODE END DebugMonitor_IRQn 0 */
 174:Src/stm32f4xx_it.c ****   /* USER CODE BEGIN DebugMonitor_IRQn 1 */
 175:Src/stm32f4xx_it.c **** 
 176:Src/stm32f4xx_it.c ****   /* USER CODE END DebugMonitor_IRQn 1 */
 177:Src/stm32f4xx_it.c **** }
 162              		.loc 1 177 1 view .LVU22
 163 0000 7047     		bx	lr
 164              		.cfi_endproc
 165              	.LFE240:
 167              		.section	.text.FLASH_IRQHandler,"ax",%progbits
 168              		.align	1
 169              		.global	FLASH_IRQHandler
 170              		.syntax unified
 171              		.thumb
 172              		.thumb_func
ARM GAS  C:\Users\z0147233\AppData\Local\Temp\cckRMige.s 			page 7


 174              	FLASH_IRQHandler:
 175              	.LFB241:
 178:Src/stm32f4xx_it.c **** 
 179:Src/stm32f4xx_it.c **** /******************************************************************************/
 180:Src/stm32f4xx_it.c **** /* STM32F4xx Peripheral Interrupt Handlers                                    */
 181:Src/stm32f4xx_it.c **** /* Add here the Interrupt Handlers for the used peripherals.                  */
 182:Src/stm32f4xx_it.c **** /* For the available peripheral interrupt handler names,                      */
 183:Src/stm32f4xx_it.c **** /* please refer to the startup file (startup_stm32f4xx.s).                    */
 184:Src/stm32f4xx_it.c **** /******************************************************************************/
 185:Src/stm32f4xx_it.c **** 
 186:Src/stm32f4xx_it.c **** /**
 187:Src/stm32f4xx_it.c ****   * @brief This function handles Flash global interrupt.
 188:Src/stm32f4xx_it.c ****   */
 189:Src/stm32f4xx_it.c **** void FLASH_IRQHandler(void)
 190:Src/stm32f4xx_it.c **** {
 176              		.loc 1 190 1 view -0
 177              		.cfi_startproc
 178              		@ args = 0, pretend = 0, frame = 0
 179              		@ frame_needed = 0, uses_anonymous_args = 0
 180 0000 08B5     		push	{r3, lr}
 181              	.LCFI0:
 182              		.cfi_def_cfa_offset 8
 183              		.cfi_offset 3, -8
 184              		.cfi_offset 14, -4
 191:Src/stm32f4xx_it.c ****   /* USER CODE BEGIN FLASH_IRQn 0 */
 192:Src/stm32f4xx_it.c **** 
 193:Src/stm32f4xx_it.c ****   /* USER CODE END FLASH_IRQn 0 */
 194:Src/stm32f4xx_it.c ****   HAL_FLASH_IRQHandler();
 185              		.loc 1 194 3 view .LVU24
 186 0002 FFF7FEFF 		bl	HAL_FLASH_IRQHandler
 187              	.LVL0:
 195:Src/stm32f4xx_it.c ****   /* USER CODE BEGIN FLASH_IRQn 1 */
 196:Src/stm32f4xx_it.c **** 
 197:Src/stm32f4xx_it.c ****   /* USER CODE END FLASH_IRQn 1 */
 198:Src/stm32f4xx_it.c **** }
 188              		.loc 1 198 1 is_stmt 0 view .LVU25
 189 0006 08BD     		pop	{r3, pc}
 190              		.cfi_endproc
 191              	.LFE241:
 193              		.section	.text.EXTI3_IRQHandler,"ax",%progbits
 194              		.align	1
 195              		.global	EXTI3_IRQHandler
 196              		.syntax unified
 197              		.thumb
 198              		.thumb_func
 200              	EXTI3_IRQHandler:
 201              	.LFB242:
 199:Src/stm32f4xx_it.c **** 
 200:Src/stm32f4xx_it.c **** /**
 201:Src/stm32f4xx_it.c ****   * @brief This function handles EXTI line3 interrupt.
 202:Src/stm32f4xx_it.c ****   */
 203:Src/stm32f4xx_it.c **** void EXTI3_IRQHandler(void)
 204:Src/stm32f4xx_it.c **** {
 202              		.loc 1 204 1 is_stmt 1 view -0
 203              		.cfi_startproc
 204              		@ args = 0, pretend = 0, frame = 0
 205              		@ frame_needed = 0, uses_anonymous_args = 0
ARM GAS  C:\Users\z0147233\AppData\Local\Temp\cckRMige.s 			page 8


 206 0000 08B5     		push	{r3, lr}
 207              	.LCFI1:
 208              		.cfi_def_cfa_offset 8
 209              		.cfi_offset 3, -8
 210              		.cfi_offset 14, -4
 205:Src/stm32f4xx_it.c ****   /* USER CODE BEGIN EXTI3_IRQn 0 */
 206:Src/stm32f4xx_it.c **** 
 207:Src/stm32f4xx_it.c ****   /* USER CODE END EXTI3_IRQn 0 */
 208:Src/stm32f4xx_it.c ****   HAL_GPIO_EXTI_IRQHandler(INT_MAG_Pin);
 211              		.loc 1 208 3 view .LVU27
 212 0002 0820     		movs	r0, #8
 213 0004 FFF7FEFF 		bl	HAL_GPIO_EXTI_IRQHandler
 214              	.LVL1:
 209:Src/stm32f4xx_it.c ****   /* USER CODE BEGIN EXTI3_IRQn 1 */
 210:Src/stm32f4xx_it.c **** 
 211:Src/stm32f4xx_it.c ****   /* USER CODE END EXTI3_IRQn 1 */
 212:Src/stm32f4xx_it.c **** }
 215              		.loc 1 212 1 is_stmt 0 view .LVU28
 216 0008 08BD     		pop	{r3, pc}
 217              		.cfi_endproc
 218              	.LFE242:
 220              		.section	.text.EXTI4_IRQHandler,"ax",%progbits
 221              		.align	1
 222              		.global	EXTI4_IRQHandler
 223              		.syntax unified
 224              		.thumb
 225              		.thumb_func
 227              	EXTI4_IRQHandler:
 228              	.LFB243:
 213:Src/stm32f4xx_it.c **** 
 214:Src/stm32f4xx_it.c **** /**
 215:Src/stm32f4xx_it.c ****   * @brief This function handles EXTI line4 interrupt.
 216:Src/stm32f4xx_it.c ****   */
 217:Src/stm32f4xx_it.c **** void EXTI4_IRQHandler(void)
 218:Src/stm32f4xx_it.c **** {
 229              		.loc 1 218 1 is_stmt 1 view -0
 230              		.cfi_startproc
 231              		@ args = 0, pretend = 0, frame = 0
 232              		@ frame_needed = 0, uses_anonymous_args = 0
 233 0000 08B5     		push	{r3, lr}
 234              	.LCFI2:
 235              		.cfi_def_cfa_offset 8
 236              		.cfi_offset 3, -8
 237              		.cfi_offset 14, -4
 219:Src/stm32f4xx_it.c ****   /* USER CODE BEGIN EXTI4_IRQn 0 */
 220:Src/stm32f4xx_it.c **** 
 221:Src/stm32f4xx_it.c ****   /* USER CODE END EXTI4_IRQn 0 */
 222:Src/stm32f4xx_it.c ****   HAL_GPIO_EXTI_IRQHandler(INT_ACC_Pin);
 238              		.loc 1 222 3 view .LVU30
 239 0002 1020     		movs	r0, #16
 240 0004 FFF7FEFF 		bl	HAL_GPIO_EXTI_IRQHandler
 241              	.LVL2:
 223:Src/stm32f4xx_it.c ****   /* USER CODE BEGIN EXTI4_IRQn 1 */
 224:Src/stm32f4xx_it.c **** 
 225:Src/stm32f4xx_it.c ****   /* USER CODE END EXTI4_IRQn 1 */
 226:Src/stm32f4xx_it.c **** }
 242              		.loc 1 226 1 is_stmt 0 view .LVU31
ARM GAS  C:\Users\z0147233\AppData\Local\Temp\cckRMige.s 			page 9


 243 0008 08BD     		pop	{r3, pc}
 244              		.cfi_endproc
 245              	.LFE243:
 247              		.section	.text.DMA1_Stream1_IRQHandler,"ax",%progbits
 248              		.align	1
 249              		.global	DMA1_Stream1_IRQHandler
 250              		.syntax unified
 251              		.thumb
 252              		.thumb_func
 254              	DMA1_Stream1_IRQHandler:
 255              	.LFB244:
 227:Src/stm32f4xx_it.c **** 
 228:Src/stm32f4xx_it.c **** /**
 229:Src/stm32f4xx_it.c ****   * @brief This function handles DMA1 stream1 global interrupt.
 230:Src/stm32f4xx_it.c ****   */
 231:Src/stm32f4xx_it.c **** void DMA1_Stream1_IRQHandler(void)
 232:Src/stm32f4xx_it.c **** {
 256              		.loc 1 232 1 is_stmt 1 view -0
 257              		.cfi_startproc
 258              		@ args = 0, pretend = 0, frame = 0
 259              		@ frame_needed = 0, uses_anonymous_args = 0
 260 0000 08B5     		push	{r3, lr}
 261              	.LCFI3:
 262              		.cfi_def_cfa_offset 8
 263              		.cfi_offset 3, -8
 264              		.cfi_offset 14, -4
 233:Src/stm32f4xx_it.c ****   /* USER CODE BEGIN DMA1_Stream1_IRQn 0 */
 234:Src/stm32f4xx_it.c **** 
 235:Src/stm32f4xx_it.c ****   /* USER CODE END DMA1_Stream1_IRQn 0 */
 236:Src/stm32f4xx_it.c ****   HAL_DMA_IRQHandler(&hdma_usart3_rx);
 265              		.loc 1 236 3 view .LVU33
 266 0002 0248     		ldr	r0, .L20
 267 0004 FFF7FEFF 		bl	HAL_DMA_IRQHandler
 268              	.LVL3:
 237:Src/stm32f4xx_it.c ****   /* USER CODE BEGIN DMA1_Stream1_IRQn 1 */
 238:Src/stm32f4xx_it.c **** 
 239:Src/stm32f4xx_it.c ****   /* USER CODE END DMA1_Stream1_IRQn 1 */
 240:Src/stm32f4xx_it.c **** }
 269              		.loc 1 240 1 is_stmt 0 view .LVU34
 270 0008 08BD     		pop	{r3, pc}
 271              	.L21:
 272 000a 00BF     		.align	2
 273              	.L20:
 274 000c 00000000 		.word	hdma_usart3_rx
 275              		.cfi_endproc
 276              	.LFE244:
 278              		.section	.text.DMA1_Stream2_IRQHandler,"ax",%progbits
 279              		.align	1
 280              		.global	DMA1_Stream2_IRQHandler
 281              		.syntax unified
 282              		.thumb
 283              		.thumb_func
 285              	DMA1_Stream2_IRQHandler:
 286              	.LFB245:
 241:Src/stm32f4xx_it.c **** 
 242:Src/stm32f4xx_it.c **** /**
 243:Src/stm32f4xx_it.c ****   * @brief This function handles DMA1 stream2 global interrupt.
ARM GAS  C:\Users\z0147233\AppData\Local\Temp\cckRMige.s 			page 10


 244:Src/stm32f4xx_it.c ****   */
 245:Src/stm32f4xx_it.c **** void DMA1_Stream2_IRQHandler(void)
 246:Src/stm32f4xx_it.c **** {
 287              		.loc 1 246 1 is_stmt 1 view -0
 288              		.cfi_startproc
 289              		@ args = 0, pretend = 0, frame = 0
 290              		@ frame_needed = 0, uses_anonymous_args = 0
 291 0000 08B5     		push	{r3, lr}
 292              	.LCFI4:
 293              		.cfi_def_cfa_offset 8
 294              		.cfi_offset 3, -8
 295              		.cfi_offset 14, -4
 247:Src/stm32f4xx_it.c ****   /* USER CODE BEGIN DMA1_Stream2_IRQn 0 */
 248:Src/stm32f4xx_it.c **** 
 249:Src/stm32f4xx_it.c ****   /* USER CODE END DMA1_Stream2_IRQn 0 */
 250:Src/stm32f4xx_it.c ****   HAL_DMA_IRQHandler(&hdma_i2c2_rx);
 296              		.loc 1 250 3 view .LVU36
 297 0002 0248     		ldr	r0, .L24
 298 0004 FFF7FEFF 		bl	HAL_DMA_IRQHandler
 299              	.LVL4:
 251:Src/stm32f4xx_it.c ****   /* USER CODE BEGIN DMA1_Stream2_IRQn 1 */
 252:Src/stm32f4xx_it.c **** 
 253:Src/stm32f4xx_it.c ****   /* USER CODE END DMA1_Stream2_IRQn 1 */
 254:Src/stm32f4xx_it.c **** }
 300              		.loc 1 254 1 is_stmt 0 view .LVU37
 301 0008 08BD     		pop	{r3, pc}
 302              	.L25:
 303 000a 00BF     		.align	2
 304              	.L24:
 305 000c 00000000 		.word	hdma_i2c2_rx
 306              		.cfi_endproc
 307              	.LFE245:
 309              		.section	.text.DMA1_Stream3_IRQHandler,"ax",%progbits
 310              		.align	1
 311              		.global	DMA1_Stream3_IRQHandler
 312              		.syntax unified
 313              		.thumb
 314              		.thumb_func
 316              	DMA1_Stream3_IRQHandler:
 317              	.LFB246:
 255:Src/stm32f4xx_it.c **** 
 256:Src/stm32f4xx_it.c **** /**
 257:Src/stm32f4xx_it.c ****   * @brief This function handles DMA1 stream3 global interrupt.
 258:Src/stm32f4xx_it.c ****   */
 259:Src/stm32f4xx_it.c **** void DMA1_Stream3_IRQHandler(void)
 260:Src/stm32f4xx_it.c **** {
 318              		.loc 1 260 1 is_stmt 1 view -0
 319              		.cfi_startproc
 320              		@ args = 0, pretend = 0, frame = 0
 321              		@ frame_needed = 0, uses_anonymous_args = 0
 322 0000 08B5     		push	{r3, lr}
 323              	.LCFI5:
 324              		.cfi_def_cfa_offset 8
 325              		.cfi_offset 3, -8
 326              		.cfi_offset 14, -4
 261:Src/stm32f4xx_it.c ****   /* USER CODE BEGIN DMA1_Stream3_IRQn 0 */
 262:Src/stm32f4xx_it.c **** 
ARM GAS  C:\Users\z0147233\AppData\Local\Temp\cckRMige.s 			page 11


 263:Src/stm32f4xx_it.c ****   /* USER CODE END DMA1_Stream3_IRQn 0 */
 264:Src/stm32f4xx_it.c ****   HAL_DMA_IRQHandler(&hdma_spi2_rx);
 327              		.loc 1 264 3 view .LVU39
 328 0002 0248     		ldr	r0, .L28
 329 0004 FFF7FEFF 		bl	HAL_DMA_IRQHandler
 330              	.LVL5:
 265:Src/stm32f4xx_it.c ****   /* USER CODE BEGIN DMA1_Stream3_IRQn 1 */
 266:Src/stm32f4xx_it.c **** 
 267:Src/stm32f4xx_it.c ****   /* USER CODE END DMA1_Stream3_IRQn 1 */
 268:Src/stm32f4xx_it.c **** }
 331              		.loc 1 268 1 is_stmt 0 view .LVU40
 332 0008 08BD     		pop	{r3, pc}
 333              	.L29:
 334 000a 00BF     		.align	2
 335              	.L28:
 336 000c 00000000 		.word	hdma_spi2_rx
 337              		.cfi_endproc
 338              	.LFE246:
 340              		.section	.text.DMA1_Stream4_IRQHandler,"ax",%progbits
 341              		.align	1
 342              		.global	DMA1_Stream4_IRQHandler
 343              		.syntax unified
 344              		.thumb
 345              		.thumb_func
 347              	DMA1_Stream4_IRQHandler:
 348              	.LFB247:
 269:Src/stm32f4xx_it.c **** 
 270:Src/stm32f4xx_it.c **** /**
 271:Src/stm32f4xx_it.c ****   * @brief This function handles DMA1 stream4 global interrupt.
 272:Src/stm32f4xx_it.c ****   */
 273:Src/stm32f4xx_it.c **** void DMA1_Stream4_IRQHandler(void)
 274:Src/stm32f4xx_it.c **** {
 349              		.loc 1 274 1 is_stmt 1 view -0
 350              		.cfi_startproc
 351              		@ args = 0, pretend = 0, frame = 0
 352              		@ frame_needed = 0, uses_anonymous_args = 0
 353 0000 08B5     		push	{r3, lr}
 354              	.LCFI6:
 355              		.cfi_def_cfa_offset 8
 356              		.cfi_offset 3, -8
 357              		.cfi_offset 14, -4
 275:Src/stm32f4xx_it.c ****   /* USER CODE BEGIN DMA1_Stream4_IRQn 0 */
 276:Src/stm32f4xx_it.c **** 
 277:Src/stm32f4xx_it.c ****   /* USER CODE END DMA1_Stream4_IRQn 0 */
 278:Src/stm32f4xx_it.c ****   HAL_DMA_IRQHandler(&hdma_spi2_tx);
 358              		.loc 1 278 3 view .LVU42
 359 0002 0248     		ldr	r0, .L32
 360 0004 FFF7FEFF 		bl	HAL_DMA_IRQHandler
 361              	.LVL6:
 279:Src/stm32f4xx_it.c ****   /* USER CODE BEGIN DMA1_Stream4_IRQn 1 */
 280:Src/stm32f4xx_it.c **** 
 281:Src/stm32f4xx_it.c ****   /* USER CODE END DMA1_Stream4_IRQn 1 */
 282:Src/stm32f4xx_it.c **** }
 362              		.loc 1 282 1 is_stmt 0 view .LVU43
 363 0008 08BD     		pop	{r3, pc}
 364              	.L33:
 365 000a 00BF     		.align	2
ARM GAS  C:\Users\z0147233\AppData\Local\Temp\cckRMige.s 			page 12


 366              	.L32:
 367 000c 00000000 		.word	hdma_spi2_tx
 368              		.cfi_endproc
 369              	.LFE247:
 371              		.section	.text.CAN1_RX0_IRQHandler,"ax",%progbits
 372              		.align	1
 373              		.global	CAN1_RX0_IRQHandler
 374              		.syntax unified
 375              		.thumb
 376              		.thumb_func
 378              	CAN1_RX0_IRQHandler:
 379              	.LFB248:
 283:Src/stm32f4xx_it.c **** 
 284:Src/stm32f4xx_it.c **** /**
 285:Src/stm32f4xx_it.c ****   * @brief This function handles CAN1 RX0 interrupts.
 286:Src/stm32f4xx_it.c ****   */
 287:Src/stm32f4xx_it.c **** void CAN1_RX0_IRQHandler(void)
 288:Src/stm32f4xx_it.c **** {
 380              		.loc 1 288 1 is_stmt 1 view -0
 381              		.cfi_startproc
 382              		@ args = 0, pretend = 0, frame = 0
 383              		@ frame_needed = 0, uses_anonymous_args = 0
 384 0000 08B5     		push	{r3, lr}
 385              	.LCFI7:
 386              		.cfi_def_cfa_offset 8
 387              		.cfi_offset 3, -8
 388              		.cfi_offset 14, -4
 289:Src/stm32f4xx_it.c ****   /* USER CODE BEGIN CAN1_RX0_IRQn 0 */
 290:Src/stm32f4xx_it.c **** 
 291:Src/stm32f4xx_it.c ****   /* USER CODE END CAN1_RX0_IRQn 0 */
 292:Src/stm32f4xx_it.c ****   HAL_CAN_IRQHandler(&hcan1);
 389              		.loc 1 292 3 view .LVU45
 390 0002 0248     		ldr	r0, .L36
 391 0004 FFF7FEFF 		bl	HAL_CAN_IRQHandler
 392              	.LVL7:
 293:Src/stm32f4xx_it.c ****   /* USER CODE BEGIN CAN1_RX0_IRQn 1 */
 294:Src/stm32f4xx_it.c **** 
 295:Src/stm32f4xx_it.c ****   /* USER CODE END CAN1_RX0_IRQn 1 */
 296:Src/stm32f4xx_it.c **** }
 393              		.loc 1 296 1 is_stmt 0 view .LVU46
 394 0008 08BD     		pop	{r3, pc}
 395              	.L37:
 396 000a 00BF     		.align	2
 397              	.L36:
 398 000c 00000000 		.word	hcan1
 399              		.cfi_endproc
 400              	.LFE248:
 402              		.section	.text.CAN1_RX1_IRQHandler,"ax",%progbits
 403              		.align	1
 404              		.global	CAN1_RX1_IRQHandler
 405              		.syntax unified
 406              		.thumb
 407              		.thumb_func
 409              	CAN1_RX1_IRQHandler:
 410              	.LFB249:
 297:Src/stm32f4xx_it.c **** 
 298:Src/stm32f4xx_it.c **** /**
ARM GAS  C:\Users\z0147233\AppData\Local\Temp\cckRMige.s 			page 13


 299:Src/stm32f4xx_it.c ****   * @brief This function handles CAN1 RX1 interrupt.
 300:Src/stm32f4xx_it.c ****   */
 301:Src/stm32f4xx_it.c **** void CAN1_RX1_IRQHandler(void)
 302:Src/stm32f4xx_it.c **** {
 411              		.loc 1 302 1 is_stmt 1 view -0
 412              		.cfi_startproc
 413              		@ args = 0, pretend = 0, frame = 0
 414              		@ frame_needed = 0, uses_anonymous_args = 0
 415 0000 08B5     		push	{r3, lr}
 416              	.LCFI8:
 417              		.cfi_def_cfa_offset 8
 418              		.cfi_offset 3, -8
 419              		.cfi_offset 14, -4
 303:Src/stm32f4xx_it.c ****   /* USER CODE BEGIN CAN1_RX1_IRQn 0 */
 304:Src/stm32f4xx_it.c **** 
 305:Src/stm32f4xx_it.c ****   /* USER CODE END CAN1_RX1_IRQn 0 */
 306:Src/stm32f4xx_it.c ****   HAL_CAN_IRQHandler(&hcan1);
 420              		.loc 1 306 3 view .LVU48
 421 0002 0248     		ldr	r0, .L40
 422 0004 FFF7FEFF 		bl	HAL_CAN_IRQHandler
 423              	.LVL8:
 307:Src/stm32f4xx_it.c ****   /* USER CODE BEGIN CAN1_RX1_IRQn 1 */
 308:Src/stm32f4xx_it.c **** 
 309:Src/stm32f4xx_it.c ****   /* USER CODE END CAN1_RX1_IRQn 1 */
 310:Src/stm32f4xx_it.c **** }
 424              		.loc 1 310 1 is_stmt 0 view .LVU49
 425 0008 08BD     		pop	{r3, pc}
 426              	.L41:
 427 000a 00BF     		.align	2
 428              	.L40:
 429 000c 00000000 		.word	hcan1
 430              		.cfi_endproc
 431              	.LFE249:
 433              		.section	.text.EXTI9_5_IRQHandler,"ax",%progbits
 434              		.align	1
 435              		.global	EXTI9_5_IRQHandler
 436              		.syntax unified
 437              		.thumb
 438              		.thumb_func
 440              	EXTI9_5_IRQHandler:
 441              	.LFB250:
 311:Src/stm32f4xx_it.c **** 
 312:Src/stm32f4xx_it.c **** /**
 313:Src/stm32f4xx_it.c ****   * @brief This function handles EXTI line[9:5] interrupts.
 314:Src/stm32f4xx_it.c ****   */
 315:Src/stm32f4xx_it.c **** void EXTI9_5_IRQHandler(void)
 316:Src/stm32f4xx_it.c **** {
 442              		.loc 1 316 1 is_stmt 1 view -0
 443              		.cfi_startproc
 444              		@ args = 0, pretend = 0, frame = 0
 445              		@ frame_needed = 0, uses_anonymous_args = 0
 446 0000 08B5     		push	{r3, lr}
 447              	.LCFI9:
 448              		.cfi_def_cfa_offset 8
 449              		.cfi_offset 3, -8
 450              		.cfi_offset 14, -4
 317:Src/stm32f4xx_it.c ****   /* USER CODE BEGIN EXTI9_5_IRQn 0 */
ARM GAS  C:\Users\z0147233\AppData\Local\Temp\cckRMige.s 			page 14


 318:Src/stm32f4xx_it.c **** 
 319:Src/stm32f4xx_it.c ****   /* USER CODE END EXTI9_5_IRQn 0 */
 320:Src/stm32f4xx_it.c ****   HAL_GPIO_EXTI_IRQHandler(INT_GYRO_Pin);
 451              		.loc 1 320 3 view .LVU51
 452 0002 2020     		movs	r0, #32
 453 0004 FFF7FEFF 		bl	HAL_GPIO_EXTI_IRQHandler
 454              	.LVL9:
 321:Src/stm32f4xx_it.c ****   /* USER CODE BEGIN EXTI9_5_IRQn 1 */
 322:Src/stm32f4xx_it.c **** 
 323:Src/stm32f4xx_it.c ****   /* USER CODE END EXTI9_5_IRQn 1 */
 324:Src/stm32f4xx_it.c **** }
 455              		.loc 1 324 1 is_stmt 0 view .LVU52
 456 0008 08BD     		pop	{r3, pc}
 457              		.cfi_endproc
 458              	.LFE250:
 460              		.section	.text.I2C2_EV_IRQHandler,"ax",%progbits
 461              		.align	1
 462              		.global	I2C2_EV_IRQHandler
 463              		.syntax unified
 464              		.thumb
 465              		.thumb_func
 467              	I2C2_EV_IRQHandler:
 468              	.LFB251:
 325:Src/stm32f4xx_it.c **** 
 326:Src/stm32f4xx_it.c **** /**
 327:Src/stm32f4xx_it.c ****   * @brief This function handles I2C2 event interrupt.
 328:Src/stm32f4xx_it.c ****   */
 329:Src/stm32f4xx_it.c **** void I2C2_EV_IRQHandler(void)
 330:Src/stm32f4xx_it.c **** {
 469              		.loc 1 330 1 is_stmt 1 view -0
 470              		.cfi_startproc
 471              		@ args = 0, pretend = 0, frame = 0
 472              		@ frame_needed = 0, uses_anonymous_args = 0
 473 0000 08B5     		push	{r3, lr}
 474              	.LCFI10:
 475              		.cfi_def_cfa_offset 8
 476              		.cfi_offset 3, -8
 477              		.cfi_offset 14, -4
 331:Src/stm32f4xx_it.c ****   /* USER CODE BEGIN I2C2_EV_IRQn 0 */
 332:Src/stm32f4xx_it.c **** 
 333:Src/stm32f4xx_it.c ****   /* USER CODE END I2C2_EV_IRQn 0 */
 334:Src/stm32f4xx_it.c ****   HAL_I2C_EV_IRQHandler(&hi2c2);
 478              		.loc 1 334 3 view .LVU54
 479 0002 0248     		ldr	r0, .L46
 480 0004 FFF7FEFF 		bl	HAL_I2C_EV_IRQHandler
 481              	.LVL10:
 335:Src/stm32f4xx_it.c ****   /* USER CODE BEGIN I2C2_EV_IRQn 1 */
 336:Src/stm32f4xx_it.c **** 
 337:Src/stm32f4xx_it.c ****   /* USER CODE END I2C2_EV_IRQn 1 */
 338:Src/stm32f4xx_it.c **** }
 482              		.loc 1 338 1 is_stmt 0 view .LVU55
 483 0008 08BD     		pop	{r3, pc}
 484              	.L47:
 485 000a 00BF     		.align	2
 486              	.L46:
 487 000c 00000000 		.word	hi2c2
 488              		.cfi_endproc
ARM GAS  C:\Users\z0147233\AppData\Local\Temp\cckRMige.s 			page 15


 489              	.LFE251:
 491              		.section	.text.I2C2_ER_IRQHandler,"ax",%progbits
 492              		.align	1
 493              		.global	I2C2_ER_IRQHandler
 494              		.syntax unified
 495              		.thumb
 496              		.thumb_func
 498              	I2C2_ER_IRQHandler:
 499              	.LFB252:
 339:Src/stm32f4xx_it.c **** 
 340:Src/stm32f4xx_it.c **** /**
 341:Src/stm32f4xx_it.c ****   * @brief This function handles I2C2 error interrupt.
 342:Src/stm32f4xx_it.c ****   */
 343:Src/stm32f4xx_it.c **** void I2C2_ER_IRQHandler(void)
 344:Src/stm32f4xx_it.c **** {
 500              		.loc 1 344 1 is_stmt 1 view -0
 501              		.cfi_startproc
 502              		@ args = 0, pretend = 0, frame = 0
 503              		@ frame_needed = 0, uses_anonymous_args = 0
 504 0000 08B5     		push	{r3, lr}
 505              	.LCFI11:
 506              		.cfi_def_cfa_offset 8
 507              		.cfi_offset 3, -8
 508              		.cfi_offset 14, -4
 345:Src/stm32f4xx_it.c ****   /* USER CODE BEGIN I2C2_ER_IRQn 0 */
 346:Src/stm32f4xx_it.c **** 
 347:Src/stm32f4xx_it.c ****   /* USER CODE END I2C2_ER_IRQn 0 */
 348:Src/stm32f4xx_it.c ****   HAL_I2C_ER_IRQHandler(&hi2c2);
 509              		.loc 1 348 3 view .LVU57
 510 0002 0248     		ldr	r0, .L50
 511 0004 FFF7FEFF 		bl	HAL_I2C_ER_IRQHandler
 512              	.LVL11:
 349:Src/stm32f4xx_it.c ****   /* USER CODE BEGIN I2C2_ER_IRQn 1 */
 350:Src/stm32f4xx_it.c **** 
 351:Src/stm32f4xx_it.c ****   /* USER CODE END I2C2_ER_IRQn 1 */
 352:Src/stm32f4xx_it.c **** }
 513              		.loc 1 352 1 is_stmt 0 view .LVU58
 514 0008 08BD     		pop	{r3, pc}
 515              	.L51:
 516 000a 00BF     		.align	2
 517              	.L50:
 518 000c 00000000 		.word	hi2c2
 519              		.cfi_endproc
 520              	.LFE252:
 522              		.section	.text.SPI1_IRQHandler,"ax",%progbits
 523              		.align	1
 524              		.global	SPI1_IRQHandler
 525              		.syntax unified
 526              		.thumb
 527              		.thumb_func
 529              	SPI1_IRQHandler:
 530              	.LFB253:
 353:Src/stm32f4xx_it.c **** 
 354:Src/stm32f4xx_it.c **** /**
 355:Src/stm32f4xx_it.c ****   * @brief This function handles SPI1 global interrupt.
 356:Src/stm32f4xx_it.c ****   */
 357:Src/stm32f4xx_it.c **** void SPI1_IRQHandler(void)
ARM GAS  C:\Users\z0147233\AppData\Local\Temp\cckRMige.s 			page 16


 358:Src/stm32f4xx_it.c **** {
 531              		.loc 1 358 1 is_stmt 1 view -0
 532              		.cfi_startproc
 533              		@ args = 0, pretend = 0, frame = 0
 534              		@ frame_needed = 0, uses_anonymous_args = 0
 535 0000 08B5     		push	{r3, lr}
 536              	.LCFI12:
 537              		.cfi_def_cfa_offset 8
 538              		.cfi_offset 3, -8
 539              		.cfi_offset 14, -4
 359:Src/stm32f4xx_it.c ****   /* USER CODE BEGIN SPI1_IRQn 0 */
 360:Src/stm32f4xx_it.c **** 
 361:Src/stm32f4xx_it.c ****   /* USER CODE END SPI1_IRQn 0 */
 362:Src/stm32f4xx_it.c ****   HAL_SPI_IRQHandler(&hspi1);
 540              		.loc 1 362 3 view .LVU60
 541 0002 0248     		ldr	r0, .L54
 542 0004 FFF7FEFF 		bl	HAL_SPI_IRQHandler
 543              	.LVL12:
 363:Src/stm32f4xx_it.c ****   /* USER CODE BEGIN SPI1_IRQn 1 */
 364:Src/stm32f4xx_it.c **** 
 365:Src/stm32f4xx_it.c ****   /* USER CODE END SPI1_IRQn 1 */
 366:Src/stm32f4xx_it.c **** }
 544              		.loc 1 366 1 is_stmt 0 view .LVU61
 545 0008 08BD     		pop	{r3, pc}
 546              	.L55:
 547 000a 00BF     		.align	2
 548              	.L54:
 549 000c 00000000 		.word	hspi1
 550              		.cfi_endproc
 551              	.LFE253:
 553              		.section	.text.SPI2_IRQHandler,"ax",%progbits
 554              		.align	1
 555              		.global	SPI2_IRQHandler
 556              		.syntax unified
 557              		.thumb
 558              		.thumb_func
 560              	SPI2_IRQHandler:
 561              	.LFB254:
 367:Src/stm32f4xx_it.c **** 
 368:Src/stm32f4xx_it.c **** /**
 369:Src/stm32f4xx_it.c ****   * @brief This function handles SPI2 global interrupt.
 370:Src/stm32f4xx_it.c ****   */
 371:Src/stm32f4xx_it.c **** void SPI2_IRQHandler(void)
 372:Src/stm32f4xx_it.c **** {
 562              		.loc 1 372 1 is_stmt 1 view -0
 563              		.cfi_startproc
 564              		@ args = 0, pretend = 0, frame = 0
 565              		@ frame_needed = 0, uses_anonymous_args = 0
 566 0000 08B5     		push	{r3, lr}
 567              	.LCFI13:
 568              		.cfi_def_cfa_offset 8
 569              		.cfi_offset 3, -8
 570              		.cfi_offset 14, -4
 373:Src/stm32f4xx_it.c ****   /* USER CODE BEGIN SPI2_IRQn 0 */
 374:Src/stm32f4xx_it.c **** 
 375:Src/stm32f4xx_it.c ****   /* USER CODE END SPI2_IRQn 0 */
 376:Src/stm32f4xx_it.c ****   HAL_SPI_IRQHandler(&hspi2);
ARM GAS  C:\Users\z0147233\AppData\Local\Temp\cckRMige.s 			page 17


 571              		.loc 1 376 3 view .LVU63
 572 0002 0248     		ldr	r0, .L58
 573 0004 FFF7FEFF 		bl	HAL_SPI_IRQHandler
 574              	.LVL13:
 377:Src/stm32f4xx_it.c ****   /* USER CODE BEGIN SPI2_IRQn 1 */
 378:Src/stm32f4xx_it.c **** 
 379:Src/stm32f4xx_it.c ****   /* USER CODE END SPI2_IRQn 1 */
 380:Src/stm32f4xx_it.c **** }
 575              		.loc 1 380 1 is_stmt 0 view .LVU64
 576 0008 08BD     		pop	{r3, pc}
 577              	.L59:
 578 000a 00BF     		.align	2
 579              	.L58:
 580 000c 00000000 		.word	hspi2
 581              		.cfi_endproc
 582              	.LFE254:
 584              		.section	.text.USART1_IRQHandler,"ax",%progbits
 585              		.align	1
 586              		.global	USART1_IRQHandler
 587              		.syntax unified
 588              		.thumb
 589              		.thumb_func
 591              	USART1_IRQHandler:
 592              	.LFB255:
 381:Src/stm32f4xx_it.c **** 
 382:Src/stm32f4xx_it.c **** /**
 383:Src/stm32f4xx_it.c ****   * @brief This function handles USART1 global interrupt.
 384:Src/stm32f4xx_it.c ****   */
 385:Src/stm32f4xx_it.c **** void USART1_IRQHandler(void)
 386:Src/stm32f4xx_it.c **** {
 593              		.loc 1 386 1 is_stmt 1 view -0
 594              		.cfi_startproc
 595              		@ args = 0, pretend = 0, frame = 0
 596              		@ frame_needed = 0, uses_anonymous_args = 0
 597 0000 08B5     		push	{r3, lr}
 598              	.LCFI14:
 599              		.cfi_def_cfa_offset 8
 600              		.cfi_offset 3, -8
 601              		.cfi_offset 14, -4
 387:Src/stm32f4xx_it.c ****   /* USER CODE BEGIN USART1_IRQn 0 */
 388:Src/stm32f4xx_it.c **** 
 389:Src/stm32f4xx_it.c ****   /* USER CODE END USART1_IRQn 0 */
 390:Src/stm32f4xx_it.c ****   HAL_UART_IRQHandler(&huart1);
 602              		.loc 1 390 3 view .LVU66
 603 0002 0248     		ldr	r0, .L62
 604 0004 FFF7FEFF 		bl	HAL_UART_IRQHandler
 605              	.LVL14:
 391:Src/stm32f4xx_it.c ****   /* USER CODE BEGIN USART1_IRQn 1 */
 392:Src/stm32f4xx_it.c **** 
 393:Src/stm32f4xx_it.c ****   /* USER CODE END USART1_IRQn 1 */
 394:Src/stm32f4xx_it.c **** }
 606              		.loc 1 394 1 is_stmt 0 view .LVU67
 607 0008 08BD     		pop	{r3, pc}
 608              	.L63:
 609 000a 00BF     		.align	2
 610              	.L62:
 611 000c 00000000 		.word	huart1
ARM GAS  C:\Users\z0147233\AppData\Local\Temp\cckRMige.s 			page 18


 612              		.cfi_endproc
 613              	.LFE255:
 615              		.section	.text.USART3_IRQHandler,"ax",%progbits
 616              		.align	1
 617              		.global	USART3_IRQHandler
 618              		.syntax unified
 619              		.thumb
 620              		.thumb_func
 622              	USART3_IRQHandler:
 623              	.LFB256:
 395:Src/stm32f4xx_it.c **** 
 396:Src/stm32f4xx_it.c **** /**
 397:Src/stm32f4xx_it.c ****   * @brief This function handles USART3 global interrupt.
 398:Src/stm32f4xx_it.c ****   */
 399:Src/stm32f4xx_it.c **** void USART3_IRQHandler(void)
 400:Src/stm32f4xx_it.c **** {
 624              		.loc 1 400 1 is_stmt 1 view -0
 625              		.cfi_startproc
 626              		@ args = 0, pretend = 0, frame = 0
 627              		@ frame_needed = 0, uses_anonymous_args = 0
 628 0000 08B5     		push	{r3, lr}
 629              	.LCFI15:
 630              		.cfi_def_cfa_offset 8
 631              		.cfi_offset 3, -8
 632              		.cfi_offset 14, -4
 401:Src/stm32f4xx_it.c ****   /* USER CODE BEGIN USART3_IRQn 0 */
 402:Src/stm32f4xx_it.c **** 
 403:Src/stm32f4xx_it.c ****   /* USER CODE END USART3_IRQn 0 */
 404:Src/stm32f4xx_it.c ****   HAL_UART_IRQHandler(&huart3);
 633              		.loc 1 404 3 view .LVU69
 634 0002 0248     		ldr	r0, .L66
 635 0004 FFF7FEFF 		bl	HAL_UART_IRQHandler
 636              	.LVL15:
 405:Src/stm32f4xx_it.c ****   /* USER CODE BEGIN USART3_IRQn 1 */
 406:Src/stm32f4xx_it.c **** 
 407:Src/stm32f4xx_it.c ****   /* USER CODE END USART3_IRQn 1 */
 408:Src/stm32f4xx_it.c **** }
 637              		.loc 1 408 1 is_stmt 0 view .LVU70
 638 0008 08BD     		pop	{r3, pc}
 639              	.L67:
 640 000a 00BF     		.align	2
 641              	.L66:
 642 000c 00000000 		.word	huart3
 643              		.cfi_endproc
 644              	.LFE256:
 646              		.section	.text.TIM8_TRG_COM_TIM14_IRQHandler,"ax",%progbits
 647              		.align	1
 648              		.global	TIM8_TRG_COM_TIM14_IRQHandler
 649              		.syntax unified
 650              		.thumb
 651              		.thumb_func
 653              	TIM8_TRG_COM_TIM14_IRQHandler:
 654              	.LFB257:
 409:Src/stm32f4xx_it.c **** 
 410:Src/stm32f4xx_it.c **** /**
 411:Src/stm32f4xx_it.c ****   * @brief This function handles TIM8 trigger and commutation interrupts and TIM14 global interrupt
 412:Src/stm32f4xx_it.c ****   */
ARM GAS  C:\Users\z0147233\AppData\Local\Temp\cckRMige.s 			page 19


 413:Src/stm32f4xx_it.c **** void TIM8_TRG_COM_TIM14_IRQHandler(void)
 414:Src/stm32f4xx_it.c **** {
 655              		.loc 1 414 1 is_stmt 1 view -0
 656              		.cfi_startproc
 657              		@ args = 0, pretend = 0, frame = 0
 658              		@ frame_needed = 0, uses_anonymous_args = 0
 659 0000 08B5     		push	{r3, lr}
 660              	.LCFI16:
 661              		.cfi_def_cfa_offset 8
 662              		.cfi_offset 3, -8
 663              		.cfi_offset 14, -4
 415:Src/stm32f4xx_it.c ****   /* USER CODE BEGIN TIM8_TRG_COM_TIM14_IRQn 0 */
 416:Src/stm32f4xx_it.c **** 
 417:Src/stm32f4xx_it.c ****   /* USER CODE END TIM8_TRG_COM_TIM14_IRQn 0 */
 418:Src/stm32f4xx_it.c ****   HAL_TIM_IRQHandler(&htim8);
 664              		.loc 1 418 3 view .LVU72
 665 0002 0348     		ldr	r0, .L70
 666 0004 FFF7FEFF 		bl	HAL_TIM_IRQHandler
 667              	.LVL16:
 419:Src/stm32f4xx_it.c ****   HAL_TIM_IRQHandler(&htim14);
 668              		.loc 1 419 3 view .LVU73
 669 0008 0248     		ldr	r0, .L70+4
 670 000a FFF7FEFF 		bl	HAL_TIM_IRQHandler
 671              	.LVL17:
 420:Src/stm32f4xx_it.c ****   /* USER CODE BEGIN TIM8_TRG_COM_TIM14_IRQn 1 */
 421:Src/stm32f4xx_it.c **** 
 422:Src/stm32f4xx_it.c ****   /* USER CODE END TIM8_TRG_COM_TIM14_IRQn 1 */
 423:Src/stm32f4xx_it.c **** }
 672              		.loc 1 423 1 is_stmt 0 view .LVU74
 673 000e 08BD     		pop	{r3, pc}
 674              	.L71:
 675              		.align	2
 676              	.L70:
 677 0010 00000000 		.word	htim8
 678 0014 00000000 		.word	htim14
 679              		.cfi_endproc
 680              	.LFE257:
 682              		.section	.text.DMA1_Stream7_IRQHandler,"ax",%progbits
 683              		.align	1
 684              		.global	DMA1_Stream7_IRQHandler
 685              		.syntax unified
 686              		.thumb
 687              		.thumb_func
 689              	DMA1_Stream7_IRQHandler:
 690              	.LFB258:
 424:Src/stm32f4xx_it.c **** 
 425:Src/stm32f4xx_it.c **** /**
 426:Src/stm32f4xx_it.c ****   * @brief This function handles DMA1 stream7 global interrupt.
 427:Src/stm32f4xx_it.c ****   */
 428:Src/stm32f4xx_it.c **** void DMA1_Stream7_IRQHandler(void)
 429:Src/stm32f4xx_it.c **** {
 691              		.loc 1 429 1 is_stmt 1 view -0
 692              		.cfi_startproc
 693              		@ args = 0, pretend = 0, frame = 0
 694              		@ frame_needed = 0, uses_anonymous_args = 0
 695 0000 08B5     		push	{r3, lr}
 696              	.LCFI17:
ARM GAS  C:\Users\z0147233\AppData\Local\Temp\cckRMige.s 			page 20


 697              		.cfi_def_cfa_offset 8
 698              		.cfi_offset 3, -8
 699              		.cfi_offset 14, -4
 430:Src/stm32f4xx_it.c ****   /* USER CODE BEGIN DMA1_Stream7_IRQn 0 */
 431:Src/stm32f4xx_it.c **** 
 432:Src/stm32f4xx_it.c ****   /* USER CODE END DMA1_Stream7_IRQn 0 */
 433:Src/stm32f4xx_it.c ****   HAL_DMA_IRQHandler(&hdma_i2c2_tx);
 700              		.loc 1 433 3 view .LVU76
 701 0002 0248     		ldr	r0, .L74
 702 0004 FFF7FEFF 		bl	HAL_DMA_IRQHandler
 703              	.LVL18:
 434:Src/stm32f4xx_it.c ****   /* USER CODE BEGIN DMA1_Stream7_IRQn 1 */
 435:Src/stm32f4xx_it.c **** 
 436:Src/stm32f4xx_it.c ****   /* USER CODE END DMA1_Stream7_IRQn 1 */
 437:Src/stm32f4xx_it.c **** }
 704              		.loc 1 437 1 is_stmt 0 view .LVU77
 705 0008 08BD     		pop	{r3, pc}
 706              	.L75:
 707 000a 00BF     		.align	2
 708              	.L74:
 709 000c 00000000 		.word	hdma_i2c2_tx
 710              		.cfi_endproc
 711              	.LFE258:
 713              		.section	.text.DMA2_Stream0_IRQHandler,"ax",%progbits
 714              		.align	1
 715              		.global	DMA2_Stream0_IRQHandler
 716              		.syntax unified
 717              		.thumb
 718              		.thumb_func
 720              	DMA2_Stream0_IRQHandler:
 721              	.LFB259:
 438:Src/stm32f4xx_it.c **** 
 439:Src/stm32f4xx_it.c **** /**
 440:Src/stm32f4xx_it.c ****   * @brief This function handles DMA2 stream0 global interrupt.
 441:Src/stm32f4xx_it.c ****   */
 442:Src/stm32f4xx_it.c **** void DMA2_Stream0_IRQHandler(void)
 443:Src/stm32f4xx_it.c **** {
 722              		.loc 1 443 1 is_stmt 1 view -0
 723              		.cfi_startproc
 724              		@ args = 0, pretend = 0, frame = 0
 725              		@ frame_needed = 0, uses_anonymous_args = 0
 726 0000 08B5     		push	{r3, lr}
 727              	.LCFI18:
 728              		.cfi_def_cfa_offset 8
 729              		.cfi_offset 3, -8
 730              		.cfi_offset 14, -4
 444:Src/stm32f4xx_it.c ****   /* USER CODE BEGIN DMA2_Stream0_IRQn 0 */
 445:Src/stm32f4xx_it.c **** 
 446:Src/stm32f4xx_it.c ****   /* USER CODE END DMA2_Stream0_IRQn 0 */
 447:Src/stm32f4xx_it.c ****   HAL_DMA_IRQHandler(&hdma_spi1_rx);
 731              		.loc 1 447 3 view .LVU79
 732 0002 0248     		ldr	r0, .L78
 733 0004 FFF7FEFF 		bl	HAL_DMA_IRQHandler
 734              	.LVL19:
 448:Src/stm32f4xx_it.c ****   /* USER CODE BEGIN DMA2_Stream0_IRQn 1 */
 449:Src/stm32f4xx_it.c **** 
 450:Src/stm32f4xx_it.c ****   /* USER CODE END DMA2_Stream0_IRQn 1 */
ARM GAS  C:\Users\z0147233\AppData\Local\Temp\cckRMige.s 			page 21


 451:Src/stm32f4xx_it.c **** }
 735              		.loc 1 451 1 is_stmt 0 view .LVU80
 736 0008 08BD     		pop	{r3, pc}
 737              	.L79:
 738 000a 00BF     		.align	2
 739              	.L78:
 740 000c 00000000 		.word	hdma_spi1_rx
 741              		.cfi_endproc
 742              	.LFE259:
 744              		.section	.text.DMA2_Stream2_IRQHandler,"ax",%progbits
 745              		.align	1
 746              		.global	DMA2_Stream2_IRQHandler
 747              		.syntax unified
 748              		.thumb
 749              		.thumb_func
 751              	DMA2_Stream2_IRQHandler:
 752              	.LFB260:
 452:Src/stm32f4xx_it.c **** 
 453:Src/stm32f4xx_it.c **** /**
 454:Src/stm32f4xx_it.c ****   * @brief This function handles DMA2 stream2 global interrupt.
 455:Src/stm32f4xx_it.c ****   */
 456:Src/stm32f4xx_it.c **** void DMA2_Stream2_IRQHandler(void)
 457:Src/stm32f4xx_it.c **** {
 753              		.loc 1 457 1 is_stmt 1 view -0
 754              		.cfi_startproc
 755              		@ args = 0, pretend = 0, frame = 0
 756              		@ frame_needed = 0, uses_anonymous_args = 0
 757 0000 08B5     		push	{r3, lr}
 758              	.LCFI19:
 759              		.cfi_def_cfa_offset 8
 760              		.cfi_offset 3, -8
 761              		.cfi_offset 14, -4
 458:Src/stm32f4xx_it.c ****   /* USER CODE BEGIN DMA2_Stream2_IRQn 0 */
 459:Src/stm32f4xx_it.c **** 
 460:Src/stm32f4xx_it.c ****   /* USER CODE END DMA2_Stream2_IRQn 0 */
 461:Src/stm32f4xx_it.c ****   HAL_DMA_IRQHandler(&hdma_usart6_rx);
 762              		.loc 1 461 3 view .LVU82
 763 0002 0248     		ldr	r0, .L82
 764 0004 FFF7FEFF 		bl	HAL_DMA_IRQHandler
 765              	.LVL20:
 462:Src/stm32f4xx_it.c ****   /* USER CODE BEGIN DMA2_Stream2_IRQn 1 */
 463:Src/stm32f4xx_it.c **** 
 464:Src/stm32f4xx_it.c ****   /* USER CODE END DMA2_Stream2_IRQn 1 */
 465:Src/stm32f4xx_it.c **** }
 766              		.loc 1 465 1 is_stmt 0 view .LVU83
 767 0008 08BD     		pop	{r3, pc}
 768              	.L83:
 769 000a 00BF     		.align	2
 770              	.L82:
 771 000c 00000000 		.word	hdma_usart6_rx
 772              		.cfi_endproc
 773              	.LFE260:
 775              		.section	.text.DMA2_Stream3_IRQHandler,"ax",%progbits
 776              		.align	1
 777              		.global	DMA2_Stream3_IRQHandler
 778              		.syntax unified
 779              		.thumb
ARM GAS  C:\Users\z0147233\AppData\Local\Temp\cckRMige.s 			page 22


 780              		.thumb_func
 782              	DMA2_Stream3_IRQHandler:
 783              	.LFB261:
 466:Src/stm32f4xx_it.c **** 
 467:Src/stm32f4xx_it.c **** /**
 468:Src/stm32f4xx_it.c ****   * @brief This function handles DMA2 stream3 global interrupt.
 469:Src/stm32f4xx_it.c ****   */
 470:Src/stm32f4xx_it.c **** void DMA2_Stream3_IRQHandler(void)
 471:Src/stm32f4xx_it.c **** {
 784              		.loc 1 471 1 is_stmt 1 view -0
 785              		.cfi_startproc
 786              		@ args = 0, pretend = 0, frame = 0
 787              		@ frame_needed = 0, uses_anonymous_args = 0
 788 0000 08B5     		push	{r3, lr}
 789              	.LCFI20:
 790              		.cfi_def_cfa_offset 8
 791              		.cfi_offset 3, -8
 792              		.cfi_offset 14, -4
 472:Src/stm32f4xx_it.c ****   /* USER CODE BEGIN DMA2_Stream3_IRQn 0 */
 473:Src/stm32f4xx_it.c **** 
 474:Src/stm32f4xx_it.c ****   /* USER CODE END DMA2_Stream3_IRQn 0 */
 475:Src/stm32f4xx_it.c ****   HAL_DMA_IRQHandler(&hdma_spi1_tx);
 793              		.loc 1 475 3 view .LVU85
 794 0002 0248     		ldr	r0, .L86
 795 0004 FFF7FEFF 		bl	HAL_DMA_IRQHandler
 796              	.LVL21:
 476:Src/stm32f4xx_it.c ****   /* USER CODE BEGIN DMA2_Stream3_IRQn 1 */
 477:Src/stm32f4xx_it.c **** 
 478:Src/stm32f4xx_it.c ****   /* USER CODE END DMA2_Stream3_IRQn 1 */
 479:Src/stm32f4xx_it.c **** }
 797              		.loc 1 479 1 is_stmt 0 view .LVU86
 798 0008 08BD     		pop	{r3, pc}
 799              	.L87:
 800 000a 00BF     		.align	2
 801              	.L86:
 802 000c 00000000 		.word	hdma_spi1_tx
 803              		.cfi_endproc
 804              	.LFE261:
 806              		.section	.text.DMA2_Stream4_IRQHandler,"ax",%progbits
 807              		.align	1
 808              		.global	DMA2_Stream4_IRQHandler
 809              		.syntax unified
 810              		.thumb
 811              		.thumb_func
 813              	DMA2_Stream4_IRQHandler:
 814              	.LFB262:
 480:Src/stm32f4xx_it.c **** 
 481:Src/stm32f4xx_it.c **** /**
 482:Src/stm32f4xx_it.c ****   * @brief This function handles DMA2 stream4 global interrupt.
 483:Src/stm32f4xx_it.c ****   */
 484:Src/stm32f4xx_it.c **** void DMA2_Stream4_IRQHandler(void)
 485:Src/stm32f4xx_it.c **** {
 815              		.loc 1 485 1 is_stmt 1 view -0
 816              		.cfi_startproc
 817              		@ args = 0, pretend = 0, frame = 0
 818              		@ frame_needed = 0, uses_anonymous_args = 0
 819 0000 08B5     		push	{r3, lr}
ARM GAS  C:\Users\z0147233\AppData\Local\Temp\cckRMige.s 			page 23


 820              	.LCFI21:
 821              		.cfi_def_cfa_offset 8
 822              		.cfi_offset 3, -8
 823              		.cfi_offset 14, -4
 486:Src/stm32f4xx_it.c ****   /* USER CODE BEGIN DMA2_Stream4_IRQn 0 */
 487:Src/stm32f4xx_it.c **** 
 488:Src/stm32f4xx_it.c ****   /* USER CODE END DMA2_Stream4_IRQn 0 */
 489:Src/stm32f4xx_it.c ****   HAL_DMA_IRQHandler(&hdma_adc1);
 824              		.loc 1 489 3 view .LVU88
 825 0002 0248     		ldr	r0, .L90
 826 0004 FFF7FEFF 		bl	HAL_DMA_IRQHandler
 827              	.LVL22:
 490:Src/stm32f4xx_it.c ****   /* USER CODE BEGIN DMA2_Stream4_IRQn 1 */
 491:Src/stm32f4xx_it.c **** 
 492:Src/stm32f4xx_it.c ****   /* USER CODE END DMA2_Stream4_IRQn 1 */
 493:Src/stm32f4xx_it.c **** }
 828              		.loc 1 493 1 is_stmt 0 view .LVU89
 829 0008 08BD     		pop	{r3, pc}
 830              	.L91:
 831 000a 00BF     		.align	2
 832              	.L90:
 833 000c 00000000 		.word	hdma_adc1
 834              		.cfi_endproc
 835              	.LFE262:
 837              		.section	.text.CAN2_RX0_IRQHandler,"ax",%progbits
 838              		.align	1
 839              		.global	CAN2_RX0_IRQHandler
 840              		.syntax unified
 841              		.thumb
 842              		.thumb_func
 844              	CAN2_RX0_IRQHandler:
 845              	.LFB263:
 494:Src/stm32f4xx_it.c **** 
 495:Src/stm32f4xx_it.c **** /**
 496:Src/stm32f4xx_it.c ****   * @brief This function handles CAN2 RX0 interrupts.
 497:Src/stm32f4xx_it.c ****   */
 498:Src/stm32f4xx_it.c **** void CAN2_RX0_IRQHandler(void)
 499:Src/stm32f4xx_it.c **** {
 846              		.loc 1 499 1 is_stmt 1 view -0
 847              		.cfi_startproc
 848              		@ args = 0, pretend = 0, frame = 0
 849              		@ frame_needed = 0, uses_anonymous_args = 0
 850 0000 08B5     		push	{r3, lr}
 851              	.LCFI22:
 852              		.cfi_def_cfa_offset 8
 853              		.cfi_offset 3, -8
 854              		.cfi_offset 14, -4
 500:Src/stm32f4xx_it.c ****   /* USER CODE BEGIN CAN2_RX0_IRQn 0 */
 501:Src/stm32f4xx_it.c **** 
 502:Src/stm32f4xx_it.c ****   /* USER CODE END CAN2_RX0_IRQn 0 */
 503:Src/stm32f4xx_it.c ****   HAL_CAN_IRQHandler(&hcan2);
 855              		.loc 1 503 3 view .LVU91
 856 0002 0248     		ldr	r0, .L94
 857 0004 FFF7FEFF 		bl	HAL_CAN_IRQHandler
 858              	.LVL23:
 504:Src/stm32f4xx_it.c ****   /* USER CODE BEGIN CAN2_RX0_IRQn 1 */
 505:Src/stm32f4xx_it.c **** 
ARM GAS  C:\Users\z0147233\AppData\Local\Temp\cckRMige.s 			page 24


 506:Src/stm32f4xx_it.c ****   /* USER CODE END CAN2_RX0_IRQn 1 */
 507:Src/stm32f4xx_it.c **** }
 859              		.loc 1 507 1 is_stmt 0 view .LVU92
 860 0008 08BD     		pop	{r3, pc}
 861              	.L95:
 862 000a 00BF     		.align	2
 863              	.L94:
 864 000c 00000000 		.word	hcan2
 865              		.cfi_endproc
 866              	.LFE263:
 868              		.section	.text.CAN2_RX1_IRQHandler,"ax",%progbits
 869              		.align	1
 870              		.global	CAN2_RX1_IRQHandler
 871              		.syntax unified
 872              		.thumb
 873              		.thumb_func
 875              	CAN2_RX1_IRQHandler:
 876              	.LFB264:
 508:Src/stm32f4xx_it.c **** 
 509:Src/stm32f4xx_it.c **** /**
 510:Src/stm32f4xx_it.c ****   * @brief This function handles CAN2 RX1 interrupt.
 511:Src/stm32f4xx_it.c ****   */
 512:Src/stm32f4xx_it.c **** void CAN2_RX1_IRQHandler(void)
 513:Src/stm32f4xx_it.c **** {
 877              		.loc 1 513 1 is_stmt 1 view -0
 878              		.cfi_startproc
 879              		@ args = 0, pretend = 0, frame = 0
 880              		@ frame_needed = 0, uses_anonymous_args = 0
 881 0000 08B5     		push	{r3, lr}
 882              	.LCFI23:
 883              		.cfi_def_cfa_offset 8
 884              		.cfi_offset 3, -8
 885              		.cfi_offset 14, -4
 514:Src/stm32f4xx_it.c ****   /* USER CODE BEGIN CAN2_RX1_IRQn 0 */
 515:Src/stm32f4xx_it.c **** 
 516:Src/stm32f4xx_it.c ****   /* USER CODE END CAN2_RX1_IRQn 0 */
 517:Src/stm32f4xx_it.c ****   HAL_CAN_IRQHandler(&hcan2);
 886              		.loc 1 517 3 view .LVU94
 887 0002 0248     		ldr	r0, .L98
 888 0004 FFF7FEFF 		bl	HAL_CAN_IRQHandler
 889              	.LVL24:
 518:Src/stm32f4xx_it.c ****   /* USER CODE BEGIN CAN2_RX1_IRQn 1 */
 519:Src/stm32f4xx_it.c **** 
 520:Src/stm32f4xx_it.c ****   /* USER CODE END CAN2_RX1_IRQn 1 */
 521:Src/stm32f4xx_it.c **** }
 890              		.loc 1 521 1 is_stmt 0 view .LVU95
 891 0008 08BD     		pop	{r3, pc}
 892              	.L99:
 893 000a 00BF     		.align	2
 894              	.L98:
 895 000c 00000000 		.word	hcan2
 896              		.cfi_endproc
 897              	.LFE264:
 899              		.section	.text.OTG_FS_IRQHandler,"ax",%progbits
 900              		.align	1
 901              		.global	OTG_FS_IRQHandler
 902              		.syntax unified
ARM GAS  C:\Users\z0147233\AppData\Local\Temp\cckRMige.s 			page 25


 903              		.thumb
 904              		.thumb_func
 906              	OTG_FS_IRQHandler:
 907              	.LFB265:
 522:Src/stm32f4xx_it.c **** 
 523:Src/stm32f4xx_it.c **** /**
 524:Src/stm32f4xx_it.c ****   * @brief This function handles USB On The Go FS global interrupt.
 525:Src/stm32f4xx_it.c ****   */
 526:Src/stm32f4xx_it.c **** void OTG_FS_IRQHandler(void)
 527:Src/stm32f4xx_it.c **** {
 908              		.loc 1 527 1 is_stmt 1 view -0
 909              		.cfi_startproc
 910              		@ args = 0, pretend = 0, frame = 0
 911              		@ frame_needed = 0, uses_anonymous_args = 0
 912 0000 08B5     		push	{r3, lr}
 913              	.LCFI24:
 914              		.cfi_def_cfa_offset 8
 915              		.cfi_offset 3, -8
 916              		.cfi_offset 14, -4
 528:Src/stm32f4xx_it.c ****   /* USER CODE BEGIN OTG_FS_IRQn 0 */
 529:Src/stm32f4xx_it.c **** 
 530:Src/stm32f4xx_it.c ****   /* USER CODE END OTG_FS_IRQn 0 */
 531:Src/stm32f4xx_it.c ****   HAL_PCD_IRQHandler(&hpcd_USB_OTG_FS);
 917              		.loc 1 531 3 view .LVU97
 918 0002 0248     		ldr	r0, .L102
 919 0004 FFF7FEFF 		bl	HAL_PCD_IRQHandler
 920              	.LVL25:
 532:Src/stm32f4xx_it.c ****   /* USER CODE BEGIN OTG_FS_IRQn 1 */
 533:Src/stm32f4xx_it.c **** 
 534:Src/stm32f4xx_it.c ****   /* USER CODE END OTG_FS_IRQn 1 */
 535:Src/stm32f4xx_it.c **** }
 921              		.loc 1 535 1 is_stmt 0 view .LVU98
 922 0008 08BD     		pop	{r3, pc}
 923              	.L103:
 924 000a 00BF     		.align	2
 925              	.L102:
 926 000c 00000000 		.word	hpcd_USB_OTG_FS
 927              		.cfi_endproc
 928              	.LFE265:
 930              		.section	.text.DMA2_Stream5_IRQHandler,"ax",%progbits
 931              		.align	1
 932              		.global	DMA2_Stream5_IRQHandler
 933              		.syntax unified
 934              		.thumb
 935              		.thumb_func
 937              	DMA2_Stream5_IRQHandler:
 938              	.LFB266:
 536:Src/stm32f4xx_it.c **** 
 537:Src/stm32f4xx_it.c **** /**
 538:Src/stm32f4xx_it.c ****   * @brief This function handles DMA2 stream5 global interrupt.
 539:Src/stm32f4xx_it.c ****   */
 540:Src/stm32f4xx_it.c **** void DMA2_Stream5_IRQHandler(void)
 541:Src/stm32f4xx_it.c **** {
 939              		.loc 1 541 1 is_stmt 1 view -0
 940              		.cfi_startproc
 941              		@ args = 0, pretend = 0, frame = 0
 942              		@ frame_needed = 0, uses_anonymous_args = 0
ARM GAS  C:\Users\z0147233\AppData\Local\Temp\cckRMige.s 			page 26


 943 0000 08B5     		push	{r3, lr}
 944              	.LCFI25:
 945              		.cfi_def_cfa_offset 8
 946              		.cfi_offset 3, -8
 947              		.cfi_offset 14, -4
 542:Src/stm32f4xx_it.c ****   /* USER CODE BEGIN DMA2_Stream5_IRQn 0 */
 543:Src/stm32f4xx_it.c **** 
 544:Src/stm32f4xx_it.c ****   /* USER CODE END DMA2_Stream5_IRQn 0 */
 545:Src/stm32f4xx_it.c ****   HAL_DMA_IRQHandler(&hdma_usart1_rx);
 948              		.loc 1 545 3 view .LVU100
 949 0002 0248     		ldr	r0, .L106
 950 0004 FFF7FEFF 		bl	HAL_DMA_IRQHandler
 951              	.LVL26:
 546:Src/stm32f4xx_it.c ****   /* USER CODE BEGIN DMA2_Stream5_IRQn 1 */
 547:Src/stm32f4xx_it.c **** 
 548:Src/stm32f4xx_it.c ****   /* USER CODE END DMA2_Stream5_IRQn 1 */
 549:Src/stm32f4xx_it.c **** }
 952              		.loc 1 549 1 is_stmt 0 view .LVU101
 953 0008 08BD     		pop	{r3, pc}
 954              	.L107:
 955 000a 00BF     		.align	2
 956              	.L106:
 957 000c 00000000 		.word	hdma_usart1_rx
 958              		.cfi_endproc
 959              	.LFE266:
 961              		.section	.text.DMA2_Stream6_IRQHandler,"ax",%progbits
 962              		.align	1
 963              		.global	DMA2_Stream6_IRQHandler
 964              		.syntax unified
 965              		.thumb
 966              		.thumb_func
 968              	DMA2_Stream6_IRQHandler:
 969              	.LFB267:
 550:Src/stm32f4xx_it.c **** 
 551:Src/stm32f4xx_it.c **** /**
 552:Src/stm32f4xx_it.c ****   * @brief This function handles DMA2 stream6 global interrupt.
 553:Src/stm32f4xx_it.c ****   */
 554:Src/stm32f4xx_it.c **** void DMA2_Stream6_IRQHandler(void)
 555:Src/stm32f4xx_it.c **** {
 970              		.loc 1 555 1 is_stmt 1 view -0
 971              		.cfi_startproc
 972              		@ args = 0, pretend = 0, frame = 0
 973              		@ frame_needed = 0, uses_anonymous_args = 0
 974 0000 08B5     		push	{r3, lr}
 975              	.LCFI26:
 976              		.cfi_def_cfa_offset 8
 977              		.cfi_offset 3, -8
 978              		.cfi_offset 14, -4
 556:Src/stm32f4xx_it.c ****   /* USER CODE BEGIN DMA2_Stream6_IRQn 0 */
 557:Src/stm32f4xx_it.c **** 
 558:Src/stm32f4xx_it.c ****   /* USER CODE END DMA2_Stream6_IRQn 0 */
 559:Src/stm32f4xx_it.c ****   HAL_DMA_IRQHandler(&hdma_usart6_tx);
 979              		.loc 1 559 3 view .LVU103
 980 0002 0248     		ldr	r0, .L110
 981 0004 FFF7FEFF 		bl	HAL_DMA_IRQHandler
 982              	.LVL27:
 560:Src/stm32f4xx_it.c ****   /* USER CODE BEGIN DMA2_Stream6_IRQn 1 */
ARM GAS  C:\Users\z0147233\AppData\Local\Temp\cckRMige.s 			page 27


 561:Src/stm32f4xx_it.c **** 
 562:Src/stm32f4xx_it.c ****   /* USER CODE END DMA2_Stream6_IRQn 1 */
 563:Src/stm32f4xx_it.c **** }
 983              		.loc 1 563 1 is_stmt 0 view .LVU104
 984 0008 08BD     		pop	{r3, pc}
 985              	.L111:
 986 000a 00BF     		.align	2
 987              	.L110:
 988 000c 00000000 		.word	hdma_usart6_tx
 989              		.cfi_endproc
 990              	.LFE267:
 992              		.section	.text.DMA2_Stream7_IRQHandler,"ax",%progbits
 993              		.align	1
 994              		.global	DMA2_Stream7_IRQHandler
 995              		.syntax unified
 996              		.thumb
 997              		.thumb_func
 999              	DMA2_Stream7_IRQHandler:
 1000              	.LFB268:
 564:Src/stm32f4xx_it.c **** 
 565:Src/stm32f4xx_it.c **** /**
 566:Src/stm32f4xx_it.c ****   * @brief This function handles DMA2 stream7 global interrupt.
 567:Src/stm32f4xx_it.c ****   */
 568:Src/stm32f4xx_it.c **** void DMA2_Stream7_IRQHandler(void)
 569:Src/stm32f4xx_it.c **** {
 1001              		.loc 1 569 1 is_stmt 1 view -0
 1002              		.cfi_startproc
 1003              		@ args = 0, pretend = 0, frame = 0
 1004              		@ frame_needed = 0, uses_anonymous_args = 0
 1005 0000 08B5     		push	{r3, lr}
 1006              	.LCFI27:
 1007              		.cfi_def_cfa_offset 8
 1008              		.cfi_offset 3, -8
 1009              		.cfi_offset 14, -4
 570:Src/stm32f4xx_it.c ****   /* USER CODE BEGIN DMA2_Stream7_IRQn 0 */
 571:Src/stm32f4xx_it.c **** 
 572:Src/stm32f4xx_it.c ****   /* USER CODE END DMA2_Stream7_IRQn 0 */
 573:Src/stm32f4xx_it.c ****   HAL_DMA_IRQHandler(&hdma_usart1_tx);
 1010              		.loc 1 573 3 view .LVU106
 1011 0002 0248     		ldr	r0, .L114
 1012 0004 FFF7FEFF 		bl	HAL_DMA_IRQHandler
 1013              	.LVL28:
 574:Src/stm32f4xx_it.c ****   /* USER CODE BEGIN DMA2_Stream7_IRQn 1 */
 575:Src/stm32f4xx_it.c **** 
 576:Src/stm32f4xx_it.c ****   /* USER CODE END DMA2_Stream7_IRQn 1 */
 577:Src/stm32f4xx_it.c **** }
 1014              		.loc 1 577 1 is_stmt 0 view .LVU107
 1015 0008 08BD     		pop	{r3, pc}
 1016              	.L115:
 1017 000a 00BF     		.align	2
 1018              	.L114:
 1019 000c 00000000 		.word	hdma_usart1_tx
 1020              		.cfi_endproc
 1021              	.LFE268:
 1023              		.section	.text.USART6_IRQHandler,"ax",%progbits
 1024              		.align	1
 1025              		.global	USART6_IRQHandler
ARM GAS  C:\Users\z0147233\AppData\Local\Temp\cckRMige.s 			page 28


 1026              		.syntax unified
 1027              		.thumb
 1028              		.thumb_func
 1030              	USART6_IRQHandler:
 1031              	.LFB269:
 578:Src/stm32f4xx_it.c **** 
 579:Src/stm32f4xx_it.c **** /**
 580:Src/stm32f4xx_it.c ****   * @brief This function handles USART6 global interrupt.
 581:Src/stm32f4xx_it.c ****   */
 582:Src/stm32f4xx_it.c **** void USART6_IRQHandler(void)
 583:Src/stm32f4xx_it.c **** {
 1032              		.loc 1 583 1 is_stmt 1 view -0
 1033              		.cfi_startproc
 1034              		@ args = 0, pretend = 0, frame = 0
 1035              		@ frame_needed = 0, uses_anonymous_args = 0
 1036 0000 08B5     		push	{r3, lr}
 1037              	.LCFI28:
 1038              		.cfi_def_cfa_offset 8
 1039              		.cfi_offset 3, -8
 1040              		.cfi_offset 14, -4
 584:Src/stm32f4xx_it.c ****   /* USER CODE BEGIN USART6_IRQn 0 */
 585:Src/stm32f4xx_it.c **** 
 586:Src/stm32f4xx_it.c ****   /* USER CODE END USART6_IRQn 0 */
 587:Src/stm32f4xx_it.c ****   HAL_UART_IRQHandler(&huart6);
 1041              		.loc 1 587 3 view .LVU109
 1042 0002 0248     		ldr	r0, .L118
 1043 0004 FFF7FEFF 		bl	HAL_UART_IRQHandler
 1044              	.LVL29:
 588:Src/stm32f4xx_it.c ****   /* USER CODE BEGIN USART6_IRQn 1 */
 589:Src/stm32f4xx_it.c **** 
 590:Src/stm32f4xx_it.c ****   /* USER CODE END USART6_IRQn 1 */
 591:Src/stm32f4xx_it.c **** }
 1045              		.loc 1 591 1 is_stmt 0 view .LVU110
 1046 0008 08BD     		pop	{r3, pc}
 1047              	.L119:
 1048 000a 00BF     		.align	2
 1049              	.L118:
 1050 000c 00000000 		.word	huart6
 1051              		.cfi_endproc
 1052              	.LFE269:
 1054              		.section	.text.I2C3_EV_IRQHandler,"ax",%progbits
 1055              		.align	1
 1056              		.global	I2C3_EV_IRQHandler
 1057              		.syntax unified
 1058              		.thumb
 1059              		.thumb_func
 1061              	I2C3_EV_IRQHandler:
 1062              	.LFB270:
 592:Src/stm32f4xx_it.c **** 
 593:Src/stm32f4xx_it.c **** /**
 594:Src/stm32f4xx_it.c ****   * @brief This function handles I2C3 event interrupt.
 595:Src/stm32f4xx_it.c ****   */
 596:Src/stm32f4xx_it.c **** void I2C3_EV_IRQHandler(void)
 597:Src/stm32f4xx_it.c **** {
 1063              		.loc 1 597 1 is_stmt 1 view -0
 1064              		.cfi_startproc
 1065              		@ args = 0, pretend = 0, frame = 0
ARM GAS  C:\Users\z0147233\AppData\Local\Temp\cckRMige.s 			page 29


 1066              		@ frame_needed = 0, uses_anonymous_args = 0
 1067 0000 08B5     		push	{r3, lr}
 1068              	.LCFI29:
 1069              		.cfi_def_cfa_offset 8
 1070              		.cfi_offset 3, -8
 1071              		.cfi_offset 14, -4
 598:Src/stm32f4xx_it.c ****   /* USER CODE BEGIN I2C3_EV_IRQn 0 */
 599:Src/stm32f4xx_it.c **** 
 600:Src/stm32f4xx_it.c ****   /* USER CODE END I2C3_EV_IRQn 0 */
 601:Src/stm32f4xx_it.c ****   HAL_I2C_EV_IRQHandler(&hi2c3);
 1072              		.loc 1 601 3 view .LVU112
 1073 0002 0248     		ldr	r0, .L122
 1074 0004 FFF7FEFF 		bl	HAL_I2C_EV_IRQHandler
 1075              	.LVL30:
 602:Src/stm32f4xx_it.c ****   /* USER CODE BEGIN I2C3_EV_IRQn 1 */
 603:Src/stm32f4xx_it.c **** 
 604:Src/stm32f4xx_it.c ****   /* USER CODE END I2C3_EV_IRQn 1 */
 605:Src/stm32f4xx_it.c **** }
 1076              		.loc 1 605 1 is_stmt 0 view .LVU113
 1077 0008 08BD     		pop	{r3, pc}
 1078              	.L123:
 1079 000a 00BF     		.align	2
 1080              	.L122:
 1081 000c 00000000 		.word	hi2c3
 1082              		.cfi_endproc
 1083              	.LFE270:
 1085              		.section	.text.I2C3_ER_IRQHandler,"ax",%progbits
 1086              		.align	1
 1087              		.global	I2C3_ER_IRQHandler
 1088              		.syntax unified
 1089              		.thumb
 1090              		.thumb_func
 1092              	I2C3_ER_IRQHandler:
 1093              	.LFB271:
 606:Src/stm32f4xx_it.c **** 
 607:Src/stm32f4xx_it.c **** /**
 608:Src/stm32f4xx_it.c ****   * @brief This function handles I2C3 error interrupt.
 609:Src/stm32f4xx_it.c ****   */
 610:Src/stm32f4xx_it.c **** void I2C3_ER_IRQHandler(void)
 611:Src/stm32f4xx_it.c **** {
 1094              		.loc 1 611 1 is_stmt 1 view -0
 1095              		.cfi_startproc
 1096              		@ args = 0, pretend = 0, frame = 0
 1097              		@ frame_needed = 0, uses_anonymous_args = 0
 1098 0000 08B5     		push	{r3, lr}
 1099              	.LCFI30:
 1100              		.cfi_def_cfa_offset 8
 1101              		.cfi_offset 3, -8
 1102              		.cfi_offset 14, -4
 612:Src/stm32f4xx_it.c ****   /* USER CODE BEGIN I2C3_ER_IRQn 0 */
 613:Src/stm32f4xx_it.c **** 
 614:Src/stm32f4xx_it.c ****   /* USER CODE END I2C3_ER_IRQn 0 */
 615:Src/stm32f4xx_it.c ****   HAL_I2C_ER_IRQHandler(&hi2c3);
 1103              		.loc 1 615 3 view .LVU115
 1104 0002 0248     		ldr	r0, .L126
 1105 0004 FFF7FEFF 		bl	HAL_I2C_ER_IRQHandler
 1106              	.LVL31:
ARM GAS  C:\Users\z0147233\AppData\Local\Temp\cckRMige.s 			page 30


 616:Src/stm32f4xx_it.c ****   /* USER CODE BEGIN I2C3_ER_IRQn 1 */
 617:Src/stm32f4xx_it.c **** 
 618:Src/stm32f4xx_it.c ****   /* USER CODE END I2C3_ER_IRQn 1 */
 619:Src/stm32f4xx_it.c **** }
 1107              		.loc 1 619 1 is_stmt 0 view .LVU116
 1108 0008 08BD     		pop	{r3, pc}
 1109              	.L127:
 1110 000a 00BF     		.align	2
 1111              	.L126:
 1112 000c 00000000 		.word	hi2c3
 1113              		.cfi_endproc
 1114              	.LFE271:
 1116              		.text
 1117              	.Letext0:
 1118              		.file 2 "c:\\installsoftware\\arm-gnu-toolchian\\arm-none-eabi\\include\\machine\\_default_types.h
 1119              		.file 3 "c:\\installsoftware\\arm-gnu-toolchian\\arm-none-eabi\\include\\sys\\_stdint.h"
 1120              		.file 4 "Drivers/CMSIS/Device/ST/STM32F4xx/Include/stm32f407xx.h"
 1121              		.file 5 "Drivers/CMSIS/Device/ST/STM32F4xx/Include/stm32f4xx.h"
 1122              		.file 6 "Drivers/STM32F4xx_HAL_Driver/Inc/stm32f4xx_hal_def.h"
 1123              		.file 7 "Drivers/STM32F4xx_HAL_Driver/Inc/stm32f4xx_hal_dma.h"
 1124              		.file 8 "Drivers/STM32F4xx_HAL_Driver/Inc/stm32f4xx_hal_can.h"
 1125              		.file 9 "Drivers/STM32F4xx_HAL_Driver/Inc/stm32f4xx_hal_i2c.h"
 1126              		.file 10 "Drivers/STM32F4xx_HAL_Driver/Inc/stm32f4xx_hal_spi.h"
 1127              		.file 11 "Drivers/STM32F4xx_HAL_Driver/Inc/stm32f4xx_hal_tim.h"
 1128              		.file 12 "Drivers/STM32F4xx_HAL_Driver/Inc/stm32f4xx_hal_uart.h"
 1129              		.file 13 "Drivers/STM32F4xx_HAL_Driver/Inc/stm32f4xx_ll_usb.h"
 1130              		.file 14 "Drivers/STM32F4xx_HAL_Driver/Inc/stm32f4xx_hal_pcd.h"
 1131              		.file 15 "Drivers/STM32F4xx_HAL_Driver/Inc/stm32f4xx_hal_gpio.h"
 1132              		.file 16 "Drivers/STM32F4xx_HAL_Driver/Inc/stm32f4xx_hal_flash.h"
ARM GAS  C:\Users\z0147233\AppData\Local\Temp\cckRMige.s 			page 31


DEFINED SYMBOLS
                            *ABS*:00000000 stm32f4xx_it.c
C:\Users\z0147233\AppData\Local\Temp\cckRMige.s:20     .text.NMI_Handler:00000000 $t
C:\Users\z0147233\AppData\Local\Temp\cckRMige.s:26     .text.NMI_Handler:00000000 NMI_Handler
C:\Users\z0147233\AppData\Local\Temp\cckRMige.s:44     .text.HardFault_Handler:00000000 $t
C:\Users\z0147233\AppData\Local\Temp\cckRMige.s:50     .text.HardFault_Handler:00000000 HardFault_Handler
C:\Users\z0147233\AppData\Local\Temp\cckRMige.s:80     .text.MemManage_Handler:00000000 $t
C:\Users\z0147233\AppData\Local\Temp\cckRMige.s:86     .text.MemManage_Handler:00000000 MemManage_Handler
C:\Users\z0147233\AppData\Local\Temp\cckRMige.s:103    .text.BusFault_Handler:00000000 $t
C:\Users\z0147233\AppData\Local\Temp\cckRMige.s:109    .text.BusFault_Handler:00000000 BusFault_Handler
C:\Users\z0147233\AppData\Local\Temp\cckRMige.s:126    .text.UsageFault_Handler:00000000 $t
C:\Users\z0147233\AppData\Local\Temp\cckRMige.s:132    .text.UsageFault_Handler:00000000 UsageFault_Handler
C:\Users\z0147233\AppData\Local\Temp\cckRMige.s:149    .text.DebugMon_Handler:00000000 $t
C:\Users\z0147233\AppData\Local\Temp\cckRMige.s:155    .text.DebugMon_Handler:00000000 DebugMon_Handler
C:\Users\z0147233\AppData\Local\Temp\cckRMige.s:168    .text.FLASH_IRQHandler:00000000 $t
C:\Users\z0147233\AppData\Local\Temp\cckRMige.s:174    .text.FLASH_IRQHandler:00000000 FLASH_IRQHandler
C:\Users\z0147233\AppData\Local\Temp\cckRMige.s:194    .text.EXTI3_IRQHandler:00000000 $t
C:\Users\z0147233\AppData\Local\Temp\cckRMige.s:200    .text.EXTI3_IRQHandler:00000000 EXTI3_IRQHandler
C:\Users\z0147233\AppData\Local\Temp\cckRMige.s:221    .text.EXTI4_IRQHandler:00000000 $t
C:\Users\z0147233\AppData\Local\Temp\cckRMige.s:227    .text.EXTI4_IRQHandler:00000000 EXTI4_IRQHandler
C:\Users\z0147233\AppData\Local\Temp\cckRMige.s:248    .text.DMA1_Stream1_IRQHandler:00000000 $t
C:\Users\z0147233\AppData\Local\Temp\cckRMige.s:254    .text.DMA1_Stream1_IRQHandler:00000000 DMA1_Stream1_IRQHandler
C:\Users\z0147233\AppData\Local\Temp\cckRMige.s:274    .text.DMA1_Stream1_IRQHandler:0000000c $d
C:\Users\z0147233\AppData\Local\Temp\cckRMige.s:279    .text.DMA1_Stream2_IRQHandler:00000000 $t
C:\Users\z0147233\AppData\Local\Temp\cckRMige.s:285    .text.DMA1_Stream2_IRQHandler:00000000 DMA1_Stream2_IRQHandler
C:\Users\z0147233\AppData\Local\Temp\cckRMige.s:305    .text.DMA1_Stream2_IRQHandler:0000000c $d
C:\Users\z0147233\AppData\Local\Temp\cckRMige.s:310    .text.DMA1_Stream3_IRQHandler:00000000 $t
C:\Users\z0147233\AppData\Local\Temp\cckRMige.s:316    .text.DMA1_Stream3_IRQHandler:00000000 DMA1_Stream3_IRQHandler
C:\Users\z0147233\AppData\Local\Temp\cckRMige.s:336    .text.DMA1_Stream3_IRQHandler:0000000c $d
C:\Users\z0147233\AppData\Local\Temp\cckRMige.s:341    .text.DMA1_Stream4_IRQHandler:00000000 $t
C:\Users\z0147233\AppData\Local\Temp\cckRMige.s:347    .text.DMA1_Stream4_IRQHandler:00000000 DMA1_Stream4_IRQHandler
C:\Users\z0147233\AppData\Local\Temp\cckRMige.s:367    .text.DMA1_Stream4_IRQHandler:0000000c $d
C:\Users\z0147233\AppData\Local\Temp\cckRMige.s:372    .text.CAN1_RX0_IRQHandler:00000000 $t
C:\Users\z0147233\AppData\Local\Temp\cckRMige.s:378    .text.CAN1_RX0_IRQHandler:00000000 CAN1_RX0_IRQHandler
C:\Users\z0147233\AppData\Local\Temp\cckRMige.s:398    .text.CAN1_RX0_IRQHandler:0000000c $d
C:\Users\z0147233\AppData\Local\Temp\cckRMige.s:403    .text.CAN1_RX1_IRQHandler:00000000 $t
C:\Users\z0147233\AppData\Local\Temp\cckRMige.s:409    .text.CAN1_RX1_IRQHandler:00000000 CAN1_RX1_IRQHandler
C:\Users\z0147233\AppData\Local\Temp\cckRMige.s:429    .text.CAN1_RX1_IRQHandler:0000000c $d
C:\Users\z0147233\AppData\Local\Temp\cckRMige.s:434    .text.EXTI9_5_IRQHandler:00000000 $t
C:\Users\z0147233\AppData\Local\Temp\cckRMige.s:440    .text.EXTI9_5_IRQHandler:00000000 EXTI9_5_IRQHandler
C:\Users\z0147233\AppData\Local\Temp\cckRMige.s:461    .text.I2C2_EV_IRQHandler:00000000 $t
C:\Users\z0147233\AppData\Local\Temp\cckRMige.s:467    .text.I2C2_EV_IRQHandler:00000000 I2C2_EV_IRQHandler
C:\Users\z0147233\AppData\Local\Temp\cckRMige.s:487    .text.I2C2_EV_IRQHandler:0000000c $d
C:\Users\z0147233\AppData\Local\Temp\cckRMige.s:492    .text.I2C2_ER_IRQHandler:00000000 $t
C:\Users\z0147233\AppData\Local\Temp\cckRMige.s:498    .text.I2C2_ER_IRQHandler:00000000 I2C2_ER_IRQHandler
C:\Users\z0147233\AppData\Local\Temp\cckRMige.s:518    .text.I2C2_ER_IRQHandler:0000000c $d
C:\Users\z0147233\AppData\Local\Temp\cckRMige.s:523    .text.SPI1_IRQHandler:00000000 $t
C:\Users\z0147233\AppData\Local\Temp\cckRMige.s:529    .text.SPI1_IRQHandler:00000000 SPI1_IRQHandler
C:\Users\z0147233\AppData\Local\Temp\cckRMige.s:549    .text.SPI1_IRQHandler:0000000c $d
C:\Users\z0147233\AppData\Local\Temp\cckRMige.s:554    .text.SPI2_IRQHandler:00000000 $t
C:\Users\z0147233\AppData\Local\Temp\cckRMige.s:560    .text.SPI2_IRQHandler:00000000 SPI2_IRQHandler
C:\Users\z0147233\AppData\Local\Temp\cckRMige.s:580    .text.SPI2_IRQHandler:0000000c $d
C:\Users\z0147233\AppData\Local\Temp\cckRMige.s:585    .text.USART1_IRQHandler:00000000 $t
C:\Users\z0147233\AppData\Local\Temp\cckRMige.s:591    .text.USART1_IRQHandler:00000000 USART1_IRQHandler
C:\Users\z0147233\AppData\Local\Temp\cckRMige.s:611    .text.USART1_IRQHandler:0000000c $d
C:\Users\z0147233\AppData\Local\Temp\cckRMige.s:616    .text.USART3_IRQHandler:00000000 $t
C:\Users\z0147233\AppData\Local\Temp\cckRMige.s:622    .text.USART3_IRQHandler:00000000 USART3_IRQHandler
ARM GAS  C:\Users\z0147233\AppData\Local\Temp\cckRMige.s 			page 32


C:\Users\z0147233\AppData\Local\Temp\cckRMige.s:642    .text.USART3_IRQHandler:0000000c $d
C:\Users\z0147233\AppData\Local\Temp\cckRMige.s:647    .text.TIM8_TRG_COM_TIM14_IRQHandler:00000000 $t
C:\Users\z0147233\AppData\Local\Temp\cckRMige.s:653    .text.TIM8_TRG_COM_TIM14_IRQHandler:00000000 TIM8_TRG_COM_TIM14_IRQHandler
C:\Users\z0147233\AppData\Local\Temp\cckRMige.s:677    .text.TIM8_TRG_COM_TIM14_IRQHandler:00000010 $d
C:\Users\z0147233\AppData\Local\Temp\cckRMige.s:683    .text.DMA1_Stream7_IRQHandler:00000000 $t
C:\Users\z0147233\AppData\Local\Temp\cckRMige.s:689    .text.DMA1_Stream7_IRQHandler:00000000 DMA1_Stream7_IRQHandler
C:\Users\z0147233\AppData\Local\Temp\cckRMige.s:709    .text.DMA1_Stream7_IRQHandler:0000000c $d
C:\Users\z0147233\AppData\Local\Temp\cckRMige.s:714    .text.DMA2_Stream0_IRQHandler:00000000 $t
C:\Users\z0147233\AppData\Local\Temp\cckRMige.s:720    .text.DMA2_Stream0_IRQHandler:00000000 DMA2_Stream0_IRQHandler
C:\Users\z0147233\AppData\Local\Temp\cckRMige.s:740    .text.DMA2_Stream0_IRQHandler:0000000c $d
C:\Users\z0147233\AppData\Local\Temp\cckRMige.s:745    .text.DMA2_Stream2_IRQHandler:00000000 $t
C:\Users\z0147233\AppData\Local\Temp\cckRMige.s:751    .text.DMA2_Stream2_IRQHandler:00000000 DMA2_Stream2_IRQHandler
C:\Users\z0147233\AppData\Local\Temp\cckRMige.s:771    .text.DMA2_Stream2_IRQHandler:0000000c $d
C:\Users\z0147233\AppData\Local\Temp\cckRMige.s:776    .text.DMA2_Stream3_IRQHandler:00000000 $t
C:\Users\z0147233\AppData\Local\Temp\cckRMige.s:782    .text.DMA2_Stream3_IRQHandler:00000000 DMA2_Stream3_IRQHandler
C:\Users\z0147233\AppData\Local\Temp\cckRMige.s:802    .text.DMA2_Stream3_IRQHandler:0000000c $d
C:\Users\z0147233\AppData\Local\Temp\cckRMige.s:807    .text.DMA2_Stream4_IRQHandler:00000000 $t
C:\Users\z0147233\AppData\Local\Temp\cckRMige.s:813    .text.DMA2_Stream4_IRQHandler:00000000 DMA2_Stream4_IRQHandler
C:\Users\z0147233\AppData\Local\Temp\cckRMige.s:833    .text.DMA2_Stream4_IRQHandler:0000000c $d
C:\Users\z0147233\AppData\Local\Temp\cckRMige.s:838    .text.CAN2_RX0_IRQHandler:00000000 $t
C:\Users\z0147233\AppData\Local\Temp\cckRMige.s:844    .text.CAN2_RX0_IRQHandler:00000000 CAN2_RX0_IRQHandler
C:\Users\z0147233\AppData\Local\Temp\cckRMige.s:864    .text.CAN2_RX0_IRQHandler:0000000c $d
C:\Users\z0147233\AppData\Local\Temp\cckRMige.s:869    .text.CAN2_RX1_IRQHandler:00000000 $t
C:\Users\z0147233\AppData\Local\Temp\cckRMige.s:875    .text.CAN2_RX1_IRQHandler:00000000 CAN2_RX1_IRQHandler
C:\Users\z0147233\AppData\Local\Temp\cckRMige.s:895    .text.CAN2_RX1_IRQHandler:0000000c $d
C:\Users\z0147233\AppData\Local\Temp\cckRMige.s:900    .text.OTG_FS_IRQHandler:00000000 $t
C:\Users\z0147233\AppData\Local\Temp\cckRMige.s:906    .text.OTG_FS_IRQHandler:00000000 OTG_FS_IRQHandler
C:\Users\z0147233\AppData\Local\Temp\cckRMige.s:926    .text.OTG_FS_IRQHandler:0000000c $d
C:\Users\z0147233\AppData\Local\Temp\cckRMige.s:931    .text.DMA2_Stream5_IRQHandler:00000000 $t
C:\Users\z0147233\AppData\Local\Temp\cckRMige.s:937    .text.DMA2_Stream5_IRQHandler:00000000 DMA2_Stream5_IRQHandler
C:\Users\z0147233\AppData\Local\Temp\cckRMige.s:957    .text.DMA2_Stream5_IRQHandler:0000000c $d
C:\Users\z0147233\AppData\Local\Temp\cckRMige.s:962    .text.DMA2_Stream6_IRQHandler:00000000 $t
C:\Users\z0147233\AppData\Local\Temp\cckRMige.s:968    .text.DMA2_Stream6_IRQHandler:00000000 DMA2_Stream6_IRQHandler
C:\Users\z0147233\AppData\Local\Temp\cckRMige.s:988    .text.DMA2_Stream6_IRQHandler:0000000c $d
C:\Users\z0147233\AppData\Local\Temp\cckRMige.s:993    .text.DMA2_Stream7_IRQHandler:00000000 $t
C:\Users\z0147233\AppData\Local\Temp\cckRMige.s:999    .text.DMA2_Stream7_IRQHandler:00000000 DMA2_Stream7_IRQHandler
C:\Users\z0147233\AppData\Local\Temp\cckRMige.s:1019   .text.DMA2_Stream7_IRQHandler:0000000c $d
C:\Users\z0147233\AppData\Local\Temp\cckRMige.s:1024   .text.USART6_IRQHandler:00000000 $t
C:\Users\z0147233\AppData\Local\Temp\cckRMige.s:1030   .text.USART6_IRQHandler:00000000 USART6_IRQHandler
C:\Users\z0147233\AppData\Local\Temp\cckRMige.s:1050   .text.USART6_IRQHandler:0000000c $d
C:\Users\z0147233\AppData\Local\Temp\cckRMige.s:1055   .text.I2C3_EV_IRQHandler:00000000 $t
C:\Users\z0147233\AppData\Local\Temp\cckRMige.s:1061   .text.I2C3_EV_IRQHandler:00000000 I2C3_EV_IRQHandler
C:\Users\z0147233\AppData\Local\Temp\cckRMige.s:1081   .text.I2C3_EV_IRQHandler:0000000c $d
C:\Users\z0147233\AppData\Local\Temp\cckRMige.s:1086   .text.I2C3_ER_IRQHandler:00000000 $t
C:\Users\z0147233\AppData\Local\Temp\cckRMige.s:1092   .text.I2C3_ER_IRQHandler:00000000 I2C3_ER_IRQHandler
C:\Users\z0147233\AppData\Local\Temp\cckRMige.s:1112   .text.I2C3_ER_IRQHandler:0000000c $d

UNDEFINED SYMBOLS
HAL_FLASH_IRQHandler
HAL_GPIO_EXTI_IRQHandler
HAL_DMA_IRQHandler
hdma_usart3_rx
hdma_i2c2_rx
hdma_spi2_rx
hdma_spi2_tx
HAL_CAN_IRQHandler
hcan1
ARM GAS  C:\Users\z0147233\AppData\Local\Temp\cckRMige.s 			page 33


HAL_I2C_EV_IRQHandler
hi2c2
HAL_I2C_ER_IRQHandler
HAL_SPI_IRQHandler
hspi1
hspi2
HAL_UART_IRQHandler
huart1
huart3
HAL_TIM_IRQHandler
htim8
htim14
hdma_i2c2_tx
hdma_spi1_rx
hdma_usart6_rx
hdma_spi1_tx
hdma_adc1
hcan2
HAL_PCD_IRQHandler
hpcd_USB_OTG_FS
hdma_usart1_rx
hdma_usart6_tx
hdma_usart1_tx
huart6
hi2c3
