ARM GAS  C:\Users\z0147233\AppData\Local\Temp\ccLJSQg2.s 			page 1


   1              		.cpu cortex-m4
   2              		.arch armv7e-m
   3              		.fpu fpv4-sp-d16
   4              		.eabi_attribute 27, 1
   5              		.eabi_attribute 28, 1
   6              		.eabi_attribute 20, 1
   7              		.eabi_attribute 21, 1
   8              		.eabi_attribute 23, 3
   9              		.eabi_attribute 24, 1
  10              		.eabi_attribute 25, 1
  11              		.eabi_attribute 26, 1
  12              		.eabi_attribute 30, 1
  13              		.eabi_attribute 34, 1
  14              		.eabi_attribute 18, 4
  15              		.file	"usart.c"
  16              		.text
  17              	.Ltext0:
  18              		.cfi_sections	.debug_frame
  19              		.section	.text.MX_USART1_UART_Init,"ax",%progbits
  20              		.align	1
  21              		.global	MX_USART1_UART_Init
  22              		.syntax unified
  23              		.thumb
  24              		.thumb_func
  26              	MX_USART1_UART_Init:
  27              	.LFB235:
  28              		.file 1 "Src/usart.c"
   1:Src/usart.c   **** /* USER CODE BEGIN Header */
   2:Src/usart.c   **** /**
   3:Src/usart.c   ****   ******************************************************************************
   4:Src/usart.c   ****   * @file    usart.c
   5:Src/usart.c   ****   * @brief   This file provides code for the configuration
   6:Src/usart.c   ****   *          of the USART instances.
   7:Src/usart.c   ****   ******************************************************************************
   8:Src/usart.c   ****   * @attention
   9:Src/usart.c   ****   *
  10:Src/usart.c   ****   * Copyright (c) 2023 STMicroelectronics.
  11:Src/usart.c   ****   * All rights reserved.
  12:Src/usart.c   ****   *
  13:Src/usart.c   ****   * This software is licensed under terms that can be found in the LICENSE file
  14:Src/usart.c   ****   * in the root directory of this software component.
  15:Src/usart.c   ****   * If no LICENSE file comes with this software, it is provided AS-IS.
  16:Src/usart.c   ****   *
  17:Src/usart.c   ****   ******************************************************************************
  18:Src/usart.c   ****   */
  19:Src/usart.c   **** /* USER CODE END Header */
  20:Src/usart.c   **** /* Includes ------------------------------------------------------------------*/
  21:Src/usart.c   **** #include "usart.h"
  22:Src/usart.c   **** 
  23:Src/usart.c   **** /* USER CODE BEGIN 0 */
  24:Src/usart.c   **** 
  25:Src/usart.c   **** /* USER CODE END 0 */
  26:Src/usart.c   **** 
  27:Src/usart.c   **** UART_HandleTypeDef huart1;
  28:Src/usart.c   **** UART_HandleTypeDef huart3;
  29:Src/usart.c   **** UART_HandleTypeDef huart6;
  30:Src/usart.c   **** DMA_HandleTypeDef hdma_usart1_tx;
ARM GAS  C:\Users\z0147233\AppData\Local\Temp\ccLJSQg2.s 			page 2


  31:Src/usart.c   **** DMA_HandleTypeDef hdma_usart1_rx;
  32:Src/usart.c   **** DMA_HandleTypeDef hdma_usart3_rx;
  33:Src/usart.c   **** DMA_HandleTypeDef hdma_usart6_rx;
  34:Src/usart.c   **** DMA_HandleTypeDef hdma_usart6_tx;
  35:Src/usart.c   **** 
  36:Src/usart.c   **** /* USART1 init function */
  37:Src/usart.c   **** 
  38:Src/usart.c   **** void MX_USART1_UART_Init(void)
  39:Src/usart.c   **** {
  29              		.loc 1 39 1 view -0
  30              		.cfi_startproc
  31              		@ args = 0, pretend = 0, frame = 0
  32              		@ frame_needed = 0, uses_anonymous_args = 0
  33 0000 08B5     		push	{r3, lr}
  34              	.LCFI0:
  35              		.cfi_def_cfa_offset 8
  36              		.cfi_offset 3, -8
  37              		.cfi_offset 14, -4
  40:Src/usart.c   **** 
  41:Src/usart.c   ****   /* USER CODE BEGIN USART1_Init 0 */
  42:Src/usart.c   **** 
  43:Src/usart.c   ****   /* USER CODE END USART1_Init 0 */
  44:Src/usart.c   **** 
  45:Src/usart.c   ****   /* USER CODE BEGIN USART1_Init 1 */
  46:Src/usart.c   **** 
  47:Src/usart.c   ****   /* USER CODE END USART1_Init 1 */
  48:Src/usart.c   ****   huart1.Instance = USART1;
  38              		.loc 1 48 3 view .LVU1
  39              		.loc 1 48 19 is_stmt 0 view .LVU2
  40 0002 0A48     		ldr	r0, .L5
  41 0004 0A4B     		ldr	r3, .L5+4
  42 0006 0360     		str	r3, [r0]
  49:Src/usart.c   ****   huart1.Init.BaudRate = 921600;
  43              		.loc 1 49 3 is_stmt 1 view .LVU3
  44              		.loc 1 49 24 is_stmt 0 view .LVU4
  45 0008 4FF46123 		mov	r3, #921600
  46 000c 4360     		str	r3, [r0, #4]
  50:Src/usart.c   ****   huart1.Init.WordLength = UART_WORDLENGTH_8B;
  47              		.loc 1 50 3 is_stmt 1 view .LVU5
  48              		.loc 1 50 26 is_stmt 0 view .LVU6
  49 000e 0023     		movs	r3, #0
  50 0010 8360     		str	r3, [r0, #8]
  51:Src/usart.c   ****   huart1.Init.StopBits = UART_STOPBITS_1;
  51              		.loc 1 51 3 is_stmt 1 view .LVU7
  52              		.loc 1 51 24 is_stmt 0 view .LVU8
  53 0012 C360     		str	r3, [r0, #12]
  52:Src/usart.c   ****   huart1.Init.Parity = UART_PARITY_NONE;
  54              		.loc 1 52 3 is_stmt 1 view .LVU9
  55              		.loc 1 52 22 is_stmt 0 view .LVU10
  56 0014 0361     		str	r3, [r0, #16]
  53:Src/usart.c   ****   huart1.Init.Mode = UART_MODE_TX_RX;
  57              		.loc 1 53 3 is_stmt 1 view .LVU11
  58              		.loc 1 53 20 is_stmt 0 view .LVU12
  59 0016 0C22     		movs	r2, #12
  60 0018 4261     		str	r2, [r0, #20]
  54:Src/usart.c   ****   huart1.Init.HwFlowCtl = UART_HWCONTROL_NONE;
  61              		.loc 1 54 3 is_stmt 1 view .LVU13
ARM GAS  C:\Users\z0147233\AppData\Local\Temp\ccLJSQg2.s 			page 3


  62              		.loc 1 54 25 is_stmt 0 view .LVU14
  63 001a 8361     		str	r3, [r0, #24]
  55:Src/usart.c   ****   huart1.Init.OverSampling = UART_OVERSAMPLING_16;
  64              		.loc 1 55 3 is_stmt 1 view .LVU15
  65              		.loc 1 55 28 is_stmt 0 view .LVU16
  66 001c C361     		str	r3, [r0, #28]
  56:Src/usart.c   ****   if (HAL_UART_Init(&huart1) != HAL_OK)
  67              		.loc 1 56 3 is_stmt 1 view .LVU17
  68              		.loc 1 56 7 is_stmt 0 view .LVU18
  69 001e FFF7FEFF 		bl	HAL_UART_Init
  70              	.LVL0:
  71              		.loc 1 56 6 view .LVU19
  72 0022 00B9     		cbnz	r0, .L4
  73              	.L1:
  57:Src/usart.c   ****   {
  58:Src/usart.c   ****     Error_Handler();
  59:Src/usart.c   ****   }
  60:Src/usart.c   ****   /* USER CODE BEGIN USART1_Init 2 */
  61:Src/usart.c   **** 
  62:Src/usart.c   ****   /* USER CODE END USART1_Init 2 */
  63:Src/usart.c   **** 
  64:Src/usart.c   **** }
  74              		.loc 1 64 1 view .LVU20
  75 0024 08BD     		pop	{r3, pc}
  76              	.L4:
  58:Src/usart.c   ****   }
  77              		.loc 1 58 5 is_stmt 1 view .LVU21
  78 0026 FFF7FEFF 		bl	Error_Handler
  79              	.LVL1:
  80              		.loc 1 64 1 is_stmt 0 view .LVU22
  81 002a FBE7     		b	.L1
  82              	.L6:
  83              		.align	2
  84              	.L5:
  85 002c 00000000 		.word	.LANCHOR0
  86 0030 00100140 		.word	1073811456
  87              		.cfi_endproc
  88              	.LFE235:
  90              		.section	.text.MX_USART3_UART_Init,"ax",%progbits
  91              		.align	1
  92              		.global	MX_USART3_UART_Init
  93              		.syntax unified
  94              		.thumb
  95              		.thumb_func
  97              	MX_USART3_UART_Init:
  98              	.LFB236:
  65:Src/usart.c   **** /* USART3 init function */
  66:Src/usart.c   **** 
  67:Src/usart.c   **** void MX_USART3_UART_Init(void)
  68:Src/usart.c   **** {
  99              		.loc 1 68 1 is_stmt 1 view -0
 100              		.cfi_startproc
 101              		@ args = 0, pretend = 0, frame = 0
 102              		@ frame_needed = 0, uses_anonymous_args = 0
 103 0000 08B5     		push	{r3, lr}
 104              	.LCFI1:
 105              		.cfi_def_cfa_offset 8
ARM GAS  C:\Users\z0147233\AppData\Local\Temp\ccLJSQg2.s 			page 4


 106              		.cfi_offset 3, -8
 107              		.cfi_offset 14, -4
  69:Src/usart.c   **** 
  70:Src/usart.c   ****   /* USER CODE BEGIN USART3_Init 0 */
  71:Src/usart.c   **** 
  72:Src/usart.c   ****   /* USER CODE END USART3_Init 0 */
  73:Src/usart.c   **** 
  74:Src/usart.c   ****   /* USER CODE BEGIN USART3_Init 1 */
  75:Src/usart.c   **** 
  76:Src/usart.c   ****   /* USER CODE END USART3_Init 1 */
  77:Src/usart.c   ****   huart3.Instance = USART3;
 108              		.loc 1 77 3 view .LVU24
 109              		.loc 1 77 19 is_stmt 0 view .LVU25
 110 0002 0C48     		ldr	r0, .L11
 111 0004 0C4B     		ldr	r3, .L11+4
 112 0006 0360     		str	r3, [r0]
  78:Src/usart.c   ****   huart3.Init.BaudRate = 100000;
 113              		.loc 1 78 3 is_stmt 1 view .LVU26
 114              		.loc 1 78 24 is_stmt 0 view .LVU27
 115 0008 0C4B     		ldr	r3, .L11+8
 116 000a 4360     		str	r3, [r0, #4]
  79:Src/usart.c   ****   huart3.Init.WordLength = UART_WORDLENGTH_9B;
 117              		.loc 1 79 3 is_stmt 1 view .LVU28
 118              		.loc 1 79 26 is_stmt 0 view .LVU29
 119 000c 4FF48053 		mov	r3, #4096
 120 0010 8360     		str	r3, [r0, #8]
  80:Src/usart.c   ****   huart3.Init.StopBits = UART_STOPBITS_1;
 121              		.loc 1 80 3 is_stmt 1 view .LVU30
 122              		.loc 1 80 24 is_stmt 0 view .LVU31
 123 0012 0023     		movs	r3, #0
 124 0014 C360     		str	r3, [r0, #12]
  81:Src/usart.c   ****   huart3.Init.Parity = UART_PARITY_EVEN;
 125              		.loc 1 81 3 is_stmt 1 view .LVU32
 126              		.loc 1 81 22 is_stmt 0 view .LVU33
 127 0016 4FF48062 		mov	r2, #1024
 128 001a 0261     		str	r2, [r0, #16]
  82:Src/usart.c   ****   huart3.Init.Mode = UART_MODE_TX_RX;
 129              		.loc 1 82 3 is_stmt 1 view .LVU34
 130              		.loc 1 82 20 is_stmt 0 view .LVU35
 131 001c 0C22     		movs	r2, #12
 132 001e 4261     		str	r2, [r0, #20]
  83:Src/usart.c   ****   huart3.Init.HwFlowCtl = UART_HWCONTROL_NONE;
 133              		.loc 1 83 3 is_stmt 1 view .LVU36
 134              		.loc 1 83 25 is_stmt 0 view .LVU37
 135 0020 8361     		str	r3, [r0, #24]
  84:Src/usart.c   ****   huart3.Init.OverSampling = UART_OVERSAMPLING_16;
 136              		.loc 1 84 3 is_stmt 1 view .LVU38
 137              		.loc 1 84 28 is_stmt 0 view .LVU39
 138 0022 C361     		str	r3, [r0, #28]
  85:Src/usart.c   ****   if (HAL_UART_Init(&huart3) != HAL_OK)
 139              		.loc 1 85 3 is_stmt 1 view .LVU40
 140              		.loc 1 85 7 is_stmt 0 view .LVU41
 141 0024 FFF7FEFF 		bl	HAL_UART_Init
 142              	.LVL2:
 143              		.loc 1 85 6 view .LVU42
 144 0028 00B9     		cbnz	r0, .L10
 145              	.L7:
ARM GAS  C:\Users\z0147233\AppData\Local\Temp\ccLJSQg2.s 			page 5


  86:Src/usart.c   ****   {
  87:Src/usart.c   ****     Error_Handler();
  88:Src/usart.c   ****   }
  89:Src/usart.c   ****   /* USER CODE BEGIN USART3_Init 2 */
  90:Src/usart.c   **** 
  91:Src/usart.c   ****   /* USER CODE END USART3_Init 2 */
  92:Src/usart.c   **** 
  93:Src/usart.c   **** }
 146              		.loc 1 93 1 view .LVU43
 147 002a 08BD     		pop	{r3, pc}
 148              	.L10:
  87:Src/usart.c   ****   }
 149              		.loc 1 87 5 is_stmt 1 view .LVU44
 150 002c FFF7FEFF 		bl	Error_Handler
 151              	.LVL3:
 152              		.loc 1 93 1 is_stmt 0 view .LVU45
 153 0030 FBE7     		b	.L7
 154              	.L12:
 155 0032 00BF     		.align	2
 156              	.L11:
 157 0034 00000000 		.word	.LANCHOR1
 158 0038 00480040 		.word	1073760256
 159 003c A0860100 		.word	100000
 160              		.cfi_endproc
 161              	.LFE236:
 163              		.section	.text.MX_USART6_UART_Init,"ax",%progbits
 164              		.align	1
 165              		.global	MX_USART6_UART_Init
 166              		.syntax unified
 167              		.thumb
 168              		.thumb_func
 170              	MX_USART6_UART_Init:
 171              	.LFB237:
  94:Src/usart.c   **** /* USART6 init function */
  95:Src/usart.c   **** 
  96:Src/usart.c   **** void MX_USART6_UART_Init(void)
  97:Src/usart.c   **** {
 172              		.loc 1 97 1 is_stmt 1 view -0
 173              		.cfi_startproc
 174              		@ args = 0, pretend = 0, frame = 0
 175              		@ frame_needed = 0, uses_anonymous_args = 0
 176 0000 08B5     		push	{r3, lr}
 177              	.LCFI2:
 178              		.cfi_def_cfa_offset 8
 179              		.cfi_offset 3, -8
 180              		.cfi_offset 14, -4
  98:Src/usart.c   **** 
  99:Src/usart.c   ****   /* USER CODE BEGIN USART6_Init 0 */
 100:Src/usart.c   **** 
 101:Src/usart.c   ****   /* USER CODE END USART6_Init 0 */
 102:Src/usart.c   **** 
 103:Src/usart.c   ****   /* USER CODE BEGIN USART6_Init 1 */
 104:Src/usart.c   **** 
 105:Src/usart.c   ****   /* USER CODE END USART6_Init 1 */
 106:Src/usart.c   ****   huart6.Instance = USART6;
 181              		.loc 1 106 3 view .LVU47
 182              		.loc 1 106 19 is_stmt 0 view .LVU48
ARM GAS  C:\Users\z0147233\AppData\Local\Temp\ccLJSQg2.s 			page 6


 183 0002 0A48     		ldr	r0, .L17
 184 0004 0A4B     		ldr	r3, .L17+4
 185 0006 0360     		str	r3, [r0]
 107:Src/usart.c   ****   huart6.Init.BaudRate = 115200;
 186              		.loc 1 107 3 is_stmt 1 view .LVU49
 187              		.loc 1 107 24 is_stmt 0 view .LVU50
 188 0008 4FF4E133 		mov	r3, #115200
 189 000c 4360     		str	r3, [r0, #4]
 108:Src/usart.c   ****   huart6.Init.WordLength = UART_WORDLENGTH_8B;
 190              		.loc 1 108 3 is_stmt 1 view .LVU51
 191              		.loc 1 108 26 is_stmt 0 view .LVU52
 192 000e 0023     		movs	r3, #0
 193 0010 8360     		str	r3, [r0, #8]
 109:Src/usart.c   ****   huart6.Init.StopBits = UART_STOPBITS_1;
 194              		.loc 1 109 3 is_stmt 1 view .LVU53
 195              		.loc 1 109 24 is_stmt 0 view .LVU54
 196 0012 C360     		str	r3, [r0, #12]
 110:Src/usart.c   ****   huart6.Init.Parity = UART_PARITY_NONE;
 197              		.loc 1 110 3 is_stmt 1 view .LVU55
 198              		.loc 1 110 22 is_stmt 0 view .LVU56
 199 0014 0361     		str	r3, [r0, #16]
 111:Src/usart.c   ****   huart6.Init.Mode = UART_MODE_TX_RX;
 200              		.loc 1 111 3 is_stmt 1 view .LVU57
 201              		.loc 1 111 20 is_stmt 0 view .LVU58
 202 0016 0C22     		movs	r2, #12
 203 0018 4261     		str	r2, [r0, #20]
 112:Src/usart.c   ****   huart6.Init.HwFlowCtl = UART_HWCONTROL_NONE;
 204              		.loc 1 112 3 is_stmt 1 view .LVU59
 205              		.loc 1 112 25 is_stmt 0 view .LVU60
 206 001a 8361     		str	r3, [r0, #24]
 113:Src/usart.c   ****   huart6.Init.OverSampling = UART_OVERSAMPLING_16;
 207              		.loc 1 113 3 is_stmt 1 view .LVU61
 208              		.loc 1 113 28 is_stmt 0 view .LVU62
 209 001c C361     		str	r3, [r0, #28]
 114:Src/usart.c   ****   if (HAL_UART_Init(&huart6) != HAL_OK)
 210              		.loc 1 114 3 is_stmt 1 view .LVU63
 211              		.loc 1 114 7 is_stmt 0 view .LVU64
 212 001e FFF7FEFF 		bl	HAL_UART_Init
 213              	.LVL4:
 214              		.loc 1 114 6 view .LVU65
 215 0022 00B9     		cbnz	r0, .L16
 216              	.L13:
 115:Src/usart.c   ****   {
 116:Src/usart.c   ****     Error_Handler();
 117:Src/usart.c   ****   }
 118:Src/usart.c   ****   /* USER CODE BEGIN USART6_Init 2 */
 119:Src/usart.c   **** 
 120:Src/usart.c   ****   /* USER CODE END USART6_Init 2 */
 121:Src/usart.c   **** 
 122:Src/usart.c   **** }
 217              		.loc 1 122 1 view .LVU66
 218 0024 08BD     		pop	{r3, pc}
 219              	.L16:
 116:Src/usart.c   ****   }
 220              		.loc 1 116 5 is_stmt 1 view .LVU67
 221 0026 FFF7FEFF 		bl	Error_Handler
 222              	.LVL5:
ARM GAS  C:\Users\z0147233\AppData\Local\Temp\ccLJSQg2.s 			page 7


 223              		.loc 1 122 1 is_stmt 0 view .LVU68
 224 002a FBE7     		b	.L13
 225              	.L18:
 226              		.align	2
 227              	.L17:
 228 002c 00000000 		.word	.LANCHOR2
 229 0030 00140140 		.word	1073812480
 230              		.cfi_endproc
 231              	.LFE237:
 233              		.section	.text.HAL_UART_MspInit,"ax",%progbits
 234              		.align	1
 235              		.global	HAL_UART_MspInit
 236              		.syntax unified
 237              		.thumb
 238              		.thumb_func
 240              	HAL_UART_MspInit:
 241              	.LVL6:
 242              	.LFB238:
 123:Src/usart.c   **** 
 124:Src/usart.c   **** void HAL_UART_MspInit(UART_HandleTypeDef* uartHandle)
 125:Src/usart.c   **** {
 243              		.loc 1 125 1 is_stmt 1 view -0
 244              		.cfi_startproc
 245              		@ args = 0, pretend = 0, frame = 48
 246              		@ frame_needed = 0, uses_anonymous_args = 0
 247              		.loc 1 125 1 is_stmt 0 view .LVU70
 248 0000 2DE9F041 		push	{r4, r5, r6, r7, r8, lr}
 249              	.LCFI3:
 250              		.cfi_def_cfa_offset 24
 251              		.cfi_offset 4, -24
 252              		.cfi_offset 5, -20
 253              		.cfi_offset 6, -16
 254              		.cfi_offset 7, -12
 255              		.cfi_offset 8, -8
 256              		.cfi_offset 14, -4
 257 0004 8CB0     		sub	sp, sp, #48
 258              	.LCFI4:
 259              		.cfi_def_cfa_offset 72
 260 0006 0446     		mov	r4, r0
 126:Src/usart.c   **** 
 127:Src/usart.c   ****   GPIO_InitTypeDef GPIO_InitStruct = {0};
 261              		.loc 1 127 3 is_stmt 1 view .LVU71
 262              		.loc 1 127 20 is_stmt 0 view .LVU72
 263 0008 0023     		movs	r3, #0
 264 000a 0793     		str	r3, [sp, #28]
 265 000c 0893     		str	r3, [sp, #32]
 266 000e 0993     		str	r3, [sp, #36]
 267 0010 0A93     		str	r3, [sp, #40]
 268 0012 0B93     		str	r3, [sp, #44]
 128:Src/usart.c   ****   if(uartHandle->Instance==USART1)
 269              		.loc 1 128 3 is_stmt 1 view .LVU73
 270              		.loc 1 128 16 is_stmt 0 view .LVU74
 271 0014 0368     		ldr	r3, [r0]
 272              		.loc 1 128 5 view .LVU75
 273 0016 9D4A     		ldr	r2, .L37
 274 0018 9342     		cmp	r3, r2
 275 001a 0AD0     		beq	.L29
ARM GAS  C:\Users\z0147233\AppData\Local\Temp\ccLJSQg2.s 			page 8


 129:Src/usart.c   ****   {
 130:Src/usart.c   ****   /* USER CODE BEGIN USART1_MspInit 0 */
 131:Src/usart.c   **** 
 132:Src/usart.c   ****   /* USER CODE END USART1_MspInit 0 */
 133:Src/usart.c   ****     /* USART1 clock enable */
 134:Src/usart.c   ****     __HAL_RCC_USART1_CLK_ENABLE();
 135:Src/usart.c   **** 
 136:Src/usart.c   ****     __HAL_RCC_GPIOB_CLK_ENABLE();
 137:Src/usart.c   ****     __HAL_RCC_GPIOA_CLK_ENABLE();
 138:Src/usart.c   ****     /**USART1 GPIO Configuration
 139:Src/usart.c   ****     PB7     ------> USART1_RX
 140:Src/usart.c   ****     PA9     ------> USART1_TX
 141:Src/usart.c   ****     */
 142:Src/usart.c   ****     GPIO_InitStruct.Pin = GPIO_PIN_7;
 143:Src/usart.c   ****     GPIO_InitStruct.Mode = GPIO_MODE_AF_PP;
 144:Src/usart.c   ****     GPIO_InitStruct.Pull = GPIO_NOPULL;
 145:Src/usart.c   ****     GPIO_InitStruct.Speed = GPIO_SPEED_FREQ_VERY_HIGH;
 146:Src/usart.c   ****     GPIO_InitStruct.Alternate = GPIO_AF7_USART1;
 147:Src/usart.c   ****     HAL_GPIO_Init(GPIOB, &GPIO_InitStruct);
 148:Src/usart.c   **** 
 149:Src/usart.c   ****     GPIO_InitStruct.Pin = GPIO_PIN_9;
 150:Src/usart.c   ****     GPIO_InitStruct.Mode = GPIO_MODE_AF_PP;
 151:Src/usart.c   ****     GPIO_InitStruct.Pull = GPIO_NOPULL;
 152:Src/usart.c   ****     GPIO_InitStruct.Speed = GPIO_SPEED_FREQ_VERY_HIGH;
 153:Src/usart.c   ****     GPIO_InitStruct.Alternate = GPIO_AF7_USART1;
 154:Src/usart.c   ****     HAL_GPIO_Init(GPIOA, &GPIO_InitStruct);
 155:Src/usart.c   **** 
 156:Src/usart.c   ****     /* USART1 DMA Init */
 157:Src/usart.c   ****     /* USART1_TX Init */
 158:Src/usart.c   ****     hdma_usart1_tx.Instance = DMA2_Stream7;
 159:Src/usart.c   ****     hdma_usart1_tx.Init.Channel = DMA_CHANNEL_4;
 160:Src/usart.c   ****     hdma_usart1_tx.Init.Direction = DMA_MEMORY_TO_PERIPH;
 161:Src/usart.c   ****     hdma_usart1_tx.Init.PeriphInc = DMA_PINC_DISABLE;
 162:Src/usart.c   ****     hdma_usart1_tx.Init.MemInc = DMA_MINC_ENABLE;
 163:Src/usart.c   ****     hdma_usart1_tx.Init.PeriphDataAlignment = DMA_PDATAALIGN_BYTE;
 164:Src/usart.c   ****     hdma_usart1_tx.Init.MemDataAlignment = DMA_MDATAALIGN_BYTE;
 165:Src/usart.c   ****     hdma_usart1_tx.Init.Mode = DMA_NORMAL;
 166:Src/usart.c   ****     hdma_usart1_tx.Init.Priority = DMA_PRIORITY_VERY_HIGH;
 167:Src/usart.c   ****     hdma_usart1_tx.Init.FIFOMode = DMA_FIFOMODE_DISABLE;
 168:Src/usart.c   ****     if (HAL_DMA_Init(&hdma_usart1_tx) != HAL_OK)
 169:Src/usart.c   ****     {
 170:Src/usart.c   ****       Error_Handler();
 171:Src/usart.c   ****     }
 172:Src/usart.c   **** 
 173:Src/usart.c   ****     __HAL_LINKDMA(uartHandle,hdmatx,hdma_usart1_tx);
 174:Src/usart.c   **** 
 175:Src/usart.c   ****     /* USART1_RX Init */
 176:Src/usart.c   ****     hdma_usart1_rx.Instance = DMA2_Stream5;
 177:Src/usart.c   ****     hdma_usart1_rx.Init.Channel = DMA_CHANNEL_4;
 178:Src/usart.c   ****     hdma_usart1_rx.Init.Direction = DMA_PERIPH_TO_MEMORY;
 179:Src/usart.c   ****     hdma_usart1_rx.Init.PeriphInc = DMA_PINC_DISABLE;
 180:Src/usart.c   ****     hdma_usart1_rx.Init.MemInc = DMA_MINC_ENABLE;
 181:Src/usart.c   ****     hdma_usart1_rx.Init.PeriphDataAlignment = DMA_PDATAALIGN_BYTE;
 182:Src/usart.c   ****     hdma_usart1_rx.Init.MemDataAlignment = DMA_MDATAALIGN_BYTE;
 183:Src/usart.c   ****     hdma_usart1_rx.Init.Mode = DMA_NORMAL;
 184:Src/usart.c   ****     hdma_usart1_rx.Init.Priority = DMA_PRIORITY_VERY_HIGH;
 185:Src/usart.c   ****     hdma_usart1_rx.Init.FIFOMode = DMA_FIFOMODE_DISABLE;
ARM GAS  C:\Users\z0147233\AppData\Local\Temp\ccLJSQg2.s 			page 9


 186:Src/usart.c   ****     if (HAL_DMA_Init(&hdma_usart1_rx) != HAL_OK)
 187:Src/usart.c   ****     {
 188:Src/usart.c   ****       Error_Handler();
 189:Src/usart.c   ****     }
 190:Src/usart.c   **** 
 191:Src/usart.c   ****     __HAL_LINKDMA(uartHandle,hdmarx,hdma_usart1_rx);
 192:Src/usart.c   **** 
 193:Src/usart.c   ****     /* USART1 interrupt Init */
 194:Src/usart.c   ****     HAL_NVIC_SetPriority(USART1_IRQn, 5, 0);
 195:Src/usart.c   ****     HAL_NVIC_EnableIRQ(USART1_IRQn);
 196:Src/usart.c   ****   /* USER CODE BEGIN USART1_MspInit 1 */
 197:Src/usart.c   **** 
 198:Src/usart.c   ****   /* USER CODE END USART1_MspInit 1 */
 199:Src/usart.c   ****   }
 200:Src/usart.c   ****   else if(uartHandle->Instance==USART3)
 276              		.loc 1 200 8 is_stmt 1 view .LVU76
 277              		.loc 1 200 10 is_stmt 0 view .LVU77
 278 001c 9C4A     		ldr	r2, .L37+4
 279 001e 9342     		cmp	r3, r2
 280 0020 00F08280 		beq	.L30
 201:Src/usart.c   ****   {
 202:Src/usart.c   ****   /* USER CODE BEGIN USART3_MspInit 0 */
 203:Src/usart.c   **** 
 204:Src/usart.c   ****   /* USER CODE END USART3_MspInit 0 */
 205:Src/usart.c   ****     /* USART3 clock enable */
 206:Src/usart.c   ****     __HAL_RCC_USART3_CLK_ENABLE();
 207:Src/usart.c   **** 
 208:Src/usart.c   ****     __HAL_RCC_GPIOC_CLK_ENABLE();
 209:Src/usart.c   ****     /**USART3 GPIO Configuration
 210:Src/usart.c   ****     PC11     ------> USART3_RX
 211:Src/usart.c   ****     PC10     ------> USART3_TX
 212:Src/usart.c   ****     */
 213:Src/usart.c   ****     GPIO_InitStruct.Pin = GPIO_PIN_11|GPIO_PIN_10;
 214:Src/usart.c   ****     GPIO_InitStruct.Mode = GPIO_MODE_AF_PP;
 215:Src/usart.c   ****     GPIO_InitStruct.Pull = GPIO_NOPULL;
 216:Src/usart.c   ****     GPIO_InitStruct.Speed = GPIO_SPEED_FREQ_VERY_HIGH;
 217:Src/usart.c   ****     GPIO_InitStruct.Alternate = GPIO_AF7_USART3;
 218:Src/usart.c   ****     HAL_GPIO_Init(GPIOC, &GPIO_InitStruct);
 219:Src/usart.c   **** 
 220:Src/usart.c   ****     /* USART3 DMA Init */
 221:Src/usart.c   ****     /* USART3_RX Init */
 222:Src/usart.c   ****     hdma_usart3_rx.Instance = DMA1_Stream1;
 223:Src/usart.c   ****     hdma_usart3_rx.Init.Channel = DMA_CHANNEL_4;
 224:Src/usart.c   ****     hdma_usart3_rx.Init.Direction = DMA_PERIPH_TO_MEMORY;
 225:Src/usart.c   ****     hdma_usart3_rx.Init.PeriphInc = DMA_PINC_DISABLE;
 226:Src/usart.c   ****     hdma_usart3_rx.Init.MemInc = DMA_MINC_ENABLE;
 227:Src/usart.c   ****     hdma_usart3_rx.Init.PeriphDataAlignment = DMA_PDATAALIGN_BYTE;
 228:Src/usart.c   ****     hdma_usart3_rx.Init.MemDataAlignment = DMA_MDATAALIGN_BYTE;
 229:Src/usart.c   ****     hdma_usart3_rx.Init.Mode = DMA_NORMAL;
 230:Src/usart.c   ****     hdma_usart3_rx.Init.Priority = DMA_PRIORITY_LOW;
 231:Src/usart.c   ****     hdma_usart3_rx.Init.FIFOMode = DMA_FIFOMODE_DISABLE;
 232:Src/usart.c   ****     if (HAL_DMA_Init(&hdma_usart3_rx) != HAL_OK)
 233:Src/usart.c   ****     {
 234:Src/usart.c   ****       Error_Handler();
 235:Src/usart.c   ****     }
 236:Src/usart.c   **** 
 237:Src/usart.c   ****     __HAL_LINKDMA(uartHandle,hdmarx,hdma_usart3_rx);
ARM GAS  C:\Users\z0147233\AppData\Local\Temp\ccLJSQg2.s 			page 10


 238:Src/usart.c   **** 
 239:Src/usart.c   ****     /* USART3 interrupt Init */
 240:Src/usart.c   ****     HAL_NVIC_SetPriority(USART3_IRQn, 5, 0);
 241:Src/usart.c   ****     HAL_NVIC_EnableIRQ(USART3_IRQn);
 242:Src/usart.c   ****   /* USER CODE BEGIN USART3_MspInit 1 */
 243:Src/usart.c   **** 
 244:Src/usart.c   ****   /* USER CODE END USART3_MspInit 1 */
 245:Src/usart.c   ****   }
 246:Src/usart.c   ****   else if(uartHandle->Instance==USART6)
 281              		.loc 1 246 8 is_stmt 1 view .LVU78
 282              		.loc 1 246 10 is_stmt 0 view .LVU79
 283 0024 9B4A     		ldr	r2, .L37+8
 284 0026 9342     		cmp	r3, r2
 285 0028 00F0C380 		beq	.L31
 286              	.LVL7:
 287              	.L19:
 247:Src/usart.c   ****   {
 248:Src/usart.c   ****   /* USER CODE BEGIN USART6_MspInit 0 */
 249:Src/usart.c   **** 
 250:Src/usart.c   ****   /* USER CODE END USART6_MspInit 0 */
 251:Src/usart.c   ****     /* USART6 clock enable */
 252:Src/usart.c   ****     __HAL_RCC_USART6_CLK_ENABLE();
 253:Src/usart.c   **** 
 254:Src/usart.c   ****     __HAL_RCC_GPIOG_CLK_ENABLE();
 255:Src/usart.c   ****     /**USART6 GPIO Configuration
 256:Src/usart.c   ****     PG14     ------> USART6_TX
 257:Src/usart.c   ****     PG9     ------> USART6_RX
 258:Src/usart.c   ****     */
 259:Src/usart.c   ****     GPIO_InitStruct.Pin = GPIO_PIN_14|GPIO_PIN_9;
 260:Src/usart.c   ****     GPIO_InitStruct.Mode = GPIO_MODE_AF_PP;
 261:Src/usart.c   ****     GPIO_InitStruct.Pull = GPIO_NOPULL;
 262:Src/usart.c   ****     GPIO_InitStruct.Speed = GPIO_SPEED_FREQ_VERY_HIGH;
 263:Src/usart.c   ****     GPIO_InitStruct.Alternate = GPIO_AF8_USART6;
 264:Src/usart.c   ****     HAL_GPIO_Init(GPIOG, &GPIO_InitStruct);
 265:Src/usart.c   **** 
 266:Src/usart.c   ****     /* USART6 DMA Init */
 267:Src/usart.c   ****     /* USART6_RX Init */
 268:Src/usart.c   ****     hdma_usart6_rx.Instance = DMA2_Stream2;
 269:Src/usart.c   ****     hdma_usart6_rx.Init.Channel = DMA_CHANNEL_5;
 270:Src/usart.c   ****     hdma_usart6_rx.Init.Direction = DMA_PERIPH_TO_MEMORY;
 271:Src/usart.c   ****     hdma_usart6_rx.Init.PeriphInc = DMA_PINC_DISABLE;
 272:Src/usart.c   ****     hdma_usart6_rx.Init.MemInc = DMA_MINC_ENABLE;
 273:Src/usart.c   ****     hdma_usart6_rx.Init.PeriphDataAlignment = DMA_PDATAALIGN_BYTE;
 274:Src/usart.c   ****     hdma_usart6_rx.Init.MemDataAlignment = DMA_MDATAALIGN_BYTE;
 275:Src/usart.c   ****     hdma_usart6_rx.Init.Mode = DMA_NORMAL;
 276:Src/usart.c   ****     hdma_usart6_rx.Init.Priority = DMA_PRIORITY_HIGH;
 277:Src/usart.c   ****     hdma_usart6_rx.Init.FIFOMode = DMA_FIFOMODE_ENABLE;
 278:Src/usart.c   ****     hdma_usart6_rx.Init.FIFOThreshold = DMA_FIFO_THRESHOLD_FULL;
 279:Src/usart.c   ****     hdma_usart6_rx.Init.MemBurst = DMA_MBURST_SINGLE;
 280:Src/usart.c   ****     hdma_usart6_rx.Init.PeriphBurst = DMA_PBURST_SINGLE;
 281:Src/usart.c   ****     if (HAL_DMA_Init(&hdma_usart6_rx) != HAL_OK)
 282:Src/usart.c   ****     {
 283:Src/usart.c   ****       Error_Handler();
 284:Src/usart.c   ****     }
 285:Src/usart.c   **** 
 286:Src/usart.c   ****     __HAL_LINKDMA(uartHandle,hdmarx,hdma_usart6_rx);
 287:Src/usart.c   **** 
ARM GAS  C:\Users\z0147233\AppData\Local\Temp\ccLJSQg2.s 			page 11


 288:Src/usart.c   ****     /* USART6_TX Init */
 289:Src/usart.c   ****     hdma_usart6_tx.Instance = DMA2_Stream6;
 290:Src/usart.c   ****     hdma_usart6_tx.Init.Channel = DMA_CHANNEL_5;
 291:Src/usart.c   ****     hdma_usart6_tx.Init.Direction = DMA_MEMORY_TO_PERIPH;
 292:Src/usart.c   ****     hdma_usart6_tx.Init.PeriphInc = DMA_PINC_DISABLE;
 293:Src/usart.c   ****     hdma_usart6_tx.Init.MemInc = DMA_MINC_ENABLE;
 294:Src/usart.c   ****     hdma_usart6_tx.Init.PeriphDataAlignment = DMA_PDATAALIGN_BYTE;
 295:Src/usart.c   ****     hdma_usart6_tx.Init.MemDataAlignment = DMA_MDATAALIGN_BYTE;
 296:Src/usart.c   ****     hdma_usart6_tx.Init.Mode = DMA_NORMAL;
 297:Src/usart.c   ****     hdma_usart6_tx.Init.Priority = DMA_PRIORITY_HIGH;
 298:Src/usart.c   ****     hdma_usart6_tx.Init.FIFOMode = DMA_FIFOMODE_ENABLE;
 299:Src/usart.c   ****     hdma_usart6_tx.Init.FIFOThreshold = DMA_FIFO_THRESHOLD_FULL;
 300:Src/usart.c   ****     hdma_usart6_tx.Init.MemBurst = DMA_MBURST_SINGLE;
 301:Src/usart.c   ****     hdma_usart6_tx.Init.PeriphBurst = DMA_PBURST_SINGLE;
 302:Src/usart.c   ****     if (HAL_DMA_Init(&hdma_usart6_tx) != HAL_OK)
 303:Src/usart.c   ****     {
 304:Src/usart.c   ****       Error_Handler();
 305:Src/usart.c   ****     }
 306:Src/usart.c   **** 
 307:Src/usart.c   ****     __HAL_LINKDMA(uartHandle,hdmatx,hdma_usart6_tx);
 308:Src/usart.c   **** 
 309:Src/usart.c   ****     /* USART6 interrupt Init */
 310:Src/usart.c   ****     HAL_NVIC_SetPriority(USART6_IRQn, 5, 0);
 311:Src/usart.c   ****     HAL_NVIC_EnableIRQ(USART6_IRQn);
 312:Src/usart.c   ****   /* USER CODE BEGIN USART6_MspInit 1 */
 313:Src/usart.c   **** 
 314:Src/usart.c   ****   /* USER CODE END USART6_MspInit 1 */
 315:Src/usart.c   ****   }
 316:Src/usart.c   **** }
 288              		.loc 1 316 1 view .LVU80
 289 002c 0CB0     		add	sp, sp, #48
 290              	.LCFI5:
 291              		.cfi_remember_state
 292              		.cfi_def_cfa_offset 24
 293              		@ sp needed
 294 002e BDE8F081 		pop	{r4, r5, r6, r7, r8, pc}
 295              	.LVL8:
 296              	.L29:
 297              	.LCFI6:
 298              		.cfi_restore_state
 134:Src/usart.c   **** 
 299              		.loc 1 134 5 is_stmt 1 view .LVU81
 300              	.LBB2:
 134:Src/usart.c   **** 
 301              		.loc 1 134 5 view .LVU82
 302 0032 0025     		movs	r5, #0
 303 0034 0095     		str	r5, [sp]
 134:Src/usart.c   **** 
 304              		.loc 1 134 5 view .LVU83
 305 0036 984B     		ldr	r3, .L37+12
 306 0038 5A6C     		ldr	r2, [r3, #68]
 307 003a 42F01002 		orr	r2, r2, #16
 308 003e 5A64     		str	r2, [r3, #68]
 134:Src/usart.c   **** 
 309              		.loc 1 134 5 view .LVU84
 310 0040 5A6C     		ldr	r2, [r3, #68]
 311 0042 02F01002 		and	r2, r2, #16
ARM GAS  C:\Users\z0147233\AppData\Local\Temp\ccLJSQg2.s 			page 12


 312 0046 0092     		str	r2, [sp]
 134:Src/usart.c   **** 
 313              		.loc 1 134 5 view .LVU85
 314 0048 009A     		ldr	r2, [sp]
 315              	.LBE2:
 134:Src/usart.c   **** 
 316              		.loc 1 134 5 view .LVU86
 136:Src/usart.c   ****     __HAL_RCC_GPIOA_CLK_ENABLE();
 317              		.loc 1 136 5 view .LVU87
 318              	.LBB3:
 136:Src/usart.c   ****     __HAL_RCC_GPIOA_CLK_ENABLE();
 319              		.loc 1 136 5 view .LVU88
 320 004a 0195     		str	r5, [sp, #4]
 136:Src/usart.c   ****     __HAL_RCC_GPIOA_CLK_ENABLE();
 321              		.loc 1 136 5 view .LVU89
 322 004c 1A6B     		ldr	r2, [r3, #48]
 323 004e 42F00202 		orr	r2, r2, #2
 324 0052 1A63     		str	r2, [r3, #48]
 136:Src/usart.c   ****     __HAL_RCC_GPIOA_CLK_ENABLE();
 325              		.loc 1 136 5 view .LVU90
 326 0054 1A6B     		ldr	r2, [r3, #48]
 327 0056 02F00202 		and	r2, r2, #2
 328 005a 0192     		str	r2, [sp, #4]
 136:Src/usart.c   ****     __HAL_RCC_GPIOA_CLK_ENABLE();
 329              		.loc 1 136 5 view .LVU91
 330 005c 019A     		ldr	r2, [sp, #4]
 331              	.LBE3:
 136:Src/usart.c   ****     __HAL_RCC_GPIOA_CLK_ENABLE();
 332              		.loc 1 136 5 view .LVU92
 137:Src/usart.c   ****     /**USART1 GPIO Configuration
 333              		.loc 1 137 5 view .LVU93
 334              	.LBB4:
 137:Src/usart.c   ****     /**USART1 GPIO Configuration
 335              		.loc 1 137 5 view .LVU94
 336 005e 0295     		str	r5, [sp, #8]
 137:Src/usart.c   ****     /**USART1 GPIO Configuration
 337              		.loc 1 137 5 view .LVU95
 338 0060 1A6B     		ldr	r2, [r3, #48]
 339 0062 42F00102 		orr	r2, r2, #1
 340 0066 1A63     		str	r2, [r3, #48]
 137:Src/usart.c   ****     /**USART1 GPIO Configuration
 341              		.loc 1 137 5 view .LVU96
 342 0068 1B6B     		ldr	r3, [r3, #48]
 343 006a 03F00103 		and	r3, r3, #1
 344 006e 0293     		str	r3, [sp, #8]
 137:Src/usart.c   ****     /**USART1 GPIO Configuration
 345              		.loc 1 137 5 view .LVU97
 346 0070 029B     		ldr	r3, [sp, #8]
 347              	.LBE4:
 137:Src/usart.c   ****     /**USART1 GPIO Configuration
 348              		.loc 1 137 5 view .LVU98
 142:Src/usart.c   ****     GPIO_InitStruct.Mode = GPIO_MODE_AF_PP;
 349              		.loc 1 142 5 view .LVU99
 142:Src/usart.c   ****     GPIO_InitStruct.Mode = GPIO_MODE_AF_PP;
 350              		.loc 1 142 25 is_stmt 0 view .LVU100
 351 0072 8023     		movs	r3, #128
 352 0074 0793     		str	r3, [sp, #28]
ARM GAS  C:\Users\z0147233\AppData\Local\Temp\ccLJSQg2.s 			page 13


 143:Src/usart.c   ****     GPIO_InitStruct.Pull = GPIO_NOPULL;
 353              		.loc 1 143 5 is_stmt 1 view .LVU101
 143:Src/usart.c   ****     GPIO_InitStruct.Pull = GPIO_NOPULL;
 354              		.loc 1 143 26 is_stmt 0 view .LVU102
 355 0076 4FF00208 		mov	r8, #2
 356 007a CDF82080 		str	r8, [sp, #32]
 144:Src/usart.c   ****     GPIO_InitStruct.Speed = GPIO_SPEED_FREQ_VERY_HIGH;
 357              		.loc 1 144 5 is_stmt 1 view .LVU103
 145:Src/usart.c   ****     GPIO_InitStruct.Alternate = GPIO_AF7_USART1;
 358              		.loc 1 145 5 view .LVU104
 145:Src/usart.c   ****     GPIO_InitStruct.Alternate = GPIO_AF7_USART1;
 359              		.loc 1 145 27 is_stmt 0 view .LVU105
 360 007e 0327     		movs	r7, #3
 361 0080 0A97     		str	r7, [sp, #40]
 146:Src/usart.c   ****     HAL_GPIO_Init(GPIOB, &GPIO_InitStruct);
 362              		.loc 1 146 5 is_stmt 1 view .LVU106
 146:Src/usart.c   ****     HAL_GPIO_Init(GPIOB, &GPIO_InitStruct);
 363              		.loc 1 146 31 is_stmt 0 view .LVU107
 364 0082 0726     		movs	r6, #7
 365 0084 0B96     		str	r6, [sp, #44]
 147:Src/usart.c   **** 
 366              		.loc 1 147 5 is_stmt 1 view .LVU108
 367 0086 07A9     		add	r1, sp, #28
 368 0088 8448     		ldr	r0, .L37+16
 369              	.LVL9:
 147:Src/usart.c   **** 
 370              		.loc 1 147 5 is_stmt 0 view .LVU109
 371 008a FFF7FEFF 		bl	HAL_GPIO_Init
 372              	.LVL10:
 149:Src/usart.c   ****     GPIO_InitStruct.Mode = GPIO_MODE_AF_PP;
 373              		.loc 1 149 5 is_stmt 1 view .LVU110
 149:Src/usart.c   ****     GPIO_InitStruct.Mode = GPIO_MODE_AF_PP;
 374              		.loc 1 149 25 is_stmt 0 view .LVU111
 375 008e 4FF40073 		mov	r3, #512
 376 0092 0793     		str	r3, [sp, #28]
 150:Src/usart.c   ****     GPIO_InitStruct.Pull = GPIO_NOPULL;
 377              		.loc 1 150 5 is_stmt 1 view .LVU112
 150:Src/usart.c   ****     GPIO_InitStruct.Pull = GPIO_NOPULL;
 378              		.loc 1 150 26 is_stmt 0 view .LVU113
 379 0094 CDF82080 		str	r8, [sp, #32]
 151:Src/usart.c   ****     GPIO_InitStruct.Speed = GPIO_SPEED_FREQ_VERY_HIGH;
 380              		.loc 1 151 5 is_stmt 1 view .LVU114
 151:Src/usart.c   ****     GPIO_InitStruct.Speed = GPIO_SPEED_FREQ_VERY_HIGH;
 381              		.loc 1 151 26 is_stmt 0 view .LVU115
 382 0098 0995     		str	r5, [sp, #36]
 152:Src/usart.c   ****     GPIO_InitStruct.Alternate = GPIO_AF7_USART1;
 383              		.loc 1 152 5 is_stmt 1 view .LVU116
 152:Src/usart.c   ****     GPIO_InitStruct.Alternate = GPIO_AF7_USART1;
 384              		.loc 1 152 27 is_stmt 0 view .LVU117
 385 009a 0A97     		str	r7, [sp, #40]
 153:Src/usart.c   ****     HAL_GPIO_Init(GPIOA, &GPIO_InitStruct);
 386              		.loc 1 153 5 is_stmt 1 view .LVU118
 153:Src/usart.c   ****     HAL_GPIO_Init(GPIOA, &GPIO_InitStruct);
 387              		.loc 1 153 31 is_stmt 0 view .LVU119
 388 009c 0B96     		str	r6, [sp, #44]
 154:Src/usart.c   **** 
 389              		.loc 1 154 5 is_stmt 1 view .LVU120
ARM GAS  C:\Users\z0147233\AppData\Local\Temp\ccLJSQg2.s 			page 14


 390 009e 07A9     		add	r1, sp, #28
 391 00a0 7F48     		ldr	r0, .L37+20
 392 00a2 FFF7FEFF 		bl	HAL_GPIO_Init
 393              	.LVL11:
 158:Src/usart.c   ****     hdma_usart1_tx.Init.Channel = DMA_CHANNEL_4;
 394              		.loc 1 158 5 view .LVU121
 158:Src/usart.c   ****     hdma_usart1_tx.Init.Channel = DMA_CHANNEL_4;
 395              		.loc 1 158 29 is_stmt 0 view .LVU122
 396 00a6 7F48     		ldr	r0, .L37+24
 397 00a8 7F4B     		ldr	r3, .L37+28
 398 00aa 0360     		str	r3, [r0]
 159:Src/usart.c   ****     hdma_usart1_tx.Init.Direction = DMA_MEMORY_TO_PERIPH;
 399              		.loc 1 159 5 is_stmt 1 view .LVU123
 159:Src/usart.c   ****     hdma_usart1_tx.Init.Direction = DMA_MEMORY_TO_PERIPH;
 400              		.loc 1 159 33 is_stmt 0 view .LVU124
 401 00ac 4FF00063 		mov	r3, #134217728
 402 00b0 4360     		str	r3, [r0, #4]
 160:Src/usart.c   ****     hdma_usart1_tx.Init.PeriphInc = DMA_PINC_DISABLE;
 403              		.loc 1 160 5 is_stmt 1 view .LVU125
 160:Src/usart.c   ****     hdma_usart1_tx.Init.PeriphInc = DMA_PINC_DISABLE;
 404              		.loc 1 160 35 is_stmt 0 view .LVU126
 405 00b2 4023     		movs	r3, #64
 406 00b4 8360     		str	r3, [r0, #8]
 161:Src/usart.c   ****     hdma_usart1_tx.Init.MemInc = DMA_MINC_ENABLE;
 407              		.loc 1 161 5 is_stmt 1 view .LVU127
 161:Src/usart.c   ****     hdma_usart1_tx.Init.MemInc = DMA_MINC_ENABLE;
 408              		.loc 1 161 35 is_stmt 0 view .LVU128
 409 00b6 C560     		str	r5, [r0, #12]
 162:Src/usart.c   ****     hdma_usart1_tx.Init.PeriphDataAlignment = DMA_PDATAALIGN_BYTE;
 410              		.loc 1 162 5 is_stmt 1 view .LVU129
 162:Src/usart.c   ****     hdma_usart1_tx.Init.PeriphDataAlignment = DMA_PDATAALIGN_BYTE;
 411              		.loc 1 162 32 is_stmt 0 view .LVU130
 412 00b8 4FF48063 		mov	r3, #1024
 413 00bc 0361     		str	r3, [r0, #16]
 163:Src/usart.c   ****     hdma_usart1_tx.Init.MemDataAlignment = DMA_MDATAALIGN_BYTE;
 414              		.loc 1 163 5 is_stmt 1 view .LVU131
 163:Src/usart.c   ****     hdma_usart1_tx.Init.MemDataAlignment = DMA_MDATAALIGN_BYTE;
 415              		.loc 1 163 45 is_stmt 0 view .LVU132
 416 00be 4561     		str	r5, [r0, #20]
 164:Src/usart.c   ****     hdma_usart1_tx.Init.Mode = DMA_NORMAL;
 417              		.loc 1 164 5 is_stmt 1 view .LVU133
 164:Src/usart.c   ****     hdma_usart1_tx.Init.Mode = DMA_NORMAL;
 418              		.loc 1 164 42 is_stmt 0 view .LVU134
 419 00c0 8561     		str	r5, [r0, #24]
 165:Src/usart.c   ****     hdma_usart1_tx.Init.Priority = DMA_PRIORITY_VERY_HIGH;
 420              		.loc 1 165 5 is_stmt 1 view .LVU135
 165:Src/usart.c   ****     hdma_usart1_tx.Init.Priority = DMA_PRIORITY_VERY_HIGH;
 421              		.loc 1 165 30 is_stmt 0 view .LVU136
 422 00c2 C561     		str	r5, [r0, #28]
 166:Src/usart.c   ****     hdma_usart1_tx.Init.FIFOMode = DMA_FIFOMODE_DISABLE;
 423              		.loc 1 166 5 is_stmt 1 view .LVU137
 166:Src/usart.c   ****     hdma_usart1_tx.Init.FIFOMode = DMA_FIFOMODE_DISABLE;
 424              		.loc 1 166 34 is_stmt 0 view .LVU138
 425 00c4 4FF44033 		mov	r3, #196608
 426 00c8 0362     		str	r3, [r0, #32]
 167:Src/usart.c   ****     if (HAL_DMA_Init(&hdma_usart1_tx) != HAL_OK)
 427              		.loc 1 167 5 is_stmt 1 view .LVU139
ARM GAS  C:\Users\z0147233\AppData\Local\Temp\ccLJSQg2.s 			page 15


 167:Src/usart.c   ****     if (HAL_DMA_Init(&hdma_usart1_tx) != HAL_OK)
 428              		.loc 1 167 34 is_stmt 0 view .LVU140
 429 00ca 4562     		str	r5, [r0, #36]
 168:Src/usart.c   ****     {
 430              		.loc 1 168 5 is_stmt 1 view .LVU141
 168:Src/usart.c   ****     {
 431              		.loc 1 168 9 is_stmt 0 view .LVU142
 432 00cc FFF7FEFF 		bl	HAL_DMA_Init
 433              	.LVL12:
 168:Src/usart.c   ****     {
 434              		.loc 1 168 8 view .LVU143
 435 00d0 20BB     		cbnz	r0, .L32
 436              	.L21:
 173:Src/usart.c   **** 
 437              		.loc 1 173 5 is_stmt 1 view .LVU144
 173:Src/usart.c   **** 
 438              		.loc 1 173 5 view .LVU145
 439 00d2 744B     		ldr	r3, .L37+24
 440 00d4 6363     		str	r3, [r4, #52]
 173:Src/usart.c   **** 
 441              		.loc 1 173 5 view .LVU146
 442 00d6 9C63     		str	r4, [r3, #56]
 173:Src/usart.c   **** 
 443              		.loc 1 173 5 view .LVU147
 176:Src/usart.c   ****     hdma_usart1_rx.Init.Channel = DMA_CHANNEL_4;
 444              		.loc 1 176 5 view .LVU148
 176:Src/usart.c   ****     hdma_usart1_rx.Init.Channel = DMA_CHANNEL_4;
 445              		.loc 1 176 29 is_stmt 0 view .LVU149
 446 00d8 7448     		ldr	r0, .L37+32
 447 00da 754B     		ldr	r3, .L37+36
 448 00dc 0360     		str	r3, [r0]
 177:Src/usart.c   ****     hdma_usart1_rx.Init.Direction = DMA_PERIPH_TO_MEMORY;
 449              		.loc 1 177 5 is_stmt 1 view .LVU150
 177:Src/usart.c   ****     hdma_usart1_rx.Init.Direction = DMA_PERIPH_TO_MEMORY;
 450              		.loc 1 177 33 is_stmt 0 view .LVU151
 451 00de 4FF00063 		mov	r3, #134217728
 452 00e2 4360     		str	r3, [r0, #4]
 178:Src/usart.c   ****     hdma_usart1_rx.Init.PeriphInc = DMA_PINC_DISABLE;
 453              		.loc 1 178 5 is_stmt 1 view .LVU152
 178:Src/usart.c   ****     hdma_usart1_rx.Init.PeriphInc = DMA_PINC_DISABLE;
 454              		.loc 1 178 35 is_stmt 0 view .LVU153
 455 00e4 0023     		movs	r3, #0
 456 00e6 8360     		str	r3, [r0, #8]
 179:Src/usart.c   ****     hdma_usart1_rx.Init.MemInc = DMA_MINC_ENABLE;
 457              		.loc 1 179 5 is_stmt 1 view .LVU154
 179:Src/usart.c   ****     hdma_usart1_rx.Init.MemInc = DMA_MINC_ENABLE;
 458              		.loc 1 179 35 is_stmt 0 view .LVU155
 459 00e8 C360     		str	r3, [r0, #12]
 180:Src/usart.c   ****     hdma_usart1_rx.Init.PeriphDataAlignment = DMA_PDATAALIGN_BYTE;
 460              		.loc 1 180 5 is_stmt 1 view .LVU156
 180:Src/usart.c   ****     hdma_usart1_rx.Init.PeriphDataAlignment = DMA_PDATAALIGN_BYTE;
 461              		.loc 1 180 32 is_stmt 0 view .LVU157
 462 00ea 4FF48062 		mov	r2, #1024
 463 00ee 0261     		str	r2, [r0, #16]
 181:Src/usart.c   ****     hdma_usart1_rx.Init.MemDataAlignment = DMA_MDATAALIGN_BYTE;
 464              		.loc 1 181 5 is_stmt 1 view .LVU158
 181:Src/usart.c   ****     hdma_usart1_rx.Init.MemDataAlignment = DMA_MDATAALIGN_BYTE;
ARM GAS  C:\Users\z0147233\AppData\Local\Temp\ccLJSQg2.s 			page 16


 465              		.loc 1 181 45 is_stmt 0 view .LVU159
 466 00f0 4361     		str	r3, [r0, #20]
 182:Src/usart.c   ****     hdma_usart1_rx.Init.Mode = DMA_NORMAL;
 467              		.loc 1 182 5 is_stmt 1 view .LVU160
 182:Src/usart.c   ****     hdma_usart1_rx.Init.Mode = DMA_NORMAL;
 468              		.loc 1 182 42 is_stmt 0 view .LVU161
 469 00f2 8361     		str	r3, [r0, #24]
 183:Src/usart.c   ****     hdma_usart1_rx.Init.Priority = DMA_PRIORITY_VERY_HIGH;
 470              		.loc 1 183 5 is_stmt 1 view .LVU162
 183:Src/usart.c   ****     hdma_usart1_rx.Init.Priority = DMA_PRIORITY_VERY_HIGH;
 471              		.loc 1 183 30 is_stmt 0 view .LVU163
 472 00f4 C361     		str	r3, [r0, #28]
 184:Src/usart.c   ****     hdma_usart1_rx.Init.FIFOMode = DMA_FIFOMODE_DISABLE;
 473              		.loc 1 184 5 is_stmt 1 view .LVU164
 184:Src/usart.c   ****     hdma_usart1_rx.Init.FIFOMode = DMA_FIFOMODE_DISABLE;
 474              		.loc 1 184 34 is_stmt 0 view .LVU165
 475 00f6 4FF44032 		mov	r2, #196608
 476 00fa 0262     		str	r2, [r0, #32]
 185:Src/usart.c   ****     if (HAL_DMA_Init(&hdma_usart1_rx) != HAL_OK)
 477              		.loc 1 185 5 is_stmt 1 view .LVU166
 185:Src/usart.c   ****     if (HAL_DMA_Init(&hdma_usart1_rx) != HAL_OK)
 478              		.loc 1 185 34 is_stmt 0 view .LVU167
 479 00fc 4362     		str	r3, [r0, #36]
 186:Src/usart.c   ****     {
 480              		.loc 1 186 5 is_stmt 1 view .LVU168
 186:Src/usart.c   ****     {
 481              		.loc 1 186 9 is_stmt 0 view .LVU169
 482 00fe FFF7FEFF 		bl	HAL_DMA_Init
 483              	.LVL13:
 186:Src/usart.c   ****     {
 484              		.loc 1 186 8 view .LVU170
 485 0102 70B9     		cbnz	r0, .L33
 486              	.L22:
 191:Src/usart.c   **** 
 487              		.loc 1 191 5 is_stmt 1 view .LVU171
 191:Src/usart.c   **** 
 488              		.loc 1 191 5 view .LVU172
 489 0104 694B     		ldr	r3, .L37+32
 490 0106 A363     		str	r3, [r4, #56]
 191:Src/usart.c   **** 
 491              		.loc 1 191 5 view .LVU173
 492 0108 9C63     		str	r4, [r3, #56]
 191:Src/usart.c   **** 
 493              		.loc 1 191 5 view .LVU174
 194:Src/usart.c   ****     HAL_NVIC_EnableIRQ(USART1_IRQn);
 494              		.loc 1 194 5 view .LVU175
 495 010a 0022     		movs	r2, #0
 496 010c 0521     		movs	r1, #5
 497 010e 2520     		movs	r0, #37
 498 0110 FFF7FEFF 		bl	HAL_NVIC_SetPriority
 499              	.LVL14:
 195:Src/usart.c   ****   /* USER CODE BEGIN USART1_MspInit 1 */
 500              		.loc 1 195 5 view .LVU176
 501 0114 2520     		movs	r0, #37
 502 0116 FFF7FEFF 		bl	HAL_NVIC_EnableIRQ
 503              	.LVL15:
 504 011a 87E7     		b	.L19
ARM GAS  C:\Users\z0147233\AppData\Local\Temp\ccLJSQg2.s 			page 17


 505              	.L32:
 170:Src/usart.c   ****     }
 506              		.loc 1 170 7 view .LVU177
 507 011c FFF7FEFF 		bl	Error_Handler
 508              	.LVL16:
 509 0120 D7E7     		b	.L21
 510              	.L33:
 188:Src/usart.c   ****     }
 511              		.loc 1 188 7 view .LVU178
 512 0122 FFF7FEFF 		bl	Error_Handler
 513              	.LVL17:
 514 0126 EDE7     		b	.L22
 515              	.LVL18:
 516              	.L30:
 206:Src/usart.c   **** 
 517              		.loc 1 206 5 view .LVU179
 518              	.LBB5:
 206:Src/usart.c   **** 
 519              		.loc 1 206 5 view .LVU180
 520 0128 0025     		movs	r5, #0
 521 012a 0395     		str	r5, [sp, #12]
 206:Src/usart.c   **** 
 522              		.loc 1 206 5 view .LVU181
 523 012c 5A4B     		ldr	r3, .L37+12
 524 012e 1A6C     		ldr	r2, [r3, #64]
 525 0130 42F48022 		orr	r2, r2, #262144
 526 0134 1A64     		str	r2, [r3, #64]
 206:Src/usart.c   **** 
 527              		.loc 1 206 5 view .LVU182
 528 0136 1A6C     		ldr	r2, [r3, #64]
 529 0138 02F48022 		and	r2, r2, #262144
 530 013c 0392     		str	r2, [sp, #12]
 206:Src/usart.c   **** 
 531              		.loc 1 206 5 view .LVU183
 532 013e 039A     		ldr	r2, [sp, #12]
 533              	.LBE5:
 206:Src/usart.c   **** 
 534              		.loc 1 206 5 view .LVU184
 208:Src/usart.c   ****     /**USART3 GPIO Configuration
 535              		.loc 1 208 5 view .LVU185
 536              	.LBB6:
 208:Src/usart.c   ****     /**USART3 GPIO Configuration
 537              		.loc 1 208 5 view .LVU186
 538 0140 0495     		str	r5, [sp, #16]
 208:Src/usart.c   ****     /**USART3 GPIO Configuration
 539              		.loc 1 208 5 view .LVU187
 540 0142 1A6B     		ldr	r2, [r3, #48]
 541 0144 42F00402 		orr	r2, r2, #4
 542 0148 1A63     		str	r2, [r3, #48]
 208:Src/usart.c   ****     /**USART3 GPIO Configuration
 543              		.loc 1 208 5 view .LVU188
 544 014a 1B6B     		ldr	r3, [r3, #48]
 545 014c 03F00403 		and	r3, r3, #4
 546 0150 0493     		str	r3, [sp, #16]
 208:Src/usart.c   ****     /**USART3 GPIO Configuration
 547              		.loc 1 208 5 view .LVU189
 548 0152 049B     		ldr	r3, [sp, #16]
ARM GAS  C:\Users\z0147233\AppData\Local\Temp\ccLJSQg2.s 			page 18


 549              	.LBE6:
 208:Src/usart.c   ****     /**USART3 GPIO Configuration
 550              		.loc 1 208 5 view .LVU190
 213:Src/usart.c   ****     GPIO_InitStruct.Mode = GPIO_MODE_AF_PP;
 551              		.loc 1 213 5 view .LVU191
 213:Src/usart.c   ****     GPIO_InitStruct.Mode = GPIO_MODE_AF_PP;
 552              		.loc 1 213 25 is_stmt 0 view .LVU192
 553 0154 4FF44063 		mov	r3, #3072
 554 0158 0793     		str	r3, [sp, #28]
 214:Src/usart.c   ****     GPIO_InitStruct.Pull = GPIO_NOPULL;
 555              		.loc 1 214 5 is_stmt 1 view .LVU193
 214:Src/usart.c   ****     GPIO_InitStruct.Pull = GPIO_NOPULL;
 556              		.loc 1 214 26 is_stmt 0 view .LVU194
 557 015a 0223     		movs	r3, #2
 558 015c 0893     		str	r3, [sp, #32]
 215:Src/usart.c   ****     GPIO_InitStruct.Speed = GPIO_SPEED_FREQ_VERY_HIGH;
 559              		.loc 1 215 5 is_stmt 1 view .LVU195
 216:Src/usart.c   ****     GPIO_InitStruct.Alternate = GPIO_AF7_USART3;
 560              		.loc 1 216 5 view .LVU196
 216:Src/usart.c   ****     GPIO_InitStruct.Alternate = GPIO_AF7_USART3;
 561              		.loc 1 216 27 is_stmt 0 view .LVU197
 562 015e 0323     		movs	r3, #3
 563 0160 0A93     		str	r3, [sp, #40]
 217:Src/usart.c   ****     HAL_GPIO_Init(GPIOC, &GPIO_InitStruct);
 564              		.loc 1 217 5 is_stmt 1 view .LVU198
 217:Src/usart.c   ****     HAL_GPIO_Init(GPIOC, &GPIO_InitStruct);
 565              		.loc 1 217 31 is_stmt 0 view .LVU199
 566 0162 0723     		movs	r3, #7
 567 0164 0B93     		str	r3, [sp, #44]
 218:Src/usart.c   **** 
 568              		.loc 1 218 5 is_stmt 1 view .LVU200
 569 0166 07A9     		add	r1, sp, #28
 570 0168 5248     		ldr	r0, .L37+40
 571              	.LVL19:
 218:Src/usart.c   **** 
 572              		.loc 1 218 5 is_stmt 0 view .LVU201
 573 016a FFF7FEFF 		bl	HAL_GPIO_Init
 574              	.LVL20:
 222:Src/usart.c   ****     hdma_usart3_rx.Init.Channel = DMA_CHANNEL_4;
 575              		.loc 1 222 5 is_stmt 1 view .LVU202
 222:Src/usart.c   ****     hdma_usart3_rx.Init.Channel = DMA_CHANNEL_4;
 576              		.loc 1 222 29 is_stmt 0 view .LVU203
 577 016e 5248     		ldr	r0, .L37+44
 578 0170 524B     		ldr	r3, .L37+48
 579 0172 0360     		str	r3, [r0]
 223:Src/usart.c   ****     hdma_usart3_rx.Init.Direction = DMA_PERIPH_TO_MEMORY;
 580              		.loc 1 223 5 is_stmt 1 view .LVU204
 223:Src/usart.c   ****     hdma_usart3_rx.Init.Direction = DMA_PERIPH_TO_MEMORY;
 581              		.loc 1 223 33 is_stmt 0 view .LVU205
 582 0174 4FF00063 		mov	r3, #134217728
 583 0178 4360     		str	r3, [r0, #4]
 224:Src/usart.c   ****     hdma_usart3_rx.Init.PeriphInc = DMA_PINC_DISABLE;
 584              		.loc 1 224 5 is_stmt 1 view .LVU206
 224:Src/usart.c   ****     hdma_usart3_rx.Init.PeriphInc = DMA_PINC_DISABLE;
 585              		.loc 1 224 35 is_stmt 0 view .LVU207
 586 017a 8560     		str	r5, [r0, #8]
 225:Src/usart.c   ****     hdma_usart3_rx.Init.MemInc = DMA_MINC_ENABLE;
ARM GAS  C:\Users\z0147233\AppData\Local\Temp\ccLJSQg2.s 			page 19


 587              		.loc 1 225 5 is_stmt 1 view .LVU208
 225:Src/usart.c   ****     hdma_usart3_rx.Init.MemInc = DMA_MINC_ENABLE;
 588              		.loc 1 225 35 is_stmt 0 view .LVU209
 589 017c C560     		str	r5, [r0, #12]
 226:Src/usart.c   ****     hdma_usart3_rx.Init.PeriphDataAlignment = DMA_PDATAALIGN_BYTE;
 590              		.loc 1 226 5 is_stmt 1 view .LVU210
 226:Src/usart.c   ****     hdma_usart3_rx.Init.PeriphDataAlignment = DMA_PDATAALIGN_BYTE;
 591              		.loc 1 226 32 is_stmt 0 view .LVU211
 592 017e 4FF48063 		mov	r3, #1024
 593 0182 0361     		str	r3, [r0, #16]
 227:Src/usart.c   ****     hdma_usart3_rx.Init.MemDataAlignment = DMA_MDATAALIGN_BYTE;
 594              		.loc 1 227 5 is_stmt 1 view .LVU212
 227:Src/usart.c   ****     hdma_usart3_rx.Init.MemDataAlignment = DMA_MDATAALIGN_BYTE;
 595              		.loc 1 227 45 is_stmt 0 view .LVU213
 596 0184 4561     		str	r5, [r0, #20]
 228:Src/usart.c   ****     hdma_usart3_rx.Init.Mode = DMA_NORMAL;
 597              		.loc 1 228 5 is_stmt 1 view .LVU214
 228:Src/usart.c   ****     hdma_usart3_rx.Init.Mode = DMA_NORMAL;
 598              		.loc 1 228 42 is_stmt 0 view .LVU215
 599 0186 8561     		str	r5, [r0, #24]
 229:Src/usart.c   ****     hdma_usart3_rx.Init.Priority = DMA_PRIORITY_LOW;
 600              		.loc 1 229 5 is_stmt 1 view .LVU216
 229:Src/usart.c   ****     hdma_usart3_rx.Init.Priority = DMA_PRIORITY_LOW;
 601              		.loc 1 229 30 is_stmt 0 view .LVU217
 602 0188 C561     		str	r5, [r0, #28]
 230:Src/usart.c   ****     hdma_usart3_rx.Init.FIFOMode = DMA_FIFOMODE_DISABLE;
 603              		.loc 1 230 5 is_stmt 1 view .LVU218
 230:Src/usart.c   ****     hdma_usart3_rx.Init.FIFOMode = DMA_FIFOMODE_DISABLE;
 604              		.loc 1 230 34 is_stmt 0 view .LVU219
 605 018a 0562     		str	r5, [r0, #32]
 231:Src/usart.c   ****     if (HAL_DMA_Init(&hdma_usart3_rx) != HAL_OK)
 606              		.loc 1 231 5 is_stmt 1 view .LVU220
 231:Src/usart.c   ****     if (HAL_DMA_Init(&hdma_usart3_rx) != HAL_OK)
 607              		.loc 1 231 34 is_stmt 0 view .LVU221
 608 018c 4562     		str	r5, [r0, #36]
 232:Src/usart.c   ****     {
 609              		.loc 1 232 5 is_stmt 1 view .LVU222
 232:Src/usart.c   ****     {
 610              		.loc 1 232 9 is_stmt 0 view .LVU223
 611 018e FFF7FEFF 		bl	HAL_DMA_Init
 612              	.LVL21:
 232:Src/usart.c   ****     {
 613              		.loc 1 232 8 view .LVU224
 614 0192 58B9     		cbnz	r0, .L34
 615              	.L25:
 237:Src/usart.c   **** 
 616              		.loc 1 237 5 is_stmt 1 view .LVU225
 237:Src/usart.c   **** 
 617              		.loc 1 237 5 view .LVU226
 618 0194 484B     		ldr	r3, .L37+44
 619 0196 A363     		str	r3, [r4, #56]
 237:Src/usart.c   **** 
 620              		.loc 1 237 5 view .LVU227
 621 0198 9C63     		str	r4, [r3, #56]
 237:Src/usart.c   **** 
 622              		.loc 1 237 5 view .LVU228
 240:Src/usart.c   ****     HAL_NVIC_EnableIRQ(USART3_IRQn);
ARM GAS  C:\Users\z0147233\AppData\Local\Temp\ccLJSQg2.s 			page 20


 623              		.loc 1 240 5 view .LVU229
 624 019a 0022     		movs	r2, #0
 625 019c 0521     		movs	r1, #5
 626 019e 2720     		movs	r0, #39
 627 01a0 FFF7FEFF 		bl	HAL_NVIC_SetPriority
 628              	.LVL22:
 241:Src/usart.c   ****   /* USER CODE BEGIN USART3_MspInit 1 */
 629              		.loc 1 241 5 view .LVU230
 630 01a4 2720     		movs	r0, #39
 631 01a6 FFF7FEFF 		bl	HAL_NVIC_EnableIRQ
 632              	.LVL23:
 633 01aa 3FE7     		b	.L19
 634              	.L34:
 234:Src/usart.c   ****     }
 635              		.loc 1 234 7 view .LVU231
 636 01ac FFF7FEFF 		bl	Error_Handler
 637              	.LVL24:
 638 01b0 F0E7     		b	.L25
 639              	.LVL25:
 640              	.L31:
 252:Src/usart.c   **** 
 641              		.loc 1 252 5 view .LVU232
 642              	.LBB7:
 252:Src/usart.c   **** 
 643              		.loc 1 252 5 view .LVU233
 644 01b2 0025     		movs	r5, #0
 645 01b4 0595     		str	r5, [sp, #20]
 252:Src/usart.c   **** 
 646              		.loc 1 252 5 view .LVU234
 647 01b6 384B     		ldr	r3, .L37+12
 648 01b8 5A6C     		ldr	r2, [r3, #68]
 649 01ba 42F02002 		orr	r2, r2, #32
 650 01be 5A64     		str	r2, [r3, #68]
 252:Src/usart.c   **** 
 651              		.loc 1 252 5 view .LVU235
 652 01c0 5A6C     		ldr	r2, [r3, #68]
 653 01c2 02F02002 		and	r2, r2, #32
 654 01c6 0592     		str	r2, [sp, #20]
 252:Src/usart.c   **** 
 655              		.loc 1 252 5 view .LVU236
 656 01c8 059A     		ldr	r2, [sp, #20]
 657              	.LBE7:
 252:Src/usart.c   **** 
 658              		.loc 1 252 5 view .LVU237
 254:Src/usart.c   ****     /**USART6 GPIO Configuration
 659              		.loc 1 254 5 view .LVU238
 660              	.LBB8:
 254:Src/usart.c   ****     /**USART6 GPIO Configuration
 661              		.loc 1 254 5 view .LVU239
 662 01ca 0695     		str	r5, [sp, #24]
 254:Src/usart.c   ****     /**USART6 GPIO Configuration
 663              		.loc 1 254 5 view .LVU240
 664 01cc 1A6B     		ldr	r2, [r3, #48]
 665 01ce 42F04002 		orr	r2, r2, #64
 666 01d2 1A63     		str	r2, [r3, #48]
 254:Src/usart.c   ****     /**USART6 GPIO Configuration
 667              		.loc 1 254 5 view .LVU241
ARM GAS  C:\Users\z0147233\AppData\Local\Temp\ccLJSQg2.s 			page 21


 668 01d4 1B6B     		ldr	r3, [r3, #48]
 669 01d6 03F04003 		and	r3, r3, #64
 670 01da 0693     		str	r3, [sp, #24]
 254:Src/usart.c   ****     /**USART6 GPIO Configuration
 671              		.loc 1 254 5 view .LVU242
 672 01dc 069B     		ldr	r3, [sp, #24]
 673              	.LBE8:
 254:Src/usart.c   ****     /**USART6 GPIO Configuration
 674              		.loc 1 254 5 view .LVU243
 259:Src/usart.c   ****     GPIO_InitStruct.Mode = GPIO_MODE_AF_PP;
 675              		.loc 1 259 5 view .LVU244
 259:Src/usart.c   ****     GPIO_InitStruct.Mode = GPIO_MODE_AF_PP;
 676              		.loc 1 259 25 is_stmt 0 view .LVU245
 677 01de 4FF48443 		mov	r3, #16896
 678 01e2 0793     		str	r3, [sp, #28]
 260:Src/usart.c   ****     GPIO_InitStruct.Pull = GPIO_NOPULL;
 679              		.loc 1 260 5 is_stmt 1 view .LVU246
 260:Src/usart.c   ****     GPIO_InitStruct.Pull = GPIO_NOPULL;
 680              		.loc 1 260 26 is_stmt 0 view .LVU247
 681 01e4 0223     		movs	r3, #2
 682 01e6 0893     		str	r3, [sp, #32]
 261:Src/usart.c   ****     GPIO_InitStruct.Speed = GPIO_SPEED_FREQ_VERY_HIGH;
 683              		.loc 1 261 5 is_stmt 1 view .LVU248
 262:Src/usart.c   ****     GPIO_InitStruct.Alternate = GPIO_AF8_USART6;
 684              		.loc 1 262 5 view .LVU249
 262:Src/usart.c   ****     GPIO_InitStruct.Alternate = GPIO_AF8_USART6;
 685              		.loc 1 262 27 is_stmt 0 view .LVU250
 686 01e8 0326     		movs	r6, #3
 687 01ea 0A96     		str	r6, [sp, #40]
 263:Src/usart.c   ****     HAL_GPIO_Init(GPIOG, &GPIO_InitStruct);
 688              		.loc 1 263 5 is_stmt 1 view .LVU251
 263:Src/usart.c   ****     HAL_GPIO_Init(GPIOG, &GPIO_InitStruct);
 689              		.loc 1 263 31 is_stmt 0 view .LVU252
 690 01ec 0823     		movs	r3, #8
 691 01ee 0B93     		str	r3, [sp, #44]
 264:Src/usart.c   **** 
 692              		.loc 1 264 5 is_stmt 1 view .LVU253
 693 01f0 07A9     		add	r1, sp, #28
 694 01f2 3348     		ldr	r0, .L37+52
 695              	.LVL26:
 264:Src/usart.c   **** 
 696              		.loc 1 264 5 is_stmt 0 view .LVU254
 697 01f4 FFF7FEFF 		bl	HAL_GPIO_Init
 698              	.LVL27:
 268:Src/usart.c   ****     hdma_usart6_rx.Init.Channel = DMA_CHANNEL_5;
 699              		.loc 1 268 5 is_stmt 1 view .LVU255
 268:Src/usart.c   ****     hdma_usart6_rx.Init.Channel = DMA_CHANNEL_5;
 700              		.loc 1 268 29 is_stmt 0 view .LVU256
 701 01f8 3248     		ldr	r0, .L37+56
 702 01fa 334B     		ldr	r3, .L37+60
 703 01fc 0360     		str	r3, [r0]
 269:Src/usart.c   ****     hdma_usart6_rx.Init.Direction = DMA_PERIPH_TO_MEMORY;
 704              		.loc 1 269 5 is_stmt 1 view .LVU257
 269:Src/usart.c   ****     hdma_usart6_rx.Init.Direction = DMA_PERIPH_TO_MEMORY;
 705              		.loc 1 269 33 is_stmt 0 view .LVU258
 706 01fe 4FF02063 		mov	r3, #167772160
 707 0202 4360     		str	r3, [r0, #4]
ARM GAS  C:\Users\z0147233\AppData\Local\Temp\ccLJSQg2.s 			page 22


 270:Src/usart.c   ****     hdma_usart6_rx.Init.PeriphInc = DMA_PINC_DISABLE;
 708              		.loc 1 270 5 is_stmt 1 view .LVU259
 270:Src/usart.c   ****     hdma_usart6_rx.Init.PeriphInc = DMA_PINC_DISABLE;
 709              		.loc 1 270 35 is_stmt 0 view .LVU260
 710 0204 8560     		str	r5, [r0, #8]
 271:Src/usart.c   ****     hdma_usart6_rx.Init.MemInc = DMA_MINC_ENABLE;
 711              		.loc 1 271 5 is_stmt 1 view .LVU261
 271:Src/usart.c   ****     hdma_usart6_rx.Init.MemInc = DMA_MINC_ENABLE;
 712              		.loc 1 271 35 is_stmt 0 view .LVU262
 713 0206 C560     		str	r5, [r0, #12]
 272:Src/usart.c   ****     hdma_usart6_rx.Init.PeriphDataAlignment = DMA_PDATAALIGN_BYTE;
 714              		.loc 1 272 5 is_stmt 1 view .LVU263
 272:Src/usart.c   ****     hdma_usart6_rx.Init.PeriphDataAlignment = DMA_PDATAALIGN_BYTE;
 715              		.loc 1 272 32 is_stmt 0 view .LVU264
 716 0208 4FF48063 		mov	r3, #1024
 717 020c 0361     		str	r3, [r0, #16]
 273:Src/usart.c   ****     hdma_usart6_rx.Init.MemDataAlignment = DMA_MDATAALIGN_BYTE;
 718              		.loc 1 273 5 is_stmt 1 view .LVU265
 273:Src/usart.c   ****     hdma_usart6_rx.Init.MemDataAlignment = DMA_MDATAALIGN_BYTE;
 719              		.loc 1 273 45 is_stmt 0 view .LVU266
 720 020e 4561     		str	r5, [r0, #20]
 274:Src/usart.c   ****     hdma_usart6_rx.Init.Mode = DMA_NORMAL;
 721              		.loc 1 274 5 is_stmt 1 view .LVU267
 274:Src/usart.c   ****     hdma_usart6_rx.Init.Mode = DMA_NORMAL;
 722              		.loc 1 274 42 is_stmt 0 view .LVU268
 723 0210 8561     		str	r5, [r0, #24]
 275:Src/usart.c   ****     hdma_usart6_rx.Init.Priority = DMA_PRIORITY_HIGH;
 724              		.loc 1 275 5 is_stmt 1 view .LVU269
 275:Src/usart.c   ****     hdma_usart6_rx.Init.Priority = DMA_PRIORITY_HIGH;
 725              		.loc 1 275 30 is_stmt 0 view .LVU270
 726 0212 C561     		str	r5, [r0, #28]
 276:Src/usart.c   ****     hdma_usart6_rx.Init.FIFOMode = DMA_FIFOMODE_ENABLE;
 727              		.loc 1 276 5 is_stmt 1 view .LVU271
 276:Src/usart.c   ****     hdma_usart6_rx.Init.FIFOMode = DMA_FIFOMODE_ENABLE;
 728              		.loc 1 276 34 is_stmt 0 view .LVU272
 729 0214 4FF40033 		mov	r3, #131072
 730 0218 0362     		str	r3, [r0, #32]
 277:Src/usart.c   ****     hdma_usart6_rx.Init.FIFOThreshold = DMA_FIFO_THRESHOLD_FULL;
 731              		.loc 1 277 5 is_stmt 1 view .LVU273
 277:Src/usart.c   ****     hdma_usart6_rx.Init.FIFOThreshold = DMA_FIFO_THRESHOLD_FULL;
 732              		.loc 1 277 34 is_stmt 0 view .LVU274
 733 021a 0423     		movs	r3, #4
 734 021c 4362     		str	r3, [r0, #36]
 278:Src/usart.c   ****     hdma_usart6_rx.Init.MemBurst = DMA_MBURST_SINGLE;
 735              		.loc 1 278 5 is_stmt 1 view .LVU275
 278:Src/usart.c   ****     hdma_usart6_rx.Init.MemBurst = DMA_MBURST_SINGLE;
 736              		.loc 1 278 39 is_stmt 0 view .LVU276
 737 021e 8662     		str	r6, [r0, #40]
 279:Src/usart.c   ****     hdma_usart6_rx.Init.PeriphBurst = DMA_PBURST_SINGLE;
 738              		.loc 1 279 5 is_stmt 1 view .LVU277
 279:Src/usart.c   ****     hdma_usart6_rx.Init.PeriphBurst = DMA_PBURST_SINGLE;
 739              		.loc 1 279 34 is_stmt 0 view .LVU278
 740 0220 C562     		str	r5, [r0, #44]
 280:Src/usart.c   ****     if (HAL_DMA_Init(&hdma_usart6_rx) != HAL_OK)
 741              		.loc 1 280 5 is_stmt 1 view .LVU279
 280:Src/usart.c   ****     if (HAL_DMA_Init(&hdma_usart6_rx) != HAL_OK)
 742              		.loc 1 280 37 is_stmt 0 view .LVU280
ARM GAS  C:\Users\z0147233\AppData\Local\Temp\ccLJSQg2.s 			page 23


 743 0222 0563     		str	r5, [r0, #48]
 281:Src/usart.c   ****     {
 744              		.loc 1 281 5 is_stmt 1 view .LVU281
 281:Src/usart.c   ****     {
 745              		.loc 1 281 9 is_stmt 0 view .LVU282
 746 0224 FFF7FEFF 		bl	HAL_DMA_Init
 747              	.LVL28:
 281:Src/usart.c   ****     {
 748              		.loc 1 281 8 view .LVU283
 749 0228 50BB     		cbnz	r0, .L35
 750              	.L26:
 286:Src/usart.c   **** 
 751              		.loc 1 286 5 is_stmt 1 view .LVU284
 286:Src/usart.c   **** 
 752              		.loc 1 286 5 view .LVU285
 753 022a 264B     		ldr	r3, .L37+56
 754 022c A363     		str	r3, [r4, #56]
 286:Src/usart.c   **** 
 755              		.loc 1 286 5 view .LVU286
 756 022e 9C63     		str	r4, [r3, #56]
 286:Src/usart.c   **** 
 757              		.loc 1 286 5 view .LVU287
 289:Src/usart.c   ****     hdma_usart6_tx.Init.Channel = DMA_CHANNEL_5;
 758              		.loc 1 289 5 view .LVU288
 289:Src/usart.c   ****     hdma_usart6_tx.Init.Channel = DMA_CHANNEL_5;
 759              		.loc 1 289 29 is_stmt 0 view .LVU289
 760 0230 2648     		ldr	r0, .L37+64
 761 0232 274B     		ldr	r3, .L37+68
 762 0234 0360     		str	r3, [r0]
 290:Src/usart.c   ****     hdma_usart6_tx.Init.Direction = DMA_MEMORY_TO_PERIPH;
 763              		.loc 1 290 5 is_stmt 1 view .LVU290
 290:Src/usart.c   ****     hdma_usart6_tx.Init.Direction = DMA_MEMORY_TO_PERIPH;
 764              		.loc 1 290 33 is_stmt 0 view .LVU291
 765 0236 4FF02063 		mov	r3, #167772160
 766 023a 4360     		str	r3, [r0, #4]
 291:Src/usart.c   ****     hdma_usart6_tx.Init.PeriphInc = DMA_PINC_DISABLE;
 767              		.loc 1 291 5 is_stmt 1 view .LVU292
 291:Src/usart.c   ****     hdma_usart6_tx.Init.PeriphInc = DMA_PINC_DISABLE;
 768              		.loc 1 291 35 is_stmt 0 view .LVU293
 769 023c 4023     		movs	r3, #64
 770 023e 8360     		str	r3, [r0, #8]
 292:Src/usart.c   ****     hdma_usart6_tx.Init.MemInc = DMA_MINC_ENABLE;
 771              		.loc 1 292 5 is_stmt 1 view .LVU294
 292:Src/usart.c   ****     hdma_usart6_tx.Init.MemInc = DMA_MINC_ENABLE;
 772              		.loc 1 292 35 is_stmt 0 view .LVU295
 773 0240 0023     		movs	r3, #0
 774 0242 C360     		str	r3, [r0, #12]
 293:Src/usart.c   ****     hdma_usart6_tx.Init.PeriphDataAlignment = DMA_PDATAALIGN_BYTE;
 775              		.loc 1 293 5 is_stmt 1 view .LVU296
 293:Src/usart.c   ****     hdma_usart6_tx.Init.PeriphDataAlignment = DMA_PDATAALIGN_BYTE;
 776              		.loc 1 293 32 is_stmt 0 view .LVU297
 777 0244 4FF48062 		mov	r2, #1024
 778 0248 0261     		str	r2, [r0, #16]
 294:Src/usart.c   ****     hdma_usart6_tx.Init.MemDataAlignment = DMA_MDATAALIGN_BYTE;
 779              		.loc 1 294 5 is_stmt 1 view .LVU298
 294:Src/usart.c   ****     hdma_usart6_tx.Init.MemDataAlignment = DMA_MDATAALIGN_BYTE;
 780              		.loc 1 294 45 is_stmt 0 view .LVU299
ARM GAS  C:\Users\z0147233\AppData\Local\Temp\ccLJSQg2.s 			page 24


 781 024a 4361     		str	r3, [r0, #20]
 295:Src/usart.c   ****     hdma_usart6_tx.Init.Mode = DMA_NORMAL;
 782              		.loc 1 295 5 is_stmt 1 view .LVU300
 295:Src/usart.c   ****     hdma_usart6_tx.Init.Mode = DMA_NORMAL;
 783              		.loc 1 295 42 is_stmt 0 view .LVU301
 784 024c 8361     		str	r3, [r0, #24]
 296:Src/usart.c   ****     hdma_usart6_tx.Init.Priority = DMA_PRIORITY_HIGH;
 785              		.loc 1 296 5 is_stmt 1 view .LVU302
 296:Src/usart.c   ****     hdma_usart6_tx.Init.Priority = DMA_PRIORITY_HIGH;
 786              		.loc 1 296 30 is_stmt 0 view .LVU303
 787 024e C361     		str	r3, [r0, #28]
 297:Src/usart.c   ****     hdma_usart6_tx.Init.FIFOMode = DMA_FIFOMODE_ENABLE;
 788              		.loc 1 297 5 is_stmt 1 view .LVU304
 297:Src/usart.c   ****     hdma_usart6_tx.Init.FIFOMode = DMA_FIFOMODE_ENABLE;
 789              		.loc 1 297 34 is_stmt 0 view .LVU305
 790 0250 4FF40032 		mov	r2, #131072
 791 0254 0262     		str	r2, [r0, #32]
 298:Src/usart.c   ****     hdma_usart6_tx.Init.FIFOThreshold = DMA_FIFO_THRESHOLD_FULL;
 792              		.loc 1 298 5 is_stmt 1 view .LVU306
 298:Src/usart.c   ****     hdma_usart6_tx.Init.FIFOThreshold = DMA_FIFO_THRESHOLD_FULL;
 793              		.loc 1 298 34 is_stmt 0 view .LVU307
 794 0256 0422     		movs	r2, #4
 795 0258 4262     		str	r2, [r0, #36]
 299:Src/usart.c   ****     hdma_usart6_tx.Init.MemBurst = DMA_MBURST_SINGLE;
 796              		.loc 1 299 5 is_stmt 1 view .LVU308
 299:Src/usart.c   ****     hdma_usart6_tx.Init.MemBurst = DMA_MBURST_SINGLE;
 797              		.loc 1 299 39 is_stmt 0 view .LVU309
 798 025a 0322     		movs	r2, #3
 799 025c 8262     		str	r2, [r0, #40]
 300:Src/usart.c   ****     hdma_usart6_tx.Init.PeriphBurst = DMA_PBURST_SINGLE;
 800              		.loc 1 300 5 is_stmt 1 view .LVU310
 300:Src/usart.c   ****     hdma_usart6_tx.Init.PeriphBurst = DMA_PBURST_SINGLE;
 801              		.loc 1 300 34 is_stmt 0 view .LVU311
 802 025e C362     		str	r3, [r0, #44]
 301:Src/usart.c   ****     if (HAL_DMA_Init(&hdma_usart6_tx) != HAL_OK)
 803              		.loc 1 301 5 is_stmt 1 view .LVU312
 301:Src/usart.c   ****     if (HAL_DMA_Init(&hdma_usart6_tx) != HAL_OK)
 804              		.loc 1 301 37 is_stmt 0 view .LVU313
 805 0260 0363     		str	r3, [r0, #48]
 302:Src/usart.c   ****     {
 806              		.loc 1 302 5 is_stmt 1 view .LVU314
 302:Src/usart.c   ****     {
 807              		.loc 1 302 9 is_stmt 0 view .LVU315
 808 0262 FFF7FEFF 		bl	HAL_DMA_Init
 809              	.LVL29:
 302:Src/usart.c   ****     {
 810              		.loc 1 302 8 view .LVU316
 811 0266 70B9     		cbnz	r0, .L36
 812              	.L27:
 307:Src/usart.c   **** 
 813              		.loc 1 307 5 is_stmt 1 view .LVU317
 307:Src/usart.c   **** 
 814              		.loc 1 307 5 view .LVU318
 815 0268 184B     		ldr	r3, .L37+64
 816 026a 6363     		str	r3, [r4, #52]
 307:Src/usart.c   **** 
 817              		.loc 1 307 5 view .LVU319
ARM GAS  C:\Users\z0147233\AppData\Local\Temp\ccLJSQg2.s 			page 25


 818 026c 9C63     		str	r4, [r3, #56]
 307:Src/usart.c   **** 
 819              		.loc 1 307 5 view .LVU320
 310:Src/usart.c   ****     HAL_NVIC_EnableIRQ(USART6_IRQn);
 820              		.loc 1 310 5 view .LVU321
 821 026e 0022     		movs	r2, #0
 822 0270 0521     		movs	r1, #5
 823 0272 4720     		movs	r0, #71
 824 0274 FFF7FEFF 		bl	HAL_NVIC_SetPriority
 825              	.LVL30:
 311:Src/usart.c   ****   /* USER CODE BEGIN USART6_MspInit 1 */
 826              		.loc 1 311 5 view .LVU322
 827 0278 4720     		movs	r0, #71
 828 027a FFF7FEFF 		bl	HAL_NVIC_EnableIRQ
 829              	.LVL31:
 830              		.loc 1 316 1 is_stmt 0 view .LVU323
 831 027e D5E6     		b	.L19
 832              	.L35:
 283:Src/usart.c   ****     }
 833              		.loc 1 283 7 is_stmt 1 view .LVU324
 834 0280 FFF7FEFF 		bl	Error_Handler
 835              	.LVL32:
 836 0284 D1E7     		b	.L26
 837              	.L36:
 304:Src/usart.c   ****     }
 838              		.loc 1 304 7 view .LVU325
 839 0286 FFF7FEFF 		bl	Error_Handler
 840              	.LVL33:
 841 028a EDE7     		b	.L27
 842              	.L38:
 843              		.align	2
 844              	.L37:
 845 028c 00100140 		.word	1073811456
 846 0290 00480040 		.word	1073760256
 847 0294 00140140 		.word	1073812480
 848 0298 00380240 		.word	1073887232
 849 029c 00040240 		.word	1073873920
 850 02a0 00000240 		.word	1073872896
 851 02a4 00000000 		.word	.LANCHOR3
 852 02a8 B8640240 		.word	1073898680
 853 02ac 00000000 		.word	.LANCHOR4
 854 02b0 88640240 		.word	1073898632
 855 02b4 00080240 		.word	1073874944
 856 02b8 00000000 		.word	.LANCHOR5
 857 02bc 28600240 		.word	1073897512
 858 02c0 00180240 		.word	1073879040
 859 02c4 00000000 		.word	.LANCHOR6
 860 02c8 40640240 		.word	1073898560
 861 02cc 00000000 		.word	.LANCHOR7
 862 02d0 A0640240 		.word	1073898656
 863              		.cfi_endproc
 864              	.LFE238:
 866              		.section	.text.HAL_UART_MspDeInit,"ax",%progbits
 867              		.align	1
 868              		.global	HAL_UART_MspDeInit
 869              		.syntax unified
 870              		.thumb
ARM GAS  C:\Users\z0147233\AppData\Local\Temp\ccLJSQg2.s 			page 26


 871              		.thumb_func
 873              	HAL_UART_MspDeInit:
 874              	.LVL34:
 875              	.LFB239:
 317:Src/usart.c   **** 
 318:Src/usart.c   **** void HAL_UART_MspDeInit(UART_HandleTypeDef* uartHandle)
 319:Src/usart.c   **** {
 876              		.loc 1 319 1 view -0
 877              		.cfi_startproc
 878              		@ args = 0, pretend = 0, frame = 0
 879              		@ frame_needed = 0, uses_anonymous_args = 0
 880              		.loc 1 319 1 is_stmt 0 view .LVU327
 881 0000 10B5     		push	{r4, lr}
 882              	.LCFI7:
 883              		.cfi_def_cfa_offset 8
 884              		.cfi_offset 4, -8
 885              		.cfi_offset 14, -4
 886 0002 0446     		mov	r4, r0
 320:Src/usart.c   **** 
 321:Src/usart.c   ****   if(uartHandle->Instance==USART1)
 887              		.loc 1 321 3 is_stmt 1 view .LVU328
 888              		.loc 1 321 16 is_stmt 0 view .LVU329
 889 0004 0368     		ldr	r3, [r0]
 890              		.loc 1 321 5 view .LVU330
 891 0006 254A     		ldr	r2, .L47
 892 0008 9342     		cmp	r3, r2
 893 000a 06D0     		beq	.L44
 322:Src/usart.c   ****   {
 323:Src/usart.c   ****   /* USER CODE BEGIN USART1_MspDeInit 0 */
 324:Src/usart.c   **** 
 325:Src/usart.c   ****   /* USER CODE END USART1_MspDeInit 0 */
 326:Src/usart.c   ****     /* Peripheral clock disable */
 327:Src/usart.c   ****     __HAL_RCC_USART1_CLK_DISABLE();
 328:Src/usart.c   **** 
 329:Src/usart.c   ****     /**USART1 GPIO Configuration
 330:Src/usart.c   ****     PB7     ------> USART1_RX
 331:Src/usart.c   ****     PA9     ------> USART1_TX
 332:Src/usart.c   ****     */
 333:Src/usart.c   ****     HAL_GPIO_DeInit(GPIOB, GPIO_PIN_7);
 334:Src/usart.c   **** 
 335:Src/usart.c   ****     HAL_GPIO_DeInit(GPIOA, GPIO_PIN_9);
 336:Src/usart.c   **** 
 337:Src/usart.c   ****     /* USART1 DMA DeInit */
 338:Src/usart.c   ****     HAL_DMA_DeInit(uartHandle->hdmatx);
 339:Src/usart.c   ****     HAL_DMA_DeInit(uartHandle->hdmarx);
 340:Src/usart.c   **** 
 341:Src/usart.c   ****     /* USART1 interrupt Deinit */
 342:Src/usart.c   ****     HAL_NVIC_DisableIRQ(USART1_IRQn);
 343:Src/usart.c   ****   /* USER CODE BEGIN USART1_MspDeInit 1 */
 344:Src/usart.c   **** 
 345:Src/usart.c   ****   /* USER CODE END USART1_MspDeInit 1 */
 346:Src/usart.c   ****   }
 347:Src/usart.c   ****   else if(uartHandle->Instance==USART3)
 894              		.loc 1 347 8 is_stmt 1 view .LVU331
 895              		.loc 1 347 10 is_stmt 0 view .LVU332
 896 000c 244A     		ldr	r2, .L47+4
 897 000e 9342     		cmp	r3, r2
ARM GAS  C:\Users\z0147233\AppData\Local\Temp\ccLJSQg2.s 			page 27


 898 0010 1CD0     		beq	.L45
 348:Src/usart.c   ****   {
 349:Src/usart.c   ****   /* USER CODE BEGIN USART3_MspDeInit 0 */
 350:Src/usart.c   **** 
 351:Src/usart.c   ****   /* USER CODE END USART3_MspDeInit 0 */
 352:Src/usart.c   ****     /* Peripheral clock disable */
 353:Src/usart.c   ****     __HAL_RCC_USART3_CLK_DISABLE();
 354:Src/usart.c   **** 
 355:Src/usart.c   ****     /**USART3 GPIO Configuration
 356:Src/usart.c   ****     PC11     ------> USART3_RX
 357:Src/usart.c   ****     PC10     ------> USART3_TX
 358:Src/usart.c   ****     */
 359:Src/usart.c   ****     HAL_GPIO_DeInit(GPIOC, GPIO_PIN_11|GPIO_PIN_10);
 360:Src/usart.c   **** 
 361:Src/usart.c   ****     /* USART3 DMA DeInit */
 362:Src/usart.c   ****     HAL_DMA_DeInit(uartHandle->hdmarx);
 363:Src/usart.c   **** 
 364:Src/usart.c   ****     /* USART3 interrupt Deinit */
 365:Src/usart.c   ****     HAL_NVIC_DisableIRQ(USART3_IRQn);
 366:Src/usart.c   ****   /* USER CODE BEGIN USART3_MspDeInit 1 */
 367:Src/usart.c   **** 
 368:Src/usart.c   ****   /* USER CODE END USART3_MspDeInit 1 */
 369:Src/usart.c   ****   }
 370:Src/usart.c   ****   else if(uartHandle->Instance==USART6)
 899              		.loc 1 370 8 is_stmt 1 view .LVU333
 900              		.loc 1 370 10 is_stmt 0 view .LVU334
 901 0012 244A     		ldr	r2, .L47+8
 902 0014 9342     		cmp	r3, r2
 903 0016 2BD0     		beq	.L46
 904              	.LVL35:
 905              	.L39:
 371:Src/usart.c   ****   {
 372:Src/usart.c   ****   /* USER CODE BEGIN USART6_MspDeInit 0 */
 373:Src/usart.c   **** 
 374:Src/usart.c   ****   /* USER CODE END USART6_MspDeInit 0 */
 375:Src/usart.c   ****     /* Peripheral clock disable */
 376:Src/usart.c   ****     __HAL_RCC_USART6_CLK_DISABLE();
 377:Src/usart.c   **** 
 378:Src/usart.c   ****     /**USART6 GPIO Configuration
 379:Src/usart.c   ****     PG14     ------> USART6_TX
 380:Src/usart.c   ****     PG9     ------> USART6_RX
 381:Src/usart.c   ****     */
 382:Src/usart.c   ****     HAL_GPIO_DeInit(GPIOG, GPIO_PIN_14|GPIO_PIN_9);
 383:Src/usart.c   **** 
 384:Src/usart.c   ****     /* USART6 DMA DeInit */
 385:Src/usart.c   ****     HAL_DMA_DeInit(uartHandle->hdmarx);
 386:Src/usart.c   ****     HAL_DMA_DeInit(uartHandle->hdmatx);
 387:Src/usart.c   **** 
 388:Src/usart.c   ****     /* USART6 interrupt Deinit */
 389:Src/usart.c   ****     HAL_NVIC_DisableIRQ(USART6_IRQn);
 390:Src/usart.c   ****   /* USER CODE BEGIN USART6_MspDeInit 1 */
 391:Src/usart.c   **** 
 392:Src/usart.c   ****   /* USER CODE END USART6_MspDeInit 1 */
 393:Src/usart.c   ****   }
 394:Src/usart.c   **** }
 906              		.loc 1 394 1 view .LVU335
 907 0018 10BD     		pop	{r4, pc}
ARM GAS  C:\Users\z0147233\AppData\Local\Temp\ccLJSQg2.s 			page 28


 908              	.LVL36:
 909              	.L44:
 327:Src/usart.c   **** 
 910              		.loc 1 327 5 is_stmt 1 view .LVU336
 911 001a 02F59432 		add	r2, r2, #75776
 912 001e 536C     		ldr	r3, [r2, #68]
 913 0020 23F01003 		bic	r3, r3, #16
 914 0024 5364     		str	r3, [r2, #68]
 333:Src/usart.c   **** 
 915              		.loc 1 333 5 view .LVU337
 916 0026 8021     		movs	r1, #128
 917 0028 1F48     		ldr	r0, .L47+12
 918              	.LVL37:
 333:Src/usart.c   **** 
 919              		.loc 1 333 5 is_stmt 0 view .LVU338
 920 002a FFF7FEFF 		bl	HAL_GPIO_DeInit
 921              	.LVL38:
 335:Src/usart.c   **** 
 922              		.loc 1 335 5 is_stmt 1 view .LVU339
 923 002e 4FF40071 		mov	r1, #512
 924 0032 1E48     		ldr	r0, .L47+16
 925 0034 FFF7FEFF 		bl	HAL_GPIO_DeInit
 926              	.LVL39:
 338:Src/usart.c   ****     HAL_DMA_DeInit(uartHandle->hdmarx);
 927              		.loc 1 338 5 view .LVU340
 928 0038 606B     		ldr	r0, [r4, #52]
 929 003a FFF7FEFF 		bl	HAL_DMA_DeInit
 930              	.LVL40:
 339:Src/usart.c   **** 
 931              		.loc 1 339 5 view .LVU341
 932 003e A06B     		ldr	r0, [r4, #56]
 933 0040 FFF7FEFF 		bl	HAL_DMA_DeInit
 934              	.LVL41:
 342:Src/usart.c   ****   /* USER CODE BEGIN USART1_MspDeInit 1 */
 935              		.loc 1 342 5 view .LVU342
 936 0044 2520     		movs	r0, #37
 937 0046 FFF7FEFF 		bl	HAL_NVIC_DisableIRQ
 938              	.LVL42:
 939 004a E5E7     		b	.L39
 940              	.LVL43:
 941              	.L45:
 353:Src/usart.c   **** 
 942              		.loc 1 353 5 view .LVU343
 943 004c 02F5F832 		add	r2, r2, #126976
 944 0050 136C     		ldr	r3, [r2, #64]
 945 0052 23F48023 		bic	r3, r3, #262144
 946 0056 1364     		str	r3, [r2, #64]
 359:Src/usart.c   **** 
 947              		.loc 1 359 5 view .LVU344
 948 0058 4FF44061 		mov	r1, #3072
 949 005c 1448     		ldr	r0, .L47+20
 950              	.LVL44:
 359:Src/usart.c   **** 
 951              		.loc 1 359 5 is_stmt 0 view .LVU345
 952 005e FFF7FEFF 		bl	HAL_GPIO_DeInit
 953              	.LVL45:
 362:Src/usart.c   **** 
ARM GAS  C:\Users\z0147233\AppData\Local\Temp\ccLJSQg2.s 			page 29


 954              		.loc 1 362 5 is_stmt 1 view .LVU346
 955 0062 A06B     		ldr	r0, [r4, #56]
 956 0064 FFF7FEFF 		bl	HAL_DMA_DeInit
 957              	.LVL46:
 365:Src/usart.c   ****   /* USER CODE BEGIN USART3_MspDeInit 1 */
 958              		.loc 1 365 5 view .LVU347
 959 0068 2720     		movs	r0, #39
 960 006a FFF7FEFF 		bl	HAL_NVIC_DisableIRQ
 961              	.LVL47:
 962 006e D3E7     		b	.L39
 963              	.LVL48:
 964              	.L46:
 376:Src/usart.c   **** 
 965              		.loc 1 376 5 view .LVU348
 966 0070 02F59232 		add	r2, r2, #74752
 967 0074 536C     		ldr	r3, [r2, #68]
 968 0076 23F02003 		bic	r3, r3, #32
 969 007a 5364     		str	r3, [r2, #68]
 382:Src/usart.c   **** 
 970              		.loc 1 382 5 view .LVU349
 971 007c 4FF48441 		mov	r1, #16896
 972 0080 0C48     		ldr	r0, .L47+24
 973              	.LVL49:
 382:Src/usart.c   **** 
 974              		.loc 1 382 5 is_stmt 0 view .LVU350
 975 0082 FFF7FEFF 		bl	HAL_GPIO_DeInit
 976              	.LVL50:
 385:Src/usart.c   ****     HAL_DMA_DeInit(uartHandle->hdmatx);
 977              		.loc 1 385 5 is_stmt 1 view .LVU351
 978 0086 A06B     		ldr	r0, [r4, #56]
 979 0088 FFF7FEFF 		bl	HAL_DMA_DeInit
 980              	.LVL51:
 386:Src/usart.c   **** 
 981              		.loc 1 386 5 view .LVU352
 982 008c 606B     		ldr	r0, [r4, #52]
 983 008e FFF7FEFF 		bl	HAL_DMA_DeInit
 984              	.LVL52:
 389:Src/usart.c   ****   /* USER CODE BEGIN USART6_MspDeInit 1 */
 985              		.loc 1 389 5 view .LVU353
 986 0092 4720     		movs	r0, #71
 987 0094 FFF7FEFF 		bl	HAL_NVIC_DisableIRQ
 988              	.LVL53:
 989              		.loc 1 394 1 is_stmt 0 view .LVU354
 990 0098 BEE7     		b	.L39
 991              	.L48:
 992 009a 00BF     		.align	2
 993              	.L47:
 994 009c 00100140 		.word	1073811456
 995 00a0 00480040 		.word	1073760256
 996 00a4 00140140 		.word	1073812480
 997 00a8 00040240 		.word	1073873920
 998 00ac 00000240 		.word	1073872896
 999 00b0 00080240 		.word	1073874944
 1000 00b4 00180240 		.word	1073879040
 1001              		.cfi_endproc
 1002              	.LFE239:
 1004              		.global	hdma_usart6_tx
ARM GAS  C:\Users\z0147233\AppData\Local\Temp\ccLJSQg2.s 			page 30


 1005              		.global	hdma_usart6_rx
 1006              		.global	hdma_usart3_rx
 1007              		.global	hdma_usart1_rx
 1008              		.global	hdma_usart1_tx
 1009              		.global	huart6
 1010              		.global	huart3
 1011              		.global	huart1
 1012              		.section	.bss.hdma_usart1_rx,"aw",%nobits
 1013              		.align	2
 1014              		.set	.LANCHOR4,. + 0
 1017              	hdma_usart1_rx:
 1018 0000 00000000 		.space	96
 1018      00000000 
 1018      00000000 
 1018      00000000 
 1018      00000000 
 1019              		.section	.bss.hdma_usart1_tx,"aw",%nobits
 1020              		.align	2
 1021              		.set	.LANCHOR3,. + 0
 1024              	hdma_usart1_tx:
 1025 0000 00000000 		.space	96
 1025      00000000 
 1025      00000000 
 1025      00000000 
 1025      00000000 
 1026              		.section	.bss.hdma_usart3_rx,"aw",%nobits
 1027              		.align	2
 1028              		.set	.LANCHOR5,. + 0
 1031              	hdma_usart3_rx:
 1032 0000 00000000 		.space	96
 1032      00000000 
 1032      00000000 
 1032      00000000 
 1032      00000000 
 1033              		.section	.bss.hdma_usart6_rx,"aw",%nobits
 1034              		.align	2
 1035              		.set	.LANCHOR6,. + 0
 1038              	hdma_usart6_rx:
 1039 0000 00000000 		.space	96
 1039      00000000 
 1039      00000000 
 1039      00000000 
 1039      00000000 
 1040              		.section	.bss.hdma_usart6_tx,"aw",%nobits
 1041              		.align	2
 1042              		.set	.LANCHOR7,. + 0
 1045              	hdma_usart6_tx:
 1046 0000 00000000 		.space	96
 1046      00000000 
 1046      00000000 
 1046      00000000 
 1046      00000000 
 1047              		.section	.bss.huart1,"aw",%nobits
 1048              		.align	2
 1049              		.set	.LANCHOR0,. + 0
 1052              	huart1:
 1053 0000 00000000 		.space	68
ARM GAS  C:\Users\z0147233\AppData\Local\Temp\ccLJSQg2.s 			page 31


 1053      00000000 
 1053      00000000 
 1053      00000000 
 1053      00000000 
 1054              		.section	.bss.huart3,"aw",%nobits
 1055              		.align	2
 1056              		.set	.LANCHOR1,. + 0
 1059              	huart3:
 1060 0000 00000000 		.space	68
 1060      00000000 
 1060      00000000 
 1060      00000000 
 1060      00000000 
 1061              		.section	.bss.huart6,"aw",%nobits
 1062              		.align	2
 1063              		.set	.LANCHOR2,. + 0
 1066              	huart6:
 1067 0000 00000000 		.space	68
 1067      00000000 
 1067      00000000 
 1067      00000000 
 1067      00000000 
 1068              		.text
 1069              	.Letext0:
 1070              		.file 2 "c:\\installsoftware\\arm-gnu-toolchian\\arm-none-eabi\\include\\machine\\_default_types.h
 1071              		.file 3 "c:\\installsoftware\\arm-gnu-toolchian\\arm-none-eabi\\include\\sys\\_stdint.h"
 1072              		.file 4 "Drivers/CMSIS/Device/ST/STM32F4xx/Include/stm32f407xx.h"
 1073              		.file 5 "Drivers/STM32F4xx_HAL_Driver/Inc/stm32f4xx_hal_def.h"
 1074              		.file 6 "Drivers/STM32F4xx_HAL_Driver/Inc/stm32f4xx_hal_gpio.h"
 1075              		.file 7 "Drivers/STM32F4xx_HAL_Driver/Inc/stm32f4xx_hal_dma.h"
 1076              		.file 8 "Drivers/STM32F4xx_HAL_Driver/Inc/stm32f4xx_hal_uart.h"
 1077              		.file 9 "Inc/usart.h"
 1078              		.file 10 "Drivers/STM32F4xx_HAL_Driver/Inc/stm32f4xx_hal_cortex.h"
 1079              		.file 11 "Inc/main.h"
ARM GAS  C:\Users\z0147233\AppData\Local\Temp\ccLJSQg2.s 			page 32


DEFINED SYMBOLS
                            *ABS*:00000000 usart.c
C:\Users\z0147233\AppData\Local\Temp\ccLJSQg2.s:20     .text.MX_USART1_UART_Init:00000000 $t
C:\Users\z0147233\AppData\Local\Temp\ccLJSQg2.s:26     .text.MX_USART1_UART_Init:00000000 MX_USART1_UART_Init
C:\Users\z0147233\AppData\Local\Temp\ccLJSQg2.s:85     .text.MX_USART1_UART_Init:0000002c $d
C:\Users\z0147233\AppData\Local\Temp\ccLJSQg2.s:91     .text.MX_USART3_UART_Init:00000000 $t
C:\Users\z0147233\AppData\Local\Temp\ccLJSQg2.s:97     .text.MX_USART3_UART_Init:00000000 MX_USART3_UART_Init
C:\Users\z0147233\AppData\Local\Temp\ccLJSQg2.s:157    .text.MX_USART3_UART_Init:00000034 $d
C:\Users\z0147233\AppData\Local\Temp\ccLJSQg2.s:164    .text.MX_USART6_UART_Init:00000000 $t
C:\Users\z0147233\AppData\Local\Temp\ccLJSQg2.s:170    .text.MX_USART6_UART_Init:00000000 MX_USART6_UART_Init
C:\Users\z0147233\AppData\Local\Temp\ccLJSQg2.s:228    .text.MX_USART6_UART_Init:0000002c $d
C:\Users\z0147233\AppData\Local\Temp\ccLJSQg2.s:234    .text.HAL_UART_MspInit:00000000 $t
C:\Users\z0147233\AppData\Local\Temp\ccLJSQg2.s:240    .text.HAL_UART_MspInit:00000000 HAL_UART_MspInit
C:\Users\z0147233\AppData\Local\Temp\ccLJSQg2.s:845    .text.HAL_UART_MspInit:0000028c $d
C:\Users\z0147233\AppData\Local\Temp\ccLJSQg2.s:867    .text.HAL_UART_MspDeInit:00000000 $t
C:\Users\z0147233\AppData\Local\Temp\ccLJSQg2.s:873    .text.HAL_UART_MspDeInit:00000000 HAL_UART_MspDeInit
C:\Users\z0147233\AppData\Local\Temp\ccLJSQg2.s:994    .text.HAL_UART_MspDeInit:0000009c $d
C:\Users\z0147233\AppData\Local\Temp\ccLJSQg2.s:1045   .bss.hdma_usart6_tx:00000000 hdma_usart6_tx
C:\Users\z0147233\AppData\Local\Temp\ccLJSQg2.s:1038   .bss.hdma_usart6_rx:00000000 hdma_usart6_rx
C:\Users\z0147233\AppData\Local\Temp\ccLJSQg2.s:1031   .bss.hdma_usart3_rx:00000000 hdma_usart3_rx
C:\Users\z0147233\AppData\Local\Temp\ccLJSQg2.s:1017   .bss.hdma_usart1_rx:00000000 hdma_usart1_rx
C:\Users\z0147233\AppData\Local\Temp\ccLJSQg2.s:1024   .bss.hdma_usart1_tx:00000000 hdma_usart1_tx
C:\Users\z0147233\AppData\Local\Temp\ccLJSQg2.s:1066   .bss.huart6:00000000 huart6
C:\Users\z0147233\AppData\Local\Temp\ccLJSQg2.s:1059   .bss.huart3:00000000 huart3
C:\Users\z0147233\AppData\Local\Temp\ccLJSQg2.s:1052   .bss.huart1:00000000 huart1
C:\Users\z0147233\AppData\Local\Temp\ccLJSQg2.s:1013   .bss.hdma_usart1_rx:00000000 $d
C:\Users\z0147233\AppData\Local\Temp\ccLJSQg2.s:1020   .bss.hdma_usart1_tx:00000000 $d
C:\Users\z0147233\AppData\Local\Temp\ccLJSQg2.s:1027   .bss.hdma_usart3_rx:00000000 $d
C:\Users\z0147233\AppData\Local\Temp\ccLJSQg2.s:1034   .bss.hdma_usart6_rx:00000000 $d
C:\Users\z0147233\AppData\Local\Temp\ccLJSQg2.s:1041   .bss.hdma_usart6_tx:00000000 $d
C:\Users\z0147233\AppData\Local\Temp\ccLJSQg2.s:1048   .bss.huart1:00000000 $d
C:\Users\z0147233\AppData\Local\Temp\ccLJSQg2.s:1055   .bss.huart3:00000000 $d
C:\Users\z0147233\AppData\Local\Temp\ccLJSQg2.s:1062   .bss.huart6:00000000 $d

UNDEFINED SYMBOLS
HAL_UART_Init
Error_Handler
HAL_GPIO_Init
HAL_DMA_Init
HAL_NVIC_SetPriority
HAL_NVIC_EnableIRQ
HAL_GPIO_DeInit
HAL_DMA_DeInit
HAL_NVIC_DisableIRQ
