ARM GAS  C:\Users\z0147233\AppData\Local\Temp\ccJP3DBb.s 			page 1


   1              		.cpu cortex-m4
   2              		.arch armv7e-m
   3              		.fpu fpv4-sp-d16
   4              		.eabi_attribute 27, 1
   5              		.eabi_attribute 28, 1
   6              		.eabi_attribute 20, 1
   7              		.eabi_attribute 21, 1
   8              		.eabi_attribute 23, 3
   9              		.eabi_attribute 24, 1
  10              		.eabi_attribute 25, 1
  11              		.eabi_attribute 26, 1
  12              		.eabi_attribute 30, 1
  13              		.eabi_attribute 34, 1
  14              		.eabi_attribute 18, 4
  15              		.file	"vofa.c"
  16              		.text
  17              	.Ltext0:
  18              		.cfi_sections	.debug_frame
  19              		.section	.text.vofa_justfloat_output,"ax",%progbits
  20              		.align	1
  21              		.global	vofa_justfloat_output
  22              		.syntax unified
  23              		.thumb
  24              		.thumb_func
  26              	vofa_justfloat_output:
  27              	.LVL0:
  28              	.LFB235:
  29              		.file 1 "modules/vofa/vofa.c"
   1:modules/vofa/vofa.c **** /*
   2:modules/vofa/vofa.c ****  * @Descripttion: 
   3:modules/vofa/vofa.c ****  * @version: 
   4:modules/vofa/vofa.c ****  * @Author: Chenfu
   5:modules/vofa/vofa.c ****  * @Date: 2022-12-05 12:39:07
   6:modules/vofa/vofa.c ****  * @LastEditTime: 2022-12-05 14:15:53
   7:modules/vofa/vofa.c ****  */
   8:modules/vofa/vofa.c **** #include "vofa.h"
   9:modules/vofa/vofa.c **** 
  10:modules/vofa/vofa.c **** /*VOFAÊµÆÁÇπÂçèËÆÆ*/
  11:modules/vofa/vofa.c **** void vofa_justfloat_output(float *data, uint8_t num , UART_HandleTypeDef *huart )
  12:modules/vofa/vofa.c **** {
  30              		.loc 1 12 1 view -0
  31              		.cfi_startproc
  32              		@ args = 0, pretend = 0, frame = 0
  33              		@ frame_needed = 1, uses_anonymous_args = 0
  34              		.loc 1 12 1 is_stmt 0 view .LVU1
  35 0000 2DE9F041 		push	{r4, r5, r6, r7, r8, lr}
  36              	.LCFI0:
  37              		.cfi_def_cfa_offset 24
  38              		.cfi_offset 4, -24
  39              		.cfi_offset 5, -20
  40              		.cfi_offset 6, -16
  41              		.cfi_offset 7, -12
  42              		.cfi_offset 8, -8
  43              		.cfi_offset 14, -4
  44 0004 00AF     		add	r7, sp, #0
  45              	.LCFI1:
  46              		.cfi_def_cfa_register 7
ARM GAS  C:\Users\z0147233\AppData\Local\Temp\ccJP3DBb.s 			page 2


  47 0006 8446     		mov	ip, r0
  48 0008 0D46     		mov	r5, r1
  49 000a 1046     		mov	r0, r2
  50              	.LVL1:
  13:modules/vofa/vofa.c ****     static uint8_t i = 0;
  51              		.loc 1 13 5 is_stmt 1 view .LVU2
  14:modules/vofa/vofa.c ****     send_float temp[num];			//ÂÆö‰πâÁºìÂÜ≤Âå∫Êï∞ÁªÑ
  52              		.loc 1 14 5 view .LVU3
  53              		.loc 1 14 16 is_stmt 0 view .LVU4
  54 000c 8B00     		lsls	r3, r1, #2
  55 000e 0733     		adds	r3, r3, #7
  56 0010 03F4FF63 		and	r3, r3, #2040
  57 0014 ADEB030D 		sub	sp, sp, r3
  58 0018 6C46     		mov	r4, sp
  59              	.LVL2:
  15:modules/vofa/vofa.c ****     uint8_t send_data[4 * num + 4]; //ÂÆö‰πâÈÄöËøá‰∏≤Âè£‰º†Âá∫ÂéªÁöÑÊï∞ÁªÑÔºåÊï∞ÈáèÊòØÊâÄ‰º†Êï∞ÊçÆÁ
  60              		.loc 1 15 5 is_stmt 1 view .LVU5
  61              		.loc 1 15 31 is_stmt 0 view .LVU6
  62 001a 4A1C     		adds	r2, r1, #1
  63              	.LVL3:
  64              		.loc 1 15 31 view .LVU7
  65 001c 9300     		lsls	r3, r2, #2
  66              	.LVL4:
  67              		.loc 1 15 13 view .LVU8
  68 001e 0733     		adds	r3, r3, #7
  69              	.LVL5:
  70              		.loc 1 15 13 view .LVU9
  71 0020 DB08     		lsrs	r3, r3, #3
  72              	.LVL6:
  73              		.loc 1 15 13 view .LVU10
  74 0022 A4EBC303 		sub	r3, r4, r3, lsl #3
  75 0026 9D46     		mov	sp, r3
  76 0028 6946     		mov	r1, sp
  77              	.LVL7:
  16:modules/vofa/vofa.c ****     for (i = 0; i < num; i++)
  78              		.loc 1 16 5 is_stmt 1 view .LVU11
  79              		.loc 1 16 12 is_stmt 0 view .LVU12
  80 002a 254B     		ldr	r3, .L7
  81 002c 0026     		movs	r6, #0
  82 002e 1E70     		strb	r6, [r3]
  83              		.loc 1 16 5 view .LVU13
  84 0030 0AE0     		b	.L2
  85              	.L3:
  17:modules/vofa/vofa.c ****     {
  18:modules/vofa/vofa.c ****         temp[i].float_t = data[i]; //Â∞ÜÊâÄ‰º†Êï∞ÊçÆÁßªÂà∞ÁºìÂÜ≤Âå∫Êï∞ÁªÑ
  86              		.loc 1 18 9 is_stmt 1 discriminator 3 view .LVU14
  87              		.loc 1 18 31 is_stmt 0 discriminator 3 view .LVU15
  88 0032 0CEB8306 		add	r6, ip, r3, lsl #2
  89 0036 D6F800E0 		ldr	lr, [r6]	@ float
  90              		.loc 1 18 25 discriminator 3 view .LVU16
  91 003a 04EB8306 		add	r6, r4, r3, lsl #2
  92 003e C6F800E0 		str	lr, [r6]	@ float
  16:modules/vofa/vofa.c ****     for (i = 0; i < num; i++)
  93              		.loc 1 16 26 is_stmt 1 discriminator 3 view .LVU17
  16:modules/vofa/vofa.c ****     for (i = 0; i < num; i++)
  94              		.loc 1 16 27 is_stmt 0 discriminator 3 view .LVU18
  95 0042 0133     		adds	r3, r3, #1
ARM GAS  C:\Users\z0147233\AppData\Local\Temp\ccJP3DBb.s 			page 3


  96 0044 1E4E     		ldr	r6, .L7
  97 0046 3370     		strb	r3, [r6]
  98              	.L2:
  16:modules/vofa/vofa.c ****     for (i = 0; i < num; i++)
  99              		.loc 1 16 17 is_stmt 1 discriminator 1 view .LVU19
  16:modules/vofa/vofa.c ****     for (i = 0; i < num; i++)
 100              		.loc 1 16 19 is_stmt 0 discriminator 1 view .LVU20
 101 0048 1D4B     		ldr	r3, .L7
 102 004a 1B78     		ldrb	r3, [r3]	@ zero_extendqisi2
  16:modules/vofa/vofa.c ****     for (i = 0; i < num; i++)
 103              		.loc 1 16 5 discriminator 1 view .LVU21
 104 004c 9D42     		cmp	r5, r3
 105 004e F0D8     		bhi	.L3
  19:modules/vofa/vofa.c ****     }
  20:modules/vofa/vofa.c ****     for (i = 0; i < num; i++)
 106              		.loc 1 20 5 is_stmt 1 view .LVU22
 107              		.loc 1 20 12 is_stmt 0 view .LVU23
 108 0050 1B4B     		ldr	r3, .L7
 109 0052 0026     		movs	r6, #0
 110 0054 1E70     		strb	r6, [r3]
 111              		.loc 1 20 5 view .LVU24
 112 0056 1CE0     		b	.L4
 113              	.LVL8:
 114              	.L5:
  21:modules/vofa/vofa.c ****     {
  22:modules/vofa/vofa.c ****         send_data[4 * i] = temp[i].uint8_t[0];
 115              		.loc 1 22 9 is_stmt 1 discriminator 3 view .LVU25
 116              		.loc 1 22 21 is_stmt 0 discriminator 3 view .LVU26
 117 0058 4FEA830C 		lsl	ip, r3, #2
 118              		.loc 1 22 43 discriminator 3 view .LVU27
 119 005c 14F82360 		ldrb	r6, [r4, r3, lsl #2]	@ zero_extendqisi2
 120              		.loc 1 22 26 discriminator 3 view .LVU28
 121 0060 01F82360 		strb	r6, [r1, r3, lsl #2]
  23:modules/vofa/vofa.c ****         send_data[4 * i + 1] = temp[i].uint8_t[1];
 122              		.loc 1 23 9 is_stmt 1 discriminator 3 view .LVU29
 123              		.loc 1 23 25 is_stmt 0 discriminator 3 view .LVU30
 124 0064 0CF10106 		add	r6, ip, #1
 125              		.loc 1 23 47 discriminator 3 view .LVU31
 126 0068 04EB0C0E 		add	lr, r4, ip
 127 006c 9EF80180 		ldrb	r8, [lr, #1]	@ zero_extendqisi2
 128              		.loc 1 23 30 discriminator 3 view .LVU32
 129 0070 01F80680 		strb	r8, [r1, r6]
  24:modules/vofa/vofa.c ****         send_data[4 * i + 2] = temp[i].uint8_t[2];
 130              		.loc 1 24 9 is_stmt 1 discriminator 3 view .LVU33
 131              		.loc 1 24 25 is_stmt 0 discriminator 3 view .LVU34
 132 0074 0CF10206 		add	r6, ip, #2
 133              		.loc 1 24 47 discriminator 3 view .LVU35
 134 0078 9EF80280 		ldrb	r8, [lr, #2]	@ zero_extendqisi2
 135              		.loc 1 24 30 discriminator 3 view .LVU36
 136 007c 01F80680 		strb	r8, [r1, r6]
  25:modules/vofa/vofa.c ****         send_data[4 * i + 3] = temp[i].uint8_t[3]; //Â∞ÜÁºìÂÜ≤Âå∫Êï∞ÁªÑÂÜÖÁöÑÊµÆÁÇπÂûãÊï∞ÊçÆËΩ¨Êàê4
 137              		.loc 1 25 9 is_stmt 1 discriminator 3 view .LVU37
 138              		.loc 1 25 25 is_stmt 0 discriminator 3 view .LVU38
 139 0080 0CF1030C 		add	ip, ip, #3
 140              		.loc 1 25 47 discriminator 3 view .LVU39
 141 0084 9EF80360 		ldrb	r6, [lr, #3]	@ zero_extendqisi2
 142              		.loc 1 25 30 discriminator 3 view .LVU40
ARM GAS  C:\Users\z0147233\AppData\Local\Temp\ccJP3DBb.s 			page 4


 143 0088 01F80C60 		strb	r6, [r1, ip]
  20:modules/vofa/vofa.c ****     {
 144              		.loc 1 20 26 is_stmt 1 discriminator 3 view .LVU41
  20:modules/vofa/vofa.c ****     {
 145              		.loc 1 20 27 is_stmt 0 discriminator 3 view .LVU42
 146 008c 0133     		adds	r3, r3, #1
 147 008e 0C4E     		ldr	r6, .L7
 148 0090 3370     		strb	r3, [r6]
 149              	.L4:
  20:modules/vofa/vofa.c ****     {
 150              		.loc 1 20 17 is_stmt 1 discriminator 1 view .LVU43
  20:modules/vofa/vofa.c ****     {
 151              		.loc 1 20 19 is_stmt 0 discriminator 1 view .LVU44
 152 0092 0B4B     		ldr	r3, .L7
 153 0094 1B78     		ldrb	r3, [r3]	@ zero_extendqisi2
  20:modules/vofa/vofa.c ****     {
 154              		.loc 1 20 5 discriminator 1 view .LVU45
 155 0096 9D42     		cmp	r5, r3
 156 0098 DED8     		bhi	.L5
  26:modules/vofa/vofa.c ****     }
  27:modules/vofa/vofa.c ****     send_data[4 * num] = 0x00;
 157              		.loc 1 27 5 is_stmt 1 view .LVU46
 158              		.loc 1 27 17 is_stmt 0 view .LVU47
 159 009a AB00     		lsls	r3, r5, #2
 160              		.loc 1 27 24 view .LVU48
 161 009c 0024     		movs	r4, #0
 162              	.LVL9:
 163              		.loc 1 27 24 view .LVU49
 164 009e 01F82540 		strb	r4, [r1, r5, lsl #2]
  28:modules/vofa/vofa.c ****     send_data[4 * num + 1] = 0x00;
 165              		.loc 1 28 5 is_stmt 1 view .LVU50
 166              		.loc 1 28 23 is_stmt 0 view .LVU51
 167 00a2 5D1C     		adds	r5, r3, #1
 168              	.LVL10:
 169              		.loc 1 28 28 view .LVU52
 170 00a4 4C55     		strb	r4, [r1, r5]
  29:modules/vofa/vofa.c ****     send_data[4 * num + 2] = 0x80;
 171              		.loc 1 29 5 is_stmt 1 view .LVU53
 172              		.loc 1 29 23 is_stmt 0 view .LVU54
 173 00a6 9C1C     		adds	r4, r3, #2
 174              		.loc 1 29 28 view .LVU55
 175 00a8 8025     		movs	r5, #128
 176 00aa 0D55     		strb	r5, [r1, r4]
  30:modules/vofa/vofa.c ****     send_data[4 * num + 3] = 0x7f; //Âä†‰∏äÂçèËÆÆË¶ÅÊ±ÇÁöÑ4‰∏™Â∞æÂ∑¥
 177              		.loc 1 30 5 is_stmt 1 view .LVU56
 178              		.loc 1 30 23 is_stmt 0 view .LVU57
 179 00ac 0333     		adds	r3, r3, #3
 180              		.loc 1 30 28 view .LVU58
 181 00ae 7F24     		movs	r4, #127
 182 00b0 CC54     		strb	r4, [r1, r3]
  31:modules/vofa/vofa.c **** 
  32:modules/vofa/vofa.c ****     HAL_UART_Transmit(huart, (uint8_t *)send_data, 4 * num + 4, 100);
 183              		.loc 1 32 5 is_stmt 1 view .LVU59
 184 00b2 6423     		movs	r3, #100
 185 00b4 9200     		lsls	r2, r2, #2
 186              	.LVL11:
 187              		.loc 1 32 5 is_stmt 0 view .LVU60
ARM GAS  C:\Users\z0147233\AppData\Local\Temp\ccJP3DBb.s 			page 5


 188 00b6 FFF7FEFF 		bl	HAL_UART_Transmit
 189              	.LVL12:
  33:modules/vofa/vofa.c **** }
 190              		.loc 1 33 1 view .LVU61
 191 00ba BD46     		mov	sp, r7
 192              	.LCFI2:
 193              		.cfi_def_cfa_register 13
 194              	.LVL13:
 195              		.loc 1 33 1 view .LVU62
 196              		@ sp needed
 197 00bc BDE8F081 		pop	{r4, r5, r6, r7, r8, pc}
 198              	.L8:
 199              		.align	2
 200              	.L7:
 201 00c0 00000000 		.word	.LANCHOR0
 202              		.cfi_endproc
 203              	.LFE235:
 205              		.section	.bss.i.0,"aw",%nobits
 206              		.set	.LANCHOR0,. + 0
 209              	i.0:
 210 0000 00       		.space	1
 211              		.text
 212              	.Letext0:
 213              		.file 2 "c:\\installsoftware\\arm-gnu-toolchian\\arm-none-eabi\\include\\machine\\_default_types.h
 214              		.file 3 "c:\\installsoftware\\arm-gnu-toolchian\\arm-none-eabi\\include\\sys\\_stdint.h"
 215              		.file 4 "Drivers/CMSIS/Device/ST/STM32F4xx/Include/stm32f407xx.h"
 216              		.file 5 "Drivers/STM32F4xx_HAL_Driver/Inc/stm32f4xx_hal_def.h"
 217              		.file 6 "Drivers/STM32F4xx_HAL_Driver/Inc/stm32f4xx_hal_dma.h"
 218              		.file 7 "Drivers/STM32F4xx_HAL_Driver/Inc/stm32f4xx_hal_uart.h"
 219              		.file 8 "modules/vofa/vofa.h"
ARM GAS  C:\Users\z0147233\AppData\Local\Temp\ccJP3DBb.s 			page 6


DEFINED SYMBOLS
                            *ABS*:00000000 vofa.c
C:\Users\z0147233\AppData\Local\Temp\ccJP3DBb.s:20     .text.vofa_justfloat_output:00000000 $t
C:\Users\z0147233\AppData\Local\Temp\ccJP3DBb.s:26     .text.vofa_justfloat_output:00000000 vofa_justfloat_output
C:\Users\z0147233\AppData\Local\Temp\ccJP3DBb.s:201    .text.vofa_justfloat_output:000000c0 $d
C:\Users\z0147233\AppData\Local\Temp\ccJP3DBb.s:209    .bss.i.0:00000000 i.0
C:\Users\z0147233\AppData\Local\Temp\ccJP3DBb.s:210    .bss.i.0:00000000 $d

UNDEFINED SYMBOLS
HAL_UART_Transmit
